<?xml version="1.0" encoding="utf-8"?><testsuites><testsuite name="pytest" errors="0" failures="1" skipped="0" tests="11" time="0.075" timestamp="2021-12-14T14:55:13.512061" hostname="mmittelb-build-vm"><testcase classname="tests.test_badges" name="test_constructor" time="0.002" /><testcase classname="tests.test_colors" name="test_shields_color" time="0.001" /><testcase classname="tests.test_parsers" name="test_base_class" time="0.001" /><testcase classname="tests.test_parsers" name="test_jest_coverage_json_summary_parser[lines-56]" time="0.001" /><testcase classname="tests.test_parsers" name="test_jest_coverage_json_summary_parser[statements-57]" time="0.001" /><testcase classname="tests.test_parsers" name="test_jest_coverage_json_summary_parser[branches-17]" time="0.001" /><testcase classname="tests.test_parsers" name="test_jest_coverage_json_summary_parser[functions-30]" time="0.001" /><testcase classname="tests.test_parsers" name="test_python_coverage_parser[lines-92]" time="0.001" /><testcase classname="tests.test_parsers" name="test_python_coverage_parser[statements-93]" time="0.001" /><testcase classname="tests.test_parsers" name="test_python_coverage_parser[branches-100]" time="0.002" /><testcase classname="tests.test_reports" name="test_failed" time="0.001"><failure message="TypeError: __init__() missing 1 required positional argument: 'xml'">def test_failed():
&gt;       test = JUnitXML()
E       TypeError: __init__() missing 1 required positional argument: 'xml'

tests/test_reports.py:16: TypeError</failure></testcase></testsuite></testsuites>