<?xml version="1.0" encoding="UTF-8"?>
<testsuites name="jest tests" tests="655" failures="333" errors="0" time="230.708">
  <testsuite name="AuthController (e2e)" errors="0" failures="2" skipped="0" timestamp="2021-12-13T16:20:15" time="23.075" tests="2">
    <testcase classname="AuthController (e2e) / (GET)" name="AuthController (e2e) / (GET)" time="5.003">
      <failure>Error: thrown: &quot;Exceeded timeout of 5000 ms for a hook.
Use jest.setTimeout(newTimeout) to increase the timeout value, if this is a long-running test.&quot;
    at /home/mmittelb/Projects/stolen-api-services/apps/auth/test/app.e2e-spec.ts:10:3
    at _dispatchDescribe (/home/mmittelb/Projects/stolen-api-services/node_modules/jest-circus/build/index.js:97:26)
    at describe (/home/mmittelb/Projects/stolen-api-services/node_modules/jest-circus/build/index.js:60:5)
    at Object.&lt;anonymous&gt; (/home/mmittelb/Projects/stolen-api-services/apps/auth/test/app.e2e-spec.ts:7:1)
    at Runtime._execModule (/home/mmittelb/Projects/stolen-api-services/node_modules/jest-runtime/build/index.js:1646:24)
    at Runtime._loadModule (/home/mmittelb/Projects/stolen-api-services/node_modules/jest-runtime/build/index.js:1185:12)
    at Runtime.requireModule (/home/mmittelb/Projects/stolen-api-services/node_modules/jest-runtime/build/index.js:1009:12)
    at jestAdapter (/home/mmittelb/Projects/stolen-api-services/node_modules/jest-circus/build/legacy-code-todo-rewrite/jestAdapter.js:79:13)
    at runTestInternal (/home/mmittelb/Projects/stolen-api-services/node_modules/jest-runner/build/runTest.js:389:16)
    at runTest (/home/mmittelb/Projects/stolen-api-services/node_modules/jest-runner/build/runTest.js:475:34)</failure>
    </testcase>
    <testcase classname="AuthController (e2e) /health (GET)" name="AuthController (e2e) /health (GET)" time="5.001">
      <failure>Error: thrown: &quot;Exceeded timeout of 5000 ms for a hook.
Use jest.setTimeout(newTimeout) to increase the timeout value, if this is a long-running test.&quot;
    at /home/mmittelb/Projects/stolen-api-services/apps/auth/test/app.e2e-spec.ts:10:3
    at _dispatchDescribe (/home/mmittelb/Projects/stolen-api-services/node_modules/jest-circus/build/index.js:97:26)
    at describe (/home/mmittelb/Projects/stolen-api-services/node_modules/jest-circus/build/index.js:60:5)
    at Object.&lt;anonymous&gt; (/home/mmittelb/Projects/stolen-api-services/apps/auth/test/app.e2e-spec.ts:7:1)
    at Runtime._execModule (/home/mmittelb/Projects/stolen-api-services/node_modules/jest-runtime/build/index.js:1646:24)
    at Runtime._loadModule (/home/mmittelb/Projects/stolen-api-services/node_modules/jest-runtime/build/index.js:1185:12)
    at Runtime.requireModule (/home/mmittelb/Projects/stolen-api-services/node_modules/jest-runtime/build/index.js:1009:12)
    at jestAdapter (/home/mmittelb/Projects/stolen-api-services/node_modules/jest-circus/build/legacy-code-todo-rewrite/jestAdapter.js:79:13)
    at runTestInternal (/home/mmittelb/Projects/stolen-api-services/node_modules/jest-runner/build/runTest.js:389:16)
    at runTest (/home/mmittelb/Projects/stolen-api-services/node_modules/jest-runner/build/runTest.js:475:34)</failure>
    </testcase>
  </testsuite>
  <testsuite name="ProductController (e2e)" errors="0" failures="1" skipped="0" timestamp="2021-12-13T16:20:39" time="6.211" tests="1">
    <testcase classname="ProductController (e2e) / (GET)" name="ProductController (e2e) / (GET)" time="5.001">
      <failure>Error: thrown: &quot;Exceeded timeout of 5000 ms for a hook.
Use jest.setTimeout(newTimeout) to increase the timeout value, if this is a long-running test.&quot;
    at /home/mmittelb/Projects/stolen-api-services/apps/product/test/app.e2e-spec.ts:9:3
    at _dispatchDescribe (/home/mmittelb/Projects/stolen-api-services/node_modules/jest-circus/build/index.js:97:26)
    at describe (/home/mmittelb/Projects/stolen-api-services/node_modules/jest-circus/build/index.js:60:5)
    at Object.&lt;anonymous&gt; (/home/mmittelb/Projects/stolen-api-services/apps/product/test/app.e2e-spec.ts:6:1)
    at Runtime._execModule (/home/mmittelb/Projects/stolen-api-services/node_modules/jest-runtime/build/index.js:1646:24)
    at Runtime._loadModule (/home/mmittelb/Projects/stolen-api-services/node_modules/jest-runtime/build/index.js:1185:12)
    at Runtime.requireModule (/home/mmittelb/Projects/stolen-api-services/node_modules/jest-runtime/build/index.js:1009:12)
    at jestAdapter (/home/mmittelb/Projects/stolen-api-services/node_modules/jest-circus/build/legacy-code-todo-rewrite/jestAdapter.js:79:13)
    at runTestInternal (/home/mmittelb/Projects/stolen-api-services/node_modules/jest-runner/build/runTest.js:389:16)
    at runTest (/home/mmittelb/Projects/stolen-api-services/node_modules/jest-runner/build/runTest.js:475:34)</failure>
    </testcase>
  </testsuite>
  <testsuite name="TagsService" errors="0" failures="9" skipped="0" timestamp="2021-12-13T16:20:45" time="2.062" tests="9">
    <testcase classname="TagsService findOnePreset should find a doc" name="TagsService findOnePreset should find a doc" time="0">
      <failure>Error: Status Code is 403 (MongoDB&apos;s 404)
This means that the requested version-platform combination doesn&apos;t exist
  Used Url: &quot;https://fastdl.mongodb.org/linux/mongodb-linux-x86_64-ubuntu2104-5.0.3.tgz&quot;
Try to use different version &apos;new MongoMemoryServer({ binary: { version: &apos;X.Y.Z&apos; } })&apos;
List of available versions can be found here:
  https://www.mongodb.org/dl/linux for Linux
  https://www.mongodb.org/dl/osx for OSX
  https://www.mongodb.org/dl/win32 for Windows
    at ClientRequest.&lt;anonymous&gt; (/home/mmittelb/Projects/stolen-api-services/node_modules/mongodb-memory-server-core/src/util/MongoBinaryDownload.ts:418:17)
    at Object.onceWrapper (events.js:520:26)
    at ClientRequest.emit (events.js:400:28)
    at HTTPParser.parserOnIncomingClient (_http_client.js:647:27)
    at HTTPParser.parserOnHeadersComplete (_http_common.js:126:17)
    at TLSSocket.socketOnData (_http_client.js:515:22)
    at TLSSocket.emit (events.js:400:28)
    at addChunk (internal/streams/readable.js:290:12)
    at readableAddChunk (internal/streams/readable.js:265:9)
    at TLSSocket.Readable.push (internal/streams/readable.js:204:10)</failure>
      <failure>TypeError: Cannot read property &apos;close&apos; of undefined
    at Object.&lt;anonymous&gt; (/home/mmittelb/Projects/stolen-api-services/apps/customer/src/v1/admin/tags/tags.service.spec.ts:69:22)
    at Promise.then.completed (/home/mmittelb/Projects/stolen-api-services/node_modules/jest-circus/build/utils.js:390:28)
    at new Promise (&lt;anonymous&gt;)
    at callAsyncCircusFn (/home/mmittelb/Projects/stolen-api-services/node_modules/jest-circus/build/utils.js:315:10)
    at _callCircusHook (/home/mmittelb/Projects/stolen-api-services/node_modules/jest-circus/build/run.js:181:40)
    at _runTest (/home/mmittelb/Projects/stolen-api-services/node_modules/jest-circus/build/run.js:158:5)
    at _runTestsForDescribeBlock (/home/mmittelb/Projects/stolen-api-services/node_modules/jest-circus/build/run.js:66:9)
    at _runTestsForDescribeBlock (/home/mmittelb/Projects/stolen-api-services/node_modules/jest-circus/build/run.js:60:9)
    at _runTestsForDescribeBlock (/home/mmittelb/Projects/stolen-api-services/node_modules/jest-circus/build/run.js:60:9)
    at run (/home/mmittelb/Projects/stolen-api-services/node_modules/jest-circus/build/run.js:25:3)</failure>
    </testcase>
    <testcase classname="TagsService findOnePreset should not find a doc" name="TagsService findOnePreset should not find a doc" time="0.001">
      <failure>Error: Status Code is 403 (MongoDB&apos;s 404)
This means that the requested version-platform combination doesn&apos;t exist
  Used Url: &quot;https://fastdl.mongodb.org/linux/mongodb-linux-x86_64-ubuntu2104-5.0.3.tgz&quot;
Try to use different version &apos;new MongoMemoryServer({ binary: { version: &apos;X.Y.Z&apos; } })&apos;
List of available versions can be found here:
  https://www.mongodb.org/dl/linux for Linux
  https://www.mongodb.org/dl/osx for OSX
  https://www.mongodb.org/dl/win32 for Windows
    at ClientRequest.&lt;anonymous&gt; (/home/mmittelb/Projects/stolen-api-services/node_modules/mongodb-memory-server-core/src/util/MongoBinaryDownload.ts:418:17)
    at Object.onceWrapper (events.js:520:26)
    at ClientRequest.emit (events.js:400:28)
    at HTTPParser.parserOnIncomingClient (_http_client.js:647:27)
    at HTTPParser.parserOnHeadersComplete (_http_common.js:126:17)
    at TLSSocket.socketOnData (_http_client.js:515:22)
    at TLSSocket.emit (events.js:400:28)
    at addChunk (internal/streams/readable.js:290:12)
    at readableAddChunk (internal/streams/readable.js:265:9)
    at TLSSocket.Readable.push (internal/streams/readable.js:204:10)</failure>
      <failure>TypeError: Cannot read property &apos;close&apos; of undefined
    at Object.&lt;anonymous&gt; (/home/mmittelb/Projects/stolen-api-services/apps/customer/src/v1/admin/tags/tags.service.spec.ts:69:22)
    at Promise.then.completed (/home/mmittelb/Projects/stolen-api-services/node_modules/jest-circus/build/utils.js:390:28)
    at new Promise (&lt;anonymous&gt;)
    at callAsyncCircusFn (/home/mmittelb/Projects/stolen-api-services/node_modules/jest-circus/build/utils.js:315:10)
    at _callCircusHook (/home/mmittelb/Projects/stolen-api-services/node_modules/jest-circus/build/run.js:181:40)
    at _runTest (/home/mmittelb/Projects/stolen-api-services/node_modules/jest-circus/build/run.js:158:5)
    at _runTestsForDescribeBlock (/home/mmittelb/Projects/stolen-api-services/node_modules/jest-circus/build/run.js:66:9)
    at _runTestsForDescribeBlock (/home/mmittelb/Projects/stolen-api-services/node_modules/jest-circus/build/run.js:60:9)
    at _runTestsForDescribeBlock (/home/mmittelb/Projects/stolen-api-services/node_modules/jest-circus/build/run.js:60:9)
    at run (/home/mmittelb/Projects/stolen-api-services/node_modules/jest-circus/build/run.js:25:3)</failure>
    </testcase>
    <testcase classname="TagsService findAllPresets should find all docs" name="TagsService findAllPresets should find all docs" time="0">
      <failure>Error: Status Code is 403 (MongoDB&apos;s 404)
This means that the requested version-platform combination doesn&apos;t exist
  Used Url: &quot;https://fastdl.mongodb.org/linux/mongodb-linux-x86_64-ubuntu2104-5.0.3.tgz&quot;
Try to use different version &apos;new MongoMemoryServer({ binary: { version: &apos;X.Y.Z&apos; } })&apos;
List of available versions can be found here:
  https://www.mongodb.org/dl/linux for Linux
  https://www.mongodb.org/dl/osx for OSX
  https://www.mongodb.org/dl/win32 for Windows
    at ClientRequest.&lt;anonymous&gt; (/home/mmittelb/Projects/stolen-api-services/node_modules/mongodb-memory-server-core/src/util/MongoBinaryDownload.ts:418:17)
    at Object.onceWrapper (events.js:520:26)
    at ClientRequest.emit (events.js:400:28)
    at HTTPParser.parserOnIncomingClient (_http_client.js:647:27)
    at HTTPParser.parserOnHeadersComplete (_http_common.js:126:17)
    at TLSSocket.socketOnData (_http_client.js:515:22)
    at TLSSocket.emit (events.js:400:28)
    at addChunk (internal/streams/readable.js:290:12)
    at readableAddChunk (internal/streams/readable.js:265:9)
    at TLSSocket.Readable.push (internal/streams/readable.js:204:10)</failure>
      <failure>TypeError: Cannot read property &apos;close&apos; of undefined
    at Object.&lt;anonymous&gt; (/home/mmittelb/Projects/stolen-api-services/apps/customer/src/v1/admin/tags/tags.service.spec.ts:69:22)
    at Promise.then.completed (/home/mmittelb/Projects/stolen-api-services/node_modules/jest-circus/build/utils.js:390:28)
    at new Promise (&lt;anonymous&gt;)
    at callAsyncCircusFn (/home/mmittelb/Projects/stolen-api-services/node_modules/jest-circus/build/utils.js:315:10)
    at _callCircusHook (/home/mmittelb/Projects/stolen-api-services/node_modules/jest-circus/build/run.js:181:40)
    at _runTest (/home/mmittelb/Projects/stolen-api-services/node_modules/jest-circus/build/run.js:158:5)
    at _runTestsForDescribeBlock (/home/mmittelb/Projects/stolen-api-services/node_modules/jest-circus/build/run.js:66:9)
    at _runTestsForDescribeBlock (/home/mmittelb/Projects/stolen-api-services/node_modules/jest-circus/build/run.js:60:9)
    at _runTestsForDescribeBlock (/home/mmittelb/Projects/stolen-api-services/node_modules/jest-circus/build/run.js:60:9)
    at run (/home/mmittelb/Projects/stolen-api-services/node_modules/jest-circus/build/run.js:25:3)</failure>
    </testcase>
    <testcase classname="TagsService findAllPresets should return an empty list" name="TagsService findAllPresets should return an empty list" time="0.001">
      <failure>Error: Status Code is 403 (MongoDB&apos;s 404)
This means that the requested version-platform combination doesn&apos;t exist
  Used Url: &quot;https://fastdl.mongodb.org/linux/mongodb-linux-x86_64-ubuntu2104-5.0.3.tgz&quot;
Try to use different version &apos;new MongoMemoryServer({ binary: { version: &apos;X.Y.Z&apos; } })&apos;
List of available versions can be found here:
  https://www.mongodb.org/dl/linux for Linux
  https://www.mongodb.org/dl/osx for OSX
  https://www.mongodb.org/dl/win32 for Windows
    at ClientRequest.&lt;anonymous&gt; (/home/mmittelb/Projects/stolen-api-services/node_modules/mongodb-memory-server-core/src/util/MongoBinaryDownload.ts:418:17)
    at Object.onceWrapper (events.js:520:26)
    at ClientRequest.emit (events.js:400:28)
    at HTTPParser.parserOnIncomingClient (_http_client.js:647:27)
    at HTTPParser.parserOnHeadersComplete (_http_common.js:126:17)
    at TLSSocket.socketOnData (_http_client.js:515:22)
    at TLSSocket.emit (events.js:400:28)
    at addChunk (internal/streams/readable.js:290:12)
    at readableAddChunk (internal/streams/readable.js:265:9)
    at TLSSocket.Readable.push (internal/streams/readable.js:204:10)</failure>
      <failure>TypeError: Cannot read property &apos;close&apos; of undefined
    at Object.&lt;anonymous&gt; (/home/mmittelb/Projects/stolen-api-services/apps/customer/src/v1/admin/tags/tags.service.spec.ts:69:22)
    at Promise.then.completed (/home/mmittelb/Projects/stolen-api-services/node_modules/jest-circus/build/utils.js:390:28)
    at new Promise (&lt;anonymous&gt;)
    at callAsyncCircusFn (/home/mmittelb/Projects/stolen-api-services/node_modules/jest-circus/build/utils.js:315:10)
    at _callCircusHook (/home/mmittelb/Projects/stolen-api-services/node_modules/jest-circus/build/run.js:181:40)
    at _runTest (/home/mmittelb/Projects/stolen-api-services/node_modules/jest-circus/build/run.js:158:5)
    at _runTestsForDescribeBlock (/home/mmittelb/Projects/stolen-api-services/node_modules/jest-circus/build/run.js:66:9)
    at _runTestsForDescribeBlock (/home/mmittelb/Projects/stolen-api-services/node_modules/jest-circus/build/run.js:60:9)
    at _runTestsForDescribeBlock (/home/mmittelb/Projects/stolen-api-services/node_modules/jest-circus/build/run.js:60:9)
    at run (/home/mmittelb/Projects/stolen-api-services/node_modules/jest-circus/build/run.js:25:3)</failure>
    </testcase>
    <testcase classname="TagsService removePreset should remove a doc" name="TagsService removePreset should remove a doc" time="0.001">
      <failure>Error: Status Code is 403 (MongoDB&apos;s 404)
This means that the requested version-platform combination doesn&apos;t exist
  Used Url: &quot;https://fastdl.mongodb.org/linux/mongodb-linux-x86_64-ubuntu2104-5.0.3.tgz&quot;
Try to use different version &apos;new MongoMemoryServer({ binary: { version: &apos;X.Y.Z&apos; } })&apos;
List of available versions can be found here:
  https://www.mongodb.org/dl/linux for Linux
  https://www.mongodb.org/dl/osx for OSX
  https://www.mongodb.org/dl/win32 for Windows
    at ClientRequest.&lt;anonymous&gt; (/home/mmittelb/Projects/stolen-api-services/node_modules/mongodb-memory-server-core/src/util/MongoBinaryDownload.ts:418:17)
    at Object.onceWrapper (events.js:520:26)
    at ClientRequest.emit (events.js:400:28)
    at HTTPParser.parserOnIncomingClient (_http_client.js:647:27)
    at HTTPParser.parserOnHeadersComplete (_http_common.js:126:17)
    at TLSSocket.socketOnData (_http_client.js:515:22)
    at TLSSocket.emit (events.js:400:28)
    at addChunk (internal/streams/readable.js:290:12)
    at readableAddChunk (internal/streams/readable.js:265:9)
    at TLSSocket.Readable.push (internal/streams/readable.js:204:10)</failure>
      <failure>TypeError: Cannot read property &apos;close&apos; of undefined
    at Object.&lt;anonymous&gt; (/home/mmittelb/Projects/stolen-api-services/apps/customer/src/v1/admin/tags/tags.service.spec.ts:69:22)
    at Promise.then.completed (/home/mmittelb/Projects/stolen-api-services/node_modules/jest-circus/build/utils.js:390:28)
    at new Promise (&lt;anonymous&gt;)
    at callAsyncCircusFn (/home/mmittelb/Projects/stolen-api-services/node_modules/jest-circus/build/utils.js:315:10)
    at _callCircusHook (/home/mmittelb/Projects/stolen-api-services/node_modules/jest-circus/build/run.js:181:40)
    at _runTest (/home/mmittelb/Projects/stolen-api-services/node_modules/jest-circus/build/run.js:158:5)
    at _runTestsForDescribeBlock (/home/mmittelb/Projects/stolen-api-services/node_modules/jest-circus/build/run.js:66:9)
    at _runTestsForDescribeBlock (/home/mmittelb/Projects/stolen-api-services/node_modules/jest-circus/build/run.js:60:9)
    at _runTestsForDescribeBlock (/home/mmittelb/Projects/stolen-api-services/node_modules/jest-circus/build/run.js:60:9)
    at run (/home/mmittelb/Projects/stolen-api-services/node_modules/jest-circus/build/run.js:25:3)</failure>
    </testcase>
    <testcase classname="TagsService createPreset should return a new doc" name="TagsService createPreset should return a new doc" time="0.001">
      <failure>Error: Status Code is 403 (MongoDB&apos;s 404)
This means that the requested version-platform combination doesn&apos;t exist
  Used Url: &quot;https://fastdl.mongodb.org/linux/mongodb-linux-x86_64-ubuntu2104-5.0.3.tgz&quot;
Try to use different version &apos;new MongoMemoryServer({ binary: { version: &apos;X.Y.Z&apos; } })&apos;
List of available versions can be found here:
  https://www.mongodb.org/dl/linux for Linux
  https://www.mongodb.org/dl/osx for OSX
  https://www.mongodb.org/dl/win32 for Windows
    at ClientRequest.&lt;anonymous&gt; (/home/mmittelb/Projects/stolen-api-services/node_modules/mongodb-memory-server-core/src/util/MongoBinaryDownload.ts:418:17)
    at Object.onceWrapper (events.js:520:26)
    at ClientRequest.emit (events.js:400:28)
    at HTTPParser.parserOnIncomingClient (_http_client.js:647:27)
    at HTTPParser.parserOnHeadersComplete (_http_common.js:126:17)
    at TLSSocket.socketOnData (_http_client.js:515:22)
    at TLSSocket.emit (events.js:400:28)
    at addChunk (internal/streams/readable.js:290:12)
    at readableAddChunk (internal/streams/readable.js:265:9)
    at TLSSocket.Readable.push (internal/streams/readable.js:204:10)</failure>
      <failure>TypeError: Cannot read property &apos;close&apos; of undefined
    at Object.&lt;anonymous&gt; (/home/mmittelb/Projects/stolen-api-services/apps/customer/src/v1/admin/tags/tags.service.spec.ts:69:22)
    at Promise.then.completed (/home/mmittelb/Projects/stolen-api-services/node_modules/jest-circus/build/utils.js:390:28)
    at new Promise (&lt;anonymous&gt;)
    at callAsyncCircusFn (/home/mmittelb/Projects/stolen-api-services/node_modules/jest-circus/build/utils.js:315:10)
    at _callCircusHook (/home/mmittelb/Projects/stolen-api-services/node_modules/jest-circus/build/run.js:181:40)
    at _runTest (/home/mmittelb/Projects/stolen-api-services/node_modules/jest-circus/build/run.js:158:5)
    at _runTestsForDescribeBlock (/home/mmittelb/Projects/stolen-api-services/node_modules/jest-circus/build/run.js:66:9)
    at _runTestsForDescribeBlock (/home/mmittelb/Projects/stolen-api-services/node_modules/jest-circus/build/run.js:60:9)
    at _runTestsForDescribeBlock (/home/mmittelb/Projects/stolen-api-services/node_modules/jest-circus/build/run.js:60:9)
    at run (/home/mmittelb/Projects/stolen-api-services/node_modules/jest-circus/build/run.js:25:3)</failure>
    </testcase>
    <testcase classname="TagsService updatePreset should not find the tag-preset" name="TagsService updatePreset should not find the tag-preset" time="0.001">
      <failure>Error: Status Code is 403 (MongoDB&apos;s 404)
This means that the requested version-platform combination doesn&apos;t exist
  Used Url: &quot;https://fastdl.mongodb.org/linux/mongodb-linux-x86_64-ubuntu2104-5.0.3.tgz&quot;
Try to use different version &apos;new MongoMemoryServer({ binary: { version: &apos;X.Y.Z&apos; } })&apos;
List of available versions can be found here:
  https://www.mongodb.org/dl/linux for Linux
  https://www.mongodb.org/dl/osx for OSX
  https://www.mongodb.org/dl/win32 for Windows
    at ClientRequest.&lt;anonymous&gt; (/home/mmittelb/Projects/stolen-api-services/node_modules/mongodb-memory-server-core/src/util/MongoBinaryDownload.ts:418:17)
    at Object.onceWrapper (events.js:520:26)
    at ClientRequest.emit (events.js:400:28)
    at HTTPParser.parserOnIncomingClient (_http_client.js:647:27)
    at HTTPParser.parserOnHeadersComplete (_http_common.js:126:17)
    at TLSSocket.socketOnData (_http_client.js:515:22)
    at TLSSocket.emit (events.js:400:28)
    at addChunk (internal/streams/readable.js:290:12)
    at readableAddChunk (internal/streams/readable.js:265:9)
    at TLSSocket.Readable.push (internal/streams/readable.js:204:10)</failure>
      <failure>TypeError: Cannot read property &apos;close&apos; of undefined
    at Object.&lt;anonymous&gt; (/home/mmittelb/Projects/stolen-api-services/apps/customer/src/v1/admin/tags/tags.service.spec.ts:69:22)
    at Promise.then.completed (/home/mmittelb/Projects/stolen-api-services/node_modules/jest-circus/build/utils.js:390:28)
    at new Promise (&lt;anonymous&gt;)
    at callAsyncCircusFn (/home/mmittelb/Projects/stolen-api-services/node_modules/jest-circus/build/utils.js:315:10)
    at _callCircusHook (/home/mmittelb/Projects/stolen-api-services/node_modules/jest-circus/build/run.js:181:40)
    at _runTest (/home/mmittelb/Projects/stolen-api-services/node_modules/jest-circus/build/run.js:158:5)
    at _runTestsForDescribeBlock (/home/mmittelb/Projects/stolen-api-services/node_modules/jest-circus/build/run.js:66:9)
    at _runTestsForDescribeBlock (/home/mmittelb/Projects/stolen-api-services/node_modules/jest-circus/build/run.js:60:9)
    at _runTestsForDescribeBlock (/home/mmittelb/Projects/stolen-api-services/node_modules/jest-circus/build/run.js:60:9)
    at run (/home/mmittelb/Projects/stolen-api-services/node_modules/jest-circus/build/run.js:25:3)</failure>
    </testcase>
    <testcase classname="TagsService updatePreset should have a version conflict" name="TagsService updatePreset should have a version conflict" time="0">
      <failure>Error: Status Code is 403 (MongoDB&apos;s 404)
This means that the requested version-platform combination doesn&apos;t exist
  Used Url: &quot;https://fastdl.mongodb.org/linux/mongodb-linux-x86_64-ubuntu2104-5.0.3.tgz&quot;
Try to use different version &apos;new MongoMemoryServer({ binary: { version: &apos;X.Y.Z&apos; } })&apos;
List of available versions can be found here:
  https://www.mongodb.org/dl/linux for Linux
  https://www.mongodb.org/dl/osx for OSX
  https://www.mongodb.org/dl/win32 for Windows
    at ClientRequest.&lt;anonymous&gt; (/home/mmittelb/Projects/stolen-api-services/node_modules/mongodb-memory-server-core/src/util/MongoBinaryDownload.ts:418:17)
    at Object.onceWrapper (events.js:520:26)
    at ClientRequest.emit (events.js:400:28)
    at HTTPParser.parserOnIncomingClient (_http_client.js:647:27)
    at HTTPParser.parserOnHeadersComplete (_http_common.js:126:17)
    at TLSSocket.socketOnData (_http_client.js:515:22)
    at TLSSocket.emit (events.js:400:28)
    at addChunk (internal/streams/readable.js:290:12)
    at readableAddChunk (internal/streams/readable.js:265:9)
    at TLSSocket.Readable.push (internal/streams/readable.js:204:10)</failure>
      <failure>TypeError: Cannot read property &apos;close&apos; of undefined
    at Object.&lt;anonymous&gt; (/home/mmittelb/Projects/stolen-api-services/apps/customer/src/v1/admin/tags/tags.service.spec.ts:69:22)
    at Promise.then.completed (/home/mmittelb/Projects/stolen-api-services/node_modules/jest-circus/build/utils.js:390:28)
    at new Promise (&lt;anonymous&gt;)
    at callAsyncCircusFn (/home/mmittelb/Projects/stolen-api-services/node_modules/jest-circus/build/utils.js:315:10)
    at _callCircusHook (/home/mmittelb/Projects/stolen-api-services/node_modules/jest-circus/build/run.js:181:40)
    at _runTest (/home/mmittelb/Projects/stolen-api-services/node_modules/jest-circus/build/run.js:158:5)
    at _runTestsForDescribeBlock (/home/mmittelb/Projects/stolen-api-services/node_modules/jest-circus/build/run.js:66:9)
    at _runTestsForDescribeBlock (/home/mmittelb/Projects/stolen-api-services/node_modules/jest-circus/build/run.js:60:9)
    at _runTestsForDescribeBlock (/home/mmittelb/Projects/stolen-api-services/node_modules/jest-circus/build/run.js:60:9)
    at run (/home/mmittelb/Projects/stolen-api-services/node_modules/jest-circus/build/run.js:25:3)</failure>
    </testcase>
    <testcase classname="TagsService updatePreset should succeed" name="TagsService updatePreset should succeed" time="0.001">
      <failure>Error: Status Code is 403 (MongoDB&apos;s 404)
This means that the requested version-platform combination doesn&apos;t exist
  Used Url: &quot;https://fastdl.mongodb.org/linux/mongodb-linux-x86_64-ubuntu2104-5.0.3.tgz&quot;
Try to use different version &apos;new MongoMemoryServer({ binary: { version: &apos;X.Y.Z&apos; } })&apos;
List of available versions can be found here:
  https://www.mongodb.org/dl/linux for Linux
  https://www.mongodb.org/dl/osx for OSX
  https://www.mongodb.org/dl/win32 for Windows
    at ClientRequest.&lt;anonymous&gt; (/home/mmittelb/Projects/stolen-api-services/node_modules/mongodb-memory-server-core/src/util/MongoBinaryDownload.ts:418:17)
    at Object.onceWrapper (events.js:520:26)
    at ClientRequest.emit (events.js:400:28)
    at HTTPParser.parserOnIncomingClient (_http_client.js:647:27)
    at HTTPParser.parserOnHeadersComplete (_http_common.js:126:17)
    at TLSSocket.socketOnData (_http_client.js:515:22)
    at TLSSocket.emit (events.js:400:28)
    at addChunk (internal/streams/readable.js:290:12)
    at readableAddChunk (internal/streams/readable.js:265:9)
    at TLSSocket.Readable.push (internal/streams/readable.js:204:10)</failure>
      <failure>TypeError: Cannot read property &apos;close&apos; of undefined
    at Object.&lt;anonymous&gt; (/home/mmittelb/Projects/stolen-api-services/apps/customer/src/v1/admin/tags/tags.service.spec.ts:69:22)
    at Promise.then.completed (/home/mmittelb/Projects/stolen-api-services/node_modules/jest-circus/build/utils.js:390:28)
    at new Promise (&lt;anonymous&gt;)
    at callAsyncCircusFn (/home/mmittelb/Projects/stolen-api-services/node_modules/jest-circus/build/utils.js:315:10)
    at _callCircusHook (/home/mmittelb/Projects/stolen-api-services/node_modules/jest-circus/build/run.js:181:40)
    at _runTest (/home/mmittelb/Projects/stolen-api-services/node_modules/jest-circus/build/run.js:158:5)
    at _runTestsForDescribeBlock (/home/mmittelb/Projects/stolen-api-services/node_modules/jest-circus/build/run.js:66:9)
    at _runTestsForDescribeBlock (/home/mmittelb/Projects/stolen-api-services/node_modules/jest-circus/build/run.js:60:9)
    at _runTestsForDescribeBlock (/home/mmittelb/Projects/stolen-api-services/node_modules/jest-circus/build/run.js:60:9)
    at run (/home/mmittelb/Projects/stolen-api-services/node_modules/jest-circus/build/run.js:25:3)</failure>
    </testcase>
  </testsuite>
  <testsuite name="AppController" errors="0" failures="1" skipped="0" timestamp="2021-12-13T16:20:47" time="5.499" tests="1">
    <testcase classname="AppController root should return &quot;Hello World!&quot;" name="AppController root should return &quot;Hello World!&quot;" time="5.001">
      <failure>Error: thrown: &quot;Exceeded timeout of 5000 ms for a hook.
Use jest.setTimeout(newTimeout) to increase the timeout value, if this is a long-running test.&quot;
    at /home/mmittelb/Projects/stolen-api-services/apps/auth/src/app.controller.spec.ts:18:3
    at _dispatchDescribe (/home/mmittelb/Projects/stolen-api-services/node_modules/jest-circus/build/index.js:97:26)
    at describe (/home/mmittelb/Projects/stolen-api-services/node_modules/jest-circus/build/index.js:60:5)
    at Object.&lt;anonymous&gt; (/home/mmittelb/Projects/stolen-api-services/apps/auth/src/app.controller.spec.ts:14:1)
    at Runtime._execModule (/home/mmittelb/Projects/stolen-api-services/node_modules/jest-runtime/build/index.js:1646:24)
    at Runtime._loadModule (/home/mmittelb/Projects/stolen-api-services/node_modules/jest-runtime/build/index.js:1185:12)
    at Runtime.requireModule (/home/mmittelb/Projects/stolen-api-services/node_modules/jest-runtime/build/index.js:1009:12)
    at jestAdapter (/home/mmittelb/Projects/stolen-api-services/node_modules/jest-circus/build/legacy-code-todo-rewrite/jestAdapter.js:79:13)
    at runTestInternal (/home/mmittelb/Projects/stolen-api-services/node_modules/jest-runner/build/runTest.js:389:16)
    at runTest (/home/mmittelb/Projects/stolen-api-services/node_modules/jest-runner/build/runTest.js:475:34)</failure>
      <failure>TypeError: Cannot read property &apos;close&apos; of undefined
    at Object.&lt;anonymous&gt; (/home/mmittelb/Projects/stolen-api-services/apps/auth/src/app.controller.spec.ts:68:21)
    at Promise.then.completed (/home/mmittelb/Projects/stolen-api-services/node_modules/jest-circus/build/utils.js:390:28)
    at new Promise (&lt;anonymous&gt;)
    at callAsyncCircusFn (/home/mmittelb/Projects/stolen-api-services/node_modules/jest-circus/build/utils.js:315:10)
    at _callCircusHook (/home/mmittelb/Projects/stolen-api-services/node_modules/jest-circus/build/run.js:181:40)
    at _runTest (/home/mmittelb/Projects/stolen-api-services/node_modules/jest-circus/build/run.js:158:5)
    at _runTestsForDescribeBlock (/home/mmittelb/Projects/stolen-api-services/node_modules/jest-circus/build/run.js:66:9)
    at _runTestsForDescribeBlock (/home/mmittelb/Projects/stolen-api-services/node_modules/jest-circus/build/run.js:60:9)
    at _runTestsForDescribeBlock (/home/mmittelb/Projects/stolen-api-services/node_modules/jest-circus/build/run.js:60:9)
    at run (/home/mmittelb/Projects/stolen-api-services/node_modules/jest-circus/build/run.js:25:3)</failure>
    </testcase>
  </testsuite>
  <testsuite name="UsersTwofaService" errors="0" failures="17" skipped="0" timestamp="2021-12-13T16:20:53" time="6.874" tests="17">
    <testcase classname="UsersTwofaService twofaCreate should not find the user" name="UsersTwofaService twofaCreate should not find the user" time="0.001">
      <failure>Error: Status Code is 403 (MongoDB&apos;s 404)
This means that the requested version-platform combination doesn&apos;t exist
  Used Url: &quot;https://fastdl.mongodb.org/linux/mongodb-linux-x86_64-ubuntu2104-5.0.3.tgz&quot;
Try to use different version &apos;new MongoMemoryServer({ binary: { version: &apos;X.Y.Z&apos; } })&apos;
List of available versions can be found here:
  https://www.mongodb.org/dl/linux for Linux
  https://www.mongodb.org/dl/osx for OSX
  https://www.mongodb.org/dl/win32 for Windows
    at ClientRequest.&lt;anonymous&gt; (/home/mmittelb/Projects/stolen-api-services/node_modules/mongodb-memory-server-core/src/util/MongoBinaryDownload.ts:418:17)
    at Object.onceWrapper (events.js:520:26)
    at ClientRequest.emit (events.js:400:28)
    at HTTPParser.parserOnIncomingClient (_http_client.js:647:27)
    at HTTPParser.parserOnHeadersComplete (_http_common.js:126:17)
    at TLSSocket.socketOnData (_http_client.js:515:22)
    at TLSSocket.emit (events.js:400:28)
    at addChunk (internal/streams/readable.js:290:12)
    at readableAddChunk (internal/streams/readable.js:265:9)
    at TLSSocket.Readable.push (internal/streams/readable.js:204:10)</failure>
      <failure>TypeError: Cannot read property &apos;close&apos; of undefined
    at Object.&lt;anonymous&gt; (/home/mmittelb/Projects/stolen-api-services/apps/user/src/v1/users-twofa/users-twofa.service.spec.ts:95:22)
    at Promise.then.completed (/home/mmittelb/Projects/stolen-api-services/node_modules/jest-circus/build/utils.js:390:28)
    at new Promise (&lt;anonymous&gt;)
    at callAsyncCircusFn (/home/mmittelb/Projects/stolen-api-services/node_modules/jest-circus/build/utils.js:315:10)
    at _callCircusHook (/home/mmittelb/Projects/stolen-api-services/node_modules/jest-circus/build/run.js:181:40)
    at _runTest (/home/mmittelb/Projects/stolen-api-services/node_modules/jest-circus/build/run.js:158:5)
    at _runTestsForDescribeBlock (/home/mmittelb/Projects/stolen-api-services/node_modules/jest-circus/build/run.js:66:9)
    at _runTestsForDescribeBlock (/home/mmittelb/Projects/stolen-api-services/node_modules/jest-circus/build/run.js:60:9)
    at _runTestsForDescribeBlock (/home/mmittelb/Projects/stolen-api-services/node_modules/jest-circus/build/run.js:60:9)
    at run (/home/mmittelb/Projects/stolen-api-services/node_modules/jest-circus/build/run.js:25:3)</failure>
    </testcase>
    <testcase classname="UsersTwofaService twofaCreate should have a not activated account" name="UsersTwofaService twofaCreate should have a not activated account" time="0.001">
      <failure>Error: Status Code is 403 (MongoDB&apos;s 404)
This means that the requested version-platform combination doesn&apos;t exist
  Used Url: &quot;https://fastdl.mongodb.org/linux/mongodb-linux-x86_64-ubuntu2104-5.0.3.tgz&quot;
Try to use different version &apos;new MongoMemoryServer({ binary: { version: &apos;X.Y.Z&apos; } })&apos;
List of available versions can be found here:
  https://www.mongodb.org/dl/linux for Linux
  https://www.mongodb.org/dl/osx for OSX
  https://www.mongodb.org/dl/win32 for Windows
    at ClientRequest.&lt;anonymous&gt; (/home/mmittelb/Projects/stolen-api-services/node_modules/mongodb-memory-server-core/src/util/MongoBinaryDownload.ts:418:17)
    at Object.onceWrapper (events.js:520:26)
    at ClientRequest.emit (events.js:400:28)
    at HTTPParser.parserOnIncomingClient (_http_client.js:647:27)
    at HTTPParser.parserOnHeadersComplete (_http_common.js:126:17)
    at TLSSocket.socketOnData (_http_client.js:515:22)
    at TLSSocket.emit (events.js:400:28)
    at addChunk (internal/streams/readable.js:290:12)
    at readableAddChunk (internal/streams/readable.js:265:9)
    at TLSSocket.Readable.push (internal/streams/readable.js:204:10)</failure>
      <failure>TypeError: Cannot read property &apos;close&apos; of undefined
    at Object.&lt;anonymous&gt; (/home/mmittelb/Projects/stolen-api-services/apps/user/src/v1/users-twofa/users-twofa.service.spec.ts:95:22)
    at Promise.then.completed (/home/mmittelb/Projects/stolen-api-services/node_modules/jest-circus/build/utils.js:390:28)
    at new Promise (&lt;anonymous&gt;)
    at callAsyncCircusFn (/home/mmittelb/Projects/stolen-api-services/node_modules/jest-circus/build/utils.js:315:10)
    at _callCircusHook (/home/mmittelb/Projects/stolen-api-services/node_modules/jest-circus/build/run.js:181:40)
    at _runTest (/home/mmittelb/Projects/stolen-api-services/node_modules/jest-circus/build/run.js:158:5)
    at _runTestsForDescribeBlock (/home/mmittelb/Projects/stolen-api-services/node_modules/jest-circus/build/run.js:66:9)
    at _runTestsForDescribeBlock (/home/mmittelb/Projects/stolen-api-services/node_modules/jest-circus/build/run.js:60:9)
    at _runTestsForDescribeBlock (/home/mmittelb/Projects/stolen-api-services/node_modules/jest-circus/build/run.js:60:9)
    at run (/home/mmittelb/Projects/stolen-api-services/node_modules/jest-circus/build/run.js:25:3)</failure>
    </testcase>
    <testcase classname="UsersTwofaService twofaCreate should detect missing config" name="UsersTwofaService twofaCreate should detect missing config" time="0.001">
      <failure>Error: Status Code is 403 (MongoDB&apos;s 404)
This means that the requested version-platform combination doesn&apos;t exist
  Used Url: &quot;https://fastdl.mongodb.org/linux/mongodb-linux-x86_64-ubuntu2104-5.0.3.tgz&quot;
Try to use different version &apos;new MongoMemoryServer({ binary: { version: &apos;X.Y.Z&apos; } })&apos;
List of available versions can be found here:
  https://www.mongodb.org/dl/linux for Linux
  https://www.mongodb.org/dl/osx for OSX
  https://www.mongodb.org/dl/win32 for Windows
    at ClientRequest.&lt;anonymous&gt; (/home/mmittelb/Projects/stolen-api-services/node_modules/mongodb-memory-server-core/src/util/MongoBinaryDownload.ts:418:17)
    at Object.onceWrapper (events.js:520:26)
    at ClientRequest.emit (events.js:400:28)
    at HTTPParser.parserOnIncomingClient (_http_client.js:647:27)
    at HTTPParser.parserOnHeadersComplete (_http_common.js:126:17)
    at TLSSocket.socketOnData (_http_client.js:515:22)
    at TLSSocket.emit (events.js:400:28)
    at addChunk (internal/streams/readable.js:290:12)
    at readableAddChunk (internal/streams/readable.js:265:9)
    at TLSSocket.Readable.push (internal/streams/readable.js:204:10)</failure>
      <failure>TypeError: Cannot read property &apos;close&apos; of undefined
    at Object.&lt;anonymous&gt; (/home/mmittelb/Projects/stolen-api-services/apps/user/src/v1/users-twofa/users-twofa.service.spec.ts:95:22)
    at Promise.then.completed (/home/mmittelb/Projects/stolen-api-services/node_modules/jest-circus/build/utils.js:390:28)
    at new Promise (&lt;anonymous&gt;)
    at callAsyncCircusFn (/home/mmittelb/Projects/stolen-api-services/node_modules/jest-circus/build/utils.js:315:10)
    at _callCircusHook (/home/mmittelb/Projects/stolen-api-services/node_modules/jest-circus/build/run.js:181:40)
    at _runTest (/home/mmittelb/Projects/stolen-api-services/node_modules/jest-circus/build/run.js:158:5)
    at _runTestsForDescribeBlock (/home/mmittelb/Projects/stolen-api-services/node_modules/jest-circus/build/run.js:66:9)
    at _runTestsForDescribeBlock (/home/mmittelb/Projects/stolen-api-services/node_modules/jest-circus/build/run.js:60:9)
    at _runTestsForDescribeBlock (/home/mmittelb/Projects/stolen-api-services/node_modules/jest-circus/build/run.js:60:9)
    at run (/home/mmittelb/Projects/stolen-api-services/node_modules/jest-circus/build/run.js:25:3)</failure>
    </testcase>
    <testcase classname="UsersTwofaService twofaCreate should detect missing primary email" name="UsersTwofaService twofaCreate should detect missing primary email" time="0">
      <failure>Error: Status Code is 403 (MongoDB&apos;s 404)
This means that the requested version-platform combination doesn&apos;t exist
  Used Url: &quot;https://fastdl.mongodb.org/linux/mongodb-linux-x86_64-ubuntu2104-5.0.3.tgz&quot;
Try to use different version &apos;new MongoMemoryServer({ binary: { version: &apos;X.Y.Z&apos; } })&apos;
List of available versions can be found here:
  https://www.mongodb.org/dl/linux for Linux
  https://www.mongodb.org/dl/osx for OSX
  https://www.mongodb.org/dl/win32 for Windows
    at ClientRequest.&lt;anonymous&gt; (/home/mmittelb/Projects/stolen-api-services/node_modules/mongodb-memory-server-core/src/util/MongoBinaryDownload.ts:418:17)
    at Object.onceWrapper (events.js:520:26)
    at ClientRequest.emit (events.js:400:28)
    at HTTPParser.parserOnIncomingClient (_http_client.js:647:27)
    at HTTPParser.parserOnHeadersComplete (_http_common.js:126:17)
    at TLSSocket.socketOnData (_http_client.js:515:22)
    at TLSSocket.emit (events.js:400:28)
    at addChunk (internal/streams/readable.js:290:12)
    at readableAddChunk (internal/streams/readable.js:265:9)
    at TLSSocket.Readable.push (internal/streams/readable.js:204:10)</failure>
      <failure>TypeError: Cannot read property &apos;close&apos; of undefined
    at Object.&lt;anonymous&gt; (/home/mmittelb/Projects/stolen-api-services/apps/user/src/v1/users-twofa/users-twofa.service.spec.ts:95:22)
    at Promise.then.completed (/home/mmittelb/Projects/stolen-api-services/node_modules/jest-circus/build/utils.js:390:28)
    at new Promise (&lt;anonymous&gt;)
    at callAsyncCircusFn (/home/mmittelb/Projects/stolen-api-services/node_modules/jest-circus/build/utils.js:315:10)
    at _callCircusHook (/home/mmittelb/Projects/stolen-api-services/node_modules/jest-circus/build/run.js:181:40)
    at _runTest (/home/mmittelb/Projects/stolen-api-services/node_modules/jest-circus/build/run.js:158:5)
    at _runTestsForDescribeBlock (/home/mmittelb/Projects/stolen-api-services/node_modules/jest-circus/build/run.js:66:9)
    at _runTestsForDescribeBlock (/home/mmittelb/Projects/stolen-api-services/node_modules/jest-circus/build/run.js:60:9)
    at _runTestsForDescribeBlock (/home/mmittelb/Projects/stolen-api-services/node_modules/jest-circus/build/run.js:60:9)
    at run (/home/mmittelb/Projects/stolen-api-services/node_modules/jest-circus/build/run.js:25:3)</failure>
    </testcase>
    <testcase classname="UsersTwofaService twofaCreate should succeed" name="UsersTwofaService twofaCreate should succeed" time="0">
      <failure>Error: Status Code is 403 (MongoDB&apos;s 404)
This means that the requested version-platform combination doesn&apos;t exist
  Used Url: &quot;https://fastdl.mongodb.org/linux/mongodb-linux-x86_64-ubuntu2104-5.0.3.tgz&quot;
Try to use different version &apos;new MongoMemoryServer({ binary: { version: &apos;X.Y.Z&apos; } })&apos;
List of available versions can be found here:
  https://www.mongodb.org/dl/linux for Linux
  https://www.mongodb.org/dl/osx for OSX
  https://www.mongodb.org/dl/win32 for Windows
    at ClientRequest.&lt;anonymous&gt; (/home/mmittelb/Projects/stolen-api-services/node_modules/mongodb-memory-server-core/src/util/MongoBinaryDownload.ts:418:17)
    at Object.onceWrapper (events.js:520:26)
    at ClientRequest.emit (events.js:400:28)
    at HTTPParser.parserOnIncomingClient (_http_client.js:647:27)
    at HTTPParser.parserOnHeadersComplete (_http_common.js:126:17)
    at TLSSocket.socketOnData (_http_client.js:515:22)
    at TLSSocket.emit (events.js:400:28)
    at addChunk (internal/streams/readable.js:290:12)
    at readableAddChunk (internal/streams/readable.js:265:9)
    at TLSSocket.Readable.push (internal/streams/readable.js:204:10)</failure>
      <failure>TypeError: Cannot read property &apos;close&apos; of undefined
    at Object.&lt;anonymous&gt; (/home/mmittelb/Projects/stolen-api-services/apps/user/src/v1/users-twofa/users-twofa.service.spec.ts:95:22)
    at Promise.then.completed (/home/mmittelb/Projects/stolen-api-services/node_modules/jest-circus/build/utils.js:390:28)
    at new Promise (&lt;anonymous&gt;)
    at callAsyncCircusFn (/home/mmittelb/Projects/stolen-api-services/node_modules/jest-circus/build/utils.js:315:10)
    at _callCircusHook (/home/mmittelb/Projects/stolen-api-services/node_modules/jest-circus/build/run.js:181:40)
    at _runTest (/home/mmittelb/Projects/stolen-api-services/node_modules/jest-circus/build/run.js:158:5)
    at _runTestsForDescribeBlock (/home/mmittelb/Projects/stolen-api-services/node_modules/jest-circus/build/run.js:66:9)
    at _runTestsForDescribeBlock (/home/mmittelb/Projects/stolen-api-services/node_modules/jest-circus/build/run.js:60:9)
    at _runTestsForDescribeBlock (/home/mmittelb/Projects/stolen-api-services/node_modules/jest-circus/build/run.js:60:9)
    at run (/home/mmittelb/Projects/stolen-api-services/node_modules/jest-circus/build/run.js:25:3)</failure>
    </testcase>
    <testcase classname="UsersTwofaService twofaActivate should not find the user" name="UsersTwofaService twofaActivate should not find the user" time="0.001">
      <failure>Error: Status Code is 403 (MongoDB&apos;s 404)
This means that the requested version-platform combination doesn&apos;t exist
  Used Url: &quot;https://fastdl.mongodb.org/linux/mongodb-linux-x86_64-ubuntu2104-5.0.3.tgz&quot;
Try to use different version &apos;new MongoMemoryServer({ binary: { version: &apos;X.Y.Z&apos; } })&apos;
List of available versions can be found here:
  https://www.mongodb.org/dl/linux for Linux
  https://www.mongodb.org/dl/osx for OSX
  https://www.mongodb.org/dl/win32 for Windows
    at ClientRequest.&lt;anonymous&gt; (/home/mmittelb/Projects/stolen-api-services/node_modules/mongodb-memory-server-core/src/util/MongoBinaryDownload.ts:418:17)
    at Object.onceWrapper (events.js:520:26)
    at ClientRequest.emit (events.js:400:28)
    at HTTPParser.parserOnIncomingClient (_http_client.js:647:27)
    at HTTPParser.parserOnHeadersComplete (_http_common.js:126:17)
    at TLSSocket.socketOnData (_http_client.js:515:22)
    at TLSSocket.emit (events.js:400:28)
    at addChunk (internal/streams/readable.js:290:12)
    at readableAddChunk (internal/streams/readable.js:265:9)
    at TLSSocket.Readable.push (internal/streams/readable.js:204:10)</failure>
      <failure>TypeError: Cannot read property &apos;close&apos; of undefined
    at Object.&lt;anonymous&gt; (/home/mmittelb/Projects/stolen-api-services/apps/user/src/v1/users-twofa/users-twofa.service.spec.ts:95:22)
    at Promise.then.completed (/home/mmittelb/Projects/stolen-api-services/node_modules/jest-circus/build/utils.js:390:28)
    at new Promise (&lt;anonymous&gt;)
    at callAsyncCircusFn (/home/mmittelb/Projects/stolen-api-services/node_modules/jest-circus/build/utils.js:315:10)
    at _callCircusHook (/home/mmittelb/Projects/stolen-api-services/node_modules/jest-circus/build/run.js:181:40)
    at _runTest (/home/mmittelb/Projects/stolen-api-services/node_modules/jest-circus/build/run.js:158:5)
    at _runTestsForDescribeBlock (/home/mmittelb/Projects/stolen-api-services/node_modules/jest-circus/build/run.js:66:9)
    at _runTestsForDescribeBlock (/home/mmittelb/Projects/stolen-api-services/node_modules/jest-circus/build/run.js:60:9)
    at _runTestsForDescribeBlock (/home/mmittelb/Projects/stolen-api-services/node_modules/jest-circus/build/run.js:60:9)
    at run (/home/mmittelb/Projects/stolen-api-services/node_modules/jest-circus/build/run.js:25:3)</failure>
    </testcase>
    <testcase classname="UsersTwofaService twofaActivate should have a not activated account" name="UsersTwofaService twofaActivate should have a not activated account" time="0.001">
      <failure>Error: Status Code is 403 (MongoDB&apos;s 404)
This means that the requested version-platform combination doesn&apos;t exist
  Used Url: &quot;https://fastdl.mongodb.org/linux/mongodb-linux-x86_64-ubuntu2104-5.0.3.tgz&quot;
Try to use different version &apos;new MongoMemoryServer({ binary: { version: &apos;X.Y.Z&apos; } })&apos;
List of available versions can be found here:
  https://www.mongodb.org/dl/linux for Linux
  https://www.mongodb.org/dl/osx for OSX
  https://www.mongodb.org/dl/win32 for Windows
    at ClientRequest.&lt;anonymous&gt; (/home/mmittelb/Projects/stolen-api-services/node_modules/mongodb-memory-server-core/src/util/MongoBinaryDownload.ts:418:17)
    at Object.onceWrapper (events.js:520:26)
    at ClientRequest.emit (events.js:400:28)
    at HTTPParser.parserOnIncomingClient (_http_client.js:647:27)
    at HTTPParser.parserOnHeadersComplete (_http_common.js:126:17)
    at TLSSocket.socketOnData (_http_client.js:515:22)
    at TLSSocket.emit (events.js:400:28)
    at addChunk (internal/streams/readable.js:290:12)
    at readableAddChunk (internal/streams/readable.js:265:9)
    at TLSSocket.Readable.push (internal/streams/readable.js:204:10)</failure>
      <failure>TypeError: Cannot read property &apos;close&apos; of undefined
    at Object.&lt;anonymous&gt; (/home/mmittelb/Projects/stolen-api-services/apps/user/src/v1/users-twofa/users-twofa.service.spec.ts:95:22)
    at Promise.then.completed (/home/mmittelb/Projects/stolen-api-services/node_modules/jest-circus/build/utils.js:390:28)
    at new Promise (&lt;anonymous&gt;)
    at callAsyncCircusFn (/home/mmittelb/Projects/stolen-api-services/node_modules/jest-circus/build/utils.js:315:10)
    at _callCircusHook (/home/mmittelb/Projects/stolen-api-services/node_modules/jest-circus/build/run.js:181:40)
    at _runTest (/home/mmittelb/Projects/stolen-api-services/node_modules/jest-circus/build/run.js:158:5)
    at _runTestsForDescribeBlock (/home/mmittelb/Projects/stolen-api-services/node_modules/jest-circus/build/run.js:66:9)
    at _runTestsForDescribeBlock (/home/mmittelb/Projects/stolen-api-services/node_modules/jest-circus/build/run.js:60:9)
    at _runTestsForDescribeBlock (/home/mmittelb/Projects/stolen-api-services/node_modules/jest-circus/build/run.js:60:9)
    at run (/home/mmittelb/Projects/stolen-api-services/node_modules/jest-circus/build/run.js:25:3)</failure>
    </testcase>
    <testcase classname="UsersTwofaService twofaActivate should have a too weak secret" name="UsersTwofaService twofaActivate should have a too weak secret" time="0.001">
      <failure>Error: Status Code is 403 (MongoDB&apos;s 404)
This means that the requested version-platform combination doesn&apos;t exist
  Used Url: &quot;https://fastdl.mongodb.org/linux/mongodb-linux-x86_64-ubuntu2104-5.0.3.tgz&quot;
Try to use different version &apos;new MongoMemoryServer({ binary: { version: &apos;X.Y.Z&apos; } })&apos;
List of available versions can be found here:
  https://www.mongodb.org/dl/linux for Linux
  https://www.mongodb.org/dl/osx for OSX
  https://www.mongodb.org/dl/win32 for Windows
    at ClientRequest.&lt;anonymous&gt; (/home/mmittelb/Projects/stolen-api-services/node_modules/mongodb-memory-server-core/src/util/MongoBinaryDownload.ts:418:17)
    at Object.onceWrapper (events.js:520:26)
    at ClientRequest.emit (events.js:400:28)
    at HTTPParser.parserOnIncomingClient (_http_client.js:647:27)
    at HTTPParser.parserOnHeadersComplete (_http_common.js:126:17)
    at TLSSocket.socketOnData (_http_client.js:515:22)
    at TLSSocket.emit (events.js:400:28)
    at addChunk (internal/streams/readable.js:290:12)
    at readableAddChunk (internal/streams/readable.js:265:9)
    at TLSSocket.Readable.push (internal/streams/readable.js:204:10)</failure>
      <failure>TypeError: Cannot read property &apos;close&apos; of undefined
    at Object.&lt;anonymous&gt; (/home/mmittelb/Projects/stolen-api-services/apps/user/src/v1/users-twofa/users-twofa.service.spec.ts:95:22)
    at Promise.then.completed (/home/mmittelb/Projects/stolen-api-services/node_modules/jest-circus/build/utils.js:390:28)
    at new Promise (&lt;anonymous&gt;)
    at callAsyncCircusFn (/home/mmittelb/Projects/stolen-api-services/node_modules/jest-circus/build/utils.js:315:10)
    at _callCircusHook (/home/mmittelb/Projects/stolen-api-services/node_modules/jest-circus/build/run.js:181:40)
    at _runTest (/home/mmittelb/Projects/stolen-api-services/node_modules/jest-circus/build/run.js:158:5)
    at _runTestsForDescribeBlock (/home/mmittelb/Projects/stolen-api-services/node_modules/jest-circus/build/run.js:66:9)
    at _runTestsForDescribeBlock (/home/mmittelb/Projects/stolen-api-services/node_modules/jest-circus/build/run.js:60:9)
    at _runTestsForDescribeBlock (/home/mmittelb/Projects/stolen-api-services/node_modules/jest-circus/build/run.js:60:9)
    at run (/home/mmittelb/Projects/stolen-api-services/node_modules/jest-circus/build/run.js:25:3)</failure>
    </testcase>
    <testcase classname="UsersTwofaService twofaActivate should succeed" name="UsersTwofaService twofaActivate should succeed" time="0.001">
      <failure>Error: Status Code is 403 (MongoDB&apos;s 404)
This means that the requested version-platform combination doesn&apos;t exist
  Used Url: &quot;https://fastdl.mongodb.org/linux/mongodb-linux-x86_64-ubuntu2104-5.0.3.tgz&quot;
Try to use different version &apos;new MongoMemoryServer({ binary: { version: &apos;X.Y.Z&apos; } })&apos;
List of available versions can be found here:
  https://www.mongodb.org/dl/linux for Linux
  https://www.mongodb.org/dl/osx for OSX
  https://www.mongodb.org/dl/win32 for Windows
    at ClientRequest.&lt;anonymous&gt; (/home/mmittelb/Projects/stolen-api-services/node_modules/mongodb-memory-server-core/src/util/MongoBinaryDownload.ts:418:17)
    at Object.onceWrapper (events.js:520:26)
    at ClientRequest.emit (events.js:400:28)
    at HTTPParser.parserOnIncomingClient (_http_client.js:647:27)
    at HTTPParser.parserOnHeadersComplete (_http_common.js:126:17)
    at TLSSocket.socketOnData (_http_client.js:515:22)
    at TLSSocket.emit (events.js:400:28)
    at addChunk (internal/streams/readable.js:290:12)
    at readableAddChunk (internal/streams/readable.js:265:9)
    at TLSSocket.Readable.push (internal/streams/readable.js:204:10)</failure>
      <failure>TypeError: Cannot read property &apos;close&apos; of undefined
    at Object.&lt;anonymous&gt; (/home/mmittelb/Projects/stolen-api-services/apps/user/src/v1/users-twofa/users-twofa.service.spec.ts:95:22)
    at Promise.then.completed (/home/mmittelb/Projects/stolen-api-services/node_modules/jest-circus/build/utils.js:390:28)
    at new Promise (&lt;anonymous&gt;)
    at callAsyncCircusFn (/home/mmittelb/Projects/stolen-api-services/node_modules/jest-circus/build/utils.js:315:10)
    at _callCircusHook (/home/mmittelb/Projects/stolen-api-services/node_modules/jest-circus/build/run.js:181:40)
    at _runTest (/home/mmittelb/Projects/stolen-api-services/node_modules/jest-circus/build/run.js:158:5)
    at _runTestsForDescribeBlock (/home/mmittelb/Projects/stolen-api-services/node_modules/jest-circus/build/run.js:66:9)
    at _runTestsForDescribeBlock (/home/mmittelb/Projects/stolen-api-services/node_modules/jest-circus/build/run.js:60:9)
    at _runTestsForDescribeBlock (/home/mmittelb/Projects/stolen-api-services/node_modules/jest-circus/build/run.js:60:9)
    at run (/home/mmittelb/Projects/stolen-api-services/node_modules/jest-circus/build/run.js:25:3)</failure>
    </testcase>
    <testcase classname="UsersTwofaService twofaActivate should fail if token and secret dont match" name="UsersTwofaService twofaActivate should fail if token and secret dont match" time="0.001">
      <failure>Error: Status Code is 403 (MongoDB&apos;s 404)
This means that the requested version-platform combination doesn&apos;t exist
  Used Url: &quot;https://fastdl.mongodb.org/linux/mongodb-linux-x86_64-ubuntu2104-5.0.3.tgz&quot;
Try to use different version &apos;new MongoMemoryServer({ binary: { version: &apos;X.Y.Z&apos; } })&apos;
List of available versions can be found here:
  https://www.mongodb.org/dl/linux for Linux
  https://www.mongodb.org/dl/osx for OSX
  https://www.mongodb.org/dl/win32 for Windows
    at ClientRequest.&lt;anonymous&gt; (/home/mmittelb/Projects/stolen-api-services/node_modules/mongodb-memory-server-core/src/util/MongoBinaryDownload.ts:418:17)
    at Object.onceWrapper (events.js:520:26)
    at ClientRequest.emit (events.js:400:28)
    at HTTPParser.parserOnIncomingClient (_http_client.js:647:27)
    at HTTPParser.parserOnHeadersComplete (_http_common.js:126:17)
    at TLSSocket.socketOnData (_http_client.js:515:22)
    at TLSSocket.emit (events.js:400:28)
    at addChunk (internal/streams/readable.js:290:12)
    at readableAddChunk (internal/streams/readable.js:265:9)
    at TLSSocket.Readable.push (internal/streams/readable.js:204:10)</failure>
      <failure>TypeError: Cannot read property &apos;close&apos; of undefined
    at Object.&lt;anonymous&gt; (/home/mmittelb/Projects/stolen-api-services/apps/user/src/v1/users-twofa/users-twofa.service.spec.ts:95:22)
    at Promise.then.completed (/home/mmittelb/Projects/stolen-api-services/node_modules/jest-circus/build/utils.js:390:28)
    at new Promise (&lt;anonymous&gt;)
    at callAsyncCircusFn (/home/mmittelb/Projects/stolen-api-services/node_modules/jest-circus/build/utils.js:315:10)
    at _callCircusHook (/home/mmittelb/Projects/stolen-api-services/node_modules/jest-circus/build/run.js:181:40)
    at _runTest (/home/mmittelb/Projects/stolen-api-services/node_modules/jest-circus/build/run.js:158:5)
    at _runTestsForDescribeBlock (/home/mmittelb/Projects/stolen-api-services/node_modules/jest-circus/build/run.js:66:9)
    at _runTestsForDescribeBlock (/home/mmittelb/Projects/stolen-api-services/node_modules/jest-circus/build/run.js:60:9)
    at _runTestsForDescribeBlock (/home/mmittelb/Projects/stolen-api-services/node_modules/jest-circus/build/run.js:60:9)
    at run (/home/mmittelb/Projects/stolen-api-services/node_modules/jest-circus/build/run.js:25:3)</failure>
    </testcase>
    <testcase classname="UsersTwofaService twofaActivate should detect missing config" name="UsersTwofaService twofaActivate should detect missing config" time="0.001">
      <failure>Error: Status Code is 403 (MongoDB&apos;s 404)
This means that the requested version-platform combination doesn&apos;t exist
  Used Url: &quot;https://fastdl.mongodb.org/linux/mongodb-linux-x86_64-ubuntu2104-5.0.3.tgz&quot;
Try to use different version &apos;new MongoMemoryServer({ binary: { version: &apos;X.Y.Z&apos; } })&apos;
List of available versions can be found here:
  https://www.mongodb.org/dl/linux for Linux
  https://www.mongodb.org/dl/osx for OSX
  https://www.mongodb.org/dl/win32 for Windows
    at ClientRequest.&lt;anonymous&gt; (/home/mmittelb/Projects/stolen-api-services/node_modules/mongodb-memory-server-core/src/util/MongoBinaryDownload.ts:418:17)
    at Object.onceWrapper (events.js:520:26)
    at ClientRequest.emit (events.js:400:28)
    at HTTPParser.parserOnIncomingClient (_http_client.js:647:27)
    at HTTPParser.parserOnHeadersComplete (_http_common.js:126:17)
    at TLSSocket.socketOnData (_http_client.js:515:22)
    at TLSSocket.emit (events.js:400:28)
    at addChunk (internal/streams/readable.js:290:12)
    at readableAddChunk (internal/streams/readable.js:265:9)
    at TLSSocket.Readable.push (internal/streams/readable.js:204:10)</failure>
      <failure>TypeError: Cannot read property &apos;close&apos; of undefined
    at Object.&lt;anonymous&gt; (/home/mmittelb/Projects/stolen-api-services/apps/user/src/v1/users-twofa/users-twofa.service.spec.ts:95:22)
    at Promise.then.completed (/home/mmittelb/Projects/stolen-api-services/node_modules/jest-circus/build/utils.js:390:28)
    at new Promise (&lt;anonymous&gt;)
    at callAsyncCircusFn (/home/mmittelb/Projects/stolen-api-services/node_modules/jest-circus/build/utils.js:315:10)
    at _callCircusHook (/home/mmittelb/Projects/stolen-api-services/node_modules/jest-circus/build/run.js:181:40)
    at _runTest (/home/mmittelb/Projects/stolen-api-services/node_modules/jest-circus/build/run.js:158:5)
    at _runTestsForDescribeBlock (/home/mmittelb/Projects/stolen-api-services/node_modules/jest-circus/build/run.js:66:9)
    at _runTestsForDescribeBlock (/home/mmittelb/Projects/stolen-api-services/node_modules/jest-circus/build/run.js:60:9)
    at _runTestsForDescribeBlock (/home/mmittelb/Projects/stolen-api-services/node_modules/jest-circus/build/run.js:60:9)
    at run (/home/mmittelb/Projects/stolen-api-services/node_modules/jest-circus/build/run.js:25:3)</failure>
    </testcase>
    <testcase classname="UsersTwofaService twofaVerify should not find the user" name="UsersTwofaService twofaVerify should not find the user" time="0">
      <failure>Error: Status Code is 403 (MongoDB&apos;s 404)
This means that the requested version-platform combination doesn&apos;t exist
  Used Url: &quot;https://fastdl.mongodb.org/linux/mongodb-linux-x86_64-ubuntu2104-5.0.3.tgz&quot;
Try to use different version &apos;new MongoMemoryServer({ binary: { version: &apos;X.Y.Z&apos; } })&apos;
List of available versions can be found here:
  https://www.mongodb.org/dl/linux for Linux
  https://www.mongodb.org/dl/osx for OSX
  https://www.mongodb.org/dl/win32 for Windows
    at ClientRequest.&lt;anonymous&gt; (/home/mmittelb/Projects/stolen-api-services/node_modules/mongodb-memory-server-core/src/util/MongoBinaryDownload.ts:418:17)
    at Object.onceWrapper (events.js:520:26)
    at ClientRequest.emit (events.js:400:28)
    at HTTPParser.parserOnIncomingClient (_http_client.js:647:27)
    at HTTPParser.parserOnHeadersComplete (_http_common.js:126:17)
    at TLSSocket.socketOnData (_http_client.js:515:22)
    at TLSSocket.emit (events.js:400:28)
    at addChunk (internal/streams/readable.js:290:12)
    at readableAddChunk (internal/streams/readable.js:265:9)
    at TLSSocket.Readable.push (internal/streams/readable.js:204:10)</failure>
      <failure>TypeError: Cannot read property &apos;close&apos; of undefined
    at Object.&lt;anonymous&gt; (/home/mmittelb/Projects/stolen-api-services/apps/user/src/v1/users-twofa/users-twofa.service.spec.ts:95:22)
    at Promise.then.completed (/home/mmittelb/Projects/stolen-api-services/node_modules/jest-circus/build/utils.js:390:28)
    at new Promise (&lt;anonymous&gt;)
    at callAsyncCircusFn (/home/mmittelb/Projects/stolen-api-services/node_modules/jest-circus/build/utils.js:315:10)
    at _callCircusHook (/home/mmittelb/Projects/stolen-api-services/node_modules/jest-circus/build/run.js:181:40)
    at _runTest (/home/mmittelb/Projects/stolen-api-services/node_modules/jest-circus/build/run.js:158:5)
    at _runTestsForDescribeBlock (/home/mmittelb/Projects/stolen-api-services/node_modules/jest-circus/build/run.js:66:9)
    at _runTestsForDescribeBlock (/home/mmittelb/Projects/stolen-api-services/node_modules/jest-circus/build/run.js:60:9)
    at _runTestsForDescribeBlock (/home/mmittelb/Projects/stolen-api-services/node_modules/jest-circus/build/run.js:60:9)
    at run (/home/mmittelb/Projects/stolen-api-services/node_modules/jest-circus/build/run.js:25:3)</failure>
    </testcase>
    <testcase classname="UsersTwofaService twofaVerify should have a not activated account" name="UsersTwofaService twofaVerify should have a not activated account" time="0.001">
      <failure>Error: Status Code is 403 (MongoDB&apos;s 404)
This means that the requested version-platform combination doesn&apos;t exist
  Used Url: &quot;https://fastdl.mongodb.org/linux/mongodb-linux-x86_64-ubuntu2104-5.0.3.tgz&quot;
Try to use different version &apos;new MongoMemoryServer({ binary: { version: &apos;X.Y.Z&apos; } })&apos;
List of available versions can be found here:
  https://www.mongodb.org/dl/linux for Linux
  https://www.mongodb.org/dl/osx for OSX
  https://www.mongodb.org/dl/win32 for Windows
    at ClientRequest.&lt;anonymous&gt; (/home/mmittelb/Projects/stolen-api-services/node_modules/mongodb-memory-server-core/src/util/MongoBinaryDownload.ts:418:17)
    at Object.onceWrapper (events.js:520:26)
    at ClientRequest.emit (events.js:400:28)
    at HTTPParser.parserOnIncomingClient (_http_client.js:647:27)
    at HTTPParser.parserOnHeadersComplete (_http_common.js:126:17)
    at TLSSocket.socketOnData (_http_client.js:515:22)
    at TLSSocket.emit (events.js:400:28)
    at addChunk (internal/streams/readable.js:290:12)
    at readableAddChunk (internal/streams/readable.js:265:9)
    at TLSSocket.Readable.push (internal/streams/readable.js:204:10)</failure>
      <failure>TypeError: Cannot read property &apos;close&apos; of undefined
    at Object.&lt;anonymous&gt; (/home/mmittelb/Projects/stolen-api-services/apps/user/src/v1/users-twofa/users-twofa.service.spec.ts:95:22)
    at Promise.then.completed (/home/mmittelb/Projects/stolen-api-services/node_modules/jest-circus/build/utils.js:390:28)
    at new Promise (&lt;anonymous&gt;)
    at callAsyncCircusFn (/home/mmittelb/Projects/stolen-api-services/node_modules/jest-circus/build/utils.js:315:10)
    at _callCircusHook (/home/mmittelb/Projects/stolen-api-services/node_modules/jest-circus/build/run.js:181:40)
    at _runTest (/home/mmittelb/Projects/stolen-api-services/node_modules/jest-circus/build/run.js:158:5)
    at _runTestsForDescribeBlock (/home/mmittelb/Projects/stolen-api-services/node_modules/jest-circus/build/run.js:66:9)
    at _runTestsForDescribeBlock (/home/mmittelb/Projects/stolen-api-services/node_modules/jest-circus/build/run.js:60:9)
    at _runTestsForDescribeBlock (/home/mmittelb/Projects/stolen-api-services/node_modules/jest-circus/build/run.js:60:9)
    at run (/home/mmittelb/Projects/stolen-api-services/node_modules/jest-circus/build/run.js:25:3)</failure>
    </testcase>
    <testcase classname="UsersTwofaService twofaVerify should have twofa not enabled" name="UsersTwofaService twofaVerify should have twofa not enabled" time="0.001">
      <failure>Error: Status Code is 403 (MongoDB&apos;s 404)
This means that the requested version-platform combination doesn&apos;t exist
  Used Url: &quot;https://fastdl.mongodb.org/linux/mongodb-linux-x86_64-ubuntu2104-5.0.3.tgz&quot;
Try to use different version &apos;new MongoMemoryServer({ binary: { version: &apos;X.Y.Z&apos; } })&apos;
List of available versions can be found here:
  https://www.mongodb.org/dl/linux for Linux
  https://www.mongodb.org/dl/osx for OSX
  https://www.mongodb.org/dl/win32 for Windows
    at ClientRequest.&lt;anonymous&gt; (/home/mmittelb/Projects/stolen-api-services/node_modules/mongodb-memory-server-core/src/util/MongoBinaryDownload.ts:418:17)
    at Object.onceWrapper (events.js:520:26)
    at ClientRequest.emit (events.js:400:28)
    at HTTPParser.parserOnIncomingClient (_http_client.js:647:27)
    at HTTPParser.parserOnHeadersComplete (_http_common.js:126:17)
    at TLSSocket.socketOnData (_http_client.js:515:22)
    at TLSSocket.emit (events.js:400:28)
    at addChunk (internal/streams/readable.js:290:12)
    at readableAddChunk (internal/streams/readable.js:265:9)
    at TLSSocket.Readable.push (internal/streams/readable.js:204:10)</failure>
      <failure>TypeError: Cannot read property &apos;close&apos; of undefined
    at Object.&lt;anonymous&gt; (/home/mmittelb/Projects/stolen-api-services/apps/user/src/v1/users-twofa/users-twofa.service.spec.ts:95:22)
    at Promise.then.completed (/home/mmittelb/Projects/stolen-api-services/node_modules/jest-circus/build/utils.js:390:28)
    at new Promise (&lt;anonymous&gt;)
    at callAsyncCircusFn (/home/mmittelb/Projects/stolen-api-services/node_modules/jest-circus/build/utils.js:315:10)
    at _callCircusHook (/home/mmittelb/Projects/stolen-api-services/node_modules/jest-circus/build/run.js:181:40)
    at _runTest (/home/mmittelb/Projects/stolen-api-services/node_modules/jest-circus/build/run.js:158:5)
    at _runTestsForDescribeBlock (/home/mmittelb/Projects/stolen-api-services/node_modules/jest-circus/build/run.js:66:9)
    at _runTestsForDescribeBlock (/home/mmittelb/Projects/stolen-api-services/node_modules/jest-circus/build/run.js:60:9)
    at _runTestsForDescribeBlock (/home/mmittelb/Projects/stolen-api-services/node_modules/jest-circus/build/run.js:60:9)
    at run (/home/mmittelb/Projects/stolen-api-services/node_modules/jest-circus/build/run.js:25:3)</failure>
    </testcase>
    <testcase classname="UsersTwofaService twofaVerify should detect missing config" name="UsersTwofaService twofaVerify should detect missing config" time="0">
      <failure>Error: Status Code is 403 (MongoDB&apos;s 404)
This means that the requested version-platform combination doesn&apos;t exist
  Used Url: &quot;https://fastdl.mongodb.org/linux/mongodb-linux-x86_64-ubuntu2104-5.0.3.tgz&quot;
Try to use different version &apos;new MongoMemoryServer({ binary: { version: &apos;X.Y.Z&apos; } })&apos;
List of available versions can be found here:
  https://www.mongodb.org/dl/linux for Linux
  https://www.mongodb.org/dl/osx for OSX
  https://www.mongodb.org/dl/win32 for Windows
    at ClientRequest.&lt;anonymous&gt; (/home/mmittelb/Projects/stolen-api-services/node_modules/mongodb-memory-server-core/src/util/MongoBinaryDownload.ts:418:17)
    at Object.onceWrapper (events.js:520:26)
    at ClientRequest.emit (events.js:400:28)
    at HTTPParser.parserOnIncomingClient (_http_client.js:647:27)
    at HTTPParser.parserOnHeadersComplete (_http_common.js:126:17)
    at TLSSocket.socketOnData (_http_client.js:515:22)
    at TLSSocket.emit (events.js:400:28)
    at addChunk (internal/streams/readable.js:290:12)
    at readableAddChunk (internal/streams/readable.js:265:9)
    at TLSSocket.Readable.push (internal/streams/readable.js:204:10)</failure>
      <failure>TypeError: Cannot read property &apos;close&apos; of undefined
    at Object.&lt;anonymous&gt; (/home/mmittelb/Projects/stolen-api-services/apps/user/src/v1/users-twofa/users-twofa.service.spec.ts:95:22)
    at Promise.then.completed (/home/mmittelb/Projects/stolen-api-services/node_modules/jest-circus/build/utils.js:390:28)
    at new Promise (&lt;anonymous&gt;)
    at callAsyncCircusFn (/home/mmittelb/Projects/stolen-api-services/node_modules/jest-circus/build/utils.js:315:10)
    at _callCircusHook (/home/mmittelb/Projects/stolen-api-services/node_modules/jest-circus/build/run.js:181:40)
    at _runTest (/home/mmittelb/Projects/stolen-api-services/node_modules/jest-circus/build/run.js:158:5)
    at _runTestsForDescribeBlock (/home/mmittelb/Projects/stolen-api-services/node_modules/jest-circus/build/run.js:66:9)
    at _runTestsForDescribeBlock (/home/mmittelb/Projects/stolen-api-services/node_modules/jest-circus/build/run.js:60:9)
    at _runTestsForDescribeBlock (/home/mmittelb/Projects/stolen-api-services/node_modules/jest-circus/build/run.js:60:9)
    at run (/home/mmittelb/Projects/stolen-api-services/node_modules/jest-circus/build/run.js:25:3)</failure>
    </testcase>
    <testcase classname="UsersTwofaService twofaVerify should detect empty secret" name="UsersTwofaService twofaVerify should detect empty secret" time="0.001">
      <failure>Error: Status Code is 403 (MongoDB&apos;s 404)
This means that the requested version-platform combination doesn&apos;t exist
  Used Url: &quot;https://fastdl.mongodb.org/linux/mongodb-linux-x86_64-ubuntu2104-5.0.3.tgz&quot;
Try to use different version &apos;new MongoMemoryServer({ binary: { version: &apos;X.Y.Z&apos; } })&apos;
List of available versions can be found here:
  https://www.mongodb.org/dl/linux for Linux
  https://www.mongodb.org/dl/osx for OSX
  https://www.mongodb.org/dl/win32 for Windows
    at ClientRequest.&lt;anonymous&gt; (/home/mmittelb/Projects/stolen-api-services/node_modules/mongodb-memory-server-core/src/util/MongoBinaryDownload.ts:418:17)
    at Object.onceWrapper (events.js:520:26)
    at ClientRequest.emit (events.js:400:28)
    at HTTPParser.parserOnIncomingClient (_http_client.js:647:27)
    at HTTPParser.parserOnHeadersComplete (_http_common.js:126:17)
    at TLSSocket.socketOnData (_http_client.js:515:22)
    at TLSSocket.emit (events.js:400:28)
    at addChunk (internal/streams/readable.js:290:12)
    at readableAddChunk (internal/streams/readable.js:265:9)
    at TLSSocket.Readable.push (internal/streams/readable.js:204:10)</failure>
      <failure>TypeError: Cannot read property &apos;close&apos; of undefined
    at Object.&lt;anonymous&gt; (/home/mmittelb/Projects/stolen-api-services/apps/user/src/v1/users-twofa/users-twofa.service.spec.ts:95:22)
    at Promise.then.completed (/home/mmittelb/Projects/stolen-api-services/node_modules/jest-circus/build/utils.js:390:28)
    at new Promise (&lt;anonymous&gt;)
    at callAsyncCircusFn (/home/mmittelb/Projects/stolen-api-services/node_modules/jest-circus/build/utils.js:315:10)
    at _callCircusHook (/home/mmittelb/Projects/stolen-api-services/node_modules/jest-circus/build/run.js:181:40)
    at _runTest (/home/mmittelb/Projects/stolen-api-services/node_modules/jest-circus/build/run.js:158:5)
    at _runTestsForDescribeBlock (/home/mmittelb/Projects/stolen-api-services/node_modules/jest-circus/build/run.js:66:9)
    at _runTestsForDescribeBlock (/home/mmittelb/Projects/stolen-api-services/node_modules/jest-circus/build/run.js:60:9)
    at _runTestsForDescribeBlock (/home/mmittelb/Projects/stolen-api-services/node_modules/jest-circus/build/run.js:60:9)
    at run (/home/mmittelb/Projects/stolen-api-services/node_modules/jest-circus/build/run.js:25:3)</failure>
    </testcase>
    <testcase classname="UsersTwofaService twofaVerify should succeed" name="UsersTwofaService twofaVerify should succeed" time="0.015">
      <failure>Error: Status Code is 403 (MongoDB&apos;s 404)
This means that the requested version-platform combination doesn&apos;t exist
  Used Url: &quot;https://fastdl.mongodb.org/linux/mongodb-linux-x86_64-ubuntu2104-5.0.3.tgz&quot;
Try to use different version &apos;new MongoMemoryServer({ binary: { version: &apos;X.Y.Z&apos; } })&apos;
List of available versions can be found here:
  https://www.mongodb.org/dl/linux for Linux
  https://www.mongodb.org/dl/osx for OSX
  https://www.mongodb.org/dl/win32 for Windows
    at ClientRequest.&lt;anonymous&gt; (/home/mmittelb/Projects/stolen-api-services/node_modules/mongodb-memory-server-core/src/util/MongoBinaryDownload.ts:418:17)
    at Object.onceWrapper (events.js:520:26)
    at ClientRequest.emit (events.js:400:28)
    at HTTPParser.parserOnIncomingClient (_http_client.js:647:27)
    at HTTPParser.parserOnHeadersComplete (_http_common.js:126:17)
    at TLSSocket.socketOnData (_http_client.js:515:22)
    at TLSSocket.emit (events.js:400:28)
    at addChunk (internal/streams/readable.js:290:12)
    at readableAddChunk (internal/streams/readable.js:265:9)
    at TLSSocket.Readable.push (internal/streams/readable.js:204:10)</failure>
      <failure>TypeError: Cannot read property &apos;close&apos; of undefined
    at Object.&lt;anonymous&gt; (/home/mmittelb/Projects/stolen-api-services/apps/user/src/v1/users-twofa/users-twofa.service.spec.ts:95:22)
    at Promise.then.completed (/home/mmittelb/Projects/stolen-api-services/node_modules/jest-circus/build/utils.js:390:28)
    at new Promise (&lt;anonymous&gt;)
    at callAsyncCircusFn (/home/mmittelb/Projects/stolen-api-services/node_modules/jest-circus/build/utils.js:315:10)
    at _callCircusHook (/home/mmittelb/Projects/stolen-api-services/node_modules/jest-circus/build/run.js:181:40)
    at _runTest (/home/mmittelb/Projects/stolen-api-services/node_modules/jest-circus/build/run.js:158:5)
    at _runTestsForDescribeBlock (/home/mmittelb/Projects/stolen-api-services/node_modules/jest-circus/build/run.js:66:9)
    at _runTestsForDescribeBlock (/home/mmittelb/Projects/stolen-api-services/node_modules/jest-circus/build/run.js:60:9)
    at _runTestsForDescribeBlock (/home/mmittelb/Projects/stolen-api-services/node_modules/jest-circus/build/run.js:60:9)
    at run (/home/mmittelb/Projects/stolen-api-services/node_modules/jest-circus/build/run.js:25:3)</failure>
    </testcase>
  </testsuite>
  <testsuite name="UsersController (e2e)" errors="0" failures="1" skipped="0" timestamp="2021-12-13T16:21:00" time="2.946" tests="1">
    <testcase classname="UsersController (e2e) /health (GET)" name="UsersController (e2e) /health (GET)" time="0.42">
      <failure>Error: thrown: Object {
  &quot;err&quot;: [TypeError: Cannot read property &apos;heartbeat&apos; of undefined],
}
    at /home/mmittelb/Projects/stolen-api-services/apps/user/test/app.e2e-spec.ts:28:3
    at _dispatchDescribe (/home/mmittelb/Projects/stolen-api-services/node_modules/jest-circus/build/index.js:97:26)
    at describe (/home/mmittelb/Projects/stolen-api-services/node_modules/jest-circus/build/index.js:60:5)
    at Object.&lt;anonymous&gt; (/home/mmittelb/Projects/stolen-api-services/apps/user/test/app.e2e-spec.ts:12:1)
    at Runtime._execModule (/home/mmittelb/Projects/stolen-api-services/node_modules/jest-runtime/build/index.js:1646:24)
    at Runtime._loadModule (/home/mmittelb/Projects/stolen-api-services/node_modules/jest-runtime/build/index.js:1185:12)
    at Runtime.requireModule (/home/mmittelb/Projects/stolen-api-services/node_modules/jest-runtime/build/index.js:1009:12)
    at jestAdapter (/home/mmittelb/Projects/stolen-api-services/node_modules/jest-circus/build/legacy-code-todo-rewrite/jestAdapter.js:79:13)
    at runTestInternal (/home/mmittelb/Projects/stolen-api-services/node_modules/jest-runner/build/runTest.js:389:16)
    at runTest (/home/mmittelb/Projects/stolen-api-services/node_modules/jest-runner/build/runTest.js:475:34)</failure>
    </testcase>
  </testsuite>
  <testsuite name="CustomerUsersService" errors="0" failures="24" skipped="0" timestamp="2021-12-13T16:21:03" time="3.991" tests="24">
    <testcase classname="CustomerUsersService getCustomersByUser should find a doc" name="CustomerUsersService getCustomersByUser should find a doc" time="0.001">
      <failure>Error: Status Code is 403 (MongoDB&apos;s 404)
This means that the requested version-platform combination doesn&apos;t exist
  Used Url: &quot;https://fastdl.mongodb.org/linux/mongodb-linux-x86_64-ubuntu2104-5.0.3.tgz&quot;
Try to use different version &apos;new MongoMemoryServer({ binary: { version: &apos;X.Y.Z&apos; } })&apos;
List of available versions can be found here:
  https://www.mongodb.org/dl/linux for Linux
  https://www.mongodb.org/dl/osx for OSX
  https://www.mongodb.org/dl/win32 for Windows
    at ClientRequest.&lt;anonymous&gt; (/home/mmittelb/Projects/stolen-api-services/node_modules/mongodb-memory-server-core/src/util/MongoBinaryDownload.ts:418:17)
    at Object.onceWrapper (events.js:520:26)
    at ClientRequest.emit (events.js:400:28)
    at HTTPParser.parserOnIncomingClient (_http_client.js:647:27)
    at HTTPParser.parserOnHeadersComplete (_http_common.js:126:17)
    at TLSSocket.socketOnData (_http_client.js:515:22)
    at TLSSocket.emit (events.js:400:28)
    at addChunk (internal/streams/readable.js:290:12)
    at readableAddChunk (internal/streams/readable.js:265:9)
    at TLSSocket.Readable.push (internal/streams/readable.js:204:10)</failure>
      <failure>TypeError: Cannot read property &apos;close&apos; of undefined
    at Object.&lt;anonymous&gt; (/home/mmittelb/Projects/stolen-api-services/apps/customer/src/v1/customers-users/customers-users.service.spec.ts:110:22)
    at Promise.then.completed (/home/mmittelb/Projects/stolen-api-services/node_modules/jest-circus/build/utils.js:390:28)
    at new Promise (&lt;anonymous&gt;)
    at callAsyncCircusFn (/home/mmittelb/Projects/stolen-api-services/node_modules/jest-circus/build/utils.js:315:10)
    at _callCircusHook (/home/mmittelb/Projects/stolen-api-services/node_modules/jest-circus/build/run.js:181:40)
    at _runTest (/home/mmittelb/Projects/stolen-api-services/node_modules/jest-circus/build/run.js:158:5)
    at _runTestsForDescribeBlock (/home/mmittelb/Projects/stolen-api-services/node_modules/jest-circus/build/run.js:66:9)
    at _runTestsForDescribeBlock (/home/mmittelb/Projects/stolen-api-services/node_modules/jest-circus/build/run.js:60:9)
    at _runTestsForDescribeBlock (/home/mmittelb/Projects/stolen-api-services/node_modules/jest-circus/build/run.js:60:9)
    at run (/home/mmittelb/Projects/stolen-api-services/node_modules/jest-circus/build/run.js:25:3)</failure>
    </testcase>
    <testcase classname="CustomerUsersService getCustomersByUser should return an empty array" name="CustomerUsersService getCustomersByUser should return an empty array" time="0.001">
      <failure>Error: Status Code is 403 (MongoDB&apos;s 404)
This means that the requested version-platform combination doesn&apos;t exist
  Used Url: &quot;https://fastdl.mongodb.org/linux/mongodb-linux-x86_64-ubuntu2104-5.0.3.tgz&quot;
Try to use different version &apos;new MongoMemoryServer({ binary: { version: &apos;X.Y.Z&apos; } })&apos;
List of available versions can be found here:
  https://www.mongodb.org/dl/linux for Linux
  https://www.mongodb.org/dl/osx for OSX
  https://www.mongodb.org/dl/win32 for Windows
    at ClientRequest.&lt;anonymous&gt; (/home/mmittelb/Projects/stolen-api-services/node_modules/mongodb-memory-server-core/src/util/MongoBinaryDownload.ts:418:17)
    at Object.onceWrapper (events.js:520:26)
    at ClientRequest.emit (events.js:400:28)
    at HTTPParser.parserOnIncomingClient (_http_client.js:647:27)
    at HTTPParser.parserOnHeadersComplete (_http_common.js:126:17)
    at TLSSocket.socketOnData (_http_client.js:515:22)
    at TLSSocket.emit (events.js:400:28)
    at addChunk (internal/streams/readable.js:290:12)
    at readableAddChunk (internal/streams/readable.js:265:9)
    at TLSSocket.Readable.push (internal/streams/readable.js:204:10)</failure>
      <failure>TypeError: Cannot read property &apos;close&apos; of undefined
    at Object.&lt;anonymous&gt; (/home/mmittelb/Projects/stolen-api-services/apps/customer/src/v1/customers-users/customers-users.service.spec.ts:110:22)
    at Promise.then.completed (/home/mmittelb/Projects/stolen-api-services/node_modules/jest-circus/build/utils.js:390:28)
    at new Promise (&lt;anonymous&gt;)
    at callAsyncCircusFn (/home/mmittelb/Projects/stolen-api-services/node_modules/jest-circus/build/utils.js:315:10)
    at _callCircusHook (/home/mmittelb/Projects/stolen-api-services/node_modules/jest-circus/build/run.js:181:40)
    at _runTest (/home/mmittelb/Projects/stolen-api-services/node_modules/jest-circus/build/run.js:158:5)
    at _runTestsForDescribeBlock (/home/mmittelb/Projects/stolen-api-services/node_modules/jest-circus/build/run.js:66:9)
    at _runTestsForDescribeBlock (/home/mmittelb/Projects/stolen-api-services/node_modules/jest-circus/build/run.js:60:9)
    at _runTestsForDescribeBlock (/home/mmittelb/Projects/stolen-api-services/node_modules/jest-circus/build/run.js:60:9)
    at run (/home/mmittelb/Projects/stolen-api-services/node_modules/jest-circus/build/run.js:25:3)</failure>
    </testcase>
    <testcase classname="CustomerUsersService findOne should find a doc without roles" name="CustomerUsersService findOne should find a doc without roles" time="0.001">
      <failure>Error: Status Code is 403 (MongoDB&apos;s 404)
This means that the requested version-platform combination doesn&apos;t exist
  Used Url: &quot;https://fastdl.mongodb.org/linux/mongodb-linux-x86_64-ubuntu2104-5.0.3.tgz&quot;
Try to use different version &apos;new MongoMemoryServer({ binary: { version: &apos;X.Y.Z&apos; } })&apos;
List of available versions can be found here:
  https://www.mongodb.org/dl/linux for Linux
  https://www.mongodb.org/dl/osx for OSX
  https://www.mongodb.org/dl/win32 for Windows
    at ClientRequest.&lt;anonymous&gt; (/home/mmittelb/Projects/stolen-api-services/node_modules/mongodb-memory-server-core/src/util/MongoBinaryDownload.ts:418:17)
    at Object.onceWrapper (events.js:520:26)
    at ClientRequest.emit (events.js:400:28)
    at HTTPParser.parserOnIncomingClient (_http_client.js:647:27)
    at HTTPParser.parserOnHeadersComplete (_http_common.js:126:17)
    at TLSSocket.socketOnData (_http_client.js:515:22)
    at TLSSocket.emit (events.js:400:28)
    at addChunk (internal/streams/readable.js:290:12)
    at readableAddChunk (internal/streams/readable.js:265:9)
    at TLSSocket.Readable.push (internal/streams/readable.js:204:10)</failure>
      <failure>TypeError: Cannot read property &apos;close&apos; of undefined
    at Object.&lt;anonymous&gt; (/home/mmittelb/Projects/stolen-api-services/apps/customer/src/v1/customers-users/customers-users.service.spec.ts:110:22)
    at Promise.then.completed (/home/mmittelb/Projects/stolen-api-services/node_modules/jest-circus/build/utils.js:390:28)
    at new Promise (&lt;anonymous&gt;)
    at callAsyncCircusFn (/home/mmittelb/Projects/stolen-api-services/node_modules/jest-circus/build/utils.js:315:10)
    at _callCircusHook (/home/mmittelb/Projects/stolen-api-services/node_modules/jest-circus/build/run.js:181:40)
    at _runTest (/home/mmittelb/Projects/stolen-api-services/node_modules/jest-circus/build/run.js:158:5)
    at _runTestsForDescribeBlock (/home/mmittelb/Projects/stolen-api-services/node_modules/jest-circus/build/run.js:66:9)
    at _runTestsForDescribeBlock (/home/mmittelb/Projects/stolen-api-services/node_modules/jest-circus/build/run.js:60:9)
    at _runTestsForDescribeBlock (/home/mmittelb/Projects/stolen-api-services/node_modules/jest-circus/build/run.js:60:9)
    at run (/home/mmittelb/Projects/stolen-api-services/node_modules/jest-circus/build/run.js:25:3)</failure>
    </testcase>
    <testcase classname="CustomerUsersService findOne should find a doc with roles" name="CustomerUsersService findOne should find a doc with roles" time="0.001">
      <failure>Error: Status Code is 403 (MongoDB&apos;s 404)
This means that the requested version-platform combination doesn&apos;t exist
  Used Url: &quot;https://fastdl.mongodb.org/linux/mongodb-linux-x86_64-ubuntu2104-5.0.3.tgz&quot;
Try to use different version &apos;new MongoMemoryServer({ binary: { version: &apos;X.Y.Z&apos; } })&apos;
List of available versions can be found here:
  https://www.mongodb.org/dl/linux for Linux
  https://www.mongodb.org/dl/osx for OSX
  https://www.mongodb.org/dl/win32 for Windows
    at ClientRequest.&lt;anonymous&gt; (/home/mmittelb/Projects/stolen-api-services/node_modules/mongodb-memory-server-core/src/util/MongoBinaryDownload.ts:418:17)
    at Object.onceWrapper (events.js:520:26)
    at ClientRequest.emit (events.js:400:28)
    at HTTPParser.parserOnIncomingClient (_http_client.js:647:27)
    at HTTPParser.parserOnHeadersComplete (_http_common.js:126:17)
    at TLSSocket.socketOnData (_http_client.js:515:22)
    at TLSSocket.emit (events.js:400:28)
    at addChunk (internal/streams/readable.js:290:12)
    at readableAddChunk (internal/streams/readable.js:265:9)
    at TLSSocket.Readable.push (internal/streams/readable.js:204:10)</failure>
      <failure>TypeError: Cannot read property &apos;close&apos; of undefined
    at Object.&lt;anonymous&gt; (/home/mmittelb/Projects/stolen-api-services/apps/customer/src/v1/customers-users/customers-users.service.spec.ts:110:22)
    at Promise.then.completed (/home/mmittelb/Projects/stolen-api-services/node_modules/jest-circus/build/utils.js:390:28)
    at new Promise (&lt;anonymous&gt;)
    at callAsyncCircusFn (/home/mmittelb/Projects/stolen-api-services/node_modules/jest-circus/build/utils.js:315:10)
    at _callCircusHook (/home/mmittelb/Projects/stolen-api-services/node_modules/jest-circus/build/run.js:181:40)
    at _runTest (/home/mmittelb/Projects/stolen-api-services/node_modules/jest-circus/build/run.js:158:5)
    at _runTestsForDescribeBlock (/home/mmittelb/Projects/stolen-api-services/node_modules/jest-circus/build/run.js:66:9)
    at _runTestsForDescribeBlock (/home/mmittelb/Projects/stolen-api-services/node_modules/jest-circus/build/run.js:60:9)
    at _runTestsForDescribeBlock (/home/mmittelb/Projects/stolen-api-services/node_modules/jest-circus/build/run.js:60:9)
    at run (/home/mmittelb/Projects/stolen-api-services/node_modules/jest-circus/build/run.js:25:3)</failure>
    </testcase>
    <testcase classname="CustomerUsersService findOne should not find the doc" name="CustomerUsersService findOne should not find the doc" time="0">
      <failure>Error: Status Code is 403 (MongoDB&apos;s 404)
This means that the requested version-platform combination doesn&apos;t exist
  Used Url: &quot;https://fastdl.mongodb.org/linux/mongodb-linux-x86_64-ubuntu2104-5.0.3.tgz&quot;
Try to use different version &apos;new MongoMemoryServer({ binary: { version: &apos;X.Y.Z&apos; } })&apos;
List of available versions can be found here:
  https://www.mongodb.org/dl/linux for Linux
  https://www.mongodb.org/dl/osx for OSX
  https://www.mongodb.org/dl/win32 for Windows
    at ClientRequest.&lt;anonymous&gt; (/home/mmittelb/Projects/stolen-api-services/node_modules/mongodb-memory-server-core/src/util/MongoBinaryDownload.ts:418:17)
    at Object.onceWrapper (events.js:520:26)
    at ClientRequest.emit (events.js:400:28)
    at HTTPParser.parserOnIncomingClient (_http_client.js:647:27)
    at HTTPParser.parserOnHeadersComplete (_http_common.js:126:17)
    at TLSSocket.socketOnData (_http_client.js:515:22)
    at TLSSocket.emit (events.js:400:28)
    at addChunk (internal/streams/readable.js:290:12)
    at readableAddChunk (internal/streams/readable.js:265:9)
    at TLSSocket.Readable.push (internal/streams/readable.js:204:10)</failure>
      <failure>TypeError: Cannot read property &apos;close&apos; of undefined
    at Object.&lt;anonymous&gt; (/home/mmittelb/Projects/stolen-api-services/apps/customer/src/v1/customers-users/customers-users.service.spec.ts:110:22)
    at Promise.then.completed (/home/mmittelb/Projects/stolen-api-services/node_modules/jest-circus/build/utils.js:390:28)
    at new Promise (&lt;anonymous&gt;)
    at callAsyncCircusFn (/home/mmittelb/Projects/stolen-api-services/node_modules/jest-circus/build/utils.js:315:10)
    at _callCircusHook (/home/mmittelb/Projects/stolen-api-services/node_modules/jest-circus/build/run.js:181:40)
    at _runTest (/home/mmittelb/Projects/stolen-api-services/node_modules/jest-circus/build/run.js:158:5)
    at _runTestsForDescribeBlock (/home/mmittelb/Projects/stolen-api-services/node_modules/jest-circus/build/run.js:66:9)
    at _runTestsForDescribeBlock (/home/mmittelb/Projects/stolen-api-services/node_modules/jest-circus/build/run.js:60:9)
    at _runTestsForDescribeBlock (/home/mmittelb/Projects/stolen-api-services/node_modules/jest-circus/build/run.js:60:9)
    at run (/home/mmittelb/Projects/stolen-api-services/node_modules/jest-circus/build/run.js:25:3)</failure>
    </testcase>
    <testcase classname="CustomerUsersService findOne should not find the customer" name="CustomerUsersService findOne should not find the customer" time="0">
      <failure>Error: Status Code is 403 (MongoDB&apos;s 404)
This means that the requested version-platform combination doesn&apos;t exist
  Used Url: &quot;https://fastdl.mongodb.org/linux/mongodb-linux-x86_64-ubuntu2104-5.0.3.tgz&quot;
Try to use different version &apos;new MongoMemoryServer({ binary: { version: &apos;X.Y.Z&apos; } })&apos;
List of available versions can be found here:
  https://www.mongodb.org/dl/linux for Linux
  https://www.mongodb.org/dl/osx for OSX
  https://www.mongodb.org/dl/win32 for Windows
    at ClientRequest.&lt;anonymous&gt; (/home/mmittelb/Projects/stolen-api-services/node_modules/mongodb-memory-server-core/src/util/MongoBinaryDownload.ts:418:17)
    at Object.onceWrapper (events.js:520:26)
    at ClientRequest.emit (events.js:400:28)
    at HTTPParser.parserOnIncomingClient (_http_client.js:647:27)
    at HTTPParser.parserOnHeadersComplete (_http_common.js:126:17)
    at TLSSocket.socketOnData (_http_client.js:515:22)
    at TLSSocket.emit (events.js:400:28)
    at addChunk (internal/streams/readable.js:290:12)
    at readableAddChunk (internal/streams/readable.js:265:9)
    at TLSSocket.Readable.push (internal/streams/readable.js:204:10)</failure>
      <failure>TypeError: Cannot read property &apos;close&apos; of undefined
    at Object.&lt;anonymous&gt; (/home/mmittelb/Projects/stolen-api-services/apps/customer/src/v1/customers-users/customers-users.service.spec.ts:110:22)
    at Promise.then.completed (/home/mmittelb/Projects/stolen-api-services/node_modules/jest-circus/build/utils.js:390:28)
    at new Promise (&lt;anonymous&gt;)
    at callAsyncCircusFn (/home/mmittelb/Projects/stolen-api-services/node_modules/jest-circus/build/utils.js:315:10)
    at _callCircusHook (/home/mmittelb/Projects/stolen-api-services/node_modules/jest-circus/build/run.js:181:40)
    at _runTest (/home/mmittelb/Projects/stolen-api-services/node_modules/jest-circus/build/run.js:158:5)
    at _runTestsForDescribeBlock (/home/mmittelb/Projects/stolen-api-services/node_modules/jest-circus/build/run.js:66:9)
    at _runTestsForDescribeBlock (/home/mmittelb/Projects/stolen-api-services/node_modules/jest-circus/build/run.js:60:9)
    at _runTestsForDescribeBlock (/home/mmittelb/Projects/stolen-api-services/node_modules/jest-circus/build/run.js:60:9)
    at run (/home/mmittelb/Projects/stolen-api-services/node_modules/jest-circus/build/run.js:25:3)</failure>
    </testcase>
    <testcase classname="CustomerUsersService findAll should find a doc" name="CustomerUsersService findAll should find a doc" time="0">
      <failure>Error: Status Code is 403 (MongoDB&apos;s 404)
This means that the requested version-platform combination doesn&apos;t exist
  Used Url: &quot;https://fastdl.mongodb.org/linux/mongodb-linux-x86_64-ubuntu2104-5.0.3.tgz&quot;
Try to use different version &apos;new MongoMemoryServer({ binary: { version: &apos;X.Y.Z&apos; } })&apos;
List of available versions can be found here:
  https://www.mongodb.org/dl/linux for Linux
  https://www.mongodb.org/dl/osx for OSX
  https://www.mongodb.org/dl/win32 for Windows
    at ClientRequest.&lt;anonymous&gt; (/home/mmittelb/Projects/stolen-api-services/node_modules/mongodb-memory-server-core/src/util/MongoBinaryDownload.ts:418:17)
    at Object.onceWrapper (events.js:520:26)
    at ClientRequest.emit (events.js:400:28)
    at HTTPParser.parserOnIncomingClient (_http_client.js:647:27)
    at HTTPParser.parserOnHeadersComplete (_http_common.js:126:17)
    at TLSSocket.socketOnData (_http_client.js:515:22)
    at TLSSocket.emit (events.js:400:28)
    at addChunk (internal/streams/readable.js:290:12)
    at readableAddChunk (internal/streams/readable.js:265:9)
    at TLSSocket.Readable.push (internal/streams/readable.js:204:10)</failure>
      <failure>TypeError: Cannot read property &apos;close&apos; of undefined
    at Object.&lt;anonymous&gt; (/home/mmittelb/Projects/stolen-api-services/apps/customer/src/v1/customers-users/customers-users.service.spec.ts:110:22)
    at Promise.then.completed (/home/mmittelb/Projects/stolen-api-services/node_modules/jest-circus/build/utils.js:390:28)
    at new Promise (&lt;anonymous&gt;)
    at callAsyncCircusFn (/home/mmittelb/Projects/stolen-api-services/node_modules/jest-circus/build/utils.js:315:10)
    at _callCircusHook (/home/mmittelb/Projects/stolen-api-services/node_modules/jest-circus/build/run.js:181:40)
    at _runTest (/home/mmittelb/Projects/stolen-api-services/node_modules/jest-circus/build/run.js:158:5)
    at _runTestsForDescribeBlock (/home/mmittelb/Projects/stolen-api-services/node_modules/jest-circus/build/run.js:66:9)
    at _runTestsForDescribeBlock (/home/mmittelb/Projects/stolen-api-services/node_modules/jest-circus/build/run.js:60:9)
    at _runTestsForDescribeBlock (/home/mmittelb/Projects/stolen-api-services/node_modules/jest-circus/build/run.js:60:9)
    at run (/home/mmittelb/Projects/stolen-api-services/node_modules/jest-circus/build/run.js:25:3)</failure>
    </testcase>
    <testcase classname="CustomerUsersService findAll should return an empty array" name="CustomerUsersService findAll should return an empty array" time="0">
      <failure>Error: Status Code is 403 (MongoDB&apos;s 404)
This means that the requested version-platform combination doesn&apos;t exist
  Used Url: &quot;https://fastdl.mongodb.org/linux/mongodb-linux-x86_64-ubuntu2104-5.0.3.tgz&quot;
Try to use different version &apos;new MongoMemoryServer({ binary: { version: &apos;X.Y.Z&apos; } })&apos;
List of available versions can be found here:
  https://www.mongodb.org/dl/linux for Linux
  https://www.mongodb.org/dl/osx for OSX
  https://www.mongodb.org/dl/win32 for Windows
    at ClientRequest.&lt;anonymous&gt; (/home/mmittelb/Projects/stolen-api-services/node_modules/mongodb-memory-server-core/src/util/MongoBinaryDownload.ts:418:17)
    at Object.onceWrapper (events.js:520:26)
    at ClientRequest.emit (events.js:400:28)
    at HTTPParser.parserOnIncomingClient (_http_client.js:647:27)
    at HTTPParser.parserOnHeadersComplete (_http_common.js:126:17)
    at TLSSocket.socketOnData (_http_client.js:515:22)
    at TLSSocket.emit (events.js:400:28)
    at addChunk (internal/streams/readable.js:290:12)
    at readableAddChunk (internal/streams/readable.js:265:9)
    at TLSSocket.Readable.push (internal/streams/readable.js:204:10)</failure>
      <failure>TypeError: Cannot read property &apos;close&apos; of undefined
    at Object.&lt;anonymous&gt; (/home/mmittelb/Projects/stolen-api-services/apps/customer/src/v1/customers-users/customers-users.service.spec.ts:110:22)
    at Promise.then.completed (/home/mmittelb/Projects/stolen-api-services/node_modules/jest-circus/build/utils.js:390:28)
    at new Promise (&lt;anonymous&gt;)
    at callAsyncCircusFn (/home/mmittelb/Projects/stolen-api-services/node_modules/jest-circus/build/utils.js:315:10)
    at _callCircusHook (/home/mmittelb/Projects/stolen-api-services/node_modules/jest-circus/build/run.js:181:40)
    at _runTest (/home/mmittelb/Projects/stolen-api-services/node_modules/jest-circus/build/run.js:158:5)
    at _runTestsForDescribeBlock (/home/mmittelb/Projects/stolen-api-services/node_modules/jest-circus/build/run.js:66:9)
    at _runTestsForDescribeBlock (/home/mmittelb/Projects/stolen-api-services/node_modules/jest-circus/build/run.js:60:9)
    at _runTestsForDescribeBlock (/home/mmittelb/Projects/stolen-api-services/node_modules/jest-circus/build/run.js:60:9)
    at run (/home/mmittelb/Projects/stolen-api-services/node_modules/jest-circus/build/run.js:25:3)</failure>
    </testcase>
    <testcase classname="CustomerUsersService findAll should not find the customer" name="CustomerUsersService findAll should not find the customer" time="0">
      <failure>Error: Status Code is 403 (MongoDB&apos;s 404)
This means that the requested version-platform combination doesn&apos;t exist
  Used Url: &quot;https://fastdl.mongodb.org/linux/mongodb-linux-x86_64-ubuntu2104-5.0.3.tgz&quot;
Try to use different version &apos;new MongoMemoryServer({ binary: { version: &apos;X.Y.Z&apos; } })&apos;
List of available versions can be found here:
  https://www.mongodb.org/dl/linux for Linux
  https://www.mongodb.org/dl/osx for OSX
  https://www.mongodb.org/dl/win32 for Windows
    at ClientRequest.&lt;anonymous&gt; (/home/mmittelb/Projects/stolen-api-services/node_modules/mongodb-memory-server-core/src/util/MongoBinaryDownload.ts:418:17)
    at Object.onceWrapper (events.js:520:26)
    at ClientRequest.emit (events.js:400:28)
    at HTTPParser.parserOnIncomingClient (_http_client.js:647:27)
    at HTTPParser.parserOnHeadersComplete (_http_common.js:126:17)
    at TLSSocket.socketOnData (_http_client.js:515:22)
    at TLSSocket.emit (events.js:400:28)
    at addChunk (internal/streams/readable.js:290:12)
    at readableAddChunk (internal/streams/readable.js:265:9)
    at TLSSocket.Readable.push (internal/streams/readable.js:204:10)</failure>
      <failure>TypeError: Cannot read property &apos;close&apos; of undefined
    at Object.&lt;anonymous&gt; (/home/mmittelb/Projects/stolen-api-services/apps/customer/src/v1/customers-users/customers-users.service.spec.ts:110:22)
    at Promise.then.completed (/home/mmittelb/Projects/stolen-api-services/node_modules/jest-circus/build/utils.js:390:28)
    at new Promise (&lt;anonymous&gt;)
    at callAsyncCircusFn (/home/mmittelb/Projects/stolen-api-services/node_modules/jest-circus/build/utils.js:315:10)
    at _callCircusHook (/home/mmittelb/Projects/stolen-api-services/node_modules/jest-circus/build/run.js:181:40)
    at _runTest (/home/mmittelb/Projects/stolen-api-services/node_modules/jest-circus/build/run.js:158:5)
    at _runTestsForDescribeBlock (/home/mmittelb/Projects/stolen-api-services/node_modules/jest-circus/build/run.js:66:9)
    at _runTestsForDescribeBlock (/home/mmittelb/Projects/stolen-api-services/node_modules/jest-circus/build/run.js:60:9)
    at _runTestsForDescribeBlock (/home/mmittelb/Projects/stolen-api-services/node_modules/jest-circus/build/run.js:60:9)
    at run (/home/mmittelb/Projects/stolen-api-services/node_modules/jest-circus/build/run.js:25:3)</failure>
    </testcase>
    <testcase classname="CustomerUsersService remove should remove a doc" name="CustomerUsersService remove should remove a doc" time="0">
      <failure>Error: Status Code is 403 (MongoDB&apos;s 404)
This means that the requested version-platform combination doesn&apos;t exist
  Used Url: &quot;https://fastdl.mongodb.org/linux/mongodb-linux-x86_64-ubuntu2104-5.0.3.tgz&quot;
Try to use different version &apos;new MongoMemoryServer({ binary: { version: &apos;X.Y.Z&apos; } })&apos;
List of available versions can be found here:
  https://www.mongodb.org/dl/linux for Linux
  https://www.mongodb.org/dl/osx for OSX
  https://www.mongodb.org/dl/win32 for Windows
    at ClientRequest.&lt;anonymous&gt; (/home/mmittelb/Projects/stolen-api-services/node_modules/mongodb-memory-server-core/src/util/MongoBinaryDownload.ts:418:17)
    at Object.onceWrapper (events.js:520:26)
    at ClientRequest.emit (events.js:400:28)
    at HTTPParser.parserOnIncomingClient (_http_client.js:647:27)
    at HTTPParser.parserOnHeadersComplete (_http_common.js:126:17)
    at TLSSocket.socketOnData (_http_client.js:515:22)
    at TLSSocket.emit (events.js:400:28)
    at addChunk (internal/streams/readable.js:290:12)
    at readableAddChunk (internal/streams/readable.js:265:9)
    at TLSSocket.Readable.push (internal/streams/readable.js:204:10)</failure>
      <failure>TypeError: Cannot read property &apos;close&apos; of undefined
    at Object.&lt;anonymous&gt; (/home/mmittelb/Projects/stolen-api-services/apps/customer/src/v1/customers-users/customers-users.service.spec.ts:110:22)
    at Promise.then.completed (/home/mmittelb/Projects/stolen-api-services/node_modules/jest-circus/build/utils.js:390:28)
    at new Promise (&lt;anonymous&gt;)
    at callAsyncCircusFn (/home/mmittelb/Projects/stolen-api-services/node_modules/jest-circus/build/utils.js:315:10)
    at _callCircusHook (/home/mmittelb/Projects/stolen-api-services/node_modules/jest-circus/build/run.js:181:40)
    at _runTest (/home/mmittelb/Projects/stolen-api-services/node_modules/jest-circus/build/run.js:158:5)
    at _runTestsForDescribeBlock (/home/mmittelb/Projects/stolen-api-services/node_modules/jest-circus/build/run.js:66:9)
    at _runTestsForDescribeBlock (/home/mmittelb/Projects/stolen-api-services/node_modules/jest-circus/build/run.js:60:9)
    at _runTestsForDescribeBlock (/home/mmittelb/Projects/stolen-api-services/node_modules/jest-circus/build/run.js:60:9)
    at run (/home/mmittelb/Projects/stolen-api-services/node_modules/jest-circus/build/run.js:25:3)</failure>
    </testcase>
    <testcase classname="CustomerUsersService remove should not find the customer" name="CustomerUsersService remove should not find the customer" time="0">
      <failure>Error: Status Code is 403 (MongoDB&apos;s 404)
This means that the requested version-platform combination doesn&apos;t exist
  Used Url: &quot;https://fastdl.mongodb.org/linux/mongodb-linux-x86_64-ubuntu2104-5.0.3.tgz&quot;
Try to use different version &apos;new MongoMemoryServer({ binary: { version: &apos;X.Y.Z&apos; } })&apos;
List of available versions can be found here:
  https://www.mongodb.org/dl/linux for Linux
  https://www.mongodb.org/dl/osx for OSX
  https://www.mongodb.org/dl/win32 for Windows
    at ClientRequest.&lt;anonymous&gt; (/home/mmittelb/Projects/stolen-api-services/node_modules/mongodb-memory-server-core/src/util/MongoBinaryDownload.ts:418:17)
    at Object.onceWrapper (events.js:520:26)
    at ClientRequest.emit (events.js:400:28)
    at HTTPParser.parserOnIncomingClient (_http_client.js:647:27)
    at HTTPParser.parserOnHeadersComplete (_http_common.js:126:17)
    at TLSSocket.socketOnData (_http_client.js:515:22)
    at TLSSocket.emit (events.js:400:28)
    at addChunk (internal/streams/readable.js:290:12)
    at readableAddChunk (internal/streams/readable.js:265:9)
    at TLSSocket.Readable.push (internal/streams/readable.js:204:10)</failure>
      <failure>TypeError: Cannot read property &apos;close&apos; of undefined
    at Object.&lt;anonymous&gt; (/home/mmittelb/Projects/stolen-api-services/apps/customer/src/v1/customers-users/customers-users.service.spec.ts:110:22)
    at Promise.then.completed (/home/mmittelb/Projects/stolen-api-services/node_modules/jest-circus/build/utils.js:390:28)
    at new Promise (&lt;anonymous&gt;)
    at callAsyncCircusFn (/home/mmittelb/Projects/stolen-api-services/node_modules/jest-circus/build/utils.js:315:10)
    at _callCircusHook (/home/mmittelb/Projects/stolen-api-services/node_modules/jest-circus/build/run.js:181:40)
    at _runTest (/home/mmittelb/Projects/stolen-api-services/node_modules/jest-circus/build/run.js:158:5)
    at _runTestsForDescribeBlock (/home/mmittelb/Projects/stolen-api-services/node_modules/jest-circus/build/run.js:66:9)
    at _runTestsForDescribeBlock (/home/mmittelb/Projects/stolen-api-services/node_modules/jest-circus/build/run.js:60:9)
    at _runTestsForDescribeBlock (/home/mmittelb/Projects/stolen-api-services/node_modules/jest-circus/build/run.js:60:9)
    at run (/home/mmittelb/Projects/stolen-api-services/node_modules/jest-circus/build/run.js:25:3)</failure>
    </testcase>
    <testcase classname="CustomerUsersService removeByCustomer should remove all docs" name="CustomerUsersService removeByCustomer should remove all docs" time="0.001">
      <failure>Error: Status Code is 403 (MongoDB&apos;s 404)
This means that the requested version-platform combination doesn&apos;t exist
  Used Url: &quot;https://fastdl.mongodb.org/linux/mongodb-linux-x86_64-ubuntu2104-5.0.3.tgz&quot;
Try to use different version &apos;new MongoMemoryServer({ binary: { version: &apos;X.Y.Z&apos; } })&apos;
List of available versions can be found here:
  https://www.mongodb.org/dl/linux for Linux
  https://www.mongodb.org/dl/osx for OSX
  https://www.mongodb.org/dl/win32 for Windows
    at ClientRequest.&lt;anonymous&gt; (/home/mmittelb/Projects/stolen-api-services/node_modules/mongodb-memory-server-core/src/util/MongoBinaryDownload.ts:418:17)
    at Object.onceWrapper (events.js:520:26)
    at ClientRequest.emit (events.js:400:28)
    at HTTPParser.parserOnIncomingClient (_http_client.js:647:27)
    at HTTPParser.parserOnHeadersComplete (_http_common.js:126:17)
    at TLSSocket.socketOnData (_http_client.js:515:22)
    at TLSSocket.emit (events.js:400:28)
    at addChunk (internal/streams/readable.js:290:12)
    at readableAddChunk (internal/streams/readable.js:265:9)
    at TLSSocket.Readable.push (internal/streams/readable.js:204:10)</failure>
      <failure>TypeError: Cannot read property &apos;close&apos; of undefined
    at Object.&lt;anonymous&gt; (/home/mmittelb/Projects/stolen-api-services/apps/customer/src/v1/customers-users/customers-users.service.spec.ts:110:22)
    at Promise.then.completed (/home/mmittelb/Projects/stolen-api-services/node_modules/jest-circus/build/utils.js:390:28)
    at new Promise (&lt;anonymous&gt;)
    at callAsyncCircusFn (/home/mmittelb/Projects/stolen-api-services/node_modules/jest-circus/build/utils.js:315:10)
    at _callCircusHook (/home/mmittelb/Projects/stolen-api-services/node_modules/jest-circus/build/run.js:181:40)
    at _runTest (/home/mmittelb/Projects/stolen-api-services/node_modules/jest-circus/build/run.js:158:5)
    at _runTestsForDescribeBlock (/home/mmittelb/Projects/stolen-api-services/node_modules/jest-circus/build/run.js:66:9)
    at _runTestsForDescribeBlock (/home/mmittelb/Projects/stolen-api-services/node_modules/jest-circus/build/run.js:60:9)
    at _runTestsForDescribeBlock (/home/mmittelb/Projects/stolen-api-services/node_modules/jest-circus/build/run.js:60:9)
    at run (/home/mmittelb/Projects/stolen-api-services/node_modules/jest-circus/build/run.js:25:3)</failure>
    </testcase>
    <testcase classname="CustomerUsersService create should return a new doc" name="CustomerUsersService create should return a new doc" time="0">
      <failure>Error: Status Code is 403 (MongoDB&apos;s 404)
This means that the requested version-platform combination doesn&apos;t exist
  Used Url: &quot;https://fastdl.mongodb.org/linux/mongodb-linux-x86_64-ubuntu2104-5.0.3.tgz&quot;
Try to use different version &apos;new MongoMemoryServer({ binary: { version: &apos;X.Y.Z&apos; } })&apos;
List of available versions can be found here:
  https://www.mongodb.org/dl/linux for Linux
  https://www.mongodb.org/dl/osx for OSX
  https://www.mongodb.org/dl/win32 for Windows
    at ClientRequest.&lt;anonymous&gt; (/home/mmittelb/Projects/stolen-api-services/node_modules/mongodb-memory-server-core/src/util/MongoBinaryDownload.ts:418:17)
    at Object.onceWrapper (events.js:520:26)
    at ClientRequest.emit (events.js:400:28)
    at HTTPParser.parserOnIncomingClient (_http_client.js:647:27)
    at HTTPParser.parserOnHeadersComplete (_http_common.js:126:17)
    at TLSSocket.socketOnData (_http_client.js:515:22)
    at TLSSocket.emit (events.js:400:28)
    at addChunk (internal/streams/readable.js:290:12)
    at readableAddChunk (internal/streams/readable.js:265:9)
    at TLSSocket.Readable.push (internal/streams/readable.js:204:10)</failure>
      <failure>TypeError: Cannot read property &apos;close&apos; of undefined
    at Object.&lt;anonymous&gt; (/home/mmittelb/Projects/stolen-api-services/apps/customer/src/v1/customers-users/customers-users.service.spec.ts:110:22)
    at Promise.then.completed (/home/mmittelb/Projects/stolen-api-services/node_modules/jest-circus/build/utils.js:390:28)
    at new Promise (&lt;anonymous&gt;)
    at callAsyncCircusFn (/home/mmittelb/Projects/stolen-api-services/node_modules/jest-circus/build/utils.js:315:10)
    at _callCircusHook (/home/mmittelb/Projects/stolen-api-services/node_modules/jest-circus/build/run.js:181:40)
    at _runTest (/home/mmittelb/Projects/stolen-api-services/node_modules/jest-circus/build/run.js:158:5)
    at _runTestsForDescribeBlock (/home/mmittelb/Projects/stolen-api-services/node_modules/jest-circus/build/run.js:66:9)
    at _runTestsForDescribeBlock (/home/mmittelb/Projects/stolen-api-services/node_modules/jest-circus/build/run.js:60:9)
    at _runTestsForDescribeBlock (/home/mmittelb/Projects/stolen-api-services/node_modules/jest-circus/build/run.js:60:9)
    at run (/home/mmittelb/Projects/stolen-api-services/node_modules/jest-circus/build/run.js:25:3)</failure>
    </testcase>
    <testcase classname="CustomerUsersService create should return the existing user" name="CustomerUsersService create should return the existing user" time="0">
      <failure>Error: Status Code is 403 (MongoDB&apos;s 404)
This means that the requested version-platform combination doesn&apos;t exist
  Used Url: &quot;https://fastdl.mongodb.org/linux/mongodb-linux-x86_64-ubuntu2104-5.0.3.tgz&quot;
Try to use different version &apos;new MongoMemoryServer({ binary: { version: &apos;X.Y.Z&apos; } })&apos;
List of available versions can be found here:
  https://www.mongodb.org/dl/linux for Linux
  https://www.mongodb.org/dl/osx for OSX
  https://www.mongodb.org/dl/win32 for Windows
    at ClientRequest.&lt;anonymous&gt; (/home/mmittelb/Projects/stolen-api-services/node_modules/mongodb-memory-server-core/src/util/MongoBinaryDownload.ts:418:17)
    at Object.onceWrapper (events.js:520:26)
    at ClientRequest.emit (events.js:400:28)
    at HTTPParser.parserOnIncomingClient (_http_client.js:647:27)
    at HTTPParser.parserOnHeadersComplete (_http_common.js:126:17)
    at TLSSocket.socketOnData (_http_client.js:515:22)
    at TLSSocket.emit (events.js:400:28)
    at addChunk (internal/streams/readable.js:290:12)
    at readableAddChunk (internal/streams/readable.js:265:9)
    at TLSSocket.Readable.push (internal/streams/readable.js:204:10)</failure>
      <failure>TypeError: Cannot read property &apos;close&apos; of undefined
    at Object.&lt;anonymous&gt; (/home/mmittelb/Projects/stolen-api-services/apps/customer/src/v1/customers-users/customers-users.service.spec.ts:110:22)
    at Promise.then.completed (/home/mmittelb/Projects/stolen-api-services/node_modules/jest-circus/build/utils.js:390:28)
    at new Promise (&lt;anonymous&gt;)
    at callAsyncCircusFn (/home/mmittelb/Projects/stolen-api-services/node_modules/jest-circus/build/utils.js:315:10)
    at _callCircusHook (/home/mmittelb/Projects/stolen-api-services/node_modules/jest-circus/build/run.js:181:40)
    at _runTest (/home/mmittelb/Projects/stolen-api-services/node_modules/jest-circus/build/run.js:158:5)
    at _runTestsForDescribeBlock (/home/mmittelb/Projects/stolen-api-services/node_modules/jest-circus/build/run.js:66:9)
    at _runTestsForDescribeBlock (/home/mmittelb/Projects/stolen-api-services/node_modules/jest-circus/build/run.js:60:9)
    at _runTestsForDescribeBlock (/home/mmittelb/Projects/stolen-api-services/node_modules/jest-circus/build/run.js:60:9)
    at run (/home/mmittelb/Projects/stolen-api-services/node_modules/jest-circus/build/run.js:25:3)</failure>
    </testcase>
    <testcase classname="CustomerUsersService create should not find the user" name="CustomerUsersService create should not find the user" time="0">
      <failure>Error: Status Code is 403 (MongoDB&apos;s 404)
This means that the requested version-platform combination doesn&apos;t exist
  Used Url: &quot;https://fastdl.mongodb.org/linux/mongodb-linux-x86_64-ubuntu2104-5.0.3.tgz&quot;
Try to use different version &apos;new MongoMemoryServer({ binary: { version: &apos;X.Y.Z&apos; } })&apos;
List of available versions can be found here:
  https://www.mongodb.org/dl/linux for Linux
  https://www.mongodb.org/dl/osx for OSX
  https://www.mongodb.org/dl/win32 for Windows
    at ClientRequest.&lt;anonymous&gt; (/home/mmittelb/Projects/stolen-api-services/node_modules/mongodb-memory-server-core/src/util/MongoBinaryDownload.ts:418:17)
    at Object.onceWrapper (events.js:520:26)
    at ClientRequest.emit (events.js:400:28)
    at HTTPParser.parserOnIncomingClient (_http_client.js:647:27)
    at HTTPParser.parserOnHeadersComplete (_http_common.js:126:17)
    at TLSSocket.socketOnData (_http_client.js:515:22)
    at TLSSocket.emit (events.js:400:28)
    at addChunk (internal/streams/readable.js:290:12)
    at readableAddChunk (internal/streams/readable.js:265:9)
    at TLSSocket.Readable.push (internal/streams/readable.js:204:10)</failure>
      <failure>TypeError: Cannot read property &apos;close&apos; of undefined
    at Object.&lt;anonymous&gt; (/home/mmittelb/Projects/stolen-api-services/apps/customer/src/v1/customers-users/customers-users.service.spec.ts:110:22)
    at Promise.then.completed (/home/mmittelb/Projects/stolen-api-services/node_modules/jest-circus/build/utils.js:390:28)
    at new Promise (&lt;anonymous&gt;)
    at callAsyncCircusFn (/home/mmittelb/Projects/stolen-api-services/node_modules/jest-circus/build/utils.js:315:10)
    at _callCircusHook (/home/mmittelb/Projects/stolen-api-services/node_modules/jest-circus/build/run.js:181:40)
    at _runTest (/home/mmittelb/Projects/stolen-api-services/node_modules/jest-circus/build/run.js:158:5)
    at _runTestsForDescribeBlock (/home/mmittelb/Projects/stolen-api-services/node_modules/jest-circus/build/run.js:66:9)
    at _runTestsForDescribeBlock (/home/mmittelb/Projects/stolen-api-services/node_modules/jest-circus/build/run.js:60:9)
    at _runTestsForDescribeBlock (/home/mmittelb/Projects/stolen-api-services/node_modules/jest-circus/build/run.js:60:9)
    at run (/home/mmittelb/Projects/stolen-api-services/node_modules/jest-circus/build/run.js:25:3)</failure>
    </testcase>
    <testcase classname="CustomerUsersService create should not find the customer" name="CustomerUsersService create should not find the customer" time="0">
      <failure>Error: Status Code is 403 (MongoDB&apos;s 404)
This means that the requested version-platform combination doesn&apos;t exist
  Used Url: &quot;https://fastdl.mongodb.org/linux/mongodb-linux-x86_64-ubuntu2104-5.0.3.tgz&quot;
Try to use different version &apos;new MongoMemoryServer({ binary: { version: &apos;X.Y.Z&apos; } })&apos;
List of available versions can be found here:
  https://www.mongodb.org/dl/linux for Linux
  https://www.mongodb.org/dl/osx for OSX
  https://www.mongodb.org/dl/win32 for Windows
    at ClientRequest.&lt;anonymous&gt; (/home/mmittelb/Projects/stolen-api-services/node_modules/mongodb-memory-server-core/src/util/MongoBinaryDownload.ts:418:17)
    at Object.onceWrapper (events.js:520:26)
    at ClientRequest.emit (events.js:400:28)
    at HTTPParser.parserOnIncomingClient (_http_client.js:647:27)
    at HTTPParser.parserOnHeadersComplete (_http_common.js:126:17)
    at TLSSocket.socketOnData (_http_client.js:515:22)
    at TLSSocket.emit (events.js:400:28)
    at addChunk (internal/streams/readable.js:290:12)
    at readableAddChunk (internal/streams/readable.js:265:9)
    at TLSSocket.Readable.push (internal/streams/readable.js:204:10)</failure>
      <failure>TypeError: Cannot read property &apos;close&apos; of undefined
    at Object.&lt;anonymous&gt; (/home/mmittelb/Projects/stolen-api-services/apps/customer/src/v1/customers-users/customers-users.service.spec.ts:110:22)
    at Promise.then.completed (/home/mmittelb/Projects/stolen-api-services/node_modules/jest-circus/build/utils.js:390:28)
    at new Promise (&lt;anonymous&gt;)
    at callAsyncCircusFn (/home/mmittelb/Projects/stolen-api-services/node_modules/jest-circus/build/utils.js:315:10)
    at _callCircusHook (/home/mmittelb/Projects/stolen-api-services/node_modules/jest-circus/build/run.js:181:40)
    at _runTest (/home/mmittelb/Projects/stolen-api-services/node_modules/jest-circus/build/run.js:158:5)
    at _runTestsForDescribeBlock (/home/mmittelb/Projects/stolen-api-services/node_modules/jest-circus/build/run.js:66:9)
    at _runTestsForDescribeBlock (/home/mmittelb/Projects/stolen-api-services/node_modules/jest-circus/build/run.js:60:9)
    at _runTestsForDescribeBlock (/home/mmittelb/Projects/stolen-api-services/node_modules/jest-circus/build/run.js:60:9)
    at run (/home/mmittelb/Projects/stolen-api-services/node_modules/jest-circus/build/run.js:25:3)</failure>
    </testcase>
    <testcase classname="CustomerUsersService update should not find the customer" name="CustomerUsersService update should not find the customer" time="0">
      <failure>Error: Status Code is 403 (MongoDB&apos;s 404)
This means that the requested version-platform combination doesn&apos;t exist
  Used Url: &quot;https://fastdl.mongodb.org/linux/mongodb-linux-x86_64-ubuntu2104-5.0.3.tgz&quot;
Try to use different version &apos;new MongoMemoryServer({ binary: { version: &apos;X.Y.Z&apos; } })&apos;
List of available versions can be found here:
  https://www.mongodb.org/dl/linux for Linux
  https://www.mongodb.org/dl/osx for OSX
  https://www.mongodb.org/dl/win32 for Windows
    at ClientRequest.&lt;anonymous&gt; (/home/mmittelb/Projects/stolen-api-services/node_modules/mongodb-memory-server-core/src/util/MongoBinaryDownload.ts:418:17)
    at Object.onceWrapper (events.js:520:26)
    at ClientRequest.emit (events.js:400:28)
    at HTTPParser.parserOnIncomingClient (_http_client.js:647:27)
    at HTTPParser.parserOnHeadersComplete (_http_common.js:126:17)
    at TLSSocket.socketOnData (_http_client.js:515:22)
    at TLSSocket.emit (events.js:400:28)
    at addChunk (internal/streams/readable.js:290:12)
    at readableAddChunk (internal/streams/readable.js:265:9)
    at TLSSocket.Readable.push (internal/streams/readable.js:204:10)</failure>
      <failure>TypeError: Cannot read property &apos;close&apos; of undefined
    at Object.&lt;anonymous&gt; (/home/mmittelb/Projects/stolen-api-services/apps/customer/src/v1/customers-users/customers-users.service.spec.ts:110:22)
    at Promise.then.completed (/home/mmittelb/Projects/stolen-api-services/node_modules/jest-circus/build/utils.js:390:28)
    at new Promise (&lt;anonymous&gt;)
    at callAsyncCircusFn (/home/mmittelb/Projects/stolen-api-services/node_modules/jest-circus/build/utils.js:315:10)
    at _callCircusHook (/home/mmittelb/Projects/stolen-api-services/node_modules/jest-circus/build/run.js:181:40)
    at _runTest (/home/mmittelb/Projects/stolen-api-services/node_modules/jest-circus/build/run.js:158:5)
    at _runTestsForDescribeBlock (/home/mmittelb/Projects/stolen-api-services/node_modules/jest-circus/build/run.js:66:9)
    at _runTestsForDescribeBlock (/home/mmittelb/Projects/stolen-api-services/node_modules/jest-circus/build/run.js:60:9)
    at _runTestsForDescribeBlock (/home/mmittelb/Projects/stolen-api-services/node_modules/jest-circus/build/run.js:60:9)
    at run (/home/mmittelb/Projects/stolen-api-services/node_modules/jest-circus/build/run.js:25:3)</failure>
    </testcase>
    <testcase classname="CustomerUsersService update should not find the user" name="CustomerUsersService update should not find the user" time="0">
      <failure>Error: Status Code is 403 (MongoDB&apos;s 404)
This means that the requested version-platform combination doesn&apos;t exist
  Used Url: &quot;https://fastdl.mongodb.org/linux/mongodb-linux-x86_64-ubuntu2104-5.0.3.tgz&quot;
Try to use different version &apos;new MongoMemoryServer({ binary: { version: &apos;X.Y.Z&apos; } })&apos;
List of available versions can be found here:
  https://www.mongodb.org/dl/linux for Linux
  https://www.mongodb.org/dl/osx for OSX
  https://www.mongodb.org/dl/win32 for Windows
    at ClientRequest.&lt;anonymous&gt; (/home/mmittelb/Projects/stolen-api-services/node_modules/mongodb-memory-server-core/src/util/MongoBinaryDownload.ts:418:17)
    at Object.onceWrapper (events.js:520:26)
    at ClientRequest.emit (events.js:400:28)
    at HTTPParser.parserOnIncomingClient (_http_client.js:647:27)
    at HTTPParser.parserOnHeadersComplete (_http_common.js:126:17)
    at TLSSocket.socketOnData (_http_client.js:515:22)
    at TLSSocket.emit (events.js:400:28)
    at addChunk (internal/streams/readable.js:290:12)
    at readableAddChunk (internal/streams/readable.js:265:9)
    at TLSSocket.Readable.push (internal/streams/readable.js:204:10)</failure>
      <failure>TypeError: Cannot read property &apos;close&apos; of undefined
    at Object.&lt;anonymous&gt; (/home/mmittelb/Projects/stolen-api-services/apps/customer/src/v1/customers-users/customers-users.service.spec.ts:110:22)
    at Promise.then.completed (/home/mmittelb/Projects/stolen-api-services/node_modules/jest-circus/build/utils.js:390:28)
    at new Promise (&lt;anonymous&gt;)
    at callAsyncCircusFn (/home/mmittelb/Projects/stolen-api-services/node_modules/jest-circus/build/utils.js:315:10)
    at _callCircusHook (/home/mmittelb/Projects/stolen-api-services/node_modules/jest-circus/build/run.js:181:40)
    at _runTest (/home/mmittelb/Projects/stolen-api-services/node_modules/jest-circus/build/run.js:158:5)
    at _runTestsForDescribeBlock (/home/mmittelb/Projects/stolen-api-services/node_modules/jest-circus/build/run.js:66:9)
    at _runTestsForDescribeBlock (/home/mmittelb/Projects/stolen-api-services/node_modules/jest-circus/build/run.js:60:9)
    at _runTestsForDescribeBlock (/home/mmittelb/Projects/stolen-api-services/node_modules/jest-circus/build/run.js:60:9)
    at run (/home/mmittelb/Projects/stolen-api-services/node_modules/jest-circus/build/run.js:25:3)</failure>
    </testcase>
    <testcase classname="CustomerUsersService update should have a version conflict" name="CustomerUsersService update should have a version conflict" time="0">
      <failure>Error: Status Code is 403 (MongoDB&apos;s 404)
This means that the requested version-platform combination doesn&apos;t exist
  Used Url: &quot;https://fastdl.mongodb.org/linux/mongodb-linux-x86_64-ubuntu2104-5.0.3.tgz&quot;
Try to use different version &apos;new MongoMemoryServer({ binary: { version: &apos;X.Y.Z&apos; } })&apos;
List of available versions can be found here:
  https://www.mongodb.org/dl/linux for Linux
  https://www.mongodb.org/dl/osx for OSX
  https://www.mongodb.org/dl/win32 for Windows
    at ClientRequest.&lt;anonymous&gt; (/home/mmittelb/Projects/stolen-api-services/node_modules/mongodb-memory-server-core/src/util/MongoBinaryDownload.ts:418:17)
    at Object.onceWrapper (events.js:520:26)
    at ClientRequest.emit (events.js:400:28)
    at HTTPParser.parserOnIncomingClient (_http_client.js:647:27)
    at HTTPParser.parserOnHeadersComplete (_http_common.js:126:17)
    at TLSSocket.socketOnData (_http_client.js:515:22)
    at TLSSocket.emit (events.js:400:28)
    at addChunk (internal/streams/readable.js:290:12)
    at readableAddChunk (internal/streams/readable.js:265:9)
    at TLSSocket.Readable.push (internal/streams/readable.js:204:10)</failure>
      <failure>TypeError: Cannot read property &apos;close&apos; of undefined
    at Object.&lt;anonymous&gt; (/home/mmittelb/Projects/stolen-api-services/apps/customer/src/v1/customers-users/customers-users.service.spec.ts:110:22)
    at Promise.then.completed (/home/mmittelb/Projects/stolen-api-services/node_modules/jest-circus/build/utils.js:390:28)
    at new Promise (&lt;anonymous&gt;)
    at callAsyncCircusFn (/home/mmittelb/Projects/stolen-api-services/node_modules/jest-circus/build/utils.js:315:10)
    at _callCircusHook (/home/mmittelb/Projects/stolen-api-services/node_modules/jest-circus/build/run.js:181:40)
    at _runTest (/home/mmittelb/Projects/stolen-api-services/node_modules/jest-circus/build/run.js:158:5)
    at _runTestsForDescribeBlock (/home/mmittelb/Projects/stolen-api-services/node_modules/jest-circus/build/run.js:66:9)
    at _runTestsForDescribeBlock (/home/mmittelb/Projects/stolen-api-services/node_modules/jest-circus/build/run.js:60:9)
    at _runTestsForDescribeBlock (/home/mmittelb/Projects/stolen-api-services/node_modules/jest-circus/build/run.js:60:9)
    at run (/home/mmittelb/Projects/stolen-api-services/node_modules/jest-circus/build/run.js:25:3)</failure>
    </testcase>
    <testcase classname="CustomerUsersService update should succeed" name="CustomerUsersService update should succeed" time="0">
      <failure>Error: Status Code is 403 (MongoDB&apos;s 404)
This means that the requested version-platform combination doesn&apos;t exist
  Used Url: &quot;https://fastdl.mongodb.org/linux/mongodb-linux-x86_64-ubuntu2104-5.0.3.tgz&quot;
Try to use different version &apos;new MongoMemoryServer({ binary: { version: &apos;X.Y.Z&apos; } })&apos;
List of available versions can be found here:
  https://www.mongodb.org/dl/linux for Linux
  https://www.mongodb.org/dl/osx for OSX
  https://www.mongodb.org/dl/win32 for Windows
    at ClientRequest.&lt;anonymous&gt; (/home/mmittelb/Projects/stolen-api-services/node_modules/mongodb-memory-server-core/src/util/MongoBinaryDownload.ts:418:17)
    at Object.onceWrapper (events.js:520:26)
    at ClientRequest.emit (events.js:400:28)
    at HTTPParser.parserOnIncomingClient (_http_client.js:647:27)
    at HTTPParser.parserOnHeadersComplete (_http_common.js:126:17)
    at TLSSocket.socketOnData (_http_client.js:515:22)
    at TLSSocket.emit (events.js:400:28)
    at addChunk (internal/streams/readable.js:290:12)
    at readableAddChunk (internal/streams/readable.js:265:9)
    at TLSSocket.Readable.push (internal/streams/readable.js:204:10)</failure>
      <failure>TypeError: Cannot read property &apos;close&apos; of undefined
    at Object.&lt;anonymous&gt; (/home/mmittelb/Projects/stolen-api-services/apps/customer/src/v1/customers-users/customers-users.service.spec.ts:110:22)
    at Promise.then.completed (/home/mmittelb/Projects/stolen-api-services/node_modules/jest-circus/build/utils.js:390:28)
    at new Promise (&lt;anonymous&gt;)
    at callAsyncCircusFn (/home/mmittelb/Projects/stolen-api-services/node_modules/jest-circus/build/utils.js:315:10)
    at _callCircusHook (/home/mmittelb/Projects/stolen-api-services/node_modules/jest-circus/build/run.js:181:40)
    at _runTest (/home/mmittelb/Projects/stolen-api-services/node_modules/jest-circus/build/run.js:158:5)
    at _runTestsForDescribeBlock (/home/mmittelb/Projects/stolen-api-services/node_modules/jest-circus/build/run.js:66:9)
    at _runTestsForDescribeBlock (/home/mmittelb/Projects/stolen-api-services/node_modules/jest-circus/build/run.js:60:9)
    at _runTestsForDescribeBlock (/home/mmittelb/Projects/stolen-api-services/node_modules/jest-circus/build/run.js:60:9)
    at run (/home/mmittelb/Projects/stolen-api-services/node_modules/jest-circus/build/run.js:25:3)</failure>
    </testcase>
    <testcase classname="CustomerUsersService update should not find the role" name="CustomerUsersService update should not find the role" time="0.001">
      <failure>Error: Status Code is 403 (MongoDB&apos;s 404)
This means that the requested version-platform combination doesn&apos;t exist
  Used Url: &quot;https://fastdl.mongodb.org/linux/mongodb-linux-x86_64-ubuntu2104-5.0.3.tgz&quot;
Try to use different version &apos;new MongoMemoryServer({ binary: { version: &apos;X.Y.Z&apos; } })&apos;
List of available versions can be found here:
  https://www.mongodb.org/dl/linux for Linux
  https://www.mongodb.org/dl/osx for OSX
  https://www.mongodb.org/dl/win32 for Windows
    at ClientRequest.&lt;anonymous&gt; (/home/mmittelb/Projects/stolen-api-services/node_modules/mongodb-memory-server-core/src/util/MongoBinaryDownload.ts:418:17)
    at Object.onceWrapper (events.js:520:26)
    at ClientRequest.emit (events.js:400:28)
    at HTTPParser.parserOnIncomingClient (_http_client.js:647:27)
    at HTTPParser.parserOnHeadersComplete (_http_common.js:126:17)
    at TLSSocket.socketOnData (_http_client.js:515:22)
    at TLSSocket.emit (events.js:400:28)
    at addChunk (internal/streams/readable.js:290:12)
    at readableAddChunk (internal/streams/readable.js:265:9)
    at TLSSocket.Readable.push (internal/streams/readable.js:204:10)</failure>
      <failure>TypeError: Cannot read property &apos;close&apos; of undefined
    at Object.&lt;anonymous&gt; (/home/mmittelb/Projects/stolen-api-services/apps/customer/src/v1/customers-users/customers-users.service.spec.ts:110:22)
    at Promise.then.completed (/home/mmittelb/Projects/stolen-api-services/node_modules/jest-circus/build/utils.js:390:28)
    at new Promise (&lt;anonymous&gt;)
    at callAsyncCircusFn (/home/mmittelb/Projects/stolen-api-services/node_modules/jest-circus/build/utils.js:315:10)
    at _callCircusHook (/home/mmittelb/Projects/stolen-api-services/node_modules/jest-circus/build/run.js:181:40)
    at _runTest (/home/mmittelb/Projects/stolen-api-services/node_modules/jest-circus/build/run.js:158:5)
    at _runTestsForDescribeBlock (/home/mmittelb/Projects/stolen-api-services/node_modules/jest-circus/build/run.js:66:9)
    at _runTestsForDescribeBlock (/home/mmittelb/Projects/stolen-api-services/node_modules/jest-circus/build/run.js:60:9)
    at _runTestsForDescribeBlock (/home/mmittelb/Projects/stolen-api-services/node_modules/jest-circus/build/run.js:60:9)
    at run (/home/mmittelb/Projects/stolen-api-services/node_modules/jest-circus/build/run.js:25:3)</failure>
    </testcase>
    <testcase classname="CustomerUsersService update should succeed adding a role" name="CustomerUsersService update should succeed adding a role" time="0">
      <failure>Error: Status Code is 403 (MongoDB&apos;s 404)
This means that the requested version-platform combination doesn&apos;t exist
  Used Url: &quot;https://fastdl.mongodb.org/linux/mongodb-linux-x86_64-ubuntu2104-5.0.3.tgz&quot;
Try to use different version &apos;new MongoMemoryServer({ binary: { version: &apos;X.Y.Z&apos; } })&apos;
List of available versions can be found here:
  https://www.mongodb.org/dl/linux for Linux
  https://www.mongodb.org/dl/osx for OSX
  https://www.mongodb.org/dl/win32 for Windows
    at ClientRequest.&lt;anonymous&gt; (/home/mmittelb/Projects/stolen-api-services/node_modules/mongodb-memory-server-core/src/util/MongoBinaryDownload.ts:418:17)
    at Object.onceWrapper (events.js:520:26)
    at ClientRequest.emit (events.js:400:28)
    at HTTPParser.parserOnIncomingClient (_http_client.js:647:27)
    at HTTPParser.parserOnHeadersComplete (_http_common.js:126:17)
    at TLSSocket.socketOnData (_http_client.js:515:22)
    at TLSSocket.emit (events.js:400:28)
    at addChunk (internal/streams/readable.js:290:12)
    at readableAddChunk (internal/streams/readable.js:265:9)
    at TLSSocket.Readable.push (internal/streams/readable.js:204:10)</failure>
      <failure>TypeError: Cannot read property &apos;close&apos; of undefined
    at Object.&lt;anonymous&gt; (/home/mmittelb/Projects/stolen-api-services/apps/customer/src/v1/customers-users/customers-users.service.spec.ts:110:22)
    at Promise.then.completed (/home/mmittelb/Projects/stolen-api-services/node_modules/jest-circus/build/utils.js:390:28)
    at new Promise (&lt;anonymous&gt;)
    at callAsyncCircusFn (/home/mmittelb/Projects/stolen-api-services/node_modules/jest-circus/build/utils.js:315:10)
    at _callCircusHook (/home/mmittelb/Projects/stolen-api-services/node_modules/jest-circus/build/run.js:181:40)
    at _runTest (/home/mmittelb/Projects/stolen-api-services/node_modules/jest-circus/build/run.js:158:5)
    at _runTestsForDescribeBlock (/home/mmittelb/Projects/stolen-api-services/node_modules/jest-circus/build/run.js:66:9)
    at _runTestsForDescribeBlock (/home/mmittelb/Projects/stolen-api-services/node_modules/jest-circus/build/run.js:60:9)
    at _runTestsForDescribeBlock (/home/mmittelb/Projects/stolen-api-services/node_modules/jest-circus/build/run.js:60:9)
    at run (/home/mmittelb/Projects/stolen-api-services/node_modules/jest-circus/build/run.js:25:3)</failure>
    </testcase>
    <testcase classname="CustomerUsersService update should succeed updating a role" name="CustomerUsersService update should succeed updating a role" time="0">
      <failure>Error: Status Code is 403 (MongoDB&apos;s 404)
This means that the requested version-platform combination doesn&apos;t exist
  Used Url: &quot;https://fastdl.mongodb.org/linux/mongodb-linux-x86_64-ubuntu2104-5.0.3.tgz&quot;
Try to use different version &apos;new MongoMemoryServer({ binary: { version: &apos;X.Y.Z&apos; } })&apos;
List of available versions can be found here:
  https://www.mongodb.org/dl/linux for Linux
  https://www.mongodb.org/dl/osx for OSX
  https://www.mongodb.org/dl/win32 for Windows
    at ClientRequest.&lt;anonymous&gt; (/home/mmittelb/Projects/stolen-api-services/node_modules/mongodb-memory-server-core/src/util/MongoBinaryDownload.ts:418:17)
    at Object.onceWrapper (events.js:520:26)
    at ClientRequest.emit (events.js:400:28)
    at HTTPParser.parserOnIncomingClient (_http_client.js:647:27)
    at HTTPParser.parserOnHeadersComplete (_http_common.js:126:17)
    at TLSSocket.socketOnData (_http_client.js:515:22)
    at TLSSocket.emit (events.js:400:28)
    at addChunk (internal/streams/readable.js:290:12)
    at readableAddChunk (internal/streams/readable.js:265:9)
    at TLSSocket.Readable.push (internal/streams/readable.js:204:10)</failure>
      <failure>TypeError: Cannot read property &apos;close&apos; of undefined
    at Object.&lt;anonymous&gt; (/home/mmittelb/Projects/stolen-api-services/apps/customer/src/v1/customers-users/customers-users.service.spec.ts:110:22)
    at Promise.then.completed (/home/mmittelb/Projects/stolen-api-services/node_modules/jest-circus/build/utils.js:390:28)
    at new Promise (&lt;anonymous&gt;)
    at callAsyncCircusFn (/home/mmittelb/Projects/stolen-api-services/node_modules/jest-circus/build/utils.js:315:10)
    at _callCircusHook (/home/mmittelb/Projects/stolen-api-services/node_modules/jest-circus/build/run.js:181:40)
    at _runTest (/home/mmittelb/Projects/stolen-api-services/node_modules/jest-circus/build/run.js:158:5)
    at _runTestsForDescribeBlock (/home/mmittelb/Projects/stolen-api-services/node_modules/jest-circus/build/run.js:66:9)
    at _runTestsForDescribeBlock (/home/mmittelb/Projects/stolen-api-services/node_modules/jest-circus/build/run.js:60:9)
    at _runTestsForDescribeBlock (/home/mmittelb/Projects/stolen-api-services/node_modules/jest-circus/build/run.js:60:9)
    at run (/home/mmittelb/Projects/stolen-api-services/node_modules/jest-circus/build/run.js:25:3)</failure>
    </testcase>
    <testcase classname="CustomerUsersService update should succeed in removing a role" name="CustomerUsersService update should succeed in removing a role" time="0.001">
      <failure>Error: Status Code is 403 (MongoDB&apos;s 404)
This means that the requested version-platform combination doesn&apos;t exist
  Used Url: &quot;https://fastdl.mongodb.org/linux/mongodb-linux-x86_64-ubuntu2104-5.0.3.tgz&quot;
Try to use different version &apos;new MongoMemoryServer({ binary: { version: &apos;X.Y.Z&apos; } })&apos;
List of available versions can be found here:
  https://www.mongodb.org/dl/linux for Linux
  https://www.mongodb.org/dl/osx for OSX
  https://www.mongodb.org/dl/win32 for Windows
    at ClientRequest.&lt;anonymous&gt; (/home/mmittelb/Projects/stolen-api-services/node_modules/mongodb-memory-server-core/src/util/MongoBinaryDownload.ts:418:17)
    at Object.onceWrapper (events.js:520:26)
    at ClientRequest.emit (events.js:400:28)
    at HTTPParser.parserOnIncomingClient (_http_client.js:647:27)
    at HTTPParser.parserOnHeadersComplete (_http_common.js:126:17)
    at TLSSocket.socketOnData (_http_client.js:515:22)
    at TLSSocket.emit (events.js:400:28)
    at addChunk (internal/streams/readable.js:290:12)
    at readableAddChunk (internal/streams/readable.js:265:9)
    at TLSSocket.Readable.push (internal/streams/readable.js:204:10)</failure>
      <failure>TypeError: Cannot read property &apos;close&apos; of undefined
    at Object.&lt;anonymous&gt; (/home/mmittelb/Projects/stolen-api-services/apps/customer/src/v1/customers-users/customers-users.service.spec.ts:110:22)
    at Promise.then.completed (/home/mmittelb/Projects/stolen-api-services/node_modules/jest-circus/build/utils.js:390:28)
    at new Promise (&lt;anonymous&gt;)
    at callAsyncCircusFn (/home/mmittelb/Projects/stolen-api-services/node_modules/jest-circus/build/utils.js:315:10)
    at _callCircusHook (/home/mmittelb/Projects/stolen-api-services/node_modules/jest-circus/build/run.js:181:40)
    at _runTest (/home/mmittelb/Projects/stolen-api-services/node_modules/jest-circus/build/run.js:158:5)
    at _runTestsForDescribeBlock (/home/mmittelb/Projects/stolen-api-services/node_modules/jest-circus/build/run.js:66:9)
    at _runTestsForDescribeBlock (/home/mmittelb/Projects/stolen-api-services/node_modules/jest-circus/build/run.js:60:9)
    at _runTestsForDescribeBlock (/home/mmittelb/Projects/stolen-api-services/node_modules/jest-circus/build/run.js:60:9)
    at run (/home/mmittelb/Projects/stolen-api-services/node_modules/jest-circus/build/run.js:25:3)</failure>
    </testcase>
  </testsuite>
  <testsuite name="UsersAddressesService" errors="0" failures="15" skipped="0" timestamp="2021-12-13T16:21:07" time="1.168" tests="15">
    <testcase classname="UsersAddressesService findOne should find a doc" name="UsersAddressesService findOne should find a doc" time="0.001">
      <failure>Error: Status Code is 403 (MongoDB&apos;s 404)
This means that the requested version-platform combination doesn&apos;t exist
  Used Url: &quot;https://fastdl.mongodb.org/linux/mongodb-linux-x86_64-ubuntu2104-5.0.3.tgz&quot;
Try to use different version &apos;new MongoMemoryServer({ binary: { version: &apos;X.Y.Z&apos; } })&apos;
List of available versions can be found here:
  https://www.mongodb.org/dl/linux for Linux
  https://www.mongodb.org/dl/osx for OSX
  https://www.mongodb.org/dl/win32 for Windows
    at ClientRequest.&lt;anonymous&gt; (/home/mmittelb/Projects/stolen-api-services/node_modules/mongodb-memory-server-core/src/util/MongoBinaryDownload.ts:418:17)
    at Object.onceWrapper (events.js:520:26)
    at ClientRequest.emit (events.js:400:28)
    at HTTPParser.parserOnIncomingClient (_http_client.js:647:27)
    at HTTPParser.parserOnHeadersComplete (_http_common.js:126:17)
    at TLSSocket.socketOnData (_http_client.js:515:22)
    at TLSSocket.emit (events.js:400:28)
    at addChunk (internal/streams/readable.js:290:12)
    at readableAddChunk (internal/streams/readable.js:265:9)
    at TLSSocket.Readable.push (internal/streams/readable.js:204:10)</failure>
      <failure>TypeError: Cannot read property &apos;close&apos; of undefined
    at Object.&lt;anonymous&gt; (/home/mmittelb/Projects/stolen-api-services/apps/user/src/v1/users-addresses/users-addresses.service.spec.ts:82:22)
    at Promise.then.completed (/home/mmittelb/Projects/stolen-api-services/node_modules/jest-circus/build/utils.js:390:28)
    at new Promise (&lt;anonymous&gt;)
    at callAsyncCircusFn (/home/mmittelb/Projects/stolen-api-services/node_modules/jest-circus/build/utils.js:315:10)
    at _callCircusHook (/home/mmittelb/Projects/stolen-api-services/node_modules/jest-circus/build/run.js:181:40)
    at _runTest (/home/mmittelb/Projects/stolen-api-services/node_modules/jest-circus/build/run.js:158:5)
    at _runTestsForDescribeBlock (/home/mmittelb/Projects/stolen-api-services/node_modules/jest-circus/build/run.js:66:9)
    at _runTestsForDescribeBlock (/home/mmittelb/Projects/stolen-api-services/node_modules/jest-circus/build/run.js:60:9)
    at _runTestsForDescribeBlock (/home/mmittelb/Projects/stolen-api-services/node_modules/jest-circus/build/run.js:60:9)
    at run (/home/mmittelb/Projects/stolen-api-services/node_modules/jest-circus/build/run.js:25:3)</failure>
    </testcase>
    <testcase classname="UsersAddressesService findOne should not find a doc" name="UsersAddressesService findOne should not find a doc" time="0">
      <failure>Error: Status Code is 403 (MongoDB&apos;s 404)
This means that the requested version-platform combination doesn&apos;t exist
  Used Url: &quot;https://fastdl.mongodb.org/linux/mongodb-linux-x86_64-ubuntu2104-5.0.3.tgz&quot;
Try to use different version &apos;new MongoMemoryServer({ binary: { version: &apos;X.Y.Z&apos; } })&apos;
List of available versions can be found here:
  https://www.mongodb.org/dl/linux for Linux
  https://www.mongodb.org/dl/osx for OSX
  https://www.mongodb.org/dl/win32 for Windows
    at ClientRequest.&lt;anonymous&gt; (/home/mmittelb/Projects/stolen-api-services/node_modules/mongodb-memory-server-core/src/util/MongoBinaryDownload.ts:418:17)
    at Object.onceWrapper (events.js:520:26)
    at ClientRequest.emit (events.js:400:28)
    at HTTPParser.parserOnIncomingClient (_http_client.js:647:27)
    at HTTPParser.parserOnHeadersComplete (_http_common.js:126:17)
    at TLSSocket.socketOnData (_http_client.js:515:22)
    at TLSSocket.emit (events.js:400:28)
    at addChunk (internal/streams/readable.js:290:12)
    at readableAddChunk (internal/streams/readable.js:265:9)
    at TLSSocket.Readable.push (internal/streams/readable.js:204:10)</failure>
      <failure>TypeError: Cannot read property &apos;close&apos; of undefined
    at Object.&lt;anonymous&gt; (/home/mmittelb/Projects/stolen-api-services/apps/user/src/v1/users-addresses/users-addresses.service.spec.ts:82:22)
    at Promise.then.completed (/home/mmittelb/Projects/stolen-api-services/node_modules/jest-circus/build/utils.js:390:28)
    at new Promise (&lt;anonymous&gt;)
    at callAsyncCircusFn (/home/mmittelb/Projects/stolen-api-services/node_modules/jest-circus/build/utils.js:315:10)
    at _callCircusHook (/home/mmittelb/Projects/stolen-api-services/node_modules/jest-circus/build/run.js:181:40)
    at _runTest (/home/mmittelb/Projects/stolen-api-services/node_modules/jest-circus/build/run.js:158:5)
    at _runTestsForDescribeBlock (/home/mmittelb/Projects/stolen-api-services/node_modules/jest-circus/build/run.js:66:9)
    at _runTestsForDescribeBlock (/home/mmittelb/Projects/stolen-api-services/node_modules/jest-circus/build/run.js:60:9)
    at _runTestsForDescribeBlock (/home/mmittelb/Projects/stolen-api-services/node_modules/jest-circus/build/run.js:60:9)
    at run (/home/mmittelb/Projects/stolen-api-services/node_modules/jest-circus/build/run.js:25:3)</failure>
    </testcase>
    <testcase classname="UsersAddressesService findAll should find all docs" name="UsersAddressesService findAll should find all docs" time="0">
      <failure>Error: Status Code is 403 (MongoDB&apos;s 404)
This means that the requested version-platform combination doesn&apos;t exist
  Used Url: &quot;https://fastdl.mongodb.org/linux/mongodb-linux-x86_64-ubuntu2104-5.0.3.tgz&quot;
Try to use different version &apos;new MongoMemoryServer({ binary: { version: &apos;X.Y.Z&apos; } })&apos;
List of available versions can be found here:
  https://www.mongodb.org/dl/linux for Linux
  https://www.mongodb.org/dl/osx for OSX
  https://www.mongodb.org/dl/win32 for Windows
    at ClientRequest.&lt;anonymous&gt; (/home/mmittelb/Projects/stolen-api-services/node_modules/mongodb-memory-server-core/src/util/MongoBinaryDownload.ts:418:17)
    at Object.onceWrapper (events.js:520:26)
    at ClientRequest.emit (events.js:400:28)
    at HTTPParser.parserOnIncomingClient (_http_client.js:647:27)
    at HTTPParser.parserOnHeadersComplete (_http_common.js:126:17)
    at TLSSocket.socketOnData (_http_client.js:515:22)
    at TLSSocket.emit (events.js:400:28)
    at addChunk (internal/streams/readable.js:290:12)
    at readableAddChunk (internal/streams/readable.js:265:9)
    at TLSSocket.Readable.push (internal/streams/readable.js:204:10)</failure>
      <failure>TypeError: Cannot read property &apos;close&apos; of undefined
    at Object.&lt;anonymous&gt; (/home/mmittelb/Projects/stolen-api-services/apps/user/src/v1/users-addresses/users-addresses.service.spec.ts:82:22)
    at Promise.then.completed (/home/mmittelb/Projects/stolen-api-services/node_modules/jest-circus/build/utils.js:390:28)
    at new Promise (&lt;anonymous&gt;)
    at callAsyncCircusFn (/home/mmittelb/Projects/stolen-api-services/node_modules/jest-circus/build/utils.js:315:10)
    at _callCircusHook (/home/mmittelb/Projects/stolen-api-services/node_modules/jest-circus/build/run.js:181:40)
    at _runTest (/home/mmittelb/Projects/stolen-api-services/node_modules/jest-circus/build/run.js:158:5)
    at _runTestsForDescribeBlock (/home/mmittelb/Projects/stolen-api-services/node_modules/jest-circus/build/run.js:66:9)
    at _runTestsForDescribeBlock (/home/mmittelb/Projects/stolen-api-services/node_modules/jest-circus/build/run.js:60:9)
    at _runTestsForDescribeBlock (/home/mmittelb/Projects/stolen-api-services/node_modules/jest-circus/build/run.js:60:9)
    at run (/home/mmittelb/Projects/stolen-api-services/node_modules/jest-circus/build/run.js:25:3)</failure>
    </testcase>
    <testcase classname="UsersAddressesService findAll should not find any doc" name="UsersAddressesService findAll should not find any doc" time="0.001">
      <failure>Error: Status Code is 403 (MongoDB&apos;s 404)
This means that the requested version-platform combination doesn&apos;t exist
  Used Url: &quot;https://fastdl.mongodb.org/linux/mongodb-linux-x86_64-ubuntu2104-5.0.3.tgz&quot;
Try to use different version &apos;new MongoMemoryServer({ binary: { version: &apos;X.Y.Z&apos; } })&apos;
List of available versions can be found here:
  https://www.mongodb.org/dl/linux for Linux
  https://www.mongodb.org/dl/osx for OSX
  https://www.mongodb.org/dl/win32 for Windows
    at ClientRequest.&lt;anonymous&gt; (/home/mmittelb/Projects/stolen-api-services/node_modules/mongodb-memory-server-core/src/util/MongoBinaryDownload.ts:418:17)
    at Object.onceWrapper (events.js:520:26)
    at ClientRequest.emit (events.js:400:28)
    at HTTPParser.parserOnIncomingClient (_http_client.js:647:27)
    at HTTPParser.parserOnHeadersComplete (_http_common.js:126:17)
    at TLSSocket.socketOnData (_http_client.js:515:22)
    at TLSSocket.emit (events.js:400:28)
    at addChunk (internal/streams/readable.js:290:12)
    at readableAddChunk (internal/streams/readable.js:265:9)
    at TLSSocket.Readable.push (internal/streams/readable.js:204:10)</failure>
      <failure>TypeError: Cannot read property &apos;close&apos; of undefined
    at Object.&lt;anonymous&gt; (/home/mmittelb/Projects/stolen-api-services/apps/user/src/v1/users-addresses/users-addresses.service.spec.ts:82:22)
    at Promise.then.completed (/home/mmittelb/Projects/stolen-api-services/node_modules/jest-circus/build/utils.js:390:28)
    at new Promise (&lt;anonymous&gt;)
    at callAsyncCircusFn (/home/mmittelb/Projects/stolen-api-services/node_modules/jest-circus/build/utils.js:315:10)
    at _callCircusHook (/home/mmittelb/Projects/stolen-api-services/node_modules/jest-circus/build/run.js:181:40)
    at _runTest (/home/mmittelb/Projects/stolen-api-services/node_modules/jest-circus/build/run.js:158:5)
    at _runTestsForDescribeBlock (/home/mmittelb/Projects/stolen-api-services/node_modules/jest-circus/build/run.js:66:9)
    at _runTestsForDescribeBlock (/home/mmittelb/Projects/stolen-api-services/node_modules/jest-circus/build/run.js:60:9)
    at _runTestsForDescribeBlock (/home/mmittelb/Projects/stolen-api-services/node_modules/jest-circus/build/run.js:60:9)
    at run (/home/mmittelb/Projects/stolen-api-services/node_modules/jest-circus/build/run.js:25:3)</failure>
    </testcase>
    <testcase classname="UsersAddressesService remove should remove a doc" name="UsersAddressesService remove should remove a doc" time="0">
      <failure>Error: Status Code is 403 (MongoDB&apos;s 404)
This means that the requested version-platform combination doesn&apos;t exist
  Used Url: &quot;https://fastdl.mongodb.org/linux/mongodb-linux-x86_64-ubuntu2104-5.0.3.tgz&quot;
Try to use different version &apos;new MongoMemoryServer({ binary: { version: &apos;X.Y.Z&apos; } })&apos;
List of available versions can be found here:
  https://www.mongodb.org/dl/linux for Linux
  https://www.mongodb.org/dl/osx for OSX
  https://www.mongodb.org/dl/win32 for Windows
    at ClientRequest.&lt;anonymous&gt; (/home/mmittelb/Projects/stolen-api-services/node_modules/mongodb-memory-server-core/src/util/MongoBinaryDownload.ts:418:17)
    at Object.onceWrapper (events.js:520:26)
    at ClientRequest.emit (events.js:400:28)
    at HTTPParser.parserOnIncomingClient (_http_client.js:647:27)
    at HTTPParser.parserOnHeadersComplete (_http_common.js:126:17)
    at TLSSocket.socketOnData (_http_client.js:515:22)
    at TLSSocket.emit (events.js:400:28)
    at addChunk (internal/streams/readable.js:290:12)
    at readableAddChunk (internal/streams/readable.js:265:9)
    at TLSSocket.Readable.push (internal/streams/readable.js:204:10)</failure>
      <failure>TypeError: Cannot read property &apos;close&apos; of undefined
    at Object.&lt;anonymous&gt; (/home/mmittelb/Projects/stolen-api-services/apps/user/src/v1/users-addresses/users-addresses.service.spec.ts:82:22)
    at Promise.then.completed (/home/mmittelb/Projects/stolen-api-services/node_modules/jest-circus/build/utils.js:390:28)
    at new Promise (&lt;anonymous&gt;)
    at callAsyncCircusFn (/home/mmittelb/Projects/stolen-api-services/node_modules/jest-circus/build/utils.js:315:10)
    at _callCircusHook (/home/mmittelb/Projects/stolen-api-services/node_modules/jest-circus/build/run.js:181:40)
    at _runTest (/home/mmittelb/Projects/stolen-api-services/node_modules/jest-circus/build/run.js:158:5)
    at _runTestsForDescribeBlock (/home/mmittelb/Projects/stolen-api-services/node_modules/jest-circus/build/run.js:66:9)
    at _runTestsForDescribeBlock (/home/mmittelb/Projects/stolen-api-services/node_modules/jest-circus/build/run.js:60:9)
    at _runTestsForDescribeBlock (/home/mmittelb/Projects/stolen-api-services/node_modules/jest-circus/build/run.js:60:9)
    at run (/home/mmittelb/Projects/stolen-api-services/node_modules/jest-circus/build/run.js:25:3)</failure>
    </testcase>
    <testcase classname="UsersAddressesService remove should not find the user" name="UsersAddressesService remove should not find the user" time="0.001">
      <failure>Error: Status Code is 403 (MongoDB&apos;s 404)
This means that the requested version-platform combination doesn&apos;t exist
  Used Url: &quot;https://fastdl.mongodb.org/linux/mongodb-linux-x86_64-ubuntu2104-5.0.3.tgz&quot;
Try to use different version &apos;new MongoMemoryServer({ binary: { version: &apos;X.Y.Z&apos; } })&apos;
List of available versions can be found here:
  https://www.mongodb.org/dl/linux for Linux
  https://www.mongodb.org/dl/osx for OSX
  https://www.mongodb.org/dl/win32 for Windows
    at ClientRequest.&lt;anonymous&gt; (/home/mmittelb/Projects/stolen-api-services/node_modules/mongodb-memory-server-core/src/util/MongoBinaryDownload.ts:418:17)
    at Object.onceWrapper (events.js:520:26)
    at ClientRequest.emit (events.js:400:28)
    at HTTPParser.parserOnIncomingClient (_http_client.js:647:27)
    at HTTPParser.parserOnHeadersComplete (_http_common.js:126:17)
    at TLSSocket.socketOnData (_http_client.js:515:22)
    at TLSSocket.emit (events.js:400:28)
    at addChunk (internal/streams/readable.js:290:12)
    at readableAddChunk (internal/streams/readable.js:265:9)
    at TLSSocket.Readable.push (internal/streams/readable.js:204:10)</failure>
      <failure>TypeError: Cannot read property &apos;close&apos; of undefined
    at Object.&lt;anonymous&gt; (/home/mmittelb/Projects/stolen-api-services/apps/user/src/v1/users-addresses/users-addresses.service.spec.ts:82:22)
    at Promise.then.completed (/home/mmittelb/Projects/stolen-api-services/node_modules/jest-circus/build/utils.js:390:28)
    at new Promise (&lt;anonymous&gt;)
    at callAsyncCircusFn (/home/mmittelb/Projects/stolen-api-services/node_modules/jest-circus/build/utils.js:315:10)
    at _callCircusHook (/home/mmittelb/Projects/stolen-api-services/node_modules/jest-circus/build/run.js:181:40)
    at _runTest (/home/mmittelb/Projects/stolen-api-services/node_modules/jest-circus/build/run.js:158:5)
    at _runTestsForDescribeBlock (/home/mmittelb/Projects/stolen-api-services/node_modules/jest-circus/build/run.js:66:9)
    at _runTestsForDescribeBlock (/home/mmittelb/Projects/stolen-api-services/node_modules/jest-circus/build/run.js:60:9)
    at _runTestsForDescribeBlock (/home/mmittelb/Projects/stolen-api-services/node_modules/jest-circus/build/run.js:60:9)
    at run (/home/mmittelb/Projects/stolen-api-services/node_modules/jest-circus/build/run.js:25:3)</failure>
    </testcase>
    <testcase classname="UsersAddressesService remove should not find the address" name="UsersAddressesService remove should not find the address" time="0">
      <failure>Error: Status Code is 403 (MongoDB&apos;s 404)
This means that the requested version-platform combination doesn&apos;t exist
  Used Url: &quot;https://fastdl.mongodb.org/linux/mongodb-linux-x86_64-ubuntu2104-5.0.3.tgz&quot;
Try to use different version &apos;new MongoMemoryServer({ binary: { version: &apos;X.Y.Z&apos; } })&apos;
List of available versions can be found here:
  https://www.mongodb.org/dl/linux for Linux
  https://www.mongodb.org/dl/osx for OSX
  https://www.mongodb.org/dl/win32 for Windows
    at ClientRequest.&lt;anonymous&gt; (/home/mmittelb/Projects/stolen-api-services/node_modules/mongodb-memory-server-core/src/util/MongoBinaryDownload.ts:418:17)
    at Object.onceWrapper (events.js:520:26)
    at ClientRequest.emit (events.js:400:28)
    at HTTPParser.parserOnIncomingClient (_http_client.js:647:27)
    at HTTPParser.parserOnHeadersComplete (_http_common.js:126:17)
    at TLSSocket.socketOnData (_http_client.js:515:22)
    at TLSSocket.emit (events.js:400:28)
    at addChunk (internal/streams/readable.js:290:12)
    at readableAddChunk (internal/streams/readable.js:265:9)
    at TLSSocket.Readable.push (internal/streams/readable.js:204:10)</failure>
      <failure>TypeError: Cannot read property &apos;close&apos; of undefined
    at Object.&lt;anonymous&gt; (/home/mmittelb/Projects/stolen-api-services/apps/user/src/v1/users-addresses/users-addresses.service.spec.ts:82:22)
    at Promise.then.completed (/home/mmittelb/Projects/stolen-api-services/node_modules/jest-circus/build/utils.js:390:28)
    at new Promise (&lt;anonymous&gt;)
    at callAsyncCircusFn (/home/mmittelb/Projects/stolen-api-services/node_modules/jest-circus/build/utils.js:315:10)
    at _callCircusHook (/home/mmittelb/Projects/stolen-api-services/node_modules/jest-circus/build/run.js:181:40)
    at _runTest (/home/mmittelb/Projects/stolen-api-services/node_modules/jest-circus/build/run.js:158:5)
    at _runTestsForDescribeBlock (/home/mmittelb/Projects/stolen-api-services/node_modules/jest-circus/build/run.js:66:9)
    at _runTestsForDescribeBlock (/home/mmittelb/Projects/stolen-api-services/node_modules/jest-circus/build/run.js:60:9)
    at _runTestsForDescribeBlock (/home/mmittelb/Projects/stolen-api-services/node_modules/jest-circus/build/run.js:60:9)
    at run (/home/mmittelb/Projects/stolen-api-services/node_modules/jest-circus/build/run.js:25:3)</failure>
    </testcase>
    <testcase classname="UsersAddressesService create should not find the user" name="UsersAddressesService create should not find the user" time="0.001">
      <failure>Error: Status Code is 403 (MongoDB&apos;s 404)
This means that the requested version-platform combination doesn&apos;t exist
  Used Url: &quot;https://fastdl.mongodb.org/linux/mongodb-linux-x86_64-ubuntu2104-5.0.3.tgz&quot;
Try to use different version &apos;new MongoMemoryServer({ binary: { version: &apos;X.Y.Z&apos; } })&apos;
List of available versions can be found here:
  https://www.mongodb.org/dl/linux for Linux
  https://www.mongodb.org/dl/osx for OSX
  https://www.mongodb.org/dl/win32 for Windows
    at ClientRequest.&lt;anonymous&gt; (/home/mmittelb/Projects/stolen-api-services/node_modules/mongodb-memory-server-core/src/util/MongoBinaryDownload.ts:418:17)
    at Object.onceWrapper (events.js:520:26)
    at ClientRequest.emit (events.js:400:28)
    at HTTPParser.parserOnIncomingClient (_http_client.js:647:27)
    at HTTPParser.parserOnHeadersComplete (_http_common.js:126:17)
    at TLSSocket.socketOnData (_http_client.js:515:22)
    at TLSSocket.emit (events.js:400:28)
    at addChunk (internal/streams/readable.js:290:12)
    at readableAddChunk (internal/streams/readable.js:265:9)
    at TLSSocket.Readable.push (internal/streams/readable.js:204:10)</failure>
      <failure>TypeError: Cannot read property &apos;close&apos; of undefined
    at Object.&lt;anonymous&gt; (/home/mmittelb/Projects/stolen-api-services/apps/user/src/v1/users-addresses/users-addresses.service.spec.ts:82:22)
    at Promise.then.completed (/home/mmittelb/Projects/stolen-api-services/node_modules/jest-circus/build/utils.js:390:28)
    at new Promise (&lt;anonymous&gt;)
    at callAsyncCircusFn (/home/mmittelb/Projects/stolen-api-services/node_modules/jest-circus/build/utils.js:315:10)
    at _callCircusHook (/home/mmittelb/Projects/stolen-api-services/node_modules/jest-circus/build/run.js:181:40)
    at _runTest (/home/mmittelb/Projects/stolen-api-services/node_modules/jest-circus/build/run.js:158:5)
    at _runTestsForDescribeBlock (/home/mmittelb/Projects/stolen-api-services/node_modules/jest-circus/build/run.js:66:9)
    at _runTestsForDescribeBlock (/home/mmittelb/Projects/stolen-api-services/node_modules/jest-circus/build/run.js:60:9)
    at _runTestsForDescribeBlock (/home/mmittelb/Projects/stolen-api-services/node_modules/jest-circus/build/run.js:60:9)
    at run (/home/mmittelb/Projects/stolen-api-services/node_modules/jest-circus/build/run.js:25:3)</failure>
    </testcase>
    <testcase classname="UsersAddressesService create should detect user not activated" name="UsersAddressesService create should detect user not activated" time="0">
      <failure>Error: Status Code is 403 (MongoDB&apos;s 404)
This means that the requested version-platform combination doesn&apos;t exist
  Used Url: &quot;https://fastdl.mongodb.org/linux/mongodb-linux-x86_64-ubuntu2104-5.0.3.tgz&quot;
Try to use different version &apos;new MongoMemoryServer({ binary: { version: &apos;X.Y.Z&apos; } })&apos;
List of available versions can be found here:
  https://www.mongodb.org/dl/linux for Linux
  https://www.mongodb.org/dl/osx for OSX
  https://www.mongodb.org/dl/win32 for Windows
    at ClientRequest.&lt;anonymous&gt; (/home/mmittelb/Projects/stolen-api-services/node_modules/mongodb-memory-server-core/src/util/MongoBinaryDownload.ts:418:17)
    at Object.onceWrapper (events.js:520:26)
    at ClientRequest.emit (events.js:400:28)
    at HTTPParser.parserOnIncomingClient (_http_client.js:647:27)
    at HTTPParser.parserOnHeadersComplete (_http_common.js:126:17)
    at TLSSocket.socketOnData (_http_client.js:515:22)
    at TLSSocket.emit (events.js:400:28)
    at addChunk (internal/streams/readable.js:290:12)
    at readableAddChunk (internal/streams/readable.js:265:9)
    at TLSSocket.Readable.push (internal/streams/readable.js:204:10)</failure>
      <failure>TypeError: Cannot read property &apos;close&apos; of undefined
    at Object.&lt;anonymous&gt; (/home/mmittelb/Projects/stolen-api-services/apps/user/src/v1/users-addresses/users-addresses.service.spec.ts:82:22)
    at Promise.then.completed (/home/mmittelb/Projects/stolen-api-services/node_modules/jest-circus/build/utils.js:390:28)
    at new Promise (&lt;anonymous&gt;)
    at callAsyncCircusFn (/home/mmittelb/Projects/stolen-api-services/node_modules/jest-circus/build/utils.js:315:10)
    at _callCircusHook (/home/mmittelb/Projects/stolen-api-services/node_modules/jest-circus/build/run.js:181:40)
    at _runTest (/home/mmittelb/Projects/stolen-api-services/node_modules/jest-circus/build/run.js:158:5)
    at _runTestsForDescribeBlock (/home/mmittelb/Projects/stolen-api-services/node_modules/jest-circus/build/run.js:66:9)
    at _runTestsForDescribeBlock (/home/mmittelb/Projects/stolen-api-services/node_modules/jest-circus/build/run.js:60:9)
    at _runTestsForDescribeBlock (/home/mmittelb/Projects/stolen-api-services/node_modules/jest-circus/build/run.js:60:9)
    at run (/home/mmittelb/Projects/stolen-api-services/node_modules/jest-circus/build/run.js:25:3)</failure>
    </testcase>
    <testcase classname="UsersAddressesService create should return a new doc" name="UsersAddressesService create should return a new doc" time="0">
      <failure>Error: Status Code is 403 (MongoDB&apos;s 404)
This means that the requested version-platform combination doesn&apos;t exist
  Used Url: &quot;https://fastdl.mongodb.org/linux/mongodb-linux-x86_64-ubuntu2104-5.0.3.tgz&quot;
Try to use different version &apos;new MongoMemoryServer({ binary: { version: &apos;X.Y.Z&apos; } })&apos;
List of available versions can be found here:
  https://www.mongodb.org/dl/linux for Linux
  https://www.mongodb.org/dl/osx for OSX
  https://www.mongodb.org/dl/win32 for Windows
    at ClientRequest.&lt;anonymous&gt; (/home/mmittelb/Projects/stolen-api-services/node_modules/mongodb-memory-server-core/src/util/MongoBinaryDownload.ts:418:17)
    at Object.onceWrapper (events.js:520:26)
    at ClientRequest.emit (events.js:400:28)
    at HTTPParser.parserOnIncomingClient (_http_client.js:647:27)
    at HTTPParser.parserOnHeadersComplete (_http_common.js:126:17)
    at TLSSocket.socketOnData (_http_client.js:515:22)
    at TLSSocket.emit (events.js:400:28)
    at addChunk (internal/streams/readable.js:290:12)
    at readableAddChunk (internal/streams/readable.js:265:9)
    at TLSSocket.Readable.push (internal/streams/readable.js:204:10)</failure>
      <failure>TypeError: Cannot read property &apos;close&apos; of undefined
    at Object.&lt;anonymous&gt; (/home/mmittelb/Projects/stolen-api-services/apps/user/src/v1/users-addresses/users-addresses.service.spec.ts:82:22)
    at Promise.then.completed (/home/mmittelb/Projects/stolen-api-services/node_modules/jest-circus/build/utils.js:390:28)
    at new Promise (&lt;anonymous&gt;)
    at callAsyncCircusFn (/home/mmittelb/Projects/stolen-api-services/node_modules/jest-circus/build/utils.js:315:10)
    at _callCircusHook (/home/mmittelb/Projects/stolen-api-services/node_modules/jest-circus/build/run.js:181:40)
    at _runTest (/home/mmittelb/Projects/stolen-api-services/node_modules/jest-circus/build/run.js:158:5)
    at _runTestsForDescribeBlock (/home/mmittelb/Projects/stolen-api-services/node_modules/jest-circus/build/run.js:66:9)
    at _runTestsForDescribeBlock (/home/mmittelb/Projects/stolen-api-services/node_modules/jest-circus/build/run.js:60:9)
    at _runTestsForDescribeBlock (/home/mmittelb/Projects/stolen-api-services/node_modules/jest-circus/build/run.js:60:9)
    at run (/home/mmittelb/Projects/stolen-api-services/node_modules/jest-circus/build/run.js:25:3)</failure>
    </testcase>
    <testcase classname="UsersAddressesService update should not find the user" name="UsersAddressesService update should not find the user" time="0.001">
      <failure>Error: Status Code is 403 (MongoDB&apos;s 404)
This means that the requested version-platform combination doesn&apos;t exist
  Used Url: &quot;https://fastdl.mongodb.org/linux/mongodb-linux-x86_64-ubuntu2104-5.0.3.tgz&quot;
Try to use different version &apos;new MongoMemoryServer({ binary: { version: &apos;X.Y.Z&apos; } })&apos;
List of available versions can be found here:
  https://www.mongodb.org/dl/linux for Linux
  https://www.mongodb.org/dl/osx for OSX
  https://www.mongodb.org/dl/win32 for Windows
    at ClientRequest.&lt;anonymous&gt; (/home/mmittelb/Projects/stolen-api-services/node_modules/mongodb-memory-server-core/src/util/MongoBinaryDownload.ts:418:17)
    at Object.onceWrapper (events.js:520:26)
    at ClientRequest.emit (events.js:400:28)
    at HTTPParser.parserOnIncomingClient (_http_client.js:647:27)
    at HTTPParser.parserOnHeadersComplete (_http_common.js:126:17)
    at TLSSocket.socketOnData (_http_client.js:515:22)
    at TLSSocket.emit (events.js:400:28)
    at addChunk (internal/streams/readable.js:290:12)
    at readableAddChunk (internal/streams/readable.js:265:9)
    at TLSSocket.Readable.push (internal/streams/readable.js:204:10)</failure>
      <failure>TypeError: Cannot read property &apos;close&apos; of undefined
    at Object.&lt;anonymous&gt; (/home/mmittelb/Projects/stolen-api-services/apps/user/src/v1/users-addresses/users-addresses.service.spec.ts:82:22)
    at Promise.then.completed (/home/mmittelb/Projects/stolen-api-services/node_modules/jest-circus/build/utils.js:390:28)
    at new Promise (&lt;anonymous&gt;)
    at callAsyncCircusFn (/home/mmittelb/Projects/stolen-api-services/node_modules/jest-circus/build/utils.js:315:10)
    at _callCircusHook (/home/mmittelb/Projects/stolen-api-services/node_modules/jest-circus/build/run.js:181:40)
    at _runTest (/home/mmittelb/Projects/stolen-api-services/node_modules/jest-circus/build/run.js:158:5)
    at _runTestsForDescribeBlock (/home/mmittelb/Projects/stolen-api-services/node_modules/jest-circus/build/run.js:66:9)
    at _runTestsForDescribeBlock (/home/mmittelb/Projects/stolen-api-services/node_modules/jest-circus/build/run.js:60:9)
    at _runTestsForDescribeBlock (/home/mmittelb/Projects/stolen-api-services/node_modules/jest-circus/build/run.js:60:9)
    at run (/home/mmittelb/Projects/stolen-api-services/node_modules/jest-circus/build/run.js:25:3)</failure>
    </testcase>
    <testcase classname="UsersAddressesService update should detect user not activated" name="UsersAddressesService update should detect user not activated" time="0">
      <failure>Error: Status Code is 403 (MongoDB&apos;s 404)
This means that the requested version-platform combination doesn&apos;t exist
  Used Url: &quot;https://fastdl.mongodb.org/linux/mongodb-linux-x86_64-ubuntu2104-5.0.3.tgz&quot;
Try to use different version &apos;new MongoMemoryServer({ binary: { version: &apos;X.Y.Z&apos; } })&apos;
List of available versions can be found here:
  https://www.mongodb.org/dl/linux for Linux
  https://www.mongodb.org/dl/osx for OSX
  https://www.mongodb.org/dl/win32 for Windows
    at ClientRequest.&lt;anonymous&gt; (/home/mmittelb/Projects/stolen-api-services/node_modules/mongodb-memory-server-core/src/util/MongoBinaryDownload.ts:418:17)
    at Object.onceWrapper (events.js:520:26)
    at ClientRequest.emit (events.js:400:28)
    at HTTPParser.parserOnIncomingClient (_http_client.js:647:27)
    at HTTPParser.parserOnHeadersComplete (_http_common.js:126:17)
    at TLSSocket.socketOnData (_http_client.js:515:22)
    at TLSSocket.emit (events.js:400:28)
    at addChunk (internal/streams/readable.js:290:12)
    at readableAddChunk (internal/streams/readable.js:265:9)
    at TLSSocket.Readable.push (internal/streams/readable.js:204:10)</failure>
      <failure>TypeError: Cannot read property &apos;close&apos; of undefined
    at Object.&lt;anonymous&gt; (/home/mmittelb/Projects/stolen-api-services/apps/user/src/v1/users-addresses/users-addresses.service.spec.ts:82:22)
    at Promise.then.completed (/home/mmittelb/Projects/stolen-api-services/node_modules/jest-circus/build/utils.js:390:28)
    at new Promise (&lt;anonymous&gt;)
    at callAsyncCircusFn (/home/mmittelb/Projects/stolen-api-services/node_modules/jest-circus/build/utils.js:315:10)
    at _callCircusHook (/home/mmittelb/Projects/stolen-api-services/node_modules/jest-circus/build/run.js:181:40)
    at _runTest (/home/mmittelb/Projects/stolen-api-services/node_modules/jest-circus/build/run.js:158:5)
    at _runTestsForDescribeBlock (/home/mmittelb/Projects/stolen-api-services/node_modules/jest-circus/build/run.js:66:9)
    at _runTestsForDescribeBlock (/home/mmittelb/Projects/stolen-api-services/node_modules/jest-circus/build/run.js:60:9)
    at _runTestsForDescribeBlock (/home/mmittelb/Projects/stolen-api-services/node_modules/jest-circus/build/run.js:60:9)
    at run (/home/mmittelb/Projects/stolen-api-services/node_modules/jest-circus/build/run.js:25:3)</failure>
    </testcase>
    <testcase classname="UsersAddressesService update should not find the address at the user" name="UsersAddressesService update should not find the address at the user" time="0.001">
      <failure>Error: Status Code is 403 (MongoDB&apos;s 404)
This means that the requested version-platform combination doesn&apos;t exist
  Used Url: &quot;https://fastdl.mongodb.org/linux/mongodb-linux-x86_64-ubuntu2104-5.0.3.tgz&quot;
Try to use different version &apos;new MongoMemoryServer({ binary: { version: &apos;X.Y.Z&apos; } })&apos;
List of available versions can be found here:
  https://www.mongodb.org/dl/linux for Linux
  https://www.mongodb.org/dl/osx for OSX
  https://www.mongodb.org/dl/win32 for Windows
    at ClientRequest.&lt;anonymous&gt; (/home/mmittelb/Projects/stolen-api-services/node_modules/mongodb-memory-server-core/src/util/MongoBinaryDownload.ts:418:17)
    at Object.onceWrapper (events.js:520:26)
    at ClientRequest.emit (events.js:400:28)
    at HTTPParser.parserOnIncomingClient (_http_client.js:647:27)
    at HTTPParser.parserOnHeadersComplete (_http_common.js:126:17)
    at TLSSocket.socketOnData (_http_client.js:515:22)
    at TLSSocket.emit (events.js:400:28)
    at addChunk (internal/streams/readable.js:290:12)
    at readableAddChunk (internal/streams/readable.js:265:9)
    at TLSSocket.Readable.push (internal/streams/readable.js:204:10)</failure>
      <failure>TypeError: Cannot read property &apos;close&apos; of undefined
    at Object.&lt;anonymous&gt; (/home/mmittelb/Projects/stolen-api-services/apps/user/src/v1/users-addresses/users-addresses.service.spec.ts:82:22)
    at Promise.then.completed (/home/mmittelb/Projects/stolen-api-services/node_modules/jest-circus/build/utils.js:390:28)
    at new Promise (&lt;anonymous&gt;)
    at callAsyncCircusFn (/home/mmittelb/Projects/stolen-api-services/node_modules/jest-circus/build/utils.js:315:10)
    at _callCircusHook (/home/mmittelb/Projects/stolen-api-services/node_modules/jest-circus/build/run.js:181:40)
    at _runTest (/home/mmittelb/Projects/stolen-api-services/node_modules/jest-circus/build/run.js:158:5)
    at _runTestsForDescribeBlock (/home/mmittelb/Projects/stolen-api-services/node_modules/jest-circus/build/run.js:66:9)
    at _runTestsForDescribeBlock (/home/mmittelb/Projects/stolen-api-services/node_modules/jest-circus/build/run.js:60:9)
    at _runTestsForDescribeBlock (/home/mmittelb/Projects/stolen-api-services/node_modules/jest-circus/build/run.js:60:9)
    at run (/home/mmittelb/Projects/stolen-api-services/node_modules/jest-circus/build/run.js:25:3)</failure>
    </testcase>
    <testcase classname="UsersAddressesService update should have a version conflict" name="UsersAddressesService update should have a version conflict" time="0">
      <failure>Error: Status Code is 403 (MongoDB&apos;s 404)
This means that the requested version-platform combination doesn&apos;t exist
  Used Url: &quot;https://fastdl.mongodb.org/linux/mongodb-linux-x86_64-ubuntu2104-5.0.3.tgz&quot;
Try to use different version &apos;new MongoMemoryServer({ binary: { version: &apos;X.Y.Z&apos; } })&apos;
List of available versions can be found here:
  https://www.mongodb.org/dl/linux for Linux
  https://www.mongodb.org/dl/osx for OSX
  https://www.mongodb.org/dl/win32 for Windows
    at ClientRequest.&lt;anonymous&gt; (/home/mmittelb/Projects/stolen-api-services/node_modules/mongodb-memory-server-core/src/util/MongoBinaryDownload.ts:418:17)
    at Object.onceWrapper (events.js:520:26)
    at ClientRequest.emit (events.js:400:28)
    at HTTPParser.parserOnIncomingClient (_http_client.js:647:27)
    at HTTPParser.parserOnHeadersComplete (_http_common.js:126:17)
    at TLSSocket.socketOnData (_http_client.js:515:22)
    at TLSSocket.emit (events.js:400:28)
    at addChunk (internal/streams/readable.js:290:12)
    at readableAddChunk (internal/streams/readable.js:265:9)
    at TLSSocket.Readable.push (internal/streams/readable.js:204:10)</failure>
      <failure>TypeError: Cannot read property &apos;close&apos; of undefined
    at Object.&lt;anonymous&gt; (/home/mmittelb/Projects/stolen-api-services/apps/user/src/v1/users-addresses/users-addresses.service.spec.ts:82:22)
    at Promise.then.completed (/home/mmittelb/Projects/stolen-api-services/node_modules/jest-circus/build/utils.js:390:28)
    at new Promise (&lt;anonymous&gt;)
    at callAsyncCircusFn (/home/mmittelb/Projects/stolen-api-services/node_modules/jest-circus/build/utils.js:315:10)
    at _callCircusHook (/home/mmittelb/Projects/stolen-api-services/node_modules/jest-circus/build/run.js:181:40)
    at _runTest (/home/mmittelb/Projects/stolen-api-services/node_modules/jest-circus/build/run.js:158:5)
    at _runTestsForDescribeBlock (/home/mmittelb/Projects/stolen-api-services/node_modules/jest-circus/build/run.js:66:9)
    at _runTestsForDescribeBlock (/home/mmittelb/Projects/stolen-api-services/node_modules/jest-circus/build/run.js:60:9)
    at _runTestsForDescribeBlock (/home/mmittelb/Projects/stolen-api-services/node_modules/jest-circus/build/run.js:60:9)
    at run (/home/mmittelb/Projects/stolen-api-services/node_modules/jest-circus/build/run.js:25:3)</failure>
    </testcase>
    <testcase classname="UsersAddressesService update should succeed" name="UsersAddressesService update should succeed" time="0.001">
      <failure>Error: Status Code is 403 (MongoDB&apos;s 404)
This means that the requested version-platform combination doesn&apos;t exist
  Used Url: &quot;https://fastdl.mongodb.org/linux/mongodb-linux-x86_64-ubuntu2104-5.0.3.tgz&quot;
Try to use different version &apos;new MongoMemoryServer({ binary: { version: &apos;X.Y.Z&apos; } })&apos;
List of available versions can be found here:
  https://www.mongodb.org/dl/linux for Linux
  https://www.mongodb.org/dl/osx for OSX
  https://www.mongodb.org/dl/win32 for Windows
    at ClientRequest.&lt;anonymous&gt; (/home/mmittelb/Projects/stolen-api-services/node_modules/mongodb-memory-server-core/src/util/MongoBinaryDownload.ts:418:17)
    at Object.onceWrapper (events.js:520:26)
    at ClientRequest.emit (events.js:400:28)
    at HTTPParser.parserOnIncomingClient (_http_client.js:647:27)
    at HTTPParser.parserOnHeadersComplete (_http_common.js:126:17)
    at TLSSocket.socketOnData (_http_client.js:515:22)
    at TLSSocket.emit (events.js:400:28)
    at addChunk (internal/streams/readable.js:290:12)
    at readableAddChunk (internal/streams/readable.js:265:9)
    at TLSSocket.Readable.push (internal/streams/readable.js:204:10)</failure>
      <failure>TypeError: Cannot read property &apos;close&apos; of undefined
    at Object.&lt;anonymous&gt; (/home/mmittelb/Projects/stolen-api-services/apps/user/src/v1/users-addresses/users-addresses.service.spec.ts:82:22)
    at Promise.then.completed (/home/mmittelb/Projects/stolen-api-services/node_modules/jest-circus/build/utils.js:390:28)
    at new Promise (&lt;anonymous&gt;)
    at callAsyncCircusFn (/home/mmittelb/Projects/stolen-api-services/node_modules/jest-circus/build/utils.js:315:10)
    at _callCircusHook (/home/mmittelb/Projects/stolen-api-services/node_modules/jest-circus/build/run.js:181:40)
    at _runTest (/home/mmittelb/Projects/stolen-api-services/node_modules/jest-circus/build/run.js:158:5)
    at _runTestsForDescribeBlock (/home/mmittelb/Projects/stolen-api-services/node_modules/jest-circus/build/run.js:66:9)
    at _runTestsForDescribeBlock (/home/mmittelb/Projects/stolen-api-services/node_modules/jest-circus/build/run.js:60:9)
    at _runTestsForDescribeBlock (/home/mmittelb/Projects/stolen-api-services/node_modules/jest-circus/build/run.js:60:9)
    at run (/home/mmittelb/Projects/stolen-api-services/node_modules/jest-circus/build/run.js:25:3)</failure>
    </testcase>
  </testsuite>
  <testsuite name="PermissionsService" errors="0" failures="3" skipped="0" timestamp="2021-12-13T16:21:08" time="0.865" tests="3">
    <testcase classname="PermissionsService findAll should find a doc" name="PermissionsService findAll should find a doc" time="0.001">
      <failure>Error: Status Code is 403 (MongoDB&apos;s 404)
This means that the requested version-platform combination doesn&apos;t exist
  Used Url: &quot;https://fastdl.mongodb.org/linux/mongodb-linux-x86_64-ubuntu2104-5.0.3.tgz&quot;
Try to use different version &apos;new MongoMemoryServer({ binary: { version: &apos;X.Y.Z&apos; } })&apos;
List of available versions can be found here:
  https://www.mongodb.org/dl/linux for Linux
  https://www.mongodb.org/dl/osx for OSX
  https://www.mongodb.org/dl/win32 for Windows
    at ClientRequest.&lt;anonymous&gt; (/home/mmittelb/Projects/stolen-api-services/node_modules/mongodb-memory-server-core/src/util/MongoBinaryDownload.ts:418:17)
    at Object.onceWrapper (events.js:520:26)
    at ClientRequest.emit (events.js:400:28)
    at HTTPParser.parserOnIncomingClient (_http_client.js:647:27)
    at HTTPParser.parserOnHeadersComplete (_http_common.js:126:17)
    at TLSSocket.socketOnData (_http_client.js:515:22)
    at TLSSocket.emit (events.js:400:28)
    at addChunk (internal/streams/readable.js:290:12)
    at readableAddChunk (internal/streams/readable.js:265:9)
    at TLSSocket.Readable.push (internal/streams/readable.js:204:10)</failure>
      <failure>TypeError: Cannot read property &apos;close&apos; of undefined
    at Object.&lt;anonymous&gt; (/home/mmittelb/Projects/stolen-api-services/apps/customer/src/v1/customers-permissions/customers-permissions.service.spec.ts:77:22)
    at Promise.then.completed (/home/mmittelb/Projects/stolen-api-services/node_modules/jest-circus/build/utils.js:390:28)
    at new Promise (&lt;anonymous&gt;)
    at callAsyncCircusFn (/home/mmittelb/Projects/stolen-api-services/node_modules/jest-circus/build/utils.js:315:10)
    at _callCircusHook (/home/mmittelb/Projects/stolen-api-services/node_modules/jest-circus/build/run.js:181:40)
    at _runTest (/home/mmittelb/Projects/stolen-api-services/node_modules/jest-circus/build/run.js:158:5)
    at _runTestsForDescribeBlock (/home/mmittelb/Projects/stolen-api-services/node_modules/jest-circus/build/run.js:66:9)
    at _runTestsForDescribeBlock (/home/mmittelb/Projects/stolen-api-services/node_modules/jest-circus/build/run.js:60:9)
    at _runTestsForDescribeBlock (/home/mmittelb/Projects/stolen-api-services/node_modules/jest-circus/build/run.js:60:9)
    at run (/home/mmittelb/Projects/stolen-api-services/node_modules/jest-circus/build/run.js:25:3)</failure>
    </testcase>
    <testcase classname="PermissionsService findAll should return an empty array" name="PermissionsService findAll should return an empty array" time="0">
      <failure>Error: Status Code is 403 (MongoDB&apos;s 404)
This means that the requested version-platform combination doesn&apos;t exist
  Used Url: &quot;https://fastdl.mongodb.org/linux/mongodb-linux-x86_64-ubuntu2104-5.0.3.tgz&quot;
Try to use different version &apos;new MongoMemoryServer({ binary: { version: &apos;X.Y.Z&apos; } })&apos;
List of available versions can be found here:
  https://www.mongodb.org/dl/linux for Linux
  https://www.mongodb.org/dl/osx for OSX
  https://www.mongodb.org/dl/win32 for Windows
    at ClientRequest.&lt;anonymous&gt; (/home/mmittelb/Projects/stolen-api-services/node_modules/mongodb-memory-server-core/src/util/MongoBinaryDownload.ts:418:17)
    at Object.onceWrapper (events.js:520:26)
    at ClientRequest.emit (events.js:400:28)
    at HTTPParser.parserOnIncomingClient (_http_client.js:647:27)
    at HTTPParser.parserOnHeadersComplete (_http_common.js:126:17)
    at TLSSocket.socketOnData (_http_client.js:515:22)
    at TLSSocket.emit (events.js:400:28)
    at addChunk (internal/streams/readable.js:290:12)
    at readableAddChunk (internal/streams/readable.js:265:9)
    at TLSSocket.Readable.push (internal/streams/readable.js:204:10)</failure>
      <failure>TypeError: Cannot read property &apos;close&apos; of undefined
    at Object.&lt;anonymous&gt; (/home/mmittelb/Projects/stolen-api-services/apps/customer/src/v1/customers-permissions/customers-permissions.service.spec.ts:77:22)
    at Promise.then.completed (/home/mmittelb/Projects/stolen-api-services/node_modules/jest-circus/build/utils.js:390:28)
    at new Promise (&lt;anonymous&gt;)
    at callAsyncCircusFn (/home/mmittelb/Projects/stolen-api-services/node_modules/jest-circus/build/utils.js:315:10)
    at _callCircusHook (/home/mmittelb/Projects/stolen-api-services/node_modules/jest-circus/build/run.js:181:40)
    at _runTest (/home/mmittelb/Projects/stolen-api-services/node_modules/jest-circus/build/run.js:158:5)
    at _runTestsForDescribeBlock (/home/mmittelb/Projects/stolen-api-services/node_modules/jest-circus/build/run.js:66:9)
    at _runTestsForDescribeBlock (/home/mmittelb/Projects/stolen-api-services/node_modules/jest-circus/build/run.js:60:9)
    at _runTestsForDescribeBlock (/home/mmittelb/Projects/stolen-api-services/node_modules/jest-circus/build/run.js:60:9)
    at run (/home/mmittelb/Projects/stolen-api-services/node_modules/jest-circus/build/run.js:25:3)</failure>
    </testcase>
    <testcase classname="PermissionsService findAll should not find the customer" name="PermissionsService findAll should not find the customer" time="0">
      <failure>Error: Status Code is 403 (MongoDB&apos;s 404)
This means that the requested version-platform combination doesn&apos;t exist
  Used Url: &quot;https://fastdl.mongodb.org/linux/mongodb-linux-x86_64-ubuntu2104-5.0.3.tgz&quot;
Try to use different version &apos;new MongoMemoryServer({ binary: { version: &apos;X.Y.Z&apos; } })&apos;
List of available versions can be found here:
  https://www.mongodb.org/dl/linux for Linux
  https://www.mongodb.org/dl/osx for OSX
  https://www.mongodb.org/dl/win32 for Windows
    at ClientRequest.&lt;anonymous&gt; (/home/mmittelb/Projects/stolen-api-services/node_modules/mongodb-memory-server-core/src/util/MongoBinaryDownload.ts:418:17)
    at Object.onceWrapper (events.js:520:26)
    at ClientRequest.emit (events.js:400:28)
    at HTTPParser.parserOnIncomingClient (_http_client.js:647:27)
    at HTTPParser.parserOnHeadersComplete (_http_common.js:126:17)
    at TLSSocket.socketOnData (_http_client.js:515:22)
    at TLSSocket.emit (events.js:400:28)
    at addChunk (internal/streams/readable.js:290:12)
    at readableAddChunk (internal/streams/readable.js:265:9)
    at TLSSocket.Readable.push (internal/streams/readable.js:204:10)</failure>
      <failure>TypeError: Cannot read property &apos;close&apos; of undefined
    at Object.&lt;anonymous&gt; (/home/mmittelb/Projects/stolen-api-services/apps/customer/src/v1/customers-permissions/customers-permissions.service.spec.ts:77:22)
    at Promise.then.completed (/home/mmittelb/Projects/stolen-api-services/node_modules/jest-circus/build/utils.js:390:28)
    at new Promise (&lt;anonymous&gt;)
    at callAsyncCircusFn (/home/mmittelb/Projects/stolen-api-services/node_modules/jest-circus/build/utils.js:315:10)
    at _callCircusHook (/home/mmittelb/Projects/stolen-api-services/node_modules/jest-circus/build/run.js:181:40)
    at _runTest (/home/mmittelb/Projects/stolen-api-services/node_modules/jest-circus/build/run.js:158:5)
    at _runTestsForDescribeBlock (/home/mmittelb/Projects/stolen-api-services/node_modules/jest-circus/build/run.js:66:9)
    at _runTestsForDescribeBlock (/home/mmittelb/Projects/stolen-api-services/node_modules/jest-circus/build/run.js:60:9)
    at _runTestsForDescribeBlock (/home/mmittelb/Projects/stolen-api-services/node_modules/jest-circus/build/run.js:60:9)
    at run (/home/mmittelb/Projects/stolen-api-services/node_modules/jest-circus/build/run.js:25:3)</failure>
    </testcase>
  </testsuite>
  <testsuite name="UsersService" errors="0" failures="6" skipped="0" timestamp="2021-12-13T16:21:09" time="1.185" tests="6">
    <testcase classname="UsersService activate should not find the user" name="UsersService activate should not find the user" time="0.001">
      <failure>Error: Status Code is 403 (MongoDB&apos;s 404)
This means that the requested version-platform combination doesn&apos;t exist
  Used Url: &quot;https://fastdl.mongodb.org/linux/mongodb-linux-x86_64-ubuntu2104-5.0.3.tgz&quot;
Try to use different version &apos;new MongoMemoryServer({ binary: { version: &apos;X.Y.Z&apos; } })&apos;
List of available versions can be found here:
  https://www.mongodb.org/dl/linux for Linux
  https://www.mongodb.org/dl/osx for OSX
  https://www.mongodb.org/dl/win32 for Windows
    at ClientRequest.&lt;anonymous&gt; (/home/mmittelb/Projects/stolen-api-services/node_modules/mongodb-memory-server-core/src/util/MongoBinaryDownload.ts:418:17)
    at Object.onceWrapper (events.js:520:26)
    at ClientRequest.emit (events.js:400:28)
    at HTTPParser.parserOnIncomingClient (_http_client.js:647:27)
    at HTTPParser.parserOnHeadersComplete (_http_common.js:126:17)
    at TLSSocket.socketOnData (_http_client.js:515:22)
    at TLSSocket.emit (events.js:400:28)
    at addChunk (internal/streams/readable.js:290:12)
    at readableAddChunk (internal/streams/readable.js:265:9)
    at TLSSocket.Readable.push (internal/streams/readable.js:204:10)</failure>
      <failure>TypeError: Cannot read property &apos;close&apos; of undefined
    at Object.&lt;anonymous&gt; (/home/mmittelb/Projects/stolen-api-services/apps/user/src/v1/admin/users-admin.service.spec.ts:93:22)
    at Promise.then.completed (/home/mmittelb/Projects/stolen-api-services/node_modules/jest-circus/build/utils.js:390:28)
    at new Promise (&lt;anonymous&gt;)
    at callAsyncCircusFn (/home/mmittelb/Projects/stolen-api-services/node_modules/jest-circus/build/utils.js:315:10)
    at _callCircusHook (/home/mmittelb/Projects/stolen-api-services/node_modules/jest-circus/build/run.js:181:40)
    at _runTest (/home/mmittelb/Projects/stolen-api-services/node_modules/jest-circus/build/run.js:158:5)
    at _runTestsForDescribeBlock (/home/mmittelb/Projects/stolen-api-services/node_modules/jest-circus/build/run.js:66:9)
    at _runTestsForDescribeBlock (/home/mmittelb/Projects/stolen-api-services/node_modules/jest-circus/build/run.js:60:9)
    at _runTestsForDescribeBlock (/home/mmittelb/Projects/stolen-api-services/node_modules/jest-circus/build/run.js:60:9)
    at run (/home/mmittelb/Projects/stolen-api-services/node_modules/jest-circus/build/run.js:25:3)</failure>
    </testcase>
    <testcase classname="UsersService activate should succeed" name="UsersService activate should succeed" time="0.001">
      <failure>Error: Status Code is 403 (MongoDB&apos;s 404)
This means that the requested version-platform combination doesn&apos;t exist
  Used Url: &quot;https://fastdl.mongodb.org/linux/mongodb-linux-x86_64-ubuntu2104-5.0.3.tgz&quot;
Try to use different version &apos;new MongoMemoryServer({ binary: { version: &apos;X.Y.Z&apos; } })&apos;
List of available versions can be found here:
  https://www.mongodb.org/dl/linux for Linux
  https://www.mongodb.org/dl/osx for OSX
  https://www.mongodb.org/dl/win32 for Windows
    at ClientRequest.&lt;anonymous&gt; (/home/mmittelb/Projects/stolen-api-services/node_modules/mongodb-memory-server-core/src/util/MongoBinaryDownload.ts:418:17)
    at Object.onceWrapper (events.js:520:26)
    at ClientRequest.emit (events.js:400:28)
    at HTTPParser.parserOnIncomingClient (_http_client.js:647:27)
    at HTTPParser.parserOnHeadersComplete (_http_common.js:126:17)
    at TLSSocket.socketOnData (_http_client.js:515:22)
    at TLSSocket.emit (events.js:400:28)
    at addChunk (internal/streams/readable.js:290:12)
    at readableAddChunk (internal/streams/readable.js:265:9)
    at TLSSocket.Readable.push (internal/streams/readable.js:204:10)</failure>
      <failure>TypeError: Cannot read property &apos;close&apos; of undefined
    at Object.&lt;anonymous&gt; (/home/mmittelb/Projects/stolen-api-services/apps/user/src/v1/admin/users-admin.service.spec.ts:93:22)
    at Promise.then.completed (/home/mmittelb/Projects/stolen-api-services/node_modules/jest-circus/build/utils.js:390:28)
    at new Promise (&lt;anonymous&gt;)
    at callAsyncCircusFn (/home/mmittelb/Projects/stolen-api-services/node_modules/jest-circus/build/utils.js:315:10)
    at _callCircusHook (/home/mmittelb/Projects/stolen-api-services/node_modules/jest-circus/build/run.js:181:40)
    at _runTest (/home/mmittelb/Projects/stolen-api-services/node_modules/jest-circus/build/run.js:158:5)
    at _runTestsForDescribeBlock (/home/mmittelb/Projects/stolen-api-services/node_modules/jest-circus/build/run.js:66:9)
    at _runTestsForDescribeBlock (/home/mmittelb/Projects/stolen-api-services/node_modules/jest-circus/build/run.js:60:9)
    at _runTestsForDescribeBlock (/home/mmittelb/Projects/stolen-api-services/node_modules/jest-circus/build/run.js:60:9)
    at run (/home/mmittelb/Projects/stolen-api-services/node_modules/jest-circus/build/run.js:25:3)</failure>
    </testcase>
    <testcase classname="UsersService activate should be already active" name="UsersService activate should be already active" time="0">
      <failure>Error: Status Code is 403 (MongoDB&apos;s 404)
This means that the requested version-platform combination doesn&apos;t exist
  Used Url: &quot;https://fastdl.mongodb.org/linux/mongodb-linux-x86_64-ubuntu2104-5.0.3.tgz&quot;
Try to use different version &apos;new MongoMemoryServer({ binary: { version: &apos;X.Y.Z&apos; } })&apos;
List of available versions can be found here:
  https://www.mongodb.org/dl/linux for Linux
  https://www.mongodb.org/dl/osx for OSX
  https://www.mongodb.org/dl/win32 for Windows
    at ClientRequest.&lt;anonymous&gt; (/home/mmittelb/Projects/stolen-api-services/node_modules/mongodb-memory-server-core/src/util/MongoBinaryDownload.ts:418:17)
    at Object.onceWrapper (events.js:520:26)
    at ClientRequest.emit (events.js:400:28)
    at HTTPParser.parserOnIncomingClient (_http_client.js:647:27)
    at HTTPParser.parserOnHeadersComplete (_http_common.js:126:17)
    at TLSSocket.socketOnData (_http_client.js:515:22)
    at TLSSocket.emit (events.js:400:28)
    at addChunk (internal/streams/readable.js:290:12)
    at readableAddChunk (internal/streams/readable.js:265:9)
    at TLSSocket.Readable.push (internal/streams/readable.js:204:10)</failure>
      <failure>TypeError: Cannot read property &apos;close&apos; of undefined
    at Object.&lt;anonymous&gt; (/home/mmittelb/Projects/stolen-api-services/apps/user/src/v1/admin/users-admin.service.spec.ts:93:22)
    at Promise.then.completed (/home/mmittelb/Projects/stolen-api-services/node_modules/jest-circus/build/utils.js:390:28)
    at new Promise (&lt;anonymous&gt;)
    at callAsyncCircusFn (/home/mmittelb/Projects/stolen-api-services/node_modules/jest-circus/build/utils.js:315:10)
    at _callCircusHook (/home/mmittelb/Projects/stolen-api-services/node_modules/jest-circus/build/run.js:181:40)
    at _runTest (/home/mmittelb/Projects/stolen-api-services/node_modules/jest-circus/build/run.js:158:5)
    at _runTestsForDescribeBlock (/home/mmittelb/Projects/stolen-api-services/node_modules/jest-circus/build/run.js:66:9)
    at _runTestsForDescribeBlock (/home/mmittelb/Projects/stolen-api-services/node_modules/jest-circus/build/run.js:60:9)
    at _runTestsForDescribeBlock (/home/mmittelb/Projects/stolen-api-services/node_modules/jest-circus/build/run.js:60:9)
    at run (/home/mmittelb/Projects/stolen-api-services/node_modules/jest-circus/build/run.js:25:3)</failure>
    </testcase>
    <testcase classname="UsersService deactivate should not find the user" name="UsersService deactivate should not find the user" time="0">
      <failure>Error: Status Code is 403 (MongoDB&apos;s 404)
This means that the requested version-platform combination doesn&apos;t exist
  Used Url: &quot;https://fastdl.mongodb.org/linux/mongodb-linux-x86_64-ubuntu2104-5.0.3.tgz&quot;
Try to use different version &apos;new MongoMemoryServer({ binary: { version: &apos;X.Y.Z&apos; } })&apos;
List of available versions can be found here:
  https://www.mongodb.org/dl/linux for Linux
  https://www.mongodb.org/dl/osx for OSX
  https://www.mongodb.org/dl/win32 for Windows
    at ClientRequest.&lt;anonymous&gt; (/home/mmittelb/Projects/stolen-api-services/node_modules/mongodb-memory-server-core/src/util/MongoBinaryDownload.ts:418:17)
    at Object.onceWrapper (events.js:520:26)
    at ClientRequest.emit (events.js:400:28)
    at HTTPParser.parserOnIncomingClient (_http_client.js:647:27)
    at HTTPParser.parserOnHeadersComplete (_http_common.js:126:17)
    at TLSSocket.socketOnData (_http_client.js:515:22)
    at TLSSocket.emit (events.js:400:28)
    at addChunk (internal/streams/readable.js:290:12)
    at readableAddChunk (internal/streams/readable.js:265:9)
    at TLSSocket.Readable.push (internal/streams/readable.js:204:10)</failure>
      <failure>TypeError: Cannot read property &apos;close&apos; of undefined
    at Object.&lt;anonymous&gt; (/home/mmittelb/Projects/stolen-api-services/apps/user/src/v1/admin/users-admin.service.spec.ts:93:22)
    at Promise.then.completed (/home/mmittelb/Projects/stolen-api-services/node_modules/jest-circus/build/utils.js:390:28)
    at new Promise (&lt;anonymous&gt;)
    at callAsyncCircusFn (/home/mmittelb/Projects/stolen-api-services/node_modules/jest-circus/build/utils.js:315:10)
    at _callCircusHook (/home/mmittelb/Projects/stolen-api-services/node_modules/jest-circus/build/run.js:181:40)
    at _runTest (/home/mmittelb/Projects/stolen-api-services/node_modules/jest-circus/build/run.js:158:5)
    at _runTestsForDescribeBlock (/home/mmittelb/Projects/stolen-api-services/node_modules/jest-circus/build/run.js:66:9)
    at _runTestsForDescribeBlock (/home/mmittelb/Projects/stolen-api-services/node_modules/jest-circus/build/run.js:60:9)
    at _runTestsForDescribeBlock (/home/mmittelb/Projects/stolen-api-services/node_modules/jest-circus/build/run.js:60:9)
    at run (/home/mmittelb/Projects/stolen-api-services/node_modules/jest-circus/build/run.js:25:3)</failure>
    </testcase>
    <testcase classname="UsersService deactivate should succeed" name="UsersService deactivate should succeed" time="0">
      <failure>Error: Status Code is 403 (MongoDB&apos;s 404)
This means that the requested version-platform combination doesn&apos;t exist
  Used Url: &quot;https://fastdl.mongodb.org/linux/mongodb-linux-x86_64-ubuntu2104-5.0.3.tgz&quot;
Try to use different version &apos;new MongoMemoryServer({ binary: { version: &apos;X.Y.Z&apos; } })&apos;
List of available versions can be found here:
  https://www.mongodb.org/dl/linux for Linux
  https://www.mongodb.org/dl/osx for OSX
  https://www.mongodb.org/dl/win32 for Windows
    at ClientRequest.&lt;anonymous&gt; (/home/mmittelb/Projects/stolen-api-services/node_modules/mongodb-memory-server-core/src/util/MongoBinaryDownload.ts:418:17)
    at Object.onceWrapper (events.js:520:26)
    at ClientRequest.emit (events.js:400:28)
    at HTTPParser.parserOnIncomingClient (_http_client.js:647:27)
    at HTTPParser.parserOnHeadersComplete (_http_common.js:126:17)
    at TLSSocket.socketOnData (_http_client.js:515:22)
    at TLSSocket.emit (events.js:400:28)
    at addChunk (internal/streams/readable.js:290:12)
    at readableAddChunk (internal/streams/readable.js:265:9)
    at TLSSocket.Readable.push (internal/streams/readable.js:204:10)</failure>
      <failure>TypeError: Cannot read property &apos;close&apos; of undefined
    at Object.&lt;anonymous&gt; (/home/mmittelb/Projects/stolen-api-services/apps/user/src/v1/admin/users-admin.service.spec.ts:93:22)
    at Promise.then.completed (/home/mmittelb/Projects/stolen-api-services/node_modules/jest-circus/build/utils.js:390:28)
    at new Promise (&lt;anonymous&gt;)
    at callAsyncCircusFn (/home/mmittelb/Projects/stolen-api-services/node_modules/jest-circus/build/utils.js:315:10)
    at _callCircusHook (/home/mmittelb/Projects/stolen-api-services/node_modules/jest-circus/build/run.js:181:40)
    at _runTest (/home/mmittelb/Projects/stolen-api-services/node_modules/jest-circus/build/run.js:158:5)
    at _runTestsForDescribeBlock (/home/mmittelb/Projects/stolen-api-services/node_modules/jest-circus/build/run.js:66:9)
    at _runTestsForDescribeBlock (/home/mmittelb/Projects/stolen-api-services/node_modules/jest-circus/build/run.js:60:9)
    at _runTestsForDescribeBlock (/home/mmittelb/Projects/stolen-api-services/node_modules/jest-circus/build/run.js:60:9)
    at run (/home/mmittelb/Projects/stolen-api-services/node_modules/jest-circus/build/run.js:25:3)</failure>
    </testcase>
    <testcase classname="UsersService deactivate should be already deactivated" name="UsersService deactivate should be already deactivated" time="0.001">
      <failure>Error: Status Code is 403 (MongoDB&apos;s 404)
This means that the requested version-platform combination doesn&apos;t exist
  Used Url: &quot;https://fastdl.mongodb.org/linux/mongodb-linux-x86_64-ubuntu2104-5.0.3.tgz&quot;
Try to use different version &apos;new MongoMemoryServer({ binary: { version: &apos;X.Y.Z&apos; } })&apos;
List of available versions can be found here:
  https://www.mongodb.org/dl/linux for Linux
  https://www.mongodb.org/dl/osx for OSX
  https://www.mongodb.org/dl/win32 for Windows
    at ClientRequest.&lt;anonymous&gt; (/home/mmittelb/Projects/stolen-api-services/node_modules/mongodb-memory-server-core/src/util/MongoBinaryDownload.ts:418:17)
    at Object.onceWrapper (events.js:520:26)
    at ClientRequest.emit (events.js:400:28)
    at HTTPParser.parserOnIncomingClient (_http_client.js:647:27)
    at HTTPParser.parserOnHeadersComplete (_http_common.js:126:17)
    at TLSSocket.socketOnData (_http_client.js:515:22)
    at TLSSocket.emit (events.js:400:28)
    at addChunk (internal/streams/readable.js:290:12)
    at readableAddChunk (internal/streams/readable.js:265:9)
    at TLSSocket.Readable.push (internal/streams/readable.js:204:10)</failure>
      <failure>TypeError: Cannot read property &apos;close&apos; of undefined
    at Object.&lt;anonymous&gt; (/home/mmittelb/Projects/stolen-api-services/apps/user/src/v1/admin/users-admin.service.spec.ts:93:22)
    at Promise.then.completed (/home/mmittelb/Projects/stolen-api-services/node_modules/jest-circus/build/utils.js:390:28)
    at new Promise (&lt;anonymous&gt;)
    at callAsyncCircusFn (/home/mmittelb/Projects/stolen-api-services/node_modules/jest-circus/build/utils.js:315:10)
    at _callCircusHook (/home/mmittelb/Projects/stolen-api-services/node_modules/jest-circus/build/run.js:181:40)
    at _runTest (/home/mmittelb/Projects/stolen-api-services/node_modules/jest-circus/build/run.js:158:5)
    at _runTestsForDescribeBlock (/home/mmittelb/Projects/stolen-api-services/node_modules/jest-circus/build/run.js:66:9)
    at _runTestsForDescribeBlock (/home/mmittelb/Projects/stolen-api-services/node_modules/jest-circus/build/run.js:60:9)
    at _runTestsForDescribeBlock (/home/mmittelb/Projects/stolen-api-services/node_modules/jest-circus/build/run.js:60:9)
    at run (/home/mmittelb/Projects/stolen-api-services/node_modules/jest-circus/build/run.js:25:3)</failure>
    </testcase>
  </testsuite>
  <testsuite name="CustomersService" errors="0" failures="8" skipped="0" timestamp="2021-12-13T16:21:11" time="2.084" tests="8">
    <testcase classname="CustomersService findOne should find a doc" name="CustomersService findOne should find a doc" time="0">
      <failure>Error: Status Code is 403 (MongoDB&apos;s 404)
This means that the requested version-platform combination doesn&apos;t exist
  Used Url: &quot;https://fastdl.mongodb.org/linux/mongodb-linux-x86_64-ubuntu2104-5.0.3.tgz&quot;
Try to use different version &apos;new MongoMemoryServer({ binary: { version: &apos;X.Y.Z&apos; } })&apos;
List of available versions can be found here:
  https://www.mongodb.org/dl/linux for Linux
  https://www.mongodb.org/dl/osx for OSX
  https://www.mongodb.org/dl/win32 for Windows
    at ClientRequest.&lt;anonymous&gt; (/home/mmittelb/Projects/stolen-api-services/node_modules/mongodb-memory-server-core/src/util/MongoBinaryDownload.ts:418:17)
    at Object.onceWrapper (events.js:520:26)
    at ClientRequest.emit (events.js:400:28)
    at HTTPParser.parserOnIncomingClient (_http_client.js:647:27)
    at HTTPParser.parserOnHeadersComplete (_http_common.js:126:17)
    at TLSSocket.socketOnData (_http_client.js:515:22)
    at TLSSocket.emit (events.js:400:28)
    at addChunk (internal/streams/readable.js:290:12)
    at readableAddChunk (internal/streams/readable.js:265:9)
    at TLSSocket.Readable.push (internal/streams/readable.js:204:10)</failure>
      <failure>TypeError: Cannot read property &apos;close&apos; of undefined
    at Object.&lt;anonymous&gt; (/home/mmittelb/Projects/stolen-api-services/apps/customer/src/v1/customers/customers.service.spec.ts:148:22)
    at Promise.then.completed (/home/mmittelb/Projects/stolen-api-services/node_modules/jest-circus/build/utils.js:390:28)
    at new Promise (&lt;anonymous&gt;)
    at callAsyncCircusFn (/home/mmittelb/Projects/stolen-api-services/node_modules/jest-circus/build/utils.js:315:10)
    at _callCircusHook (/home/mmittelb/Projects/stolen-api-services/node_modules/jest-circus/build/run.js:181:40)
    at _runTest (/home/mmittelb/Projects/stolen-api-services/node_modules/jest-circus/build/run.js:158:5)
    at _runTestsForDescribeBlock (/home/mmittelb/Projects/stolen-api-services/node_modules/jest-circus/build/run.js:66:9)
    at _runTestsForDescribeBlock (/home/mmittelb/Projects/stolen-api-services/node_modules/jest-circus/build/run.js:60:9)
    at _runTestsForDescribeBlock (/home/mmittelb/Projects/stolen-api-services/node_modules/jest-circus/build/run.js:60:9)
    at run (/home/mmittelb/Projects/stolen-api-services/node_modules/jest-circus/build/run.js:25:3)</failure>
    </testcase>
    <testcase classname="CustomersService findOne should not find a doc" name="CustomersService findOne should not find a doc" time="0.001">
      <failure>Error: Status Code is 403 (MongoDB&apos;s 404)
This means that the requested version-platform combination doesn&apos;t exist
  Used Url: &quot;https://fastdl.mongodb.org/linux/mongodb-linux-x86_64-ubuntu2104-5.0.3.tgz&quot;
Try to use different version &apos;new MongoMemoryServer({ binary: { version: &apos;X.Y.Z&apos; } })&apos;
List of available versions can be found here:
  https://www.mongodb.org/dl/linux for Linux
  https://www.mongodb.org/dl/osx for OSX
  https://www.mongodb.org/dl/win32 for Windows
    at ClientRequest.&lt;anonymous&gt; (/home/mmittelb/Projects/stolen-api-services/node_modules/mongodb-memory-server-core/src/util/MongoBinaryDownload.ts:418:17)
    at Object.onceWrapper (events.js:520:26)
    at ClientRequest.emit (events.js:400:28)
    at HTTPParser.parserOnIncomingClient (_http_client.js:647:27)
    at HTTPParser.parserOnHeadersComplete (_http_common.js:126:17)
    at TLSSocket.socketOnData (_http_client.js:515:22)
    at TLSSocket.emit (events.js:400:28)
    at addChunk (internal/streams/readable.js:290:12)
    at readableAddChunk (internal/streams/readable.js:265:9)
    at TLSSocket.Readable.push (internal/streams/readable.js:204:10)</failure>
      <failure>TypeError: Cannot read property &apos;close&apos; of undefined
    at Object.&lt;anonymous&gt; (/home/mmittelb/Projects/stolen-api-services/apps/customer/src/v1/customers/customers.service.spec.ts:148:22)
    at Promise.then.completed (/home/mmittelb/Projects/stolen-api-services/node_modules/jest-circus/build/utils.js:390:28)
    at new Promise (&lt;anonymous&gt;)
    at callAsyncCircusFn (/home/mmittelb/Projects/stolen-api-services/node_modules/jest-circus/build/utils.js:315:10)
    at _callCircusHook (/home/mmittelb/Projects/stolen-api-services/node_modules/jest-circus/build/run.js:181:40)
    at _runTest (/home/mmittelb/Projects/stolen-api-services/node_modules/jest-circus/build/run.js:158:5)
    at _runTestsForDescribeBlock (/home/mmittelb/Projects/stolen-api-services/node_modules/jest-circus/build/run.js:66:9)
    at _runTestsForDescribeBlock (/home/mmittelb/Projects/stolen-api-services/node_modules/jest-circus/build/run.js:60:9)
    at _runTestsForDescribeBlock (/home/mmittelb/Projects/stolen-api-services/node_modules/jest-circus/build/run.js:60:9)
    at run (/home/mmittelb/Projects/stolen-api-services/node_modules/jest-circus/build/run.js:25:3)</failure>
    </testcase>
    <testcase classname="CustomersService remove should remove a doc" name="CustomersService remove should remove a doc" time="0.001">
      <failure>Error: Status Code is 403 (MongoDB&apos;s 404)
This means that the requested version-platform combination doesn&apos;t exist
  Used Url: &quot;https://fastdl.mongodb.org/linux/mongodb-linux-x86_64-ubuntu2104-5.0.3.tgz&quot;
Try to use different version &apos;new MongoMemoryServer({ binary: { version: &apos;X.Y.Z&apos; } })&apos;
List of available versions can be found here:
  https://www.mongodb.org/dl/linux for Linux
  https://www.mongodb.org/dl/osx for OSX
  https://www.mongodb.org/dl/win32 for Windows
    at ClientRequest.&lt;anonymous&gt; (/home/mmittelb/Projects/stolen-api-services/node_modules/mongodb-memory-server-core/src/util/MongoBinaryDownload.ts:418:17)
    at Object.onceWrapper (events.js:520:26)
    at ClientRequest.emit (events.js:400:28)
    at HTTPParser.parserOnIncomingClient (_http_client.js:647:27)
    at HTTPParser.parserOnHeadersComplete (_http_common.js:126:17)
    at TLSSocket.socketOnData (_http_client.js:515:22)
    at TLSSocket.emit (events.js:400:28)
    at addChunk (internal/streams/readable.js:290:12)
    at readableAddChunk (internal/streams/readable.js:265:9)
    at TLSSocket.Readable.push (internal/streams/readable.js:204:10)</failure>
      <failure>TypeError: Cannot read property &apos;close&apos; of undefined
    at Object.&lt;anonymous&gt; (/home/mmittelb/Projects/stolen-api-services/apps/customer/src/v1/customers/customers.service.spec.ts:148:22)
    at Promise.then.completed (/home/mmittelb/Projects/stolen-api-services/node_modules/jest-circus/build/utils.js:390:28)
    at new Promise (&lt;anonymous&gt;)
    at callAsyncCircusFn (/home/mmittelb/Projects/stolen-api-services/node_modules/jest-circus/build/utils.js:315:10)
    at _callCircusHook (/home/mmittelb/Projects/stolen-api-services/node_modules/jest-circus/build/run.js:181:40)
    at _runTest (/home/mmittelb/Projects/stolen-api-services/node_modules/jest-circus/build/run.js:158:5)
    at _runTestsForDescribeBlock (/home/mmittelb/Projects/stolen-api-services/node_modules/jest-circus/build/run.js:66:9)
    at _runTestsForDescribeBlock (/home/mmittelb/Projects/stolen-api-services/node_modules/jest-circus/build/run.js:60:9)
    at _runTestsForDescribeBlock (/home/mmittelb/Projects/stolen-api-services/node_modules/jest-circus/build/run.js:60:9)
    at run (/home/mmittelb/Projects/stolen-api-services/node_modules/jest-circus/build/run.js:25:3)</failure>
    </testcase>
    <testcase classname="CustomersService remove should clear matching parent-properties" name="CustomersService remove should clear matching parent-properties" time="0">
      <failure>Error: Status Code is 403 (MongoDB&apos;s 404)
This means that the requested version-platform combination doesn&apos;t exist
  Used Url: &quot;https://fastdl.mongodb.org/linux/mongodb-linux-x86_64-ubuntu2104-5.0.3.tgz&quot;
Try to use different version &apos;new MongoMemoryServer({ binary: { version: &apos;X.Y.Z&apos; } })&apos;
List of available versions can be found here:
  https://www.mongodb.org/dl/linux for Linux
  https://www.mongodb.org/dl/osx for OSX
  https://www.mongodb.org/dl/win32 for Windows
    at ClientRequest.&lt;anonymous&gt; (/home/mmittelb/Projects/stolen-api-services/node_modules/mongodb-memory-server-core/src/util/MongoBinaryDownload.ts:418:17)
    at Object.onceWrapper (events.js:520:26)
    at ClientRequest.emit (events.js:400:28)
    at HTTPParser.parserOnIncomingClient (_http_client.js:647:27)
    at HTTPParser.parserOnHeadersComplete (_http_common.js:126:17)
    at TLSSocket.socketOnData (_http_client.js:515:22)
    at TLSSocket.emit (events.js:400:28)
    at addChunk (internal/streams/readable.js:290:12)
    at readableAddChunk (internal/streams/readable.js:265:9)
    at TLSSocket.Readable.push (internal/streams/readable.js:204:10)</failure>
      <failure>TypeError: Cannot read property &apos;close&apos; of undefined
    at Object.&lt;anonymous&gt; (/home/mmittelb/Projects/stolen-api-services/apps/customer/src/v1/customers/customers.service.spec.ts:148:22)
    at Promise.then.completed (/home/mmittelb/Projects/stolen-api-services/node_modules/jest-circus/build/utils.js:390:28)
    at new Promise (&lt;anonymous&gt;)
    at callAsyncCircusFn (/home/mmittelb/Projects/stolen-api-services/node_modules/jest-circus/build/utils.js:315:10)
    at _callCircusHook (/home/mmittelb/Projects/stolen-api-services/node_modules/jest-circus/build/run.js:181:40)
    at _runTest (/home/mmittelb/Projects/stolen-api-services/node_modules/jest-circus/build/run.js:158:5)
    at _runTestsForDescribeBlock (/home/mmittelb/Projects/stolen-api-services/node_modules/jest-circus/build/run.js:66:9)
    at _runTestsForDescribeBlock (/home/mmittelb/Projects/stolen-api-services/node_modules/jest-circus/build/run.js:60:9)
    at _runTestsForDescribeBlock (/home/mmittelb/Projects/stolen-api-services/node_modules/jest-circus/build/run.js:60:9)
    at run (/home/mmittelb/Projects/stolen-api-services/node_modules/jest-circus/build/run.js:25:3)</failure>
    </testcase>
    <testcase classname="CustomersService update should not find the customer" name="CustomersService update should not find the customer" time="0.001">
      <failure>Error: Status Code is 403 (MongoDB&apos;s 404)
This means that the requested version-platform combination doesn&apos;t exist
  Used Url: &quot;https://fastdl.mongodb.org/linux/mongodb-linux-x86_64-ubuntu2104-5.0.3.tgz&quot;
Try to use different version &apos;new MongoMemoryServer({ binary: { version: &apos;X.Y.Z&apos; } })&apos;
List of available versions can be found here:
  https://www.mongodb.org/dl/linux for Linux
  https://www.mongodb.org/dl/osx for OSX
  https://www.mongodb.org/dl/win32 for Windows
    at ClientRequest.&lt;anonymous&gt; (/home/mmittelb/Projects/stolen-api-services/node_modules/mongodb-memory-server-core/src/util/MongoBinaryDownload.ts:418:17)
    at Object.onceWrapper (events.js:520:26)
    at ClientRequest.emit (events.js:400:28)
    at HTTPParser.parserOnIncomingClient (_http_client.js:647:27)
    at HTTPParser.parserOnHeadersComplete (_http_common.js:126:17)
    at TLSSocket.socketOnData (_http_client.js:515:22)
    at TLSSocket.emit (events.js:400:28)
    at addChunk (internal/streams/readable.js:290:12)
    at readableAddChunk (internal/streams/readable.js:265:9)
    at TLSSocket.Readable.push (internal/streams/readable.js:204:10)</failure>
      <failure>TypeError: Cannot read property &apos;close&apos; of undefined
    at Object.&lt;anonymous&gt; (/home/mmittelb/Projects/stolen-api-services/apps/customer/src/v1/customers/customers.service.spec.ts:148:22)
    at Promise.then.completed (/home/mmittelb/Projects/stolen-api-services/node_modules/jest-circus/build/utils.js:390:28)
    at new Promise (&lt;anonymous&gt;)
    at callAsyncCircusFn (/home/mmittelb/Projects/stolen-api-services/node_modules/jest-circus/build/utils.js:315:10)
    at _callCircusHook (/home/mmittelb/Projects/stolen-api-services/node_modules/jest-circus/build/run.js:181:40)
    at _runTest (/home/mmittelb/Projects/stolen-api-services/node_modules/jest-circus/build/run.js:158:5)
    at _runTestsForDescribeBlock (/home/mmittelb/Projects/stolen-api-services/node_modules/jest-circus/build/run.js:66:9)
    at _runTestsForDescribeBlock (/home/mmittelb/Projects/stolen-api-services/node_modules/jest-circus/build/run.js:60:9)
    at _runTestsForDescribeBlock (/home/mmittelb/Projects/stolen-api-services/node_modules/jest-circus/build/run.js:60:9)
    at run (/home/mmittelb/Projects/stolen-api-services/node_modules/jest-circus/build/run.js:25:3)</failure>
    </testcase>
    <testcase classname="CustomersService update should have a version conflict" name="CustomersService update should have a version conflict" time="0">
      <failure>Error: Status Code is 403 (MongoDB&apos;s 404)
This means that the requested version-platform combination doesn&apos;t exist
  Used Url: &quot;https://fastdl.mongodb.org/linux/mongodb-linux-x86_64-ubuntu2104-5.0.3.tgz&quot;
Try to use different version &apos;new MongoMemoryServer({ binary: { version: &apos;X.Y.Z&apos; } })&apos;
List of available versions can be found here:
  https://www.mongodb.org/dl/linux for Linux
  https://www.mongodb.org/dl/osx for OSX
  https://www.mongodb.org/dl/win32 for Windows
    at ClientRequest.&lt;anonymous&gt; (/home/mmittelb/Projects/stolen-api-services/node_modules/mongodb-memory-server-core/src/util/MongoBinaryDownload.ts:418:17)
    at Object.onceWrapper (events.js:520:26)
    at ClientRequest.emit (events.js:400:28)
    at HTTPParser.parserOnIncomingClient (_http_client.js:647:27)
    at HTTPParser.parserOnHeadersComplete (_http_common.js:126:17)
    at TLSSocket.socketOnData (_http_client.js:515:22)
    at TLSSocket.emit (events.js:400:28)
    at addChunk (internal/streams/readable.js:290:12)
    at readableAddChunk (internal/streams/readable.js:265:9)
    at TLSSocket.Readable.push (internal/streams/readable.js:204:10)</failure>
      <failure>TypeError: Cannot read property &apos;close&apos; of undefined
    at Object.&lt;anonymous&gt; (/home/mmittelb/Projects/stolen-api-services/apps/customer/src/v1/customers/customers.service.spec.ts:148:22)
    at Promise.then.completed (/home/mmittelb/Projects/stolen-api-services/node_modules/jest-circus/build/utils.js:390:28)
    at new Promise (&lt;anonymous&gt;)
    at callAsyncCircusFn (/home/mmittelb/Projects/stolen-api-services/node_modules/jest-circus/build/utils.js:315:10)
    at _callCircusHook (/home/mmittelb/Projects/stolen-api-services/node_modules/jest-circus/build/run.js:181:40)
    at _runTest (/home/mmittelb/Projects/stolen-api-services/node_modules/jest-circus/build/run.js:158:5)
    at _runTestsForDescribeBlock (/home/mmittelb/Projects/stolen-api-services/node_modules/jest-circus/build/run.js:66:9)
    at _runTestsForDescribeBlock (/home/mmittelb/Projects/stolen-api-services/node_modules/jest-circus/build/run.js:60:9)
    at _runTestsForDescribeBlock (/home/mmittelb/Projects/stolen-api-services/node_modules/jest-circus/build/run.js:60:9)
    at run (/home/mmittelb/Projects/stolen-api-services/node_modules/jest-circus/build/run.js:25:3)</failure>
    </testcase>
    <testcase classname="CustomersService update should succeed" name="CustomersService update should succeed" time="0.001">
      <failure>Error: Status Code is 403 (MongoDB&apos;s 404)
This means that the requested version-platform combination doesn&apos;t exist
  Used Url: &quot;https://fastdl.mongodb.org/linux/mongodb-linux-x86_64-ubuntu2104-5.0.3.tgz&quot;
Try to use different version &apos;new MongoMemoryServer({ binary: { version: &apos;X.Y.Z&apos; } })&apos;
List of available versions can be found here:
  https://www.mongodb.org/dl/linux for Linux
  https://www.mongodb.org/dl/osx for OSX
  https://www.mongodb.org/dl/win32 for Windows
    at ClientRequest.&lt;anonymous&gt; (/home/mmittelb/Projects/stolen-api-services/node_modules/mongodb-memory-server-core/src/util/MongoBinaryDownload.ts:418:17)
    at Object.onceWrapper (events.js:520:26)
    at ClientRequest.emit (events.js:400:28)
    at HTTPParser.parserOnIncomingClient (_http_client.js:647:27)
    at HTTPParser.parserOnHeadersComplete (_http_common.js:126:17)
    at TLSSocket.socketOnData (_http_client.js:515:22)
    at TLSSocket.emit (events.js:400:28)
    at addChunk (internal/streams/readable.js:290:12)
    at readableAddChunk (internal/streams/readable.js:265:9)
    at TLSSocket.Readable.push (internal/streams/readable.js:204:10)</failure>
      <failure>TypeError: Cannot read property &apos;close&apos; of undefined
    at Object.&lt;anonymous&gt; (/home/mmittelb/Projects/stolen-api-services/apps/customer/src/v1/customers/customers.service.spec.ts:148:22)
    at Promise.then.completed (/home/mmittelb/Projects/stolen-api-services/node_modules/jest-circus/build/utils.js:390:28)
    at new Promise (&lt;anonymous&gt;)
    at callAsyncCircusFn (/home/mmittelb/Projects/stolen-api-services/node_modules/jest-circus/build/utils.js:315:10)
    at _callCircusHook (/home/mmittelb/Projects/stolen-api-services/node_modules/jest-circus/build/run.js:181:40)
    at _runTest (/home/mmittelb/Projects/stolen-api-services/node_modules/jest-circus/build/run.js:158:5)
    at _runTestsForDescribeBlock (/home/mmittelb/Projects/stolen-api-services/node_modules/jest-circus/build/run.js:66:9)
    at _runTestsForDescribeBlock (/home/mmittelb/Projects/stolen-api-services/node_modules/jest-circus/build/run.js:60:9)
    at _runTestsForDescribeBlock (/home/mmittelb/Projects/stolen-api-services/node_modules/jest-circus/build/run.js:60:9)
    at run (/home/mmittelb/Projects/stolen-api-services/node_modules/jest-circus/build/run.js:25:3)</failure>
    </testcase>
    <testcase classname="CustomersService update should update additional information" name="CustomersService update should update additional information" time="0">
      <failure>Error: Status Code is 403 (MongoDB&apos;s 404)
This means that the requested version-platform combination doesn&apos;t exist
  Used Url: &quot;https://fastdl.mongodb.org/linux/mongodb-linux-x86_64-ubuntu2104-5.0.3.tgz&quot;
Try to use different version &apos;new MongoMemoryServer({ binary: { version: &apos;X.Y.Z&apos; } })&apos;
List of available versions can be found here:
  https://www.mongodb.org/dl/linux for Linux
  https://www.mongodb.org/dl/osx for OSX
  https://www.mongodb.org/dl/win32 for Windows
    at ClientRequest.&lt;anonymous&gt; (/home/mmittelb/Projects/stolen-api-services/node_modules/mongodb-memory-server-core/src/util/MongoBinaryDownload.ts:418:17)
    at Object.onceWrapper (events.js:520:26)
    at ClientRequest.emit (events.js:400:28)
    at HTTPParser.parserOnIncomingClient (_http_client.js:647:27)
    at HTTPParser.parserOnHeadersComplete (_http_common.js:126:17)
    at TLSSocket.socketOnData (_http_client.js:515:22)
    at TLSSocket.emit (events.js:400:28)
    at addChunk (internal/streams/readable.js:290:12)
    at readableAddChunk (internal/streams/readable.js:265:9)
    at TLSSocket.Readable.push (internal/streams/readable.js:204:10)</failure>
      <failure>TypeError: Cannot read property &apos;close&apos; of undefined
    at Object.&lt;anonymous&gt; (/home/mmittelb/Projects/stolen-api-services/apps/customer/src/v1/customers/customers.service.spec.ts:148:22)
    at Promise.then.completed (/home/mmittelb/Projects/stolen-api-services/node_modules/jest-circus/build/utils.js:390:28)
    at new Promise (&lt;anonymous&gt;)
    at callAsyncCircusFn (/home/mmittelb/Projects/stolen-api-services/node_modules/jest-circus/build/utils.js:315:10)
    at _callCircusHook (/home/mmittelb/Projects/stolen-api-services/node_modules/jest-circus/build/run.js:181:40)
    at _runTest (/home/mmittelb/Projects/stolen-api-services/node_modules/jest-circus/build/run.js:158:5)
    at _runTestsForDescribeBlock (/home/mmittelb/Projects/stolen-api-services/node_modules/jest-circus/build/run.js:66:9)
    at _runTestsForDescribeBlock (/home/mmittelb/Projects/stolen-api-services/node_modules/jest-circus/build/run.js:60:9)
    at _runTestsForDescribeBlock (/home/mmittelb/Projects/stolen-api-services/node_modules/jest-circus/build/run.js:60:9)
    at run (/home/mmittelb/Projects/stolen-api-services/node_modules/jest-circus/build/run.js:25:3)</failure>
    </testcase>
  </testsuite>
  <testsuite name="UsersEmailsService" errors="0" failures="29" skipped="0" timestamp="2021-12-13T16:21:13" time="1.824" tests="29">
    <testcase classname="UsersEmailsService misc should generate data for email-verification" name="UsersEmailsService misc should generate data for email-verification" time="0.001">
      <failure>Error: Status Code is 403 (MongoDB&apos;s 404)
This means that the requested version-platform combination doesn&apos;t exist
  Used Url: &quot;https://fastdl.mongodb.org/linux/mongodb-linux-x86_64-ubuntu2104-5.0.3.tgz&quot;
Try to use different version &apos;new MongoMemoryServer({ binary: { version: &apos;X.Y.Z&apos; } })&apos;
List of available versions can be found here:
  https://www.mongodb.org/dl/linux for Linux
  https://www.mongodb.org/dl/osx for OSX
  https://www.mongodb.org/dl/win32 for Windows
    at ClientRequest.&lt;anonymous&gt; (/home/mmittelb/Projects/stolen-api-services/node_modules/mongodb-memory-server-core/src/util/MongoBinaryDownload.ts:418:17)
    at Object.onceWrapper (events.js:520:26)
    at ClientRequest.emit (events.js:400:28)
    at HTTPParser.parserOnIncomingClient (_http_client.js:647:27)
    at HTTPParser.parserOnHeadersComplete (_http_common.js:126:17)
    at TLSSocket.socketOnData (_http_client.js:515:22)
    at TLSSocket.emit (events.js:400:28)
    at addChunk (internal/streams/readable.js:290:12)
    at readableAddChunk (internal/streams/readable.js:265:9)
    at TLSSocket.Readable.push (internal/streams/readable.js:204:10)</failure>
      <failure>TypeError: Cannot read property &apos;close&apos; of undefined
    at Object.&lt;anonymous&gt; (/home/mmittelb/Projects/stolen-api-services/apps/user/src/v1/users-emails/usersEmails.service.spec.ts:89:22)
    at Promise.then.completed (/home/mmittelb/Projects/stolen-api-services/node_modules/jest-circus/build/utils.js:390:28)
    at new Promise (&lt;anonymous&gt;)
    at callAsyncCircusFn (/home/mmittelb/Projects/stolen-api-services/node_modules/jest-circus/build/utils.js:315:10)
    at _callCircusHook (/home/mmittelb/Projects/stolen-api-services/node_modules/jest-circus/build/run.js:181:40)
    at _runTest (/home/mmittelb/Projects/stolen-api-services/node_modules/jest-circus/build/run.js:158:5)
    at _runTestsForDescribeBlock (/home/mmittelb/Projects/stolen-api-services/node_modules/jest-circus/build/run.js:66:9)
    at _runTestsForDescribeBlock (/home/mmittelb/Projects/stolen-api-services/node_modules/jest-circus/build/run.js:60:9)
    at _runTestsForDescribeBlock (/home/mmittelb/Projects/stolen-api-services/node_modules/jest-circus/build/run.js:60:9)
    at run (/home/mmittelb/Projects/stolen-api-services/node_modules/jest-circus/build/run.js:25:3)</failure>
    </testcase>
    <testcase classname="UsersEmailsService findOne should find a doc" name="UsersEmailsService findOne should find a doc" time="0.001">
      <failure>Error: Status Code is 403 (MongoDB&apos;s 404)
This means that the requested version-platform combination doesn&apos;t exist
  Used Url: &quot;https://fastdl.mongodb.org/linux/mongodb-linux-x86_64-ubuntu2104-5.0.3.tgz&quot;
Try to use different version &apos;new MongoMemoryServer({ binary: { version: &apos;X.Y.Z&apos; } })&apos;
List of available versions can be found here:
  https://www.mongodb.org/dl/linux for Linux
  https://www.mongodb.org/dl/osx for OSX
  https://www.mongodb.org/dl/win32 for Windows
    at ClientRequest.&lt;anonymous&gt; (/home/mmittelb/Projects/stolen-api-services/node_modules/mongodb-memory-server-core/src/util/MongoBinaryDownload.ts:418:17)
    at Object.onceWrapper (events.js:520:26)
    at ClientRequest.emit (events.js:400:28)
    at HTTPParser.parserOnIncomingClient (_http_client.js:647:27)
    at HTTPParser.parserOnHeadersComplete (_http_common.js:126:17)
    at TLSSocket.socketOnData (_http_client.js:515:22)
    at TLSSocket.emit (events.js:400:28)
    at addChunk (internal/streams/readable.js:290:12)
    at readableAddChunk (internal/streams/readable.js:265:9)
    at TLSSocket.Readable.push (internal/streams/readable.js:204:10)</failure>
      <failure>TypeError: Cannot read property &apos;close&apos; of undefined
    at Object.&lt;anonymous&gt; (/home/mmittelb/Projects/stolen-api-services/apps/user/src/v1/users-emails/usersEmails.service.spec.ts:89:22)
    at Promise.then.completed (/home/mmittelb/Projects/stolen-api-services/node_modules/jest-circus/build/utils.js:390:28)
    at new Promise (&lt;anonymous&gt;)
    at callAsyncCircusFn (/home/mmittelb/Projects/stolen-api-services/node_modules/jest-circus/build/utils.js:315:10)
    at _callCircusHook (/home/mmittelb/Projects/stolen-api-services/node_modules/jest-circus/build/run.js:181:40)
    at _runTest (/home/mmittelb/Projects/stolen-api-services/node_modules/jest-circus/build/run.js:158:5)
    at _runTestsForDescribeBlock (/home/mmittelb/Projects/stolen-api-services/node_modules/jest-circus/build/run.js:66:9)
    at _runTestsForDescribeBlock (/home/mmittelb/Projects/stolen-api-services/node_modules/jest-circus/build/run.js:60:9)
    at _runTestsForDescribeBlock (/home/mmittelb/Projects/stolen-api-services/node_modules/jest-circus/build/run.js:60:9)
    at run (/home/mmittelb/Projects/stolen-api-services/node_modules/jest-circus/build/run.js:25:3)</failure>
    </testcase>
    <testcase classname="UsersEmailsService findOne should not find a doc" name="UsersEmailsService findOne should not find a doc" time="0.001">
      <failure>Error: Status Code is 403 (MongoDB&apos;s 404)
This means that the requested version-platform combination doesn&apos;t exist
  Used Url: &quot;https://fastdl.mongodb.org/linux/mongodb-linux-x86_64-ubuntu2104-5.0.3.tgz&quot;
Try to use different version &apos;new MongoMemoryServer({ binary: { version: &apos;X.Y.Z&apos; } })&apos;
List of available versions can be found here:
  https://www.mongodb.org/dl/linux for Linux
  https://www.mongodb.org/dl/osx for OSX
  https://www.mongodb.org/dl/win32 for Windows
    at ClientRequest.&lt;anonymous&gt; (/home/mmittelb/Projects/stolen-api-services/node_modules/mongodb-memory-server-core/src/util/MongoBinaryDownload.ts:418:17)
    at Object.onceWrapper (events.js:520:26)
    at ClientRequest.emit (events.js:400:28)
    at HTTPParser.parserOnIncomingClient (_http_client.js:647:27)
    at HTTPParser.parserOnHeadersComplete (_http_common.js:126:17)
    at TLSSocket.socketOnData (_http_client.js:515:22)
    at TLSSocket.emit (events.js:400:28)
    at addChunk (internal/streams/readable.js:290:12)
    at readableAddChunk (internal/streams/readable.js:265:9)
    at TLSSocket.Readable.push (internal/streams/readable.js:204:10)</failure>
      <failure>TypeError: Cannot read property &apos;close&apos; of undefined
    at Object.&lt;anonymous&gt; (/home/mmittelb/Projects/stolen-api-services/apps/user/src/v1/users-emails/usersEmails.service.spec.ts:89:22)
    at Promise.then.completed (/home/mmittelb/Projects/stolen-api-services/node_modules/jest-circus/build/utils.js:390:28)
    at new Promise (&lt;anonymous&gt;)
    at callAsyncCircusFn (/home/mmittelb/Projects/stolen-api-services/node_modules/jest-circus/build/utils.js:315:10)
    at _callCircusHook (/home/mmittelb/Projects/stolen-api-services/node_modules/jest-circus/build/run.js:181:40)
    at _runTest (/home/mmittelb/Projects/stolen-api-services/node_modules/jest-circus/build/run.js:158:5)
    at _runTestsForDescribeBlock (/home/mmittelb/Projects/stolen-api-services/node_modules/jest-circus/build/run.js:66:9)
    at _runTestsForDescribeBlock (/home/mmittelb/Projects/stolen-api-services/node_modules/jest-circus/build/run.js:60:9)
    at _runTestsForDescribeBlock (/home/mmittelb/Projects/stolen-api-services/node_modules/jest-circus/build/run.js:60:9)
    at run (/home/mmittelb/Projects/stolen-api-services/node_modules/jest-circus/build/run.js:25:3)</failure>
    </testcase>
    <testcase classname="UsersEmailsService findAll should find all docs" name="UsersEmailsService findAll should find all docs" time="0">
      <failure>Error: Status Code is 403 (MongoDB&apos;s 404)
This means that the requested version-platform combination doesn&apos;t exist
  Used Url: &quot;https://fastdl.mongodb.org/linux/mongodb-linux-x86_64-ubuntu2104-5.0.3.tgz&quot;
Try to use different version &apos;new MongoMemoryServer({ binary: { version: &apos;X.Y.Z&apos; } })&apos;
List of available versions can be found here:
  https://www.mongodb.org/dl/linux for Linux
  https://www.mongodb.org/dl/osx for OSX
  https://www.mongodb.org/dl/win32 for Windows
    at ClientRequest.&lt;anonymous&gt; (/home/mmittelb/Projects/stolen-api-services/node_modules/mongodb-memory-server-core/src/util/MongoBinaryDownload.ts:418:17)
    at Object.onceWrapper (events.js:520:26)
    at ClientRequest.emit (events.js:400:28)
    at HTTPParser.parserOnIncomingClient (_http_client.js:647:27)
    at HTTPParser.parserOnHeadersComplete (_http_common.js:126:17)
    at TLSSocket.socketOnData (_http_client.js:515:22)
    at TLSSocket.emit (events.js:400:28)
    at addChunk (internal/streams/readable.js:290:12)
    at readableAddChunk (internal/streams/readable.js:265:9)
    at TLSSocket.Readable.push (internal/streams/readable.js:204:10)</failure>
      <failure>TypeError: Cannot read property &apos;close&apos; of undefined
    at Object.&lt;anonymous&gt; (/home/mmittelb/Projects/stolen-api-services/apps/user/src/v1/users-emails/usersEmails.service.spec.ts:89:22)
    at Promise.then.completed (/home/mmittelb/Projects/stolen-api-services/node_modules/jest-circus/build/utils.js:390:28)
    at new Promise (&lt;anonymous&gt;)
    at callAsyncCircusFn (/home/mmittelb/Projects/stolen-api-services/node_modules/jest-circus/build/utils.js:315:10)
    at _callCircusHook (/home/mmittelb/Projects/stolen-api-services/node_modules/jest-circus/build/run.js:181:40)
    at _runTest (/home/mmittelb/Projects/stolen-api-services/node_modules/jest-circus/build/run.js:158:5)
    at _runTestsForDescribeBlock (/home/mmittelb/Projects/stolen-api-services/node_modules/jest-circus/build/run.js:66:9)
    at _runTestsForDescribeBlock (/home/mmittelb/Projects/stolen-api-services/node_modules/jest-circus/build/run.js:60:9)
    at _runTestsForDescribeBlock (/home/mmittelb/Projects/stolen-api-services/node_modules/jest-circus/build/run.js:60:9)
    at run (/home/mmittelb/Projects/stolen-api-services/node_modules/jest-circus/build/run.js:25:3)</failure>
    </testcase>
    <testcase classname="UsersEmailsService findAll should not find any doc" name="UsersEmailsService findAll should not find any doc" time="0">
      <failure>Error: Status Code is 403 (MongoDB&apos;s 404)
This means that the requested version-platform combination doesn&apos;t exist
  Used Url: &quot;https://fastdl.mongodb.org/linux/mongodb-linux-x86_64-ubuntu2104-5.0.3.tgz&quot;
Try to use different version &apos;new MongoMemoryServer({ binary: { version: &apos;X.Y.Z&apos; } })&apos;
List of available versions can be found here:
  https://www.mongodb.org/dl/linux for Linux
  https://www.mongodb.org/dl/osx for OSX
  https://www.mongodb.org/dl/win32 for Windows
    at ClientRequest.&lt;anonymous&gt; (/home/mmittelb/Projects/stolen-api-services/node_modules/mongodb-memory-server-core/src/util/MongoBinaryDownload.ts:418:17)
    at Object.onceWrapper (events.js:520:26)
    at ClientRequest.emit (events.js:400:28)
    at HTTPParser.parserOnIncomingClient (_http_client.js:647:27)
    at HTTPParser.parserOnHeadersComplete (_http_common.js:126:17)
    at TLSSocket.socketOnData (_http_client.js:515:22)
    at TLSSocket.emit (events.js:400:28)
    at addChunk (internal/streams/readable.js:290:12)
    at readableAddChunk (internal/streams/readable.js:265:9)
    at TLSSocket.Readable.push (internal/streams/readable.js:204:10)</failure>
      <failure>TypeError: Cannot read property &apos;close&apos; of undefined
    at Object.&lt;anonymous&gt; (/home/mmittelb/Projects/stolen-api-services/apps/user/src/v1/users-emails/usersEmails.service.spec.ts:89:22)
    at Promise.then.completed (/home/mmittelb/Projects/stolen-api-services/node_modules/jest-circus/build/utils.js:390:28)
    at new Promise (&lt;anonymous&gt;)
    at callAsyncCircusFn (/home/mmittelb/Projects/stolen-api-services/node_modules/jest-circus/build/utils.js:315:10)
    at _callCircusHook (/home/mmittelb/Projects/stolen-api-services/node_modules/jest-circus/build/run.js:181:40)
    at _runTest (/home/mmittelb/Projects/stolen-api-services/node_modules/jest-circus/build/run.js:158:5)
    at _runTestsForDescribeBlock (/home/mmittelb/Projects/stolen-api-services/node_modules/jest-circus/build/run.js:66:9)
    at _runTestsForDescribeBlock (/home/mmittelb/Projects/stolen-api-services/node_modules/jest-circus/build/run.js:60:9)
    at _runTestsForDescribeBlock (/home/mmittelb/Projects/stolen-api-services/node_modules/jest-circus/build/run.js:60:9)
    at run (/home/mmittelb/Projects/stolen-api-services/node_modules/jest-circus/build/run.js:25:3)</failure>
    </testcase>
    <testcase classname="UsersEmailsService remove should remove a doc" name="UsersEmailsService remove should remove a doc" time="0">
      <failure>Error: Status Code is 403 (MongoDB&apos;s 404)
This means that the requested version-platform combination doesn&apos;t exist
  Used Url: &quot;https://fastdl.mongodb.org/linux/mongodb-linux-x86_64-ubuntu2104-5.0.3.tgz&quot;
Try to use different version &apos;new MongoMemoryServer({ binary: { version: &apos;X.Y.Z&apos; } })&apos;
List of available versions can be found here:
  https://www.mongodb.org/dl/linux for Linux
  https://www.mongodb.org/dl/osx for OSX
  https://www.mongodb.org/dl/win32 for Windows
    at ClientRequest.&lt;anonymous&gt; (/home/mmittelb/Projects/stolen-api-services/node_modules/mongodb-memory-server-core/src/util/MongoBinaryDownload.ts:418:17)
    at Object.onceWrapper (events.js:520:26)
    at ClientRequest.emit (events.js:400:28)
    at HTTPParser.parserOnIncomingClient (_http_client.js:647:27)
    at HTTPParser.parserOnHeadersComplete (_http_common.js:126:17)
    at TLSSocket.socketOnData (_http_client.js:515:22)
    at TLSSocket.emit (events.js:400:28)
    at addChunk (internal/streams/readable.js:290:12)
    at readableAddChunk (internal/streams/readable.js:265:9)
    at TLSSocket.Readable.push (internal/streams/readable.js:204:10)</failure>
      <failure>TypeError: Cannot read property &apos;close&apos; of undefined
    at Object.&lt;anonymous&gt; (/home/mmittelb/Projects/stolen-api-services/apps/user/src/v1/users-emails/usersEmails.service.spec.ts:89:22)
    at Promise.then.completed (/home/mmittelb/Projects/stolen-api-services/node_modules/jest-circus/build/utils.js:390:28)
    at new Promise (&lt;anonymous&gt;)
    at callAsyncCircusFn (/home/mmittelb/Projects/stolen-api-services/node_modules/jest-circus/build/utils.js:315:10)
    at _callCircusHook (/home/mmittelb/Projects/stolen-api-services/node_modules/jest-circus/build/run.js:181:40)
    at _runTest (/home/mmittelb/Projects/stolen-api-services/node_modules/jest-circus/build/run.js:158:5)
    at _runTestsForDescribeBlock (/home/mmittelb/Projects/stolen-api-services/node_modules/jest-circus/build/run.js:66:9)
    at _runTestsForDescribeBlock (/home/mmittelb/Projects/stolen-api-services/node_modules/jest-circus/build/run.js:60:9)
    at _runTestsForDescribeBlock (/home/mmittelb/Projects/stolen-api-services/node_modules/jest-circus/build/run.js:60:9)
    at run (/home/mmittelb/Projects/stolen-api-services/node_modules/jest-circus/build/run.js:25:3)</failure>
    </testcase>
    <testcase classname="UsersEmailsService remove should not find the user" name="UsersEmailsService remove should not find the user" time="0">
      <failure>Error: Status Code is 403 (MongoDB&apos;s 404)
This means that the requested version-platform combination doesn&apos;t exist
  Used Url: &quot;https://fastdl.mongodb.org/linux/mongodb-linux-x86_64-ubuntu2104-5.0.3.tgz&quot;
Try to use different version &apos;new MongoMemoryServer({ binary: { version: &apos;X.Y.Z&apos; } })&apos;
List of available versions can be found here:
  https://www.mongodb.org/dl/linux for Linux
  https://www.mongodb.org/dl/osx for OSX
  https://www.mongodb.org/dl/win32 for Windows
    at ClientRequest.&lt;anonymous&gt; (/home/mmittelb/Projects/stolen-api-services/node_modules/mongodb-memory-server-core/src/util/MongoBinaryDownload.ts:418:17)
    at Object.onceWrapper (events.js:520:26)
    at ClientRequest.emit (events.js:400:28)
    at HTTPParser.parserOnIncomingClient (_http_client.js:647:27)
    at HTTPParser.parserOnHeadersComplete (_http_common.js:126:17)
    at TLSSocket.socketOnData (_http_client.js:515:22)
    at TLSSocket.emit (events.js:400:28)
    at addChunk (internal/streams/readable.js:290:12)
    at readableAddChunk (internal/streams/readable.js:265:9)
    at TLSSocket.Readable.push (internal/streams/readable.js:204:10)</failure>
      <failure>TypeError: Cannot read property &apos;close&apos; of undefined
    at Object.&lt;anonymous&gt; (/home/mmittelb/Projects/stolen-api-services/apps/user/src/v1/users-emails/usersEmails.service.spec.ts:89:22)
    at Promise.then.completed (/home/mmittelb/Projects/stolen-api-services/node_modules/jest-circus/build/utils.js:390:28)
    at new Promise (&lt;anonymous&gt;)
    at callAsyncCircusFn (/home/mmittelb/Projects/stolen-api-services/node_modules/jest-circus/build/utils.js:315:10)
    at _callCircusHook (/home/mmittelb/Projects/stolen-api-services/node_modules/jest-circus/build/run.js:181:40)
    at _runTest (/home/mmittelb/Projects/stolen-api-services/node_modules/jest-circus/build/run.js:158:5)
    at _runTestsForDescribeBlock (/home/mmittelb/Projects/stolen-api-services/node_modules/jest-circus/build/run.js:66:9)
    at _runTestsForDescribeBlock (/home/mmittelb/Projects/stolen-api-services/node_modules/jest-circus/build/run.js:60:9)
    at _runTestsForDescribeBlock (/home/mmittelb/Projects/stolen-api-services/node_modules/jest-circus/build/run.js:60:9)
    at run (/home/mmittelb/Projects/stolen-api-services/node_modules/jest-circus/build/run.js:25:3)</failure>
    </testcase>
    <testcase classname="UsersEmailsService remove should not find the email" name="UsersEmailsService remove should not find the email" time="0">
      <failure>Error: Status Code is 403 (MongoDB&apos;s 404)
This means that the requested version-platform combination doesn&apos;t exist
  Used Url: &quot;https://fastdl.mongodb.org/linux/mongodb-linux-x86_64-ubuntu2104-5.0.3.tgz&quot;
Try to use different version &apos;new MongoMemoryServer({ binary: { version: &apos;X.Y.Z&apos; } })&apos;
List of available versions can be found here:
  https://www.mongodb.org/dl/linux for Linux
  https://www.mongodb.org/dl/osx for OSX
  https://www.mongodb.org/dl/win32 for Windows
    at ClientRequest.&lt;anonymous&gt; (/home/mmittelb/Projects/stolen-api-services/node_modules/mongodb-memory-server-core/src/util/MongoBinaryDownload.ts:418:17)
    at Object.onceWrapper (events.js:520:26)
    at ClientRequest.emit (events.js:400:28)
    at HTTPParser.parserOnIncomingClient (_http_client.js:647:27)
    at HTTPParser.parserOnHeadersComplete (_http_common.js:126:17)
    at TLSSocket.socketOnData (_http_client.js:515:22)
    at TLSSocket.emit (events.js:400:28)
    at addChunk (internal/streams/readable.js:290:12)
    at readableAddChunk (internal/streams/readable.js:265:9)
    at TLSSocket.Readable.push (internal/streams/readable.js:204:10)</failure>
      <failure>TypeError: Cannot read property &apos;close&apos; of undefined
    at Object.&lt;anonymous&gt; (/home/mmittelb/Projects/stolen-api-services/apps/user/src/v1/users-emails/usersEmails.service.spec.ts:89:22)
    at Promise.then.completed (/home/mmittelb/Projects/stolen-api-services/node_modules/jest-circus/build/utils.js:390:28)
    at new Promise (&lt;anonymous&gt;)
    at callAsyncCircusFn (/home/mmittelb/Projects/stolen-api-services/node_modules/jest-circus/build/utils.js:315:10)
    at _callCircusHook (/home/mmittelb/Projects/stolen-api-services/node_modules/jest-circus/build/run.js:181:40)
    at _runTest (/home/mmittelb/Projects/stolen-api-services/node_modules/jest-circus/build/run.js:158:5)
    at _runTestsForDescribeBlock (/home/mmittelb/Projects/stolen-api-services/node_modules/jest-circus/build/run.js:66:9)
    at _runTestsForDescribeBlock (/home/mmittelb/Projects/stolen-api-services/node_modules/jest-circus/build/run.js:60:9)
    at _runTestsForDescribeBlock (/home/mmittelb/Projects/stolen-api-services/node_modules/jest-circus/build/run.js:60:9)
    at run (/home/mmittelb/Projects/stolen-api-services/node_modules/jest-circus/build/run.js:25:3)</failure>
    </testcase>
    <testcase classname="UsersEmailsService remove should not allow deletion of primary email" name="UsersEmailsService remove should not allow deletion of primary email" time="0.001">
      <failure>Error: Status Code is 403 (MongoDB&apos;s 404)
This means that the requested version-platform combination doesn&apos;t exist
  Used Url: &quot;https://fastdl.mongodb.org/linux/mongodb-linux-x86_64-ubuntu2104-5.0.3.tgz&quot;
Try to use different version &apos;new MongoMemoryServer({ binary: { version: &apos;X.Y.Z&apos; } })&apos;
List of available versions can be found here:
  https://www.mongodb.org/dl/linux for Linux
  https://www.mongodb.org/dl/osx for OSX
  https://www.mongodb.org/dl/win32 for Windows
    at ClientRequest.&lt;anonymous&gt; (/home/mmittelb/Projects/stolen-api-services/node_modules/mongodb-memory-server-core/src/util/MongoBinaryDownload.ts:418:17)
    at Object.onceWrapper (events.js:520:26)
    at ClientRequest.emit (events.js:400:28)
    at HTTPParser.parserOnIncomingClient (_http_client.js:647:27)
    at HTTPParser.parserOnHeadersComplete (_http_common.js:126:17)
    at TLSSocket.socketOnData (_http_client.js:515:22)
    at TLSSocket.emit (events.js:400:28)
    at addChunk (internal/streams/readable.js:290:12)
    at readableAddChunk (internal/streams/readable.js:265:9)
    at TLSSocket.Readable.push (internal/streams/readable.js:204:10)</failure>
      <failure>TypeError: Cannot read property &apos;close&apos; of undefined
    at Object.&lt;anonymous&gt; (/home/mmittelb/Projects/stolen-api-services/apps/user/src/v1/users-emails/usersEmails.service.spec.ts:89:22)
    at Promise.then.completed (/home/mmittelb/Projects/stolen-api-services/node_modules/jest-circus/build/utils.js:390:28)
    at new Promise (&lt;anonymous&gt;)
    at callAsyncCircusFn (/home/mmittelb/Projects/stolen-api-services/node_modules/jest-circus/build/utils.js:315:10)
    at _callCircusHook (/home/mmittelb/Projects/stolen-api-services/node_modules/jest-circus/build/run.js:181:40)
    at _runTest (/home/mmittelb/Projects/stolen-api-services/node_modules/jest-circus/build/run.js:158:5)
    at _runTestsForDescribeBlock (/home/mmittelb/Projects/stolen-api-services/node_modules/jest-circus/build/run.js:66:9)
    at _runTestsForDescribeBlock (/home/mmittelb/Projects/stolen-api-services/node_modules/jest-circus/build/run.js:60:9)
    at _runTestsForDescribeBlock (/home/mmittelb/Projects/stolen-api-services/node_modules/jest-circus/build/run.js:60:9)
    at run (/home/mmittelb/Projects/stolen-api-services/node_modules/jest-circus/build/run.js:25:3)</failure>
    </testcase>
    <testcase classname="UsersEmailsService create should not find the user" name="UsersEmailsService create should not find the user" time="0">
      <failure>Error: Status Code is 403 (MongoDB&apos;s 404)
This means that the requested version-platform combination doesn&apos;t exist
  Used Url: &quot;https://fastdl.mongodb.org/linux/mongodb-linux-x86_64-ubuntu2104-5.0.3.tgz&quot;
Try to use different version &apos;new MongoMemoryServer({ binary: { version: &apos;X.Y.Z&apos; } })&apos;
List of available versions can be found here:
  https://www.mongodb.org/dl/linux for Linux
  https://www.mongodb.org/dl/osx for OSX
  https://www.mongodb.org/dl/win32 for Windows
    at ClientRequest.&lt;anonymous&gt; (/home/mmittelb/Projects/stolen-api-services/node_modules/mongodb-memory-server-core/src/util/MongoBinaryDownload.ts:418:17)
    at Object.onceWrapper (events.js:520:26)
    at ClientRequest.emit (events.js:400:28)
    at HTTPParser.parserOnIncomingClient (_http_client.js:647:27)
    at HTTPParser.parserOnHeadersComplete (_http_common.js:126:17)
    at TLSSocket.socketOnData (_http_client.js:515:22)
    at TLSSocket.emit (events.js:400:28)
    at addChunk (internal/streams/readable.js:290:12)
    at readableAddChunk (internal/streams/readable.js:265:9)
    at TLSSocket.Readable.push (internal/streams/readable.js:204:10)</failure>
      <failure>TypeError: Cannot read property &apos;close&apos; of undefined
    at Object.&lt;anonymous&gt; (/home/mmittelb/Projects/stolen-api-services/apps/user/src/v1/users-emails/usersEmails.service.spec.ts:89:22)
    at Promise.then.completed (/home/mmittelb/Projects/stolen-api-services/node_modules/jest-circus/build/utils.js:390:28)
    at new Promise (&lt;anonymous&gt;)
    at callAsyncCircusFn (/home/mmittelb/Projects/stolen-api-services/node_modules/jest-circus/build/utils.js:315:10)
    at _callCircusHook (/home/mmittelb/Projects/stolen-api-services/node_modules/jest-circus/build/run.js:181:40)
    at _runTest (/home/mmittelb/Projects/stolen-api-services/node_modules/jest-circus/build/run.js:158:5)
    at _runTestsForDescribeBlock (/home/mmittelb/Projects/stolen-api-services/node_modules/jest-circus/build/run.js:66:9)
    at _runTestsForDescribeBlock (/home/mmittelb/Projects/stolen-api-services/node_modules/jest-circus/build/run.js:60:9)
    at _runTestsForDescribeBlock (/home/mmittelb/Projects/stolen-api-services/node_modules/jest-circus/build/run.js:60:9)
    at run (/home/mmittelb/Projects/stolen-api-services/node_modules/jest-circus/build/run.js:25:3)</failure>
    </testcase>
    <testcase classname="UsersEmailsService create should detect user not activated" name="UsersEmailsService create should detect user not activated" time="0.001">
      <failure>Error: Status Code is 403 (MongoDB&apos;s 404)
This means that the requested version-platform combination doesn&apos;t exist
  Used Url: &quot;https://fastdl.mongodb.org/linux/mongodb-linux-x86_64-ubuntu2104-5.0.3.tgz&quot;
Try to use different version &apos;new MongoMemoryServer({ binary: { version: &apos;X.Y.Z&apos; } })&apos;
List of available versions can be found here:
  https://www.mongodb.org/dl/linux for Linux
  https://www.mongodb.org/dl/osx for OSX
  https://www.mongodb.org/dl/win32 for Windows
    at ClientRequest.&lt;anonymous&gt; (/home/mmittelb/Projects/stolen-api-services/node_modules/mongodb-memory-server-core/src/util/MongoBinaryDownload.ts:418:17)
    at Object.onceWrapper (events.js:520:26)
    at ClientRequest.emit (events.js:400:28)
    at HTTPParser.parserOnIncomingClient (_http_client.js:647:27)
    at HTTPParser.parserOnHeadersComplete (_http_common.js:126:17)
    at TLSSocket.socketOnData (_http_client.js:515:22)
    at TLSSocket.emit (events.js:400:28)
    at addChunk (internal/streams/readable.js:290:12)
    at readableAddChunk (internal/streams/readable.js:265:9)
    at TLSSocket.Readable.push (internal/streams/readable.js:204:10)</failure>
      <failure>TypeError: Cannot read property &apos;close&apos; of undefined
    at Object.&lt;anonymous&gt; (/home/mmittelb/Projects/stolen-api-services/apps/user/src/v1/users-emails/usersEmails.service.spec.ts:89:22)
    at Promise.then.completed (/home/mmittelb/Projects/stolen-api-services/node_modules/jest-circus/build/utils.js:390:28)
    at new Promise (&lt;anonymous&gt;)
    at callAsyncCircusFn (/home/mmittelb/Projects/stolen-api-services/node_modules/jest-circus/build/utils.js:315:10)
    at _callCircusHook (/home/mmittelb/Projects/stolen-api-services/node_modules/jest-circus/build/run.js:181:40)
    at _runTest (/home/mmittelb/Projects/stolen-api-services/node_modules/jest-circus/build/run.js:158:5)
    at _runTestsForDescribeBlock (/home/mmittelb/Projects/stolen-api-services/node_modules/jest-circus/build/run.js:66:9)
    at _runTestsForDescribeBlock (/home/mmittelb/Projects/stolen-api-services/node_modules/jest-circus/build/run.js:60:9)
    at _runTestsForDescribeBlock (/home/mmittelb/Projects/stolen-api-services/node_modules/jest-circus/build/run.js:60:9)
    at run (/home/mmittelb/Projects/stolen-api-services/node_modules/jest-circus/build/run.js:25:3)</failure>
    </testcase>
    <testcase classname="UsersEmailsService create should detect used primary email" name="UsersEmailsService create should detect used primary email" time="0.001">
      <failure>Error: Status Code is 403 (MongoDB&apos;s 404)
This means that the requested version-platform combination doesn&apos;t exist
  Used Url: &quot;https://fastdl.mongodb.org/linux/mongodb-linux-x86_64-ubuntu2104-5.0.3.tgz&quot;
Try to use different version &apos;new MongoMemoryServer({ binary: { version: &apos;X.Y.Z&apos; } })&apos;
List of available versions can be found here:
  https://www.mongodb.org/dl/linux for Linux
  https://www.mongodb.org/dl/osx for OSX
  https://www.mongodb.org/dl/win32 for Windows
    at ClientRequest.&lt;anonymous&gt; (/home/mmittelb/Projects/stolen-api-services/node_modules/mongodb-memory-server-core/src/util/MongoBinaryDownload.ts:418:17)
    at Object.onceWrapper (events.js:520:26)
    at ClientRequest.emit (events.js:400:28)
    at HTTPParser.parserOnIncomingClient (_http_client.js:647:27)
    at HTTPParser.parserOnHeadersComplete (_http_common.js:126:17)
    at TLSSocket.socketOnData (_http_client.js:515:22)
    at TLSSocket.emit (events.js:400:28)
    at addChunk (internal/streams/readable.js:290:12)
    at readableAddChunk (internal/streams/readable.js:265:9)
    at TLSSocket.Readable.push (internal/streams/readable.js:204:10)</failure>
      <failure>TypeError: Cannot read property &apos;close&apos; of undefined
    at Object.&lt;anonymous&gt; (/home/mmittelb/Projects/stolen-api-services/apps/user/src/v1/users-emails/usersEmails.service.spec.ts:89:22)
    at Promise.then.completed (/home/mmittelb/Projects/stolen-api-services/node_modules/jest-circus/build/utils.js:390:28)
    at new Promise (&lt;anonymous&gt;)
    at callAsyncCircusFn (/home/mmittelb/Projects/stolen-api-services/node_modules/jest-circus/build/utils.js:315:10)
    at _callCircusHook (/home/mmittelb/Projects/stolen-api-services/node_modules/jest-circus/build/run.js:181:40)
    at _runTest (/home/mmittelb/Projects/stolen-api-services/node_modules/jest-circus/build/run.js:158:5)
    at _runTestsForDescribeBlock (/home/mmittelb/Projects/stolen-api-services/node_modules/jest-circus/build/run.js:66:9)
    at _runTestsForDescribeBlock (/home/mmittelb/Projects/stolen-api-services/node_modules/jest-circus/build/run.js:60:9)
    at _runTestsForDescribeBlock (/home/mmittelb/Projects/stolen-api-services/node_modules/jest-circus/build/run.js:60:9)
    at run (/home/mmittelb/Projects/stolen-api-services/node_modules/jest-circus/build/run.js:25:3)</failure>
    </testcase>
    <testcase classname="UsersEmailsService create should detect email use by user itself" name="UsersEmailsService create should detect email use by user itself" time="0">
      <failure>Error: Status Code is 403 (MongoDB&apos;s 404)
This means that the requested version-platform combination doesn&apos;t exist
  Used Url: &quot;https://fastdl.mongodb.org/linux/mongodb-linux-x86_64-ubuntu2104-5.0.3.tgz&quot;
Try to use different version &apos;new MongoMemoryServer({ binary: { version: &apos;X.Y.Z&apos; } })&apos;
List of available versions can be found here:
  https://www.mongodb.org/dl/linux for Linux
  https://www.mongodb.org/dl/osx for OSX
  https://www.mongodb.org/dl/win32 for Windows
    at ClientRequest.&lt;anonymous&gt; (/home/mmittelb/Projects/stolen-api-services/node_modules/mongodb-memory-server-core/src/util/MongoBinaryDownload.ts:418:17)
    at Object.onceWrapper (events.js:520:26)
    at ClientRequest.emit (events.js:400:28)
    at HTTPParser.parserOnIncomingClient (_http_client.js:647:27)
    at HTTPParser.parserOnHeadersComplete (_http_common.js:126:17)
    at TLSSocket.socketOnData (_http_client.js:515:22)
    at TLSSocket.emit (events.js:400:28)
    at addChunk (internal/streams/readable.js:290:12)
    at readableAddChunk (internal/streams/readable.js:265:9)
    at TLSSocket.Readable.push (internal/streams/readable.js:204:10)</failure>
      <failure>TypeError: Cannot read property &apos;close&apos; of undefined
    at Object.&lt;anonymous&gt; (/home/mmittelb/Projects/stolen-api-services/apps/user/src/v1/users-emails/usersEmails.service.spec.ts:89:22)
    at Promise.then.completed (/home/mmittelb/Projects/stolen-api-services/node_modules/jest-circus/build/utils.js:390:28)
    at new Promise (&lt;anonymous&gt;)
    at callAsyncCircusFn (/home/mmittelb/Projects/stolen-api-services/node_modules/jest-circus/build/utils.js:315:10)
    at _callCircusHook (/home/mmittelb/Projects/stolen-api-services/node_modules/jest-circus/build/run.js:181:40)
    at _runTest (/home/mmittelb/Projects/stolen-api-services/node_modules/jest-circus/build/run.js:158:5)
    at _runTestsForDescribeBlock (/home/mmittelb/Projects/stolen-api-services/node_modules/jest-circus/build/run.js:66:9)
    at _runTestsForDescribeBlock (/home/mmittelb/Projects/stolen-api-services/node_modules/jest-circus/build/run.js:60:9)
    at _runTestsForDescribeBlock (/home/mmittelb/Projects/stolen-api-services/node_modules/jest-circus/build/run.js:60:9)
    at run (/home/mmittelb/Projects/stolen-api-services/node_modules/jest-circus/build/run.js:25:3)</failure>
    </testcase>
    <testcase classname="UsersEmailsService create should return a new doc" name="UsersEmailsService create should return a new doc" time="0">
      <failure>Error: Status Code is 403 (MongoDB&apos;s 404)
This means that the requested version-platform combination doesn&apos;t exist
  Used Url: &quot;https://fastdl.mongodb.org/linux/mongodb-linux-x86_64-ubuntu2104-5.0.3.tgz&quot;
Try to use different version &apos;new MongoMemoryServer({ binary: { version: &apos;X.Y.Z&apos; } })&apos;
List of available versions can be found here:
  https://www.mongodb.org/dl/linux for Linux
  https://www.mongodb.org/dl/osx for OSX
  https://www.mongodb.org/dl/win32 for Windows
    at ClientRequest.&lt;anonymous&gt; (/home/mmittelb/Projects/stolen-api-services/node_modules/mongodb-memory-server-core/src/util/MongoBinaryDownload.ts:418:17)
    at Object.onceWrapper (events.js:520:26)
    at ClientRequest.emit (events.js:400:28)
    at HTTPParser.parserOnIncomingClient (_http_client.js:647:27)
    at HTTPParser.parserOnHeadersComplete (_http_common.js:126:17)
    at TLSSocket.socketOnData (_http_client.js:515:22)
    at TLSSocket.emit (events.js:400:28)
    at addChunk (internal/streams/readable.js:290:12)
    at readableAddChunk (internal/streams/readable.js:265:9)
    at TLSSocket.Readable.push (internal/streams/readable.js:204:10)</failure>
      <failure>TypeError: Cannot read property &apos;close&apos; of undefined
    at Object.&lt;anonymous&gt; (/home/mmittelb/Projects/stolen-api-services/apps/user/src/v1/users-emails/usersEmails.service.spec.ts:89:22)
    at Promise.then.completed (/home/mmittelb/Projects/stolen-api-services/node_modules/jest-circus/build/utils.js:390:28)
    at new Promise (&lt;anonymous&gt;)
    at callAsyncCircusFn (/home/mmittelb/Projects/stolen-api-services/node_modules/jest-circus/build/utils.js:315:10)
    at _callCircusHook (/home/mmittelb/Projects/stolen-api-services/node_modules/jest-circus/build/run.js:181:40)
    at _runTest (/home/mmittelb/Projects/stolen-api-services/node_modules/jest-circus/build/run.js:158:5)
    at _runTestsForDescribeBlock (/home/mmittelb/Projects/stolen-api-services/node_modules/jest-circus/build/run.js:66:9)
    at _runTestsForDescribeBlock (/home/mmittelb/Projects/stolen-api-services/node_modules/jest-circus/build/run.js:60:9)
    at _runTestsForDescribeBlock (/home/mmittelb/Projects/stolen-api-services/node_modules/jest-circus/build/run.js:60:9)
    at run (/home/mmittelb/Projects/stolen-api-services/node_modules/jest-circus/build/run.js:25:3)</failure>
    </testcase>
    <testcase classname="UsersEmailsService update should not find the user" name="UsersEmailsService update should not find the user" time="0">
      <failure>Error: Status Code is 403 (MongoDB&apos;s 404)
This means that the requested version-platform combination doesn&apos;t exist
  Used Url: &quot;https://fastdl.mongodb.org/linux/mongodb-linux-x86_64-ubuntu2104-5.0.3.tgz&quot;
Try to use different version &apos;new MongoMemoryServer({ binary: { version: &apos;X.Y.Z&apos; } })&apos;
List of available versions can be found here:
  https://www.mongodb.org/dl/linux for Linux
  https://www.mongodb.org/dl/osx for OSX
  https://www.mongodb.org/dl/win32 for Windows
    at ClientRequest.&lt;anonymous&gt; (/home/mmittelb/Projects/stolen-api-services/node_modules/mongodb-memory-server-core/src/util/MongoBinaryDownload.ts:418:17)
    at Object.onceWrapper (events.js:520:26)
    at ClientRequest.emit (events.js:400:28)
    at HTTPParser.parserOnIncomingClient (_http_client.js:647:27)
    at HTTPParser.parserOnHeadersComplete (_http_common.js:126:17)
    at TLSSocket.socketOnData (_http_client.js:515:22)
    at TLSSocket.emit (events.js:400:28)
    at addChunk (internal/streams/readable.js:290:12)
    at readableAddChunk (internal/streams/readable.js:265:9)
    at TLSSocket.Readable.push (internal/streams/readable.js:204:10)</failure>
      <failure>TypeError: Cannot read property &apos;close&apos; of undefined
    at Object.&lt;anonymous&gt; (/home/mmittelb/Projects/stolen-api-services/apps/user/src/v1/users-emails/usersEmails.service.spec.ts:89:22)
    at Promise.then.completed (/home/mmittelb/Projects/stolen-api-services/node_modules/jest-circus/build/utils.js:390:28)
    at new Promise (&lt;anonymous&gt;)
    at callAsyncCircusFn (/home/mmittelb/Projects/stolen-api-services/node_modules/jest-circus/build/utils.js:315:10)
    at _callCircusHook (/home/mmittelb/Projects/stolen-api-services/node_modules/jest-circus/build/run.js:181:40)
    at _runTest (/home/mmittelb/Projects/stolen-api-services/node_modules/jest-circus/build/run.js:158:5)
    at _runTestsForDescribeBlock (/home/mmittelb/Projects/stolen-api-services/node_modules/jest-circus/build/run.js:66:9)
    at _runTestsForDescribeBlock (/home/mmittelb/Projects/stolen-api-services/node_modules/jest-circus/build/run.js:60:9)
    at _runTestsForDescribeBlock (/home/mmittelb/Projects/stolen-api-services/node_modules/jest-circus/build/run.js:60:9)
    at run (/home/mmittelb/Projects/stolen-api-services/node_modules/jest-circus/build/run.js:25:3)</failure>
    </testcase>
    <testcase classname="UsersEmailsService update should detect user not activated" name="UsersEmailsService update should detect user not activated" time="0">
      <failure>Error: Status Code is 403 (MongoDB&apos;s 404)
This means that the requested version-platform combination doesn&apos;t exist
  Used Url: &quot;https://fastdl.mongodb.org/linux/mongodb-linux-x86_64-ubuntu2104-5.0.3.tgz&quot;
Try to use different version &apos;new MongoMemoryServer({ binary: { version: &apos;X.Y.Z&apos; } })&apos;
List of available versions can be found here:
  https://www.mongodb.org/dl/linux for Linux
  https://www.mongodb.org/dl/osx for OSX
  https://www.mongodb.org/dl/win32 for Windows
    at ClientRequest.&lt;anonymous&gt; (/home/mmittelb/Projects/stolen-api-services/node_modules/mongodb-memory-server-core/src/util/MongoBinaryDownload.ts:418:17)
    at Object.onceWrapper (events.js:520:26)
    at ClientRequest.emit (events.js:400:28)
    at HTTPParser.parserOnIncomingClient (_http_client.js:647:27)
    at HTTPParser.parserOnHeadersComplete (_http_common.js:126:17)
    at TLSSocket.socketOnData (_http_client.js:515:22)
    at TLSSocket.emit (events.js:400:28)
    at addChunk (internal/streams/readable.js:290:12)
    at readableAddChunk (internal/streams/readable.js:265:9)
    at TLSSocket.Readable.push (internal/streams/readable.js:204:10)</failure>
      <failure>TypeError: Cannot read property &apos;close&apos; of undefined
    at Object.&lt;anonymous&gt; (/home/mmittelb/Projects/stolen-api-services/apps/user/src/v1/users-emails/usersEmails.service.spec.ts:89:22)
    at Promise.then.completed (/home/mmittelb/Projects/stolen-api-services/node_modules/jest-circus/build/utils.js:390:28)
    at new Promise (&lt;anonymous&gt;)
    at callAsyncCircusFn (/home/mmittelb/Projects/stolen-api-services/node_modules/jest-circus/build/utils.js:315:10)
    at _callCircusHook (/home/mmittelb/Projects/stolen-api-services/node_modules/jest-circus/build/run.js:181:40)
    at _runTest (/home/mmittelb/Projects/stolen-api-services/node_modules/jest-circus/build/run.js:158:5)
    at _runTestsForDescribeBlock (/home/mmittelb/Projects/stolen-api-services/node_modules/jest-circus/build/run.js:66:9)
    at _runTestsForDescribeBlock (/home/mmittelb/Projects/stolen-api-services/node_modules/jest-circus/build/run.js:60:9)
    at _runTestsForDescribeBlock (/home/mmittelb/Projects/stolen-api-services/node_modules/jest-circus/build/run.js:60:9)
    at run (/home/mmittelb/Projects/stolen-api-services/node_modules/jest-circus/build/run.js:25:3)</failure>
    </testcase>
    <testcase classname="UsersEmailsService update should not find the email at the user" name="UsersEmailsService update should not find the email at the user" time="0">
      <failure>Error: Status Code is 403 (MongoDB&apos;s 404)
This means that the requested version-platform combination doesn&apos;t exist
  Used Url: &quot;https://fastdl.mongodb.org/linux/mongodb-linux-x86_64-ubuntu2104-5.0.3.tgz&quot;
Try to use different version &apos;new MongoMemoryServer({ binary: { version: &apos;X.Y.Z&apos; } })&apos;
List of available versions can be found here:
  https://www.mongodb.org/dl/linux for Linux
  https://www.mongodb.org/dl/osx for OSX
  https://www.mongodb.org/dl/win32 for Windows
    at ClientRequest.&lt;anonymous&gt; (/home/mmittelb/Projects/stolen-api-services/node_modules/mongodb-memory-server-core/src/util/MongoBinaryDownload.ts:418:17)
    at Object.onceWrapper (events.js:520:26)
    at ClientRequest.emit (events.js:400:28)
    at HTTPParser.parserOnIncomingClient (_http_client.js:647:27)
    at HTTPParser.parserOnHeadersComplete (_http_common.js:126:17)
    at TLSSocket.socketOnData (_http_client.js:515:22)
    at TLSSocket.emit (events.js:400:28)
    at addChunk (internal/streams/readable.js:290:12)
    at readableAddChunk (internal/streams/readable.js:265:9)
    at TLSSocket.Readable.push (internal/streams/readable.js:204:10)</failure>
      <failure>TypeError: Cannot read property &apos;close&apos; of undefined
    at Object.&lt;anonymous&gt; (/home/mmittelb/Projects/stolen-api-services/apps/user/src/v1/users-emails/usersEmails.service.spec.ts:89:22)
    at Promise.then.completed (/home/mmittelb/Projects/stolen-api-services/node_modules/jest-circus/build/utils.js:390:28)
    at new Promise (&lt;anonymous&gt;)
    at callAsyncCircusFn (/home/mmittelb/Projects/stolen-api-services/node_modules/jest-circus/build/utils.js:315:10)
    at _callCircusHook (/home/mmittelb/Projects/stolen-api-services/node_modules/jest-circus/build/run.js:181:40)
    at _runTest (/home/mmittelb/Projects/stolen-api-services/node_modules/jest-circus/build/run.js:158:5)
    at _runTestsForDescribeBlock (/home/mmittelb/Projects/stolen-api-services/node_modules/jest-circus/build/run.js:66:9)
    at _runTestsForDescribeBlock (/home/mmittelb/Projects/stolen-api-services/node_modules/jest-circus/build/run.js:60:9)
    at _runTestsForDescribeBlock (/home/mmittelb/Projects/stolen-api-services/node_modules/jest-circus/build/run.js:60:9)
    at run (/home/mmittelb/Projects/stolen-api-services/node_modules/jest-circus/build/run.js:25:3)</failure>
    </testcase>
    <testcase classname="UsersEmailsService update should have a version conflict" name="UsersEmailsService update should have a version conflict" time="0">
      <failure>Error: Status Code is 403 (MongoDB&apos;s 404)
This means that the requested version-platform combination doesn&apos;t exist
  Used Url: &quot;https://fastdl.mongodb.org/linux/mongodb-linux-x86_64-ubuntu2104-5.0.3.tgz&quot;
Try to use different version &apos;new MongoMemoryServer({ binary: { version: &apos;X.Y.Z&apos; } })&apos;
List of available versions can be found here:
  https://www.mongodb.org/dl/linux for Linux
  https://www.mongodb.org/dl/osx for OSX
  https://www.mongodb.org/dl/win32 for Windows
    at ClientRequest.&lt;anonymous&gt; (/home/mmittelb/Projects/stolen-api-services/node_modules/mongodb-memory-server-core/src/util/MongoBinaryDownload.ts:418:17)
    at Object.onceWrapper (events.js:520:26)
    at ClientRequest.emit (events.js:400:28)
    at HTTPParser.parserOnIncomingClient (_http_client.js:647:27)
    at HTTPParser.parserOnHeadersComplete (_http_common.js:126:17)
    at TLSSocket.socketOnData (_http_client.js:515:22)
    at TLSSocket.emit (events.js:400:28)
    at addChunk (internal/streams/readable.js:290:12)
    at readableAddChunk (internal/streams/readable.js:265:9)
    at TLSSocket.Readable.push (internal/streams/readable.js:204:10)</failure>
      <failure>TypeError: Cannot read property &apos;close&apos; of undefined
    at Object.&lt;anonymous&gt; (/home/mmittelb/Projects/stolen-api-services/apps/user/src/v1/users-emails/usersEmails.service.spec.ts:89:22)
    at Promise.then.completed (/home/mmittelb/Projects/stolen-api-services/node_modules/jest-circus/build/utils.js:390:28)
    at new Promise (&lt;anonymous&gt;)
    at callAsyncCircusFn (/home/mmittelb/Projects/stolen-api-services/node_modules/jest-circus/build/utils.js:315:10)
    at _callCircusHook (/home/mmittelb/Projects/stolen-api-services/node_modules/jest-circus/build/run.js:181:40)
    at _runTest (/home/mmittelb/Projects/stolen-api-services/node_modules/jest-circus/build/run.js:158:5)
    at _runTestsForDescribeBlock (/home/mmittelb/Projects/stolen-api-services/node_modules/jest-circus/build/run.js:66:9)
    at _runTestsForDescribeBlock (/home/mmittelb/Projects/stolen-api-services/node_modules/jest-circus/build/run.js:60:9)
    at _runTestsForDescribeBlock (/home/mmittelb/Projects/stolen-api-services/node_modules/jest-circus/build/run.js:60:9)
    at run (/home/mmittelb/Projects/stolen-api-services/node_modules/jest-circus/build/run.js:25:3)</failure>
    </testcase>
    <testcase classname="UsersEmailsService update should have a verification outstanding" name="UsersEmailsService update should have a verification outstanding" time="0">
      <failure>Error: Status Code is 403 (MongoDB&apos;s 404)
This means that the requested version-platform combination doesn&apos;t exist
  Used Url: &quot;https://fastdl.mongodb.org/linux/mongodb-linux-x86_64-ubuntu2104-5.0.3.tgz&quot;
Try to use different version &apos;new MongoMemoryServer({ binary: { version: &apos;X.Y.Z&apos; } })&apos;
List of available versions can be found here:
  https://www.mongodb.org/dl/linux for Linux
  https://www.mongodb.org/dl/osx for OSX
  https://www.mongodb.org/dl/win32 for Windows
    at ClientRequest.&lt;anonymous&gt; (/home/mmittelb/Projects/stolen-api-services/node_modules/mongodb-memory-server-core/src/util/MongoBinaryDownload.ts:418:17)
    at Object.onceWrapper (events.js:520:26)
    at ClientRequest.emit (events.js:400:28)
    at HTTPParser.parserOnIncomingClient (_http_client.js:647:27)
    at HTTPParser.parserOnHeadersComplete (_http_common.js:126:17)
    at TLSSocket.socketOnData (_http_client.js:515:22)
    at TLSSocket.emit (events.js:400:28)
    at addChunk (internal/streams/readable.js:290:12)
    at readableAddChunk (internal/streams/readable.js:265:9)
    at TLSSocket.Readable.push (internal/streams/readable.js:204:10)</failure>
      <failure>TypeError: Cannot read property &apos;close&apos; of undefined
    at Object.&lt;anonymous&gt; (/home/mmittelb/Projects/stolen-api-services/apps/user/src/v1/users-emails/usersEmails.service.spec.ts:89:22)
    at Promise.then.completed (/home/mmittelb/Projects/stolen-api-services/node_modules/jest-circus/build/utils.js:390:28)
    at new Promise (&lt;anonymous&gt;)
    at callAsyncCircusFn (/home/mmittelb/Projects/stolen-api-services/node_modules/jest-circus/build/utils.js:315:10)
    at _callCircusHook (/home/mmittelb/Projects/stolen-api-services/node_modules/jest-circus/build/run.js:181:40)
    at _runTest (/home/mmittelb/Projects/stolen-api-services/node_modules/jest-circus/build/run.js:158:5)
    at _runTestsForDescribeBlock (/home/mmittelb/Projects/stolen-api-services/node_modules/jest-circus/build/run.js:66:9)
    at _runTestsForDescribeBlock (/home/mmittelb/Projects/stolen-api-services/node_modules/jest-circus/build/run.js:60:9)
    at _runTestsForDescribeBlock (/home/mmittelb/Projects/stolen-api-services/node_modules/jest-circus/build/run.js:60:9)
    at run (/home/mmittelb/Projects/stolen-api-services/node_modules/jest-circus/build/run.js:25:3)</failure>
    </testcase>
    <testcase classname="UsersEmailsService update should have primary email upgrade conflict" name="UsersEmailsService update should have primary email upgrade conflict" time="0">
      <failure>Error: Status Code is 403 (MongoDB&apos;s 404)
This means that the requested version-platform combination doesn&apos;t exist
  Used Url: &quot;https://fastdl.mongodb.org/linux/mongodb-linux-x86_64-ubuntu2104-5.0.3.tgz&quot;
Try to use different version &apos;new MongoMemoryServer({ binary: { version: &apos;X.Y.Z&apos; } })&apos;
List of available versions can be found here:
  https://www.mongodb.org/dl/linux for Linux
  https://www.mongodb.org/dl/osx for OSX
  https://www.mongodb.org/dl/win32 for Windows
    at ClientRequest.&lt;anonymous&gt; (/home/mmittelb/Projects/stolen-api-services/node_modules/mongodb-memory-server-core/src/util/MongoBinaryDownload.ts:418:17)
    at Object.onceWrapper (events.js:520:26)
    at ClientRequest.emit (events.js:400:28)
    at HTTPParser.parserOnIncomingClient (_http_client.js:647:27)
    at HTTPParser.parserOnHeadersComplete (_http_common.js:126:17)
    at TLSSocket.socketOnData (_http_client.js:515:22)
    at TLSSocket.emit (events.js:400:28)
    at addChunk (internal/streams/readable.js:290:12)
    at readableAddChunk (internal/streams/readable.js:265:9)
    at TLSSocket.Readable.push (internal/streams/readable.js:204:10)</failure>
      <failure>TypeError: Cannot read property &apos;close&apos; of undefined
    at Object.&lt;anonymous&gt; (/home/mmittelb/Projects/stolen-api-services/apps/user/src/v1/users-emails/usersEmails.service.spec.ts:89:22)
    at Promise.then.completed (/home/mmittelb/Projects/stolen-api-services/node_modules/jest-circus/build/utils.js:390:28)
    at new Promise (&lt;anonymous&gt;)
    at callAsyncCircusFn (/home/mmittelb/Projects/stolen-api-services/node_modules/jest-circus/build/utils.js:315:10)
    at _callCircusHook (/home/mmittelb/Projects/stolen-api-services/node_modules/jest-circus/build/run.js:181:40)
    at _runTest (/home/mmittelb/Projects/stolen-api-services/node_modules/jest-circus/build/run.js:158:5)
    at _runTestsForDescribeBlock (/home/mmittelb/Projects/stolen-api-services/node_modules/jest-circus/build/run.js:66:9)
    at _runTestsForDescribeBlock (/home/mmittelb/Projects/stolen-api-services/node_modules/jest-circus/build/run.js:60:9)
    at _runTestsForDescribeBlock (/home/mmittelb/Projects/stolen-api-services/node_modules/jest-circus/build/run.js:60:9)
    at run (/home/mmittelb/Projects/stolen-api-services/node_modules/jest-circus/build/run.js:25:3)</failure>
    </testcase>
    <testcase classname="UsersEmailsService update should succeed" name="UsersEmailsService update should succeed" time="0.001">
      <failure>Error: Status Code is 403 (MongoDB&apos;s 404)
This means that the requested version-platform combination doesn&apos;t exist
  Used Url: &quot;https://fastdl.mongodb.org/linux/mongodb-linux-x86_64-ubuntu2104-5.0.3.tgz&quot;
Try to use different version &apos;new MongoMemoryServer({ binary: { version: &apos;X.Y.Z&apos; } })&apos;
List of available versions can be found here:
  https://www.mongodb.org/dl/linux for Linux
  https://www.mongodb.org/dl/osx for OSX
  https://www.mongodb.org/dl/win32 for Windows
    at ClientRequest.&lt;anonymous&gt; (/home/mmittelb/Projects/stolen-api-services/node_modules/mongodb-memory-server-core/src/util/MongoBinaryDownload.ts:418:17)
    at Object.onceWrapper (events.js:520:26)
    at ClientRequest.emit (events.js:400:28)
    at HTTPParser.parserOnIncomingClient (_http_client.js:647:27)
    at HTTPParser.parserOnHeadersComplete (_http_common.js:126:17)
    at TLSSocket.socketOnData (_http_client.js:515:22)
    at TLSSocket.emit (events.js:400:28)
    at addChunk (internal/streams/readable.js:290:12)
    at readableAddChunk (internal/streams/readable.js:265:9)
    at TLSSocket.Readable.push (internal/streams/readable.js:204:10)</failure>
      <failure>TypeError: Cannot read property &apos;close&apos; of undefined
    at Object.&lt;anonymous&gt; (/home/mmittelb/Projects/stolen-api-services/apps/user/src/v1/users-emails/usersEmails.service.spec.ts:89:22)
    at Promise.then.completed (/home/mmittelb/Projects/stolen-api-services/node_modules/jest-circus/build/utils.js:390:28)
    at new Promise (&lt;anonymous&gt;)
    at callAsyncCircusFn (/home/mmittelb/Projects/stolen-api-services/node_modules/jest-circus/build/utils.js:315:10)
    at _callCircusHook (/home/mmittelb/Projects/stolen-api-services/node_modules/jest-circus/build/run.js:181:40)
    at _runTest (/home/mmittelb/Projects/stolen-api-services/node_modules/jest-circus/build/run.js:158:5)
    at _runTestsForDescribeBlock (/home/mmittelb/Projects/stolen-api-services/node_modules/jest-circus/build/run.js:66:9)
    at _runTestsForDescribeBlock (/home/mmittelb/Projects/stolen-api-services/node_modules/jest-circus/build/run.js:60:9)
    at _runTestsForDescribeBlock (/home/mmittelb/Projects/stolen-api-services/node_modules/jest-circus/build/run.js:60:9)
    at run (/home/mmittelb/Projects/stolen-api-services/node_modules/jest-circus/build/run.js:25:3)</failure>
    </testcase>
    <testcase classname="UsersEmailsService verify should succeed" name="UsersEmailsService verify should succeed" time="0.001">
      <failure>Error: Status Code is 403 (MongoDB&apos;s 404)
This means that the requested version-platform combination doesn&apos;t exist
  Used Url: &quot;https://fastdl.mongodb.org/linux/mongodb-linux-x86_64-ubuntu2104-5.0.3.tgz&quot;
Try to use different version &apos;new MongoMemoryServer({ binary: { version: &apos;X.Y.Z&apos; } })&apos;
List of available versions can be found here:
  https://www.mongodb.org/dl/linux for Linux
  https://www.mongodb.org/dl/osx for OSX
  https://www.mongodb.org/dl/win32 for Windows
    at ClientRequest.&lt;anonymous&gt; (/home/mmittelb/Projects/stolen-api-services/node_modules/mongodb-memory-server-core/src/util/MongoBinaryDownload.ts:418:17)
    at Object.onceWrapper (events.js:520:26)
    at ClientRequest.emit (events.js:400:28)
    at HTTPParser.parserOnIncomingClient (_http_client.js:647:27)
    at HTTPParser.parserOnHeadersComplete (_http_common.js:126:17)
    at TLSSocket.socketOnData (_http_client.js:515:22)
    at TLSSocket.emit (events.js:400:28)
    at addChunk (internal/streams/readable.js:290:12)
    at readableAddChunk (internal/streams/readable.js:265:9)
    at TLSSocket.Readable.push (internal/streams/readable.js:204:10)</failure>
      <failure>TypeError: Cannot read property &apos;close&apos; of undefined
    at Object.&lt;anonymous&gt; (/home/mmittelb/Projects/stolen-api-services/apps/user/src/v1/users-emails/usersEmails.service.spec.ts:89:22)
    at Promise.then.completed (/home/mmittelb/Projects/stolen-api-services/node_modules/jest-circus/build/utils.js:390:28)
    at new Promise (&lt;anonymous&gt;)
    at callAsyncCircusFn (/home/mmittelb/Projects/stolen-api-services/node_modules/jest-circus/build/utils.js:315:10)
    at _callCircusHook (/home/mmittelb/Projects/stolen-api-services/node_modules/jest-circus/build/run.js:181:40)
    at _runTest (/home/mmittelb/Projects/stolen-api-services/node_modules/jest-circus/build/run.js:158:5)
    at _runTestsForDescribeBlock (/home/mmittelb/Projects/stolen-api-services/node_modules/jest-circus/build/run.js:66:9)
    at _runTestsForDescribeBlock (/home/mmittelb/Projects/stolen-api-services/node_modules/jest-circus/build/run.js:60:9)
    at _runTestsForDescribeBlock (/home/mmittelb/Projects/stolen-api-services/node_modules/jest-circus/build/run.js:60:9)
    at run (/home/mmittelb/Projects/stolen-api-services/node_modules/jest-circus/build/run.js:25:3)</failure>
    </testcase>
    <testcase classname="UsersEmailsService verify should detect already verified" name="UsersEmailsService verify should detect already verified" time="0.001">
      <failure>Error: Status Code is 403 (MongoDB&apos;s 404)
This means that the requested version-platform combination doesn&apos;t exist
  Used Url: &quot;https://fastdl.mongodb.org/linux/mongodb-linux-x86_64-ubuntu2104-5.0.3.tgz&quot;
Try to use different version &apos;new MongoMemoryServer({ binary: { version: &apos;X.Y.Z&apos; } })&apos;
List of available versions can be found here:
  https://www.mongodb.org/dl/linux for Linux
  https://www.mongodb.org/dl/osx for OSX
  https://www.mongodb.org/dl/win32 for Windows
    at ClientRequest.&lt;anonymous&gt; (/home/mmittelb/Projects/stolen-api-services/node_modules/mongodb-memory-server-core/src/util/MongoBinaryDownload.ts:418:17)
    at Object.onceWrapper (events.js:520:26)
    at ClientRequest.emit (events.js:400:28)
    at HTTPParser.parserOnIncomingClient (_http_client.js:647:27)
    at HTTPParser.parserOnHeadersComplete (_http_common.js:126:17)
    at TLSSocket.socketOnData (_http_client.js:515:22)
    at TLSSocket.emit (events.js:400:28)
    at addChunk (internal/streams/readable.js:290:12)
    at readableAddChunk (internal/streams/readable.js:265:9)
    at TLSSocket.Readable.push (internal/streams/readable.js:204:10)</failure>
      <failure>TypeError: Cannot read property &apos;close&apos; of undefined
    at Object.&lt;anonymous&gt; (/home/mmittelb/Projects/stolen-api-services/apps/user/src/v1/users-emails/usersEmails.service.spec.ts:89:22)
    at Promise.then.completed (/home/mmittelb/Projects/stolen-api-services/node_modules/jest-circus/build/utils.js:390:28)
    at new Promise (&lt;anonymous&gt;)
    at callAsyncCircusFn (/home/mmittelb/Projects/stolen-api-services/node_modules/jest-circus/build/utils.js:315:10)
    at _callCircusHook (/home/mmittelb/Projects/stolen-api-services/node_modules/jest-circus/build/run.js:181:40)
    at _runTest (/home/mmittelb/Projects/stolen-api-services/node_modules/jest-circus/build/run.js:158:5)
    at _runTestsForDescribeBlock (/home/mmittelb/Projects/stolen-api-services/node_modules/jest-circus/build/run.js:66:9)
    at _runTestsForDescribeBlock (/home/mmittelb/Projects/stolen-api-services/node_modules/jest-circus/build/run.js:60:9)
    at _runTestsForDescribeBlock (/home/mmittelb/Projects/stolen-api-services/node_modules/jest-circus/build/run.js:60:9)
    at run (/home/mmittelb/Projects/stolen-api-services/node_modules/jest-circus/build/run.js:25:3)</failure>
    </testcase>
    <testcase classname="UsersEmailsService verify should have a missing expire data" name="UsersEmailsService verify should have a missing expire data" time="0.001">
      <failure>Error: Status Code is 403 (MongoDB&apos;s 404)
This means that the requested version-platform combination doesn&apos;t exist
  Used Url: &quot;https://fastdl.mongodb.org/linux/mongodb-linux-x86_64-ubuntu2104-5.0.3.tgz&quot;
Try to use different version &apos;new MongoMemoryServer({ binary: { version: &apos;X.Y.Z&apos; } })&apos;
List of available versions can be found here:
  https://www.mongodb.org/dl/linux for Linux
  https://www.mongodb.org/dl/osx for OSX
  https://www.mongodb.org/dl/win32 for Windows
    at ClientRequest.&lt;anonymous&gt; (/home/mmittelb/Projects/stolen-api-services/node_modules/mongodb-memory-server-core/src/util/MongoBinaryDownload.ts:418:17)
    at Object.onceWrapper (events.js:520:26)
    at ClientRequest.emit (events.js:400:28)
    at HTTPParser.parserOnIncomingClient (_http_client.js:647:27)
    at HTTPParser.parserOnHeadersComplete (_http_common.js:126:17)
    at TLSSocket.socketOnData (_http_client.js:515:22)
    at TLSSocket.emit (events.js:400:28)
    at addChunk (internal/streams/readable.js:290:12)
    at readableAddChunk (internal/streams/readable.js:265:9)
    at TLSSocket.Readable.push (internal/streams/readable.js:204:10)</failure>
      <failure>TypeError: Cannot read property &apos;close&apos; of undefined
    at Object.&lt;anonymous&gt; (/home/mmittelb/Projects/stolen-api-services/apps/user/src/v1/users-emails/usersEmails.service.spec.ts:89:22)
    at Promise.then.completed (/home/mmittelb/Projects/stolen-api-services/node_modules/jest-circus/build/utils.js:390:28)
    at new Promise (&lt;anonymous&gt;)
    at callAsyncCircusFn (/home/mmittelb/Projects/stolen-api-services/node_modules/jest-circus/build/utils.js:315:10)
    at _callCircusHook (/home/mmittelb/Projects/stolen-api-services/node_modules/jest-circus/build/run.js:181:40)
    at _runTest (/home/mmittelb/Projects/stolen-api-services/node_modules/jest-circus/build/run.js:158:5)
    at _runTestsForDescribeBlock (/home/mmittelb/Projects/stolen-api-services/node_modules/jest-circus/build/run.js:66:9)
    at _runTestsForDescribeBlock (/home/mmittelb/Projects/stolen-api-services/node_modules/jest-circus/build/run.js:60:9)
    at _runTestsForDescribeBlock (/home/mmittelb/Projects/stolen-api-services/node_modules/jest-circus/build/run.js:60:9)
    at run (/home/mmittelb/Projects/stolen-api-services/node_modules/jest-circus/build/run.js:25:3)</failure>
    </testcase>
    <testcase classname="UsersEmailsService verify should not find the user" name="UsersEmailsService verify should not find the user" time="0">
      <failure>Error: Status Code is 403 (MongoDB&apos;s 404)
This means that the requested version-platform combination doesn&apos;t exist
  Used Url: &quot;https://fastdl.mongodb.org/linux/mongodb-linux-x86_64-ubuntu2104-5.0.3.tgz&quot;
Try to use different version &apos;new MongoMemoryServer({ binary: { version: &apos;X.Y.Z&apos; } })&apos;
List of available versions can be found here:
  https://www.mongodb.org/dl/linux for Linux
  https://www.mongodb.org/dl/osx for OSX
  https://www.mongodb.org/dl/win32 for Windows
    at ClientRequest.&lt;anonymous&gt; (/home/mmittelb/Projects/stolen-api-services/node_modules/mongodb-memory-server-core/src/util/MongoBinaryDownload.ts:418:17)
    at Object.onceWrapper (events.js:520:26)
    at ClientRequest.emit (events.js:400:28)
    at HTTPParser.parserOnIncomingClient (_http_client.js:647:27)
    at HTTPParser.parserOnHeadersComplete (_http_common.js:126:17)
    at TLSSocket.socketOnData (_http_client.js:515:22)
    at TLSSocket.emit (events.js:400:28)
    at addChunk (internal/streams/readable.js:290:12)
    at readableAddChunk (internal/streams/readable.js:265:9)
    at TLSSocket.Readable.push (internal/streams/readable.js:204:10)</failure>
      <failure>TypeError: Cannot read property &apos;close&apos; of undefined
    at Object.&lt;anonymous&gt; (/home/mmittelb/Projects/stolen-api-services/apps/user/src/v1/users-emails/usersEmails.service.spec.ts:89:22)
    at Promise.then.completed (/home/mmittelb/Projects/stolen-api-services/node_modules/jest-circus/build/utils.js:390:28)
    at new Promise (&lt;anonymous&gt;)
    at callAsyncCircusFn (/home/mmittelb/Projects/stolen-api-services/node_modules/jest-circus/build/utils.js:315:10)
    at _callCircusHook (/home/mmittelb/Projects/stolen-api-services/node_modules/jest-circus/build/run.js:181:40)
    at _runTest (/home/mmittelb/Projects/stolen-api-services/node_modules/jest-circus/build/run.js:158:5)
    at _runTestsForDescribeBlock (/home/mmittelb/Projects/stolen-api-services/node_modules/jest-circus/build/run.js:66:9)
    at _runTestsForDescribeBlock (/home/mmittelb/Projects/stolen-api-services/node_modules/jest-circus/build/run.js:60:9)
    at _runTestsForDescribeBlock (/home/mmittelb/Projects/stolen-api-services/node_modules/jest-circus/build/run.js:60:9)
    at run (/home/mmittelb/Projects/stolen-api-services/node_modules/jest-circus/build/run.js:25:3)</failure>
    </testcase>
    <testcase classname="UsersEmailsService verify should have an activation outstanding" name="UsersEmailsService verify should have an activation outstanding" time="0">
      <failure>Error: Status Code is 403 (MongoDB&apos;s 404)
This means that the requested version-platform combination doesn&apos;t exist
  Used Url: &quot;https://fastdl.mongodb.org/linux/mongodb-linux-x86_64-ubuntu2104-5.0.3.tgz&quot;
Try to use different version &apos;new MongoMemoryServer({ binary: { version: &apos;X.Y.Z&apos; } })&apos;
List of available versions can be found here:
  https://www.mongodb.org/dl/linux for Linux
  https://www.mongodb.org/dl/osx for OSX
  https://www.mongodb.org/dl/win32 for Windows
    at ClientRequest.&lt;anonymous&gt; (/home/mmittelb/Projects/stolen-api-services/node_modules/mongodb-memory-server-core/src/util/MongoBinaryDownload.ts:418:17)
    at Object.onceWrapper (events.js:520:26)
    at ClientRequest.emit (events.js:400:28)
    at HTTPParser.parserOnIncomingClient (_http_client.js:647:27)
    at HTTPParser.parserOnHeadersComplete (_http_common.js:126:17)
    at TLSSocket.socketOnData (_http_client.js:515:22)
    at TLSSocket.emit (events.js:400:28)
    at addChunk (internal/streams/readable.js:290:12)
    at readableAddChunk (internal/streams/readable.js:265:9)
    at TLSSocket.Readable.push (internal/streams/readable.js:204:10)</failure>
      <failure>TypeError: Cannot read property &apos;close&apos; of undefined
    at Object.&lt;anonymous&gt; (/home/mmittelb/Projects/stolen-api-services/apps/user/src/v1/users-emails/usersEmails.service.spec.ts:89:22)
    at Promise.then.completed (/home/mmittelb/Projects/stolen-api-services/node_modules/jest-circus/build/utils.js:390:28)
    at new Promise (&lt;anonymous&gt;)
    at callAsyncCircusFn (/home/mmittelb/Projects/stolen-api-services/node_modules/jest-circus/build/utils.js:315:10)
    at _callCircusHook (/home/mmittelb/Projects/stolen-api-services/node_modules/jest-circus/build/run.js:181:40)
    at _runTest (/home/mmittelb/Projects/stolen-api-services/node_modules/jest-circus/build/run.js:158:5)
    at _runTestsForDescribeBlock (/home/mmittelb/Projects/stolen-api-services/node_modules/jest-circus/build/run.js:66:9)
    at _runTestsForDescribeBlock (/home/mmittelb/Projects/stolen-api-services/node_modules/jest-circus/build/run.js:60:9)
    at _runTestsForDescribeBlock (/home/mmittelb/Projects/stolen-api-services/node_modules/jest-circus/build/run.js:60:9)
    at run (/home/mmittelb/Projects/stolen-api-services/node_modules/jest-circus/build/run.js:25:3)</failure>
    </testcase>
    <testcase classname="UsersEmailsService verify should not find the email" name="UsersEmailsService verify should not find the email" time="0">
      <failure>Error: Status Code is 403 (MongoDB&apos;s 404)
This means that the requested version-platform combination doesn&apos;t exist
  Used Url: &quot;https://fastdl.mongodb.org/linux/mongodb-linux-x86_64-ubuntu2104-5.0.3.tgz&quot;
Try to use different version &apos;new MongoMemoryServer({ binary: { version: &apos;X.Y.Z&apos; } })&apos;
List of available versions can be found here:
  https://www.mongodb.org/dl/linux for Linux
  https://www.mongodb.org/dl/osx for OSX
  https://www.mongodb.org/dl/win32 for Windows
    at ClientRequest.&lt;anonymous&gt; (/home/mmittelb/Projects/stolen-api-services/node_modules/mongodb-memory-server-core/src/util/MongoBinaryDownload.ts:418:17)
    at Object.onceWrapper (events.js:520:26)
    at ClientRequest.emit (events.js:400:28)
    at HTTPParser.parserOnIncomingClient (_http_client.js:647:27)
    at HTTPParser.parserOnHeadersComplete (_http_common.js:126:17)
    at TLSSocket.socketOnData (_http_client.js:515:22)
    at TLSSocket.emit (events.js:400:28)
    at addChunk (internal/streams/readable.js:290:12)
    at readableAddChunk (internal/streams/readable.js:265:9)
    at TLSSocket.Readable.push (internal/streams/readable.js:204:10)</failure>
      <failure>TypeError: Cannot read property &apos;close&apos; of undefined
    at Object.&lt;anonymous&gt; (/home/mmittelb/Projects/stolen-api-services/apps/user/src/v1/users-emails/usersEmails.service.spec.ts:89:22)
    at Promise.then.completed (/home/mmittelb/Projects/stolen-api-services/node_modules/jest-circus/build/utils.js:390:28)
    at new Promise (&lt;anonymous&gt;)
    at callAsyncCircusFn (/home/mmittelb/Projects/stolen-api-services/node_modules/jest-circus/build/utils.js:315:10)
    at _callCircusHook (/home/mmittelb/Projects/stolen-api-services/node_modules/jest-circus/build/run.js:181:40)
    at _runTest (/home/mmittelb/Projects/stolen-api-services/node_modules/jest-circus/build/run.js:158:5)
    at _runTestsForDescribeBlock (/home/mmittelb/Projects/stolen-api-services/node_modules/jest-circus/build/run.js:66:9)
    at _runTestsForDescribeBlock (/home/mmittelb/Projects/stolen-api-services/node_modules/jest-circus/build/run.js:60:9)
    at _runTestsForDescribeBlock (/home/mmittelb/Projects/stolen-api-services/node_modules/jest-circus/build/run.js:60:9)
    at run (/home/mmittelb/Projects/stolen-api-services/node_modules/jest-circus/build/run.js:25:3)</failure>
    </testcase>
    <testcase classname="UsersEmailsService verify should detect an invalid token" name="UsersEmailsService verify should detect an invalid token" time="0">
      <failure>Error: Status Code is 403 (MongoDB&apos;s 404)
This means that the requested version-platform combination doesn&apos;t exist
  Used Url: &quot;https://fastdl.mongodb.org/linux/mongodb-linux-x86_64-ubuntu2104-5.0.3.tgz&quot;
Try to use different version &apos;new MongoMemoryServer({ binary: { version: &apos;X.Y.Z&apos; } })&apos;
List of available versions can be found here:
  https://www.mongodb.org/dl/linux for Linux
  https://www.mongodb.org/dl/osx for OSX
  https://www.mongodb.org/dl/win32 for Windows
    at ClientRequest.&lt;anonymous&gt; (/home/mmittelb/Projects/stolen-api-services/node_modules/mongodb-memory-server-core/src/util/MongoBinaryDownload.ts:418:17)
    at Object.onceWrapper (events.js:520:26)
    at ClientRequest.emit (events.js:400:28)
    at HTTPParser.parserOnIncomingClient (_http_client.js:647:27)
    at HTTPParser.parserOnHeadersComplete (_http_common.js:126:17)
    at TLSSocket.socketOnData (_http_client.js:515:22)
    at TLSSocket.emit (events.js:400:28)
    at addChunk (internal/streams/readable.js:290:12)
    at readableAddChunk (internal/streams/readable.js:265:9)
    at TLSSocket.Readable.push (internal/streams/readable.js:204:10)</failure>
      <failure>TypeError: Cannot read property &apos;close&apos; of undefined
    at Object.&lt;anonymous&gt; (/home/mmittelb/Projects/stolen-api-services/apps/user/src/v1/users-emails/usersEmails.service.spec.ts:89:22)
    at Promise.then.completed (/home/mmittelb/Projects/stolen-api-services/node_modules/jest-circus/build/utils.js:390:28)
    at new Promise (&lt;anonymous&gt;)
    at callAsyncCircusFn (/home/mmittelb/Projects/stolen-api-services/node_modules/jest-circus/build/utils.js:315:10)
    at _callCircusHook (/home/mmittelb/Projects/stolen-api-services/node_modules/jest-circus/build/run.js:181:40)
    at _runTest (/home/mmittelb/Projects/stolen-api-services/node_modules/jest-circus/build/run.js:158:5)
    at _runTestsForDescribeBlock (/home/mmittelb/Projects/stolen-api-services/node_modules/jest-circus/build/run.js:66:9)
    at _runTestsForDescribeBlock (/home/mmittelb/Projects/stolen-api-services/node_modules/jest-circus/build/run.js:60:9)
    at _runTestsForDescribeBlock (/home/mmittelb/Projects/stolen-api-services/node_modules/jest-circus/build/run.js:60:9)
    at run (/home/mmittelb/Projects/stolen-api-services/node_modules/jest-circus/build/run.js:25:3)</failure>
    </testcase>
    <testcase classname="UsersEmailsService verify should detect an expired token" name="UsersEmailsService verify should detect an expired token" time="0">
      <failure>Error: Status Code is 403 (MongoDB&apos;s 404)
This means that the requested version-platform combination doesn&apos;t exist
  Used Url: &quot;https://fastdl.mongodb.org/linux/mongodb-linux-x86_64-ubuntu2104-5.0.3.tgz&quot;
Try to use different version &apos;new MongoMemoryServer({ binary: { version: &apos;X.Y.Z&apos; } })&apos;
List of available versions can be found here:
  https://www.mongodb.org/dl/linux for Linux
  https://www.mongodb.org/dl/osx for OSX
  https://www.mongodb.org/dl/win32 for Windows
    at ClientRequest.&lt;anonymous&gt; (/home/mmittelb/Projects/stolen-api-services/node_modules/mongodb-memory-server-core/src/util/MongoBinaryDownload.ts:418:17)
    at Object.onceWrapper (events.js:520:26)
    at ClientRequest.emit (events.js:400:28)
    at HTTPParser.parserOnIncomingClient (_http_client.js:647:27)
    at HTTPParser.parserOnHeadersComplete (_http_common.js:126:17)
    at TLSSocket.socketOnData (_http_client.js:515:22)
    at TLSSocket.emit (events.js:400:28)
    at addChunk (internal/streams/readable.js:290:12)
    at readableAddChunk (internal/streams/readable.js:265:9)
    at TLSSocket.Readable.push (internal/streams/readable.js:204:10)</failure>
      <failure>TypeError: Cannot read property &apos;close&apos; of undefined
    at Object.&lt;anonymous&gt; (/home/mmittelb/Projects/stolen-api-services/apps/user/src/v1/users-emails/usersEmails.service.spec.ts:89:22)
    at Promise.then.completed (/home/mmittelb/Projects/stolen-api-services/node_modules/jest-circus/build/utils.js:390:28)
    at new Promise (&lt;anonymous&gt;)
    at callAsyncCircusFn (/home/mmittelb/Projects/stolen-api-services/node_modules/jest-circus/build/utils.js:315:10)
    at _callCircusHook (/home/mmittelb/Projects/stolen-api-services/node_modules/jest-circus/build/run.js:181:40)
    at _runTest (/home/mmittelb/Projects/stolen-api-services/node_modules/jest-circus/build/run.js:158:5)
    at _runTestsForDescribeBlock (/home/mmittelb/Projects/stolen-api-services/node_modules/jest-circus/build/run.js:66:9)
    at _runTestsForDescribeBlock (/home/mmittelb/Projects/stolen-api-services/node_modules/jest-circus/build/run.js:60:9)
    at _runTestsForDescribeBlock (/home/mmittelb/Projects/stolen-api-services/node_modules/jest-circus/build/run.js:60:9)
    at run (/home/mmittelb/Projects/stolen-api-services/node_modules/jest-circus/build/run.js:25:3)</failure>
    </testcase>
  </testsuite>
  <testsuite name="CustomerRolesService" errors="0" failures="21" skipped="0" timestamp="2021-12-13T16:21:15" time="1.99" tests="21">
    <testcase classname="CustomerRolesService findOne should find a doc" name="CustomerRolesService findOne should find a doc" time="0">
      <failure>Error: Status Code is 403 (MongoDB&apos;s 404)
This means that the requested version-platform combination doesn&apos;t exist
  Used Url: &quot;https://fastdl.mongodb.org/linux/mongodb-linux-x86_64-ubuntu2104-5.0.3.tgz&quot;
Try to use different version &apos;new MongoMemoryServer({ binary: { version: &apos;X.Y.Z&apos; } })&apos;
List of available versions can be found here:
  https://www.mongodb.org/dl/linux for Linux
  https://www.mongodb.org/dl/osx for OSX
  https://www.mongodb.org/dl/win32 for Windows
    at ClientRequest.&lt;anonymous&gt; (/home/mmittelb/Projects/stolen-api-services/node_modules/mongodb-memory-server-core/src/util/MongoBinaryDownload.ts:418:17)
    at Object.onceWrapper (events.js:520:26)
    at ClientRequest.emit (events.js:400:28)
    at HTTPParser.parserOnIncomingClient (_http_client.js:647:27)
    at HTTPParser.parserOnHeadersComplete (_http_common.js:126:17)
    at TLSSocket.socketOnData (_http_client.js:515:22)
    at TLSSocket.emit (events.js:400:28)
    at addChunk (internal/streams/readable.js:290:12)
    at readableAddChunk (internal/streams/readable.js:265:9)
    at TLSSocket.Readable.push (internal/streams/readable.js:204:10)</failure>
      <failure>TypeError: Cannot read property &apos;close&apos; of undefined
    at Object.&lt;anonymous&gt; (/home/mmittelb/Projects/stolen-api-services/apps/customer/src/v1/customers-roles/customers-roles.service.spec.ts:94:22)
    at Promise.then.completed (/home/mmittelb/Projects/stolen-api-services/node_modules/jest-circus/build/utils.js:390:28)
    at new Promise (&lt;anonymous&gt;)
    at callAsyncCircusFn (/home/mmittelb/Projects/stolen-api-services/node_modules/jest-circus/build/utils.js:315:10)
    at _callCircusHook (/home/mmittelb/Projects/stolen-api-services/node_modules/jest-circus/build/run.js:181:40)
    at _runTest (/home/mmittelb/Projects/stolen-api-services/node_modules/jest-circus/build/run.js:158:5)
    at _runTestsForDescribeBlock (/home/mmittelb/Projects/stolen-api-services/node_modules/jest-circus/build/run.js:66:9)
    at _runTestsForDescribeBlock (/home/mmittelb/Projects/stolen-api-services/node_modules/jest-circus/build/run.js:60:9)
    at _runTestsForDescribeBlock (/home/mmittelb/Projects/stolen-api-services/node_modules/jest-circus/build/run.js:60:9)
    at run (/home/mmittelb/Projects/stolen-api-services/node_modules/jest-circus/build/run.js:25:3)</failure>
    </testcase>
    <testcase classname="CustomerRolesService findOne should detect a customer mismatch" name="CustomerRolesService findOne should detect a customer mismatch" time="0.001">
      <failure>Error: Status Code is 403 (MongoDB&apos;s 404)
This means that the requested version-platform combination doesn&apos;t exist
  Used Url: &quot;https://fastdl.mongodb.org/linux/mongodb-linux-x86_64-ubuntu2104-5.0.3.tgz&quot;
Try to use different version &apos;new MongoMemoryServer({ binary: { version: &apos;X.Y.Z&apos; } })&apos;
List of available versions can be found here:
  https://www.mongodb.org/dl/linux for Linux
  https://www.mongodb.org/dl/osx for OSX
  https://www.mongodb.org/dl/win32 for Windows
    at ClientRequest.&lt;anonymous&gt; (/home/mmittelb/Projects/stolen-api-services/node_modules/mongodb-memory-server-core/src/util/MongoBinaryDownload.ts:418:17)
    at Object.onceWrapper (events.js:520:26)
    at ClientRequest.emit (events.js:400:28)
    at HTTPParser.parserOnIncomingClient (_http_client.js:647:27)
    at HTTPParser.parserOnHeadersComplete (_http_common.js:126:17)
    at TLSSocket.socketOnData (_http_client.js:515:22)
    at TLSSocket.emit (events.js:400:28)
    at addChunk (internal/streams/readable.js:290:12)
    at readableAddChunk (internal/streams/readable.js:265:9)
    at TLSSocket.Readable.push (internal/streams/readable.js:204:10)</failure>
      <failure>TypeError: Cannot read property &apos;close&apos; of undefined
    at Object.&lt;anonymous&gt; (/home/mmittelb/Projects/stolen-api-services/apps/customer/src/v1/customers-roles/customers-roles.service.spec.ts:94:22)
    at Promise.then.completed (/home/mmittelb/Projects/stolen-api-services/node_modules/jest-circus/build/utils.js:390:28)
    at new Promise (&lt;anonymous&gt;)
    at callAsyncCircusFn (/home/mmittelb/Projects/stolen-api-services/node_modules/jest-circus/build/utils.js:315:10)
    at _callCircusHook (/home/mmittelb/Projects/stolen-api-services/node_modules/jest-circus/build/run.js:181:40)
    at _runTest (/home/mmittelb/Projects/stolen-api-services/node_modules/jest-circus/build/run.js:158:5)
    at _runTestsForDescribeBlock (/home/mmittelb/Projects/stolen-api-services/node_modules/jest-circus/build/run.js:66:9)
    at _runTestsForDescribeBlock (/home/mmittelb/Projects/stolen-api-services/node_modules/jest-circus/build/run.js:60:9)
    at _runTestsForDescribeBlock (/home/mmittelb/Projects/stolen-api-services/node_modules/jest-circus/build/run.js:60:9)
    at run (/home/mmittelb/Projects/stolen-api-services/node_modules/jest-circus/build/run.js:25:3)</failure>
    </testcase>
    <testcase classname="CustomerRolesService findOne should not find the role" name="CustomerRolesService findOne should not find the role" time="0">
      <failure>Error: Status Code is 403 (MongoDB&apos;s 404)
This means that the requested version-platform combination doesn&apos;t exist
  Used Url: &quot;https://fastdl.mongodb.org/linux/mongodb-linux-x86_64-ubuntu2104-5.0.3.tgz&quot;
Try to use different version &apos;new MongoMemoryServer({ binary: { version: &apos;X.Y.Z&apos; } })&apos;
List of available versions can be found here:
  https://www.mongodb.org/dl/linux for Linux
  https://www.mongodb.org/dl/osx for OSX
  https://www.mongodb.org/dl/win32 for Windows
    at ClientRequest.&lt;anonymous&gt; (/home/mmittelb/Projects/stolen-api-services/node_modules/mongodb-memory-server-core/src/util/MongoBinaryDownload.ts:418:17)
    at Object.onceWrapper (events.js:520:26)
    at ClientRequest.emit (events.js:400:28)
    at HTTPParser.parserOnIncomingClient (_http_client.js:647:27)
    at HTTPParser.parserOnHeadersComplete (_http_common.js:126:17)
    at TLSSocket.socketOnData (_http_client.js:515:22)
    at TLSSocket.emit (events.js:400:28)
    at addChunk (internal/streams/readable.js:290:12)
    at readableAddChunk (internal/streams/readable.js:265:9)
    at TLSSocket.Readable.push (internal/streams/readable.js:204:10)</failure>
      <failure>TypeError: Cannot read property &apos;close&apos; of undefined
    at Object.&lt;anonymous&gt; (/home/mmittelb/Projects/stolen-api-services/apps/customer/src/v1/customers-roles/customers-roles.service.spec.ts:94:22)
    at Promise.then.completed (/home/mmittelb/Projects/stolen-api-services/node_modules/jest-circus/build/utils.js:390:28)
    at new Promise (&lt;anonymous&gt;)
    at callAsyncCircusFn (/home/mmittelb/Projects/stolen-api-services/node_modules/jest-circus/build/utils.js:315:10)
    at _callCircusHook (/home/mmittelb/Projects/stolen-api-services/node_modules/jest-circus/build/run.js:181:40)
    at _runTest (/home/mmittelb/Projects/stolen-api-services/node_modules/jest-circus/build/run.js:158:5)
    at _runTestsForDescribeBlock (/home/mmittelb/Projects/stolen-api-services/node_modules/jest-circus/build/run.js:66:9)
    at _runTestsForDescribeBlock (/home/mmittelb/Projects/stolen-api-services/node_modules/jest-circus/build/run.js:60:9)
    at _runTestsForDescribeBlock (/home/mmittelb/Projects/stolen-api-services/node_modules/jest-circus/build/run.js:60:9)
    at run (/home/mmittelb/Projects/stolen-api-services/node_modules/jest-circus/build/run.js:25:3)</failure>
    </testcase>
    <testcase classname="CustomerRolesService findOne should not find the customer" name="CustomerRolesService findOne should not find the customer" time="0.001">
      <failure>Error: Status Code is 403 (MongoDB&apos;s 404)
This means that the requested version-platform combination doesn&apos;t exist
  Used Url: &quot;https://fastdl.mongodb.org/linux/mongodb-linux-x86_64-ubuntu2104-5.0.3.tgz&quot;
Try to use different version &apos;new MongoMemoryServer({ binary: { version: &apos;X.Y.Z&apos; } })&apos;
List of available versions can be found here:
  https://www.mongodb.org/dl/linux for Linux
  https://www.mongodb.org/dl/osx for OSX
  https://www.mongodb.org/dl/win32 for Windows
    at ClientRequest.&lt;anonymous&gt; (/home/mmittelb/Projects/stolen-api-services/node_modules/mongodb-memory-server-core/src/util/MongoBinaryDownload.ts:418:17)
    at Object.onceWrapper (events.js:520:26)
    at ClientRequest.emit (events.js:400:28)
    at HTTPParser.parserOnIncomingClient (_http_client.js:647:27)
    at HTTPParser.parserOnHeadersComplete (_http_common.js:126:17)
    at TLSSocket.socketOnData (_http_client.js:515:22)
    at TLSSocket.emit (events.js:400:28)
    at addChunk (internal/streams/readable.js:290:12)
    at readableAddChunk (internal/streams/readable.js:265:9)
    at TLSSocket.Readable.push (internal/streams/readable.js:204:10)</failure>
      <failure>TypeError: Cannot read property &apos;close&apos; of undefined
    at Object.&lt;anonymous&gt; (/home/mmittelb/Projects/stolen-api-services/apps/customer/src/v1/customers-roles/customers-roles.service.spec.ts:94:22)
    at Promise.then.completed (/home/mmittelb/Projects/stolen-api-services/node_modules/jest-circus/build/utils.js:390:28)
    at new Promise (&lt;anonymous&gt;)
    at callAsyncCircusFn (/home/mmittelb/Projects/stolen-api-services/node_modules/jest-circus/build/utils.js:315:10)
    at _callCircusHook (/home/mmittelb/Projects/stolen-api-services/node_modules/jest-circus/build/run.js:181:40)
    at _runTest (/home/mmittelb/Projects/stolen-api-services/node_modules/jest-circus/build/run.js:158:5)
    at _runTestsForDescribeBlock (/home/mmittelb/Projects/stolen-api-services/node_modules/jest-circus/build/run.js:66:9)
    at _runTestsForDescribeBlock (/home/mmittelb/Projects/stolen-api-services/node_modules/jest-circus/build/run.js:60:9)
    at _runTestsForDescribeBlock (/home/mmittelb/Projects/stolen-api-services/node_modules/jest-circus/build/run.js:60:9)
    at run (/home/mmittelb/Projects/stolen-api-services/node_modules/jest-circus/build/run.js:25:3)</failure>
    </testcase>
    <testcase classname="CustomerRolesService findAll should find a doc" name="CustomerRolesService findAll should find a doc" time="0">
      <failure>Error: Status Code is 403 (MongoDB&apos;s 404)
This means that the requested version-platform combination doesn&apos;t exist
  Used Url: &quot;https://fastdl.mongodb.org/linux/mongodb-linux-x86_64-ubuntu2104-5.0.3.tgz&quot;
Try to use different version &apos;new MongoMemoryServer({ binary: { version: &apos;X.Y.Z&apos; } })&apos;
List of available versions can be found here:
  https://www.mongodb.org/dl/linux for Linux
  https://www.mongodb.org/dl/osx for OSX
  https://www.mongodb.org/dl/win32 for Windows
    at ClientRequest.&lt;anonymous&gt; (/home/mmittelb/Projects/stolen-api-services/node_modules/mongodb-memory-server-core/src/util/MongoBinaryDownload.ts:418:17)
    at Object.onceWrapper (events.js:520:26)
    at ClientRequest.emit (events.js:400:28)
    at HTTPParser.parserOnIncomingClient (_http_client.js:647:27)
    at HTTPParser.parserOnHeadersComplete (_http_common.js:126:17)
    at TLSSocket.socketOnData (_http_client.js:515:22)
    at TLSSocket.emit (events.js:400:28)
    at addChunk (internal/streams/readable.js:290:12)
    at readableAddChunk (internal/streams/readable.js:265:9)
    at TLSSocket.Readable.push (internal/streams/readable.js:204:10)</failure>
      <failure>TypeError: Cannot read property &apos;close&apos; of undefined
    at Object.&lt;anonymous&gt; (/home/mmittelb/Projects/stolen-api-services/apps/customer/src/v1/customers-roles/customers-roles.service.spec.ts:94:22)
    at Promise.then.completed (/home/mmittelb/Projects/stolen-api-services/node_modules/jest-circus/build/utils.js:390:28)
    at new Promise (&lt;anonymous&gt;)
    at callAsyncCircusFn (/home/mmittelb/Projects/stolen-api-services/node_modules/jest-circus/build/utils.js:315:10)
    at _callCircusHook (/home/mmittelb/Projects/stolen-api-services/node_modules/jest-circus/build/run.js:181:40)
    at _runTest (/home/mmittelb/Projects/stolen-api-services/node_modules/jest-circus/build/run.js:158:5)
    at _runTestsForDescribeBlock (/home/mmittelb/Projects/stolen-api-services/node_modules/jest-circus/build/run.js:66:9)
    at _runTestsForDescribeBlock (/home/mmittelb/Projects/stolen-api-services/node_modules/jest-circus/build/run.js:60:9)
    at _runTestsForDescribeBlock (/home/mmittelb/Projects/stolen-api-services/node_modules/jest-circus/build/run.js:60:9)
    at run (/home/mmittelb/Projects/stolen-api-services/node_modules/jest-circus/build/run.js:25:3)</failure>
    </testcase>
    <testcase classname="CustomerRolesService findAll should return an empty array" name="CustomerRolesService findAll should return an empty array" time="0.001">
      <failure>Error: Status Code is 403 (MongoDB&apos;s 404)
This means that the requested version-platform combination doesn&apos;t exist
  Used Url: &quot;https://fastdl.mongodb.org/linux/mongodb-linux-x86_64-ubuntu2104-5.0.3.tgz&quot;
Try to use different version &apos;new MongoMemoryServer({ binary: { version: &apos;X.Y.Z&apos; } })&apos;
List of available versions can be found here:
  https://www.mongodb.org/dl/linux for Linux
  https://www.mongodb.org/dl/osx for OSX
  https://www.mongodb.org/dl/win32 for Windows
    at ClientRequest.&lt;anonymous&gt; (/home/mmittelb/Projects/stolen-api-services/node_modules/mongodb-memory-server-core/src/util/MongoBinaryDownload.ts:418:17)
    at Object.onceWrapper (events.js:520:26)
    at ClientRequest.emit (events.js:400:28)
    at HTTPParser.parserOnIncomingClient (_http_client.js:647:27)
    at HTTPParser.parserOnHeadersComplete (_http_common.js:126:17)
    at TLSSocket.socketOnData (_http_client.js:515:22)
    at TLSSocket.emit (events.js:400:28)
    at addChunk (internal/streams/readable.js:290:12)
    at readableAddChunk (internal/streams/readable.js:265:9)
    at TLSSocket.Readable.push (internal/streams/readable.js:204:10)</failure>
      <failure>TypeError: Cannot read property &apos;close&apos; of undefined
    at Object.&lt;anonymous&gt; (/home/mmittelb/Projects/stolen-api-services/apps/customer/src/v1/customers-roles/customers-roles.service.spec.ts:94:22)
    at Promise.then.completed (/home/mmittelb/Projects/stolen-api-services/node_modules/jest-circus/build/utils.js:390:28)
    at new Promise (&lt;anonymous&gt;)
    at callAsyncCircusFn (/home/mmittelb/Projects/stolen-api-services/node_modules/jest-circus/build/utils.js:315:10)
    at _callCircusHook (/home/mmittelb/Projects/stolen-api-services/node_modules/jest-circus/build/run.js:181:40)
    at _runTest (/home/mmittelb/Projects/stolen-api-services/node_modules/jest-circus/build/run.js:158:5)
    at _runTestsForDescribeBlock (/home/mmittelb/Projects/stolen-api-services/node_modules/jest-circus/build/run.js:66:9)
    at _runTestsForDescribeBlock (/home/mmittelb/Projects/stolen-api-services/node_modules/jest-circus/build/run.js:60:9)
    at _runTestsForDescribeBlock (/home/mmittelb/Projects/stolen-api-services/node_modules/jest-circus/build/run.js:60:9)
    at run (/home/mmittelb/Projects/stolen-api-services/node_modules/jest-circus/build/run.js:25:3)</failure>
    </testcase>
    <testcase classname="CustomerRolesService findAll should not find the customer" name="CustomerRolesService findAll should not find the customer" time="0">
      <failure>Error: Status Code is 403 (MongoDB&apos;s 404)
This means that the requested version-platform combination doesn&apos;t exist
  Used Url: &quot;https://fastdl.mongodb.org/linux/mongodb-linux-x86_64-ubuntu2104-5.0.3.tgz&quot;
Try to use different version &apos;new MongoMemoryServer({ binary: { version: &apos;X.Y.Z&apos; } })&apos;
List of available versions can be found here:
  https://www.mongodb.org/dl/linux for Linux
  https://www.mongodb.org/dl/osx for OSX
  https://www.mongodb.org/dl/win32 for Windows
    at ClientRequest.&lt;anonymous&gt; (/home/mmittelb/Projects/stolen-api-services/node_modules/mongodb-memory-server-core/src/util/MongoBinaryDownload.ts:418:17)
    at Object.onceWrapper (events.js:520:26)
    at ClientRequest.emit (events.js:400:28)
    at HTTPParser.parserOnIncomingClient (_http_client.js:647:27)
    at HTTPParser.parserOnHeadersComplete (_http_common.js:126:17)
    at TLSSocket.socketOnData (_http_client.js:515:22)
    at TLSSocket.emit (events.js:400:28)
    at addChunk (internal/streams/readable.js:290:12)
    at readableAddChunk (internal/streams/readable.js:265:9)
    at TLSSocket.Readable.push (internal/streams/readable.js:204:10)</failure>
      <failure>TypeError: Cannot read property &apos;close&apos; of undefined
    at Object.&lt;anonymous&gt; (/home/mmittelb/Projects/stolen-api-services/apps/customer/src/v1/customers-roles/customers-roles.service.spec.ts:94:22)
    at Promise.then.completed (/home/mmittelb/Projects/stolen-api-services/node_modules/jest-circus/build/utils.js:390:28)
    at new Promise (&lt;anonymous&gt;)
    at callAsyncCircusFn (/home/mmittelb/Projects/stolen-api-services/node_modules/jest-circus/build/utils.js:315:10)
    at _callCircusHook (/home/mmittelb/Projects/stolen-api-services/node_modules/jest-circus/build/run.js:181:40)
    at _runTest (/home/mmittelb/Projects/stolen-api-services/node_modules/jest-circus/build/run.js:158:5)
    at _runTestsForDescribeBlock (/home/mmittelb/Projects/stolen-api-services/node_modules/jest-circus/build/run.js:66:9)
    at _runTestsForDescribeBlock (/home/mmittelb/Projects/stolen-api-services/node_modules/jest-circus/build/run.js:60:9)
    at _runTestsForDescribeBlock (/home/mmittelb/Projects/stolen-api-services/node_modules/jest-circus/build/run.js:60:9)
    at run (/home/mmittelb/Projects/stolen-api-services/node_modules/jest-circus/build/run.js:25:3)</failure>
    </testcase>
    <testcase classname="CustomerRolesService remove should remove a doc" name="CustomerRolesService remove should remove a doc" time="0.001">
      <failure>Error: Status Code is 403 (MongoDB&apos;s 404)
This means that the requested version-platform combination doesn&apos;t exist
  Used Url: &quot;https://fastdl.mongodb.org/linux/mongodb-linux-x86_64-ubuntu2104-5.0.3.tgz&quot;
Try to use different version &apos;new MongoMemoryServer({ binary: { version: &apos;X.Y.Z&apos; } })&apos;
List of available versions can be found here:
  https://www.mongodb.org/dl/linux for Linux
  https://www.mongodb.org/dl/osx for OSX
  https://www.mongodb.org/dl/win32 for Windows
    at ClientRequest.&lt;anonymous&gt; (/home/mmittelb/Projects/stolen-api-services/node_modules/mongodb-memory-server-core/src/util/MongoBinaryDownload.ts:418:17)
    at Object.onceWrapper (events.js:520:26)
    at ClientRequest.emit (events.js:400:28)
    at HTTPParser.parserOnIncomingClient (_http_client.js:647:27)
    at HTTPParser.parserOnHeadersComplete (_http_common.js:126:17)
    at TLSSocket.socketOnData (_http_client.js:515:22)
    at TLSSocket.emit (events.js:400:28)
    at addChunk (internal/streams/readable.js:290:12)
    at readableAddChunk (internal/streams/readable.js:265:9)
    at TLSSocket.Readable.push (internal/streams/readable.js:204:10)</failure>
      <failure>TypeError: Cannot read property &apos;close&apos; of undefined
    at Object.&lt;anonymous&gt; (/home/mmittelb/Projects/stolen-api-services/apps/customer/src/v1/customers-roles/customers-roles.service.spec.ts:94:22)
    at Promise.then.completed (/home/mmittelb/Projects/stolen-api-services/node_modules/jest-circus/build/utils.js:390:28)
    at new Promise (&lt;anonymous&gt;)
    at callAsyncCircusFn (/home/mmittelb/Projects/stolen-api-services/node_modules/jest-circus/build/utils.js:315:10)
    at _callCircusHook (/home/mmittelb/Projects/stolen-api-services/node_modules/jest-circus/build/run.js:181:40)
    at _runTest (/home/mmittelb/Projects/stolen-api-services/node_modules/jest-circus/build/run.js:158:5)
    at _runTestsForDescribeBlock (/home/mmittelb/Projects/stolen-api-services/node_modules/jest-circus/build/run.js:66:9)
    at _runTestsForDescribeBlock (/home/mmittelb/Projects/stolen-api-services/node_modules/jest-circus/build/run.js:60:9)
    at _runTestsForDescribeBlock (/home/mmittelb/Projects/stolen-api-services/node_modules/jest-circus/build/run.js:60:9)
    at run (/home/mmittelb/Projects/stolen-api-services/node_modules/jest-circus/build/run.js:25:3)</failure>
    </testcase>
    <testcase classname="CustomerRolesService remove should detect a customer mismatch" name="CustomerRolesService remove should detect a customer mismatch" time="0">
      <failure>Error: Status Code is 403 (MongoDB&apos;s 404)
This means that the requested version-platform combination doesn&apos;t exist
  Used Url: &quot;https://fastdl.mongodb.org/linux/mongodb-linux-x86_64-ubuntu2104-5.0.3.tgz&quot;
Try to use different version &apos;new MongoMemoryServer({ binary: { version: &apos;X.Y.Z&apos; } })&apos;
List of available versions can be found here:
  https://www.mongodb.org/dl/linux for Linux
  https://www.mongodb.org/dl/osx for OSX
  https://www.mongodb.org/dl/win32 for Windows
    at ClientRequest.&lt;anonymous&gt; (/home/mmittelb/Projects/stolen-api-services/node_modules/mongodb-memory-server-core/src/util/MongoBinaryDownload.ts:418:17)
    at Object.onceWrapper (events.js:520:26)
    at ClientRequest.emit (events.js:400:28)
    at HTTPParser.parserOnIncomingClient (_http_client.js:647:27)
    at HTTPParser.parserOnHeadersComplete (_http_common.js:126:17)
    at TLSSocket.socketOnData (_http_client.js:515:22)
    at TLSSocket.emit (events.js:400:28)
    at addChunk (internal/streams/readable.js:290:12)
    at readableAddChunk (internal/streams/readable.js:265:9)
    at TLSSocket.Readable.push (internal/streams/readable.js:204:10)</failure>
      <failure>TypeError: Cannot read property &apos;close&apos; of undefined
    at Object.&lt;anonymous&gt; (/home/mmittelb/Projects/stolen-api-services/apps/customer/src/v1/customers-roles/customers-roles.service.spec.ts:94:22)
    at Promise.then.completed (/home/mmittelb/Projects/stolen-api-services/node_modules/jest-circus/build/utils.js:390:28)
    at new Promise (&lt;anonymous&gt;)
    at callAsyncCircusFn (/home/mmittelb/Projects/stolen-api-services/node_modules/jest-circus/build/utils.js:315:10)
    at _callCircusHook (/home/mmittelb/Projects/stolen-api-services/node_modules/jest-circus/build/run.js:181:40)
    at _runTest (/home/mmittelb/Projects/stolen-api-services/node_modules/jest-circus/build/run.js:158:5)
    at _runTestsForDescribeBlock (/home/mmittelb/Projects/stolen-api-services/node_modules/jest-circus/build/run.js:66:9)
    at _runTestsForDescribeBlock (/home/mmittelb/Projects/stolen-api-services/node_modules/jest-circus/build/run.js:60:9)
    at _runTestsForDescribeBlock (/home/mmittelb/Projects/stolen-api-services/node_modules/jest-circus/build/run.js:60:9)
    at run (/home/mmittelb/Projects/stolen-api-services/node_modules/jest-circus/build/run.js:25:3)</failure>
    </testcase>
    <testcase classname="CustomerRolesService remove should not find the role" name="CustomerRolesService remove should not find the role" time="0">
      <failure>Error: Status Code is 403 (MongoDB&apos;s 404)
This means that the requested version-platform combination doesn&apos;t exist
  Used Url: &quot;https://fastdl.mongodb.org/linux/mongodb-linux-x86_64-ubuntu2104-5.0.3.tgz&quot;
Try to use different version &apos;new MongoMemoryServer({ binary: { version: &apos;X.Y.Z&apos; } })&apos;
List of available versions can be found here:
  https://www.mongodb.org/dl/linux for Linux
  https://www.mongodb.org/dl/osx for OSX
  https://www.mongodb.org/dl/win32 for Windows
    at ClientRequest.&lt;anonymous&gt; (/home/mmittelb/Projects/stolen-api-services/node_modules/mongodb-memory-server-core/src/util/MongoBinaryDownload.ts:418:17)
    at Object.onceWrapper (events.js:520:26)
    at ClientRequest.emit (events.js:400:28)
    at HTTPParser.parserOnIncomingClient (_http_client.js:647:27)
    at HTTPParser.parserOnHeadersComplete (_http_common.js:126:17)
    at TLSSocket.socketOnData (_http_client.js:515:22)
    at TLSSocket.emit (events.js:400:28)
    at addChunk (internal/streams/readable.js:290:12)
    at readableAddChunk (internal/streams/readable.js:265:9)
    at TLSSocket.Readable.push (internal/streams/readable.js:204:10)</failure>
      <failure>TypeError: Cannot read property &apos;close&apos; of undefined
    at Object.&lt;anonymous&gt; (/home/mmittelb/Projects/stolen-api-services/apps/customer/src/v1/customers-roles/customers-roles.service.spec.ts:94:22)
    at Promise.then.completed (/home/mmittelb/Projects/stolen-api-services/node_modules/jest-circus/build/utils.js:390:28)
    at new Promise (&lt;anonymous&gt;)
    at callAsyncCircusFn (/home/mmittelb/Projects/stolen-api-services/node_modules/jest-circus/build/utils.js:315:10)
    at _callCircusHook (/home/mmittelb/Projects/stolen-api-services/node_modules/jest-circus/build/run.js:181:40)
    at _runTest (/home/mmittelb/Projects/stolen-api-services/node_modules/jest-circus/build/run.js:158:5)
    at _runTestsForDescribeBlock (/home/mmittelb/Projects/stolen-api-services/node_modules/jest-circus/build/run.js:66:9)
    at _runTestsForDescribeBlock (/home/mmittelb/Projects/stolen-api-services/node_modules/jest-circus/build/run.js:60:9)
    at _runTestsForDescribeBlock (/home/mmittelb/Projects/stolen-api-services/node_modules/jest-circus/build/run.js:60:9)
    at run (/home/mmittelb/Projects/stolen-api-services/node_modules/jest-circus/build/run.js:25:3)</failure>
    </testcase>
    <testcase classname="CustomerRolesService remove should not find the customer" name="CustomerRolesService remove should not find the customer" time="0">
      <failure>Error: Status Code is 403 (MongoDB&apos;s 404)
This means that the requested version-platform combination doesn&apos;t exist
  Used Url: &quot;https://fastdl.mongodb.org/linux/mongodb-linux-x86_64-ubuntu2104-5.0.3.tgz&quot;
Try to use different version &apos;new MongoMemoryServer({ binary: { version: &apos;X.Y.Z&apos; } })&apos;
List of available versions can be found here:
  https://www.mongodb.org/dl/linux for Linux
  https://www.mongodb.org/dl/osx for OSX
  https://www.mongodb.org/dl/win32 for Windows
    at ClientRequest.&lt;anonymous&gt; (/home/mmittelb/Projects/stolen-api-services/node_modules/mongodb-memory-server-core/src/util/MongoBinaryDownload.ts:418:17)
    at Object.onceWrapper (events.js:520:26)
    at ClientRequest.emit (events.js:400:28)
    at HTTPParser.parserOnIncomingClient (_http_client.js:647:27)
    at HTTPParser.parserOnHeadersComplete (_http_common.js:126:17)
    at TLSSocket.socketOnData (_http_client.js:515:22)
    at TLSSocket.emit (events.js:400:28)
    at addChunk (internal/streams/readable.js:290:12)
    at readableAddChunk (internal/streams/readable.js:265:9)
    at TLSSocket.Readable.push (internal/streams/readable.js:204:10)</failure>
      <failure>TypeError: Cannot read property &apos;close&apos; of undefined
    at Object.&lt;anonymous&gt; (/home/mmittelb/Projects/stolen-api-services/apps/customer/src/v1/customers-roles/customers-roles.service.spec.ts:94:22)
    at Promise.then.completed (/home/mmittelb/Projects/stolen-api-services/node_modules/jest-circus/build/utils.js:390:28)
    at new Promise (&lt;anonymous&gt;)
    at callAsyncCircusFn (/home/mmittelb/Projects/stolen-api-services/node_modules/jest-circus/build/utils.js:315:10)
    at _callCircusHook (/home/mmittelb/Projects/stolen-api-services/node_modules/jest-circus/build/run.js:181:40)
    at _runTest (/home/mmittelb/Projects/stolen-api-services/node_modules/jest-circus/build/run.js:158:5)
    at _runTestsForDescribeBlock (/home/mmittelb/Projects/stolen-api-services/node_modules/jest-circus/build/run.js:66:9)
    at _runTestsForDescribeBlock (/home/mmittelb/Projects/stolen-api-services/node_modules/jest-circus/build/run.js:60:9)
    at _runTestsForDescribeBlock (/home/mmittelb/Projects/stolen-api-services/node_modules/jest-circus/build/run.js:60:9)
    at run (/home/mmittelb/Projects/stolen-api-services/node_modules/jest-circus/build/run.js:25:3)</failure>
    </testcase>
    <testcase classname="CustomerRolesService create should return a new doc" name="CustomerRolesService create should return a new doc" time="0.001">
      <failure>Error: Status Code is 403 (MongoDB&apos;s 404)
This means that the requested version-platform combination doesn&apos;t exist
  Used Url: &quot;https://fastdl.mongodb.org/linux/mongodb-linux-x86_64-ubuntu2104-5.0.3.tgz&quot;
Try to use different version &apos;new MongoMemoryServer({ binary: { version: &apos;X.Y.Z&apos; } })&apos;
List of available versions can be found here:
  https://www.mongodb.org/dl/linux for Linux
  https://www.mongodb.org/dl/osx for OSX
  https://www.mongodb.org/dl/win32 for Windows
    at ClientRequest.&lt;anonymous&gt; (/home/mmittelb/Projects/stolen-api-services/node_modules/mongodb-memory-server-core/src/util/MongoBinaryDownload.ts:418:17)
    at Object.onceWrapper (events.js:520:26)
    at ClientRequest.emit (events.js:400:28)
    at HTTPParser.parserOnIncomingClient (_http_client.js:647:27)
    at HTTPParser.parserOnHeadersComplete (_http_common.js:126:17)
    at TLSSocket.socketOnData (_http_client.js:515:22)
    at TLSSocket.emit (events.js:400:28)
    at addChunk (internal/streams/readable.js:290:12)
    at readableAddChunk (internal/streams/readable.js:265:9)
    at TLSSocket.Readable.push (internal/streams/readable.js:204:10)</failure>
      <failure>TypeError: Cannot read property &apos;close&apos; of undefined
    at Object.&lt;anonymous&gt; (/home/mmittelb/Projects/stolen-api-services/apps/customer/src/v1/customers-roles/customers-roles.service.spec.ts:94:22)
    at Promise.then.completed (/home/mmittelb/Projects/stolen-api-services/node_modules/jest-circus/build/utils.js:390:28)
    at new Promise (&lt;anonymous&gt;)
    at callAsyncCircusFn (/home/mmittelb/Projects/stolen-api-services/node_modules/jest-circus/build/utils.js:315:10)
    at _callCircusHook (/home/mmittelb/Projects/stolen-api-services/node_modules/jest-circus/build/run.js:181:40)
    at _runTest (/home/mmittelb/Projects/stolen-api-services/node_modules/jest-circus/build/run.js:158:5)
    at _runTestsForDescribeBlock (/home/mmittelb/Projects/stolen-api-services/node_modules/jest-circus/build/run.js:66:9)
    at _runTestsForDescribeBlock (/home/mmittelb/Projects/stolen-api-services/node_modules/jest-circus/build/run.js:60:9)
    at _runTestsForDescribeBlock (/home/mmittelb/Projects/stolen-api-services/node_modules/jest-circus/build/run.js:60:9)
    at run (/home/mmittelb/Projects/stolen-api-services/node_modules/jest-circus/build/run.js:25:3)</failure>
    </testcase>
    <testcase classname="CustomerRolesService create should not find the customer" name="CustomerRolesService create should not find the customer" time="0">
      <failure>Error: Status Code is 403 (MongoDB&apos;s 404)
This means that the requested version-platform combination doesn&apos;t exist
  Used Url: &quot;https://fastdl.mongodb.org/linux/mongodb-linux-x86_64-ubuntu2104-5.0.3.tgz&quot;
Try to use different version &apos;new MongoMemoryServer({ binary: { version: &apos;X.Y.Z&apos; } })&apos;
List of available versions can be found here:
  https://www.mongodb.org/dl/linux for Linux
  https://www.mongodb.org/dl/osx for OSX
  https://www.mongodb.org/dl/win32 for Windows
    at ClientRequest.&lt;anonymous&gt; (/home/mmittelb/Projects/stolen-api-services/node_modules/mongodb-memory-server-core/src/util/MongoBinaryDownload.ts:418:17)
    at Object.onceWrapper (events.js:520:26)
    at ClientRequest.emit (events.js:400:28)
    at HTTPParser.parserOnIncomingClient (_http_client.js:647:27)
    at HTTPParser.parserOnHeadersComplete (_http_common.js:126:17)
    at TLSSocket.socketOnData (_http_client.js:515:22)
    at TLSSocket.emit (events.js:400:28)
    at addChunk (internal/streams/readable.js:290:12)
    at readableAddChunk (internal/streams/readable.js:265:9)
    at TLSSocket.Readable.push (internal/streams/readable.js:204:10)</failure>
      <failure>TypeError: Cannot read property &apos;close&apos; of undefined
    at Object.&lt;anonymous&gt; (/home/mmittelb/Projects/stolen-api-services/apps/customer/src/v1/customers-roles/customers-roles.service.spec.ts:94:22)
    at Promise.then.completed (/home/mmittelb/Projects/stolen-api-services/node_modules/jest-circus/build/utils.js:390:28)
    at new Promise (&lt;anonymous&gt;)
    at callAsyncCircusFn (/home/mmittelb/Projects/stolen-api-services/node_modules/jest-circus/build/utils.js:315:10)
    at _callCircusHook (/home/mmittelb/Projects/stolen-api-services/node_modules/jest-circus/build/run.js:181:40)
    at _runTest (/home/mmittelb/Projects/stolen-api-services/node_modules/jest-circus/build/run.js:158:5)
    at _runTestsForDescribeBlock (/home/mmittelb/Projects/stolen-api-services/node_modules/jest-circus/build/run.js:66:9)
    at _runTestsForDescribeBlock (/home/mmittelb/Projects/stolen-api-services/node_modules/jest-circus/build/run.js:60:9)
    at _runTestsForDescribeBlock (/home/mmittelb/Projects/stolen-api-services/node_modules/jest-circus/build/run.js:60:9)
    at run (/home/mmittelb/Projects/stolen-api-services/node_modules/jest-circus/build/run.js:25:3)</failure>
    </testcase>
    <testcase classname="CustomerRolesService create should detect invalid tag" name="CustomerRolesService create should detect invalid tag" time="0">
      <failure>Error: Status Code is 403 (MongoDB&apos;s 404)
This means that the requested version-platform combination doesn&apos;t exist
  Used Url: &quot;https://fastdl.mongodb.org/linux/mongodb-linux-x86_64-ubuntu2104-5.0.3.tgz&quot;
Try to use different version &apos;new MongoMemoryServer({ binary: { version: &apos;X.Y.Z&apos; } })&apos;
List of available versions can be found here:
  https://www.mongodb.org/dl/linux for Linux
  https://www.mongodb.org/dl/osx for OSX
  https://www.mongodb.org/dl/win32 for Windows
    at ClientRequest.&lt;anonymous&gt; (/home/mmittelb/Projects/stolen-api-services/node_modules/mongodb-memory-server-core/src/util/MongoBinaryDownload.ts:418:17)
    at Object.onceWrapper (events.js:520:26)
    at ClientRequest.emit (events.js:400:28)
    at HTTPParser.parserOnIncomingClient (_http_client.js:647:27)
    at HTTPParser.parserOnHeadersComplete (_http_common.js:126:17)
    at TLSSocket.socketOnData (_http_client.js:515:22)
    at TLSSocket.emit (events.js:400:28)
    at addChunk (internal/streams/readable.js:290:12)
    at readableAddChunk (internal/streams/readable.js:265:9)
    at TLSSocket.Readable.push (internal/streams/readable.js:204:10)</failure>
      <failure>TypeError: Cannot read property &apos;close&apos; of undefined
    at Object.&lt;anonymous&gt; (/home/mmittelb/Projects/stolen-api-services/apps/customer/src/v1/customers-roles/customers-roles.service.spec.ts:94:22)
    at Promise.then.completed (/home/mmittelb/Projects/stolen-api-services/node_modules/jest-circus/build/utils.js:390:28)
    at new Promise (&lt;anonymous&gt;)
    at callAsyncCircusFn (/home/mmittelb/Projects/stolen-api-services/node_modules/jest-circus/build/utils.js:315:10)
    at _callCircusHook (/home/mmittelb/Projects/stolen-api-services/node_modules/jest-circus/build/run.js:181:40)
    at _runTest (/home/mmittelb/Projects/stolen-api-services/node_modules/jest-circus/build/run.js:158:5)
    at _runTestsForDescribeBlock (/home/mmittelb/Projects/stolen-api-services/node_modules/jest-circus/build/run.js:66:9)
    at _runTestsForDescribeBlock (/home/mmittelb/Projects/stolen-api-services/node_modules/jest-circus/build/run.js:60:9)
    at _runTestsForDescribeBlock (/home/mmittelb/Projects/stolen-api-services/node_modules/jest-circus/build/run.js:60:9)
    at run (/home/mmittelb/Projects/stolen-api-services/node_modules/jest-circus/build/run.js:25:3)</failure>
    </testcase>
    <testcase classname="CustomerRolesService create should detect invalid permission" name="CustomerRolesService create should detect invalid permission" time="0">
      <failure>Error: Status Code is 403 (MongoDB&apos;s 404)
This means that the requested version-platform combination doesn&apos;t exist
  Used Url: &quot;https://fastdl.mongodb.org/linux/mongodb-linux-x86_64-ubuntu2104-5.0.3.tgz&quot;
Try to use different version &apos;new MongoMemoryServer({ binary: { version: &apos;X.Y.Z&apos; } })&apos;
List of available versions can be found here:
  https://www.mongodb.org/dl/linux for Linux
  https://www.mongodb.org/dl/osx for OSX
  https://www.mongodb.org/dl/win32 for Windows
    at ClientRequest.&lt;anonymous&gt; (/home/mmittelb/Projects/stolen-api-services/node_modules/mongodb-memory-server-core/src/util/MongoBinaryDownload.ts:418:17)
    at Object.onceWrapper (events.js:520:26)
    at ClientRequest.emit (events.js:400:28)
    at HTTPParser.parserOnIncomingClient (_http_client.js:647:27)
    at HTTPParser.parserOnHeadersComplete (_http_common.js:126:17)
    at TLSSocket.socketOnData (_http_client.js:515:22)
    at TLSSocket.emit (events.js:400:28)
    at addChunk (internal/streams/readable.js:290:12)
    at readableAddChunk (internal/streams/readable.js:265:9)
    at TLSSocket.Readable.push (internal/streams/readable.js:204:10)</failure>
      <failure>TypeError: Cannot read property &apos;close&apos; of undefined
    at Object.&lt;anonymous&gt; (/home/mmittelb/Projects/stolen-api-services/apps/customer/src/v1/customers-roles/customers-roles.service.spec.ts:94:22)
    at Promise.then.completed (/home/mmittelb/Projects/stolen-api-services/node_modules/jest-circus/build/utils.js:390:28)
    at new Promise (&lt;anonymous&gt;)
    at callAsyncCircusFn (/home/mmittelb/Projects/stolen-api-services/node_modules/jest-circus/build/utils.js:315:10)
    at _callCircusHook (/home/mmittelb/Projects/stolen-api-services/node_modules/jest-circus/build/run.js:181:40)
    at _runTest (/home/mmittelb/Projects/stolen-api-services/node_modules/jest-circus/build/run.js:158:5)
    at _runTestsForDescribeBlock (/home/mmittelb/Projects/stolen-api-services/node_modules/jest-circus/build/run.js:66:9)
    at _runTestsForDescribeBlock (/home/mmittelb/Projects/stolen-api-services/node_modules/jest-circus/build/run.js:60:9)
    at _runTestsForDescribeBlock (/home/mmittelb/Projects/stolen-api-services/node_modules/jest-circus/build/run.js:60:9)
    at run (/home/mmittelb/Projects/stolen-api-services/node_modules/jest-circus/build/run.js:25:3)</failure>
    </testcase>
    <testcase classname="CustomerRolesService update should not find the customer" name="CustomerRolesService update should not find the customer" time="0">
      <failure>Error: Status Code is 403 (MongoDB&apos;s 404)
This means that the requested version-platform combination doesn&apos;t exist
  Used Url: &quot;https://fastdl.mongodb.org/linux/mongodb-linux-x86_64-ubuntu2104-5.0.3.tgz&quot;
Try to use different version &apos;new MongoMemoryServer({ binary: { version: &apos;X.Y.Z&apos; } })&apos;
List of available versions can be found here:
  https://www.mongodb.org/dl/linux for Linux
  https://www.mongodb.org/dl/osx for OSX
  https://www.mongodb.org/dl/win32 for Windows
    at ClientRequest.&lt;anonymous&gt; (/home/mmittelb/Projects/stolen-api-services/node_modules/mongodb-memory-server-core/src/util/MongoBinaryDownload.ts:418:17)
    at Object.onceWrapper (events.js:520:26)
    at ClientRequest.emit (events.js:400:28)
    at HTTPParser.parserOnIncomingClient (_http_client.js:647:27)
    at HTTPParser.parserOnHeadersComplete (_http_common.js:126:17)
    at TLSSocket.socketOnData (_http_client.js:515:22)
    at TLSSocket.emit (events.js:400:28)
    at addChunk (internal/streams/readable.js:290:12)
    at readableAddChunk (internal/streams/readable.js:265:9)
    at TLSSocket.Readable.push (internal/streams/readable.js:204:10)</failure>
      <failure>TypeError: Cannot read property &apos;close&apos; of undefined
    at Object.&lt;anonymous&gt; (/home/mmittelb/Projects/stolen-api-services/apps/customer/src/v1/customers-roles/customers-roles.service.spec.ts:94:22)
    at Promise.then.completed (/home/mmittelb/Projects/stolen-api-services/node_modules/jest-circus/build/utils.js:390:28)
    at new Promise (&lt;anonymous&gt;)
    at callAsyncCircusFn (/home/mmittelb/Projects/stolen-api-services/node_modules/jest-circus/build/utils.js:315:10)
    at _callCircusHook (/home/mmittelb/Projects/stolen-api-services/node_modules/jest-circus/build/run.js:181:40)
    at _runTest (/home/mmittelb/Projects/stolen-api-services/node_modules/jest-circus/build/run.js:158:5)
    at _runTestsForDescribeBlock (/home/mmittelb/Projects/stolen-api-services/node_modules/jest-circus/build/run.js:66:9)
    at _runTestsForDescribeBlock (/home/mmittelb/Projects/stolen-api-services/node_modules/jest-circus/build/run.js:60:9)
    at _runTestsForDescribeBlock (/home/mmittelb/Projects/stolen-api-services/node_modules/jest-circus/build/run.js:60:9)
    at run (/home/mmittelb/Projects/stolen-api-services/node_modules/jest-circus/build/run.js:25:3)</failure>
    </testcase>
    <testcase classname="CustomerRolesService update should not find the role" name="CustomerRolesService update should not find the role" time="0">
      <failure>Error: Status Code is 403 (MongoDB&apos;s 404)
This means that the requested version-platform combination doesn&apos;t exist
  Used Url: &quot;https://fastdl.mongodb.org/linux/mongodb-linux-x86_64-ubuntu2104-5.0.3.tgz&quot;
Try to use different version &apos;new MongoMemoryServer({ binary: { version: &apos;X.Y.Z&apos; } })&apos;
List of available versions can be found here:
  https://www.mongodb.org/dl/linux for Linux
  https://www.mongodb.org/dl/osx for OSX
  https://www.mongodb.org/dl/win32 for Windows
    at ClientRequest.&lt;anonymous&gt; (/home/mmittelb/Projects/stolen-api-services/node_modules/mongodb-memory-server-core/src/util/MongoBinaryDownload.ts:418:17)
    at Object.onceWrapper (events.js:520:26)
    at ClientRequest.emit (events.js:400:28)
    at HTTPParser.parserOnIncomingClient (_http_client.js:647:27)
    at HTTPParser.parserOnHeadersComplete (_http_common.js:126:17)
    at TLSSocket.socketOnData (_http_client.js:515:22)
    at TLSSocket.emit (events.js:400:28)
    at addChunk (internal/streams/readable.js:290:12)
    at readableAddChunk (internal/streams/readable.js:265:9)
    at TLSSocket.Readable.push (internal/streams/readable.js:204:10)</failure>
      <failure>TypeError: Cannot read property &apos;close&apos; of undefined
    at Object.&lt;anonymous&gt; (/home/mmittelb/Projects/stolen-api-services/apps/customer/src/v1/customers-roles/customers-roles.service.spec.ts:94:22)
    at Promise.then.completed (/home/mmittelb/Projects/stolen-api-services/node_modules/jest-circus/build/utils.js:390:28)
    at new Promise (&lt;anonymous&gt;)
    at callAsyncCircusFn (/home/mmittelb/Projects/stolen-api-services/node_modules/jest-circus/build/utils.js:315:10)
    at _callCircusHook (/home/mmittelb/Projects/stolen-api-services/node_modules/jest-circus/build/run.js:181:40)
    at _runTest (/home/mmittelb/Projects/stolen-api-services/node_modules/jest-circus/build/run.js:158:5)
    at _runTestsForDescribeBlock (/home/mmittelb/Projects/stolen-api-services/node_modules/jest-circus/build/run.js:66:9)
    at _runTestsForDescribeBlock (/home/mmittelb/Projects/stolen-api-services/node_modules/jest-circus/build/run.js:60:9)
    at _runTestsForDescribeBlock (/home/mmittelb/Projects/stolen-api-services/node_modules/jest-circus/build/run.js:60:9)
    at run (/home/mmittelb/Projects/stolen-api-services/node_modules/jest-circus/build/run.js:25:3)</failure>
    </testcase>
    <testcase classname="CustomerRolesService update should have a version conflict" name="CustomerRolesService update should have a version conflict" time="0">
      <failure>Error: Status Code is 403 (MongoDB&apos;s 404)
This means that the requested version-platform combination doesn&apos;t exist
  Used Url: &quot;https://fastdl.mongodb.org/linux/mongodb-linux-x86_64-ubuntu2104-5.0.3.tgz&quot;
Try to use different version &apos;new MongoMemoryServer({ binary: { version: &apos;X.Y.Z&apos; } })&apos;
List of available versions can be found here:
  https://www.mongodb.org/dl/linux for Linux
  https://www.mongodb.org/dl/osx for OSX
  https://www.mongodb.org/dl/win32 for Windows
    at ClientRequest.&lt;anonymous&gt; (/home/mmittelb/Projects/stolen-api-services/node_modules/mongodb-memory-server-core/src/util/MongoBinaryDownload.ts:418:17)
    at Object.onceWrapper (events.js:520:26)
    at ClientRequest.emit (events.js:400:28)
    at HTTPParser.parserOnIncomingClient (_http_client.js:647:27)
    at HTTPParser.parserOnHeadersComplete (_http_common.js:126:17)
    at TLSSocket.socketOnData (_http_client.js:515:22)
    at TLSSocket.emit (events.js:400:28)
    at addChunk (internal/streams/readable.js:290:12)
    at readableAddChunk (internal/streams/readable.js:265:9)
    at TLSSocket.Readable.push (internal/streams/readable.js:204:10)</failure>
      <failure>TypeError: Cannot read property &apos;close&apos; of undefined
    at Object.&lt;anonymous&gt; (/home/mmittelb/Projects/stolen-api-services/apps/customer/src/v1/customers-roles/customers-roles.service.spec.ts:94:22)
    at Promise.then.completed (/home/mmittelb/Projects/stolen-api-services/node_modules/jest-circus/build/utils.js:390:28)
    at new Promise (&lt;anonymous&gt;)
    at callAsyncCircusFn (/home/mmittelb/Projects/stolen-api-services/node_modules/jest-circus/build/utils.js:315:10)
    at _callCircusHook (/home/mmittelb/Projects/stolen-api-services/node_modules/jest-circus/build/run.js:181:40)
    at _runTest (/home/mmittelb/Projects/stolen-api-services/node_modules/jest-circus/build/run.js:158:5)
    at _runTestsForDescribeBlock (/home/mmittelb/Projects/stolen-api-services/node_modules/jest-circus/build/run.js:66:9)
    at _runTestsForDescribeBlock (/home/mmittelb/Projects/stolen-api-services/node_modules/jest-circus/build/run.js:60:9)
    at _runTestsForDescribeBlock (/home/mmittelb/Projects/stolen-api-services/node_modules/jest-circus/build/run.js:60:9)
    at run (/home/mmittelb/Projects/stolen-api-services/node_modules/jest-circus/build/run.js:25:3)</failure>
    </testcase>
    <testcase classname="CustomerRolesService update should succeed" name="CustomerRolesService update should succeed" time="0">
      <failure>Error: Status Code is 403 (MongoDB&apos;s 404)
This means that the requested version-platform combination doesn&apos;t exist
  Used Url: &quot;https://fastdl.mongodb.org/linux/mongodb-linux-x86_64-ubuntu2104-5.0.3.tgz&quot;
Try to use different version &apos;new MongoMemoryServer({ binary: { version: &apos;X.Y.Z&apos; } })&apos;
List of available versions can be found here:
  https://www.mongodb.org/dl/linux for Linux
  https://www.mongodb.org/dl/osx for OSX
  https://www.mongodb.org/dl/win32 for Windows
    at ClientRequest.&lt;anonymous&gt; (/home/mmittelb/Projects/stolen-api-services/node_modules/mongodb-memory-server-core/src/util/MongoBinaryDownload.ts:418:17)
    at Object.onceWrapper (events.js:520:26)
    at ClientRequest.emit (events.js:400:28)
    at HTTPParser.parserOnIncomingClient (_http_client.js:647:27)
    at HTTPParser.parserOnHeadersComplete (_http_common.js:126:17)
    at TLSSocket.socketOnData (_http_client.js:515:22)
    at TLSSocket.emit (events.js:400:28)
    at addChunk (internal/streams/readable.js:290:12)
    at readableAddChunk (internal/streams/readable.js:265:9)
    at TLSSocket.Readable.push (internal/streams/readable.js:204:10)</failure>
      <failure>TypeError: Cannot read property &apos;close&apos; of undefined
    at Object.&lt;anonymous&gt; (/home/mmittelb/Projects/stolen-api-services/apps/customer/src/v1/customers-roles/customers-roles.service.spec.ts:94:22)
    at Promise.then.completed (/home/mmittelb/Projects/stolen-api-services/node_modules/jest-circus/build/utils.js:390:28)
    at new Promise (&lt;anonymous&gt;)
    at callAsyncCircusFn (/home/mmittelb/Projects/stolen-api-services/node_modules/jest-circus/build/utils.js:315:10)
    at _callCircusHook (/home/mmittelb/Projects/stolen-api-services/node_modules/jest-circus/build/run.js:181:40)
    at _runTest (/home/mmittelb/Projects/stolen-api-services/node_modules/jest-circus/build/run.js:158:5)
    at _runTestsForDescribeBlock (/home/mmittelb/Projects/stolen-api-services/node_modules/jest-circus/build/run.js:66:9)
    at _runTestsForDescribeBlock (/home/mmittelb/Projects/stolen-api-services/node_modules/jest-circus/build/run.js:60:9)
    at _runTestsForDescribeBlock (/home/mmittelb/Projects/stolen-api-services/node_modules/jest-circus/build/run.js:60:9)
    at run (/home/mmittelb/Projects/stolen-api-services/node_modules/jest-circus/build/run.js:25:3)</failure>
    </testcase>
    <testcase classname="CustomerRolesService update should detect invalid tag" name="CustomerRolesService update should detect invalid tag" time="0.001">
      <failure>Error: Status Code is 403 (MongoDB&apos;s 404)
This means that the requested version-platform combination doesn&apos;t exist
  Used Url: &quot;https://fastdl.mongodb.org/linux/mongodb-linux-x86_64-ubuntu2104-5.0.3.tgz&quot;
Try to use different version &apos;new MongoMemoryServer({ binary: { version: &apos;X.Y.Z&apos; } })&apos;
List of available versions can be found here:
  https://www.mongodb.org/dl/linux for Linux
  https://www.mongodb.org/dl/osx for OSX
  https://www.mongodb.org/dl/win32 for Windows
    at ClientRequest.&lt;anonymous&gt; (/home/mmittelb/Projects/stolen-api-services/node_modules/mongodb-memory-server-core/src/util/MongoBinaryDownload.ts:418:17)
    at Object.onceWrapper (events.js:520:26)
    at ClientRequest.emit (events.js:400:28)
    at HTTPParser.parserOnIncomingClient (_http_client.js:647:27)
    at HTTPParser.parserOnHeadersComplete (_http_common.js:126:17)
    at TLSSocket.socketOnData (_http_client.js:515:22)
    at TLSSocket.emit (events.js:400:28)
    at addChunk (internal/streams/readable.js:290:12)
    at readableAddChunk (internal/streams/readable.js:265:9)
    at TLSSocket.Readable.push (internal/streams/readable.js:204:10)</failure>
      <failure>TypeError: Cannot read property &apos;close&apos; of undefined
    at Object.&lt;anonymous&gt; (/home/mmittelb/Projects/stolen-api-services/apps/customer/src/v1/customers-roles/customers-roles.service.spec.ts:94:22)
    at Promise.then.completed (/home/mmittelb/Projects/stolen-api-services/node_modules/jest-circus/build/utils.js:390:28)
    at new Promise (&lt;anonymous&gt;)
    at callAsyncCircusFn (/home/mmittelb/Projects/stolen-api-services/node_modules/jest-circus/build/utils.js:315:10)
    at _callCircusHook (/home/mmittelb/Projects/stolen-api-services/node_modules/jest-circus/build/run.js:181:40)
    at _runTest (/home/mmittelb/Projects/stolen-api-services/node_modules/jest-circus/build/run.js:158:5)
    at _runTestsForDescribeBlock (/home/mmittelb/Projects/stolen-api-services/node_modules/jest-circus/build/run.js:66:9)
    at _runTestsForDescribeBlock (/home/mmittelb/Projects/stolen-api-services/node_modules/jest-circus/build/run.js:60:9)
    at _runTestsForDescribeBlock (/home/mmittelb/Projects/stolen-api-services/node_modules/jest-circus/build/run.js:60:9)
    at run (/home/mmittelb/Projects/stolen-api-services/node_modules/jest-circus/build/run.js:25:3)</failure>
    </testcase>
    <testcase classname="CustomerRolesService update should detect invalid permission" name="CustomerRolesService update should detect invalid permission" time="0">
      <failure>Error: Status Code is 403 (MongoDB&apos;s 404)
This means that the requested version-platform combination doesn&apos;t exist
  Used Url: &quot;https://fastdl.mongodb.org/linux/mongodb-linux-x86_64-ubuntu2104-5.0.3.tgz&quot;
Try to use different version &apos;new MongoMemoryServer({ binary: { version: &apos;X.Y.Z&apos; } })&apos;
List of available versions can be found here:
  https://www.mongodb.org/dl/linux for Linux
  https://www.mongodb.org/dl/osx for OSX
  https://www.mongodb.org/dl/win32 for Windows
    at ClientRequest.&lt;anonymous&gt; (/home/mmittelb/Projects/stolen-api-services/node_modules/mongodb-memory-server-core/src/util/MongoBinaryDownload.ts:418:17)
    at Object.onceWrapper (events.js:520:26)
    at ClientRequest.emit (events.js:400:28)
    at HTTPParser.parserOnIncomingClient (_http_client.js:647:27)
    at HTTPParser.parserOnHeadersComplete (_http_common.js:126:17)
    at TLSSocket.socketOnData (_http_client.js:515:22)
    at TLSSocket.emit (events.js:400:28)
    at addChunk (internal/streams/readable.js:290:12)
    at readableAddChunk (internal/streams/readable.js:265:9)
    at TLSSocket.Readable.push (internal/streams/readable.js:204:10)</failure>
      <failure>TypeError: Cannot read property &apos;close&apos; of undefined
    at Object.&lt;anonymous&gt; (/home/mmittelb/Projects/stolen-api-services/apps/customer/src/v1/customers-roles/customers-roles.service.spec.ts:94:22)
    at Promise.then.completed (/home/mmittelb/Projects/stolen-api-services/node_modules/jest-circus/build/utils.js:390:28)
    at new Promise (&lt;anonymous&gt;)
    at callAsyncCircusFn (/home/mmittelb/Projects/stolen-api-services/node_modules/jest-circus/build/utils.js:315:10)
    at _callCircusHook (/home/mmittelb/Projects/stolen-api-services/node_modules/jest-circus/build/run.js:181:40)
    at _runTest (/home/mmittelb/Projects/stolen-api-services/node_modules/jest-circus/build/run.js:158:5)
    at _runTestsForDescribeBlock (/home/mmittelb/Projects/stolen-api-services/node_modules/jest-circus/build/run.js:66:9)
    at _runTestsForDescribeBlock (/home/mmittelb/Projects/stolen-api-services/node_modules/jest-circus/build/run.js:60:9)
    at _runTestsForDescribeBlock (/home/mmittelb/Projects/stolen-api-services/node_modules/jest-circus/build/run.js:60:9)
    at run (/home/mmittelb/Projects/stolen-api-services/node_modules/jest-circus/build/run.js:25:3)</failure>
    </testcase>
  </testsuite>
  <testsuite name="UsersService" errors="0" failures="25" skipped="0" timestamp="2021-12-13T16:21:17" time="1.648" tests="25">
    <testcase classname="UsersService misc should test for too weak passwords" name="UsersService misc should test for too weak passwords" time="0">
      <failure>Error: Status Code is 403 (MongoDB&apos;s 404)
This means that the requested version-platform combination doesn&apos;t exist
  Used Url: &quot;https://fastdl.mongodb.org/linux/mongodb-linux-x86_64-ubuntu2104-5.0.3.tgz&quot;
Try to use different version &apos;new MongoMemoryServer({ binary: { version: &apos;X.Y.Z&apos; } })&apos;
List of available versions can be found here:
  https://www.mongodb.org/dl/linux for Linux
  https://www.mongodb.org/dl/osx for OSX
  https://www.mongodb.org/dl/win32 for Windows
    at ClientRequest.&lt;anonymous&gt; (/home/mmittelb/Projects/stolen-api-services/node_modules/mongodb-memory-server-core/src/util/MongoBinaryDownload.ts:418:17)
    at Object.onceWrapper (events.js:520:26)
    at ClientRequest.emit (events.js:400:28)
    at HTTPParser.parserOnIncomingClient (_http_client.js:647:27)
    at HTTPParser.parserOnHeadersComplete (_http_common.js:126:17)
    at TLSSocket.socketOnData (_http_client.js:515:22)
    at TLSSocket.emit (events.js:400:28)
    at addChunk (internal/streams/readable.js:290:12)
    at readableAddChunk (internal/streams/readable.js:265:9)
    at TLSSocket.Readable.push (internal/streams/readable.js:204:10)</failure>
      <failure>TypeError: Cannot read property &apos;close&apos; of undefined
    at Object.&lt;anonymous&gt; (/home/mmittelb/Projects/stolen-api-services/apps/user/src/v1/users/users.service.spec.ts:124:22)
    at Promise.then.completed (/home/mmittelb/Projects/stolen-api-services/node_modules/jest-circus/build/utils.js:390:28)
    at new Promise (&lt;anonymous&gt;)
    at callAsyncCircusFn (/home/mmittelb/Projects/stolen-api-services/node_modules/jest-circus/build/utils.js:315:10)
    at _callCircusHook (/home/mmittelb/Projects/stolen-api-services/node_modules/jest-circus/build/run.js:181:40)
    at _runTest (/home/mmittelb/Projects/stolen-api-services/node_modules/jest-circus/build/run.js:158:5)
    at _runTestsForDescribeBlock (/home/mmittelb/Projects/stolen-api-services/node_modules/jest-circus/build/run.js:66:9)
    at _runTestsForDescribeBlock (/home/mmittelb/Projects/stolen-api-services/node_modules/jest-circus/build/run.js:60:9)
    at _runTestsForDescribeBlock (/home/mmittelb/Projects/stolen-api-services/node_modules/jest-circus/build/run.js:60:9)
    at run (/home/mmittelb/Projects/stolen-api-services/node_modules/jest-circus/build/run.js:25:3)</failure>
    </testcase>
    <testcase classname="UsersService findOne should find a doc" name="UsersService findOne should find a doc" time="0.001">
      <failure>Error: Status Code is 403 (MongoDB&apos;s 404)
This means that the requested version-platform combination doesn&apos;t exist
  Used Url: &quot;https://fastdl.mongodb.org/linux/mongodb-linux-x86_64-ubuntu2104-5.0.3.tgz&quot;
Try to use different version &apos;new MongoMemoryServer({ binary: { version: &apos;X.Y.Z&apos; } })&apos;
List of available versions can be found here:
  https://www.mongodb.org/dl/linux for Linux
  https://www.mongodb.org/dl/osx for OSX
  https://www.mongodb.org/dl/win32 for Windows
    at ClientRequest.&lt;anonymous&gt; (/home/mmittelb/Projects/stolen-api-services/node_modules/mongodb-memory-server-core/src/util/MongoBinaryDownload.ts:418:17)
    at Object.onceWrapper (events.js:520:26)
    at ClientRequest.emit (events.js:400:28)
    at HTTPParser.parserOnIncomingClient (_http_client.js:647:27)
    at HTTPParser.parserOnHeadersComplete (_http_common.js:126:17)
    at TLSSocket.socketOnData (_http_client.js:515:22)
    at TLSSocket.emit (events.js:400:28)
    at addChunk (internal/streams/readable.js:290:12)
    at readableAddChunk (internal/streams/readable.js:265:9)
    at TLSSocket.Readable.push (internal/streams/readable.js:204:10)</failure>
      <failure>TypeError: Cannot read property &apos;close&apos; of undefined
    at Object.&lt;anonymous&gt; (/home/mmittelb/Projects/stolen-api-services/apps/user/src/v1/users/users.service.spec.ts:124:22)
    at Promise.then.completed (/home/mmittelb/Projects/stolen-api-services/node_modules/jest-circus/build/utils.js:390:28)
    at new Promise (&lt;anonymous&gt;)
    at callAsyncCircusFn (/home/mmittelb/Projects/stolen-api-services/node_modules/jest-circus/build/utils.js:315:10)
    at _callCircusHook (/home/mmittelb/Projects/stolen-api-services/node_modules/jest-circus/build/run.js:181:40)
    at _runTest (/home/mmittelb/Projects/stolen-api-services/node_modules/jest-circus/build/run.js:158:5)
    at _runTestsForDescribeBlock (/home/mmittelb/Projects/stolen-api-services/node_modules/jest-circus/build/run.js:66:9)
    at _runTestsForDescribeBlock (/home/mmittelb/Projects/stolen-api-services/node_modules/jest-circus/build/run.js:60:9)
    at _runTestsForDescribeBlock (/home/mmittelb/Projects/stolen-api-services/node_modules/jest-circus/build/run.js:60:9)
    at run (/home/mmittelb/Projects/stolen-api-services/node_modules/jest-circus/build/run.js:25:3)</failure>
    </testcase>
    <testcase classname="UsersService findOne should not find a doc" name="UsersService findOne should not find a doc" time="0.001">
      <failure>Error: Status Code is 403 (MongoDB&apos;s 404)
This means that the requested version-platform combination doesn&apos;t exist
  Used Url: &quot;https://fastdl.mongodb.org/linux/mongodb-linux-x86_64-ubuntu2104-5.0.3.tgz&quot;
Try to use different version &apos;new MongoMemoryServer({ binary: { version: &apos;X.Y.Z&apos; } })&apos;
List of available versions can be found here:
  https://www.mongodb.org/dl/linux for Linux
  https://www.mongodb.org/dl/osx for OSX
  https://www.mongodb.org/dl/win32 for Windows
    at ClientRequest.&lt;anonymous&gt; (/home/mmittelb/Projects/stolen-api-services/node_modules/mongodb-memory-server-core/src/util/MongoBinaryDownload.ts:418:17)
    at Object.onceWrapper (events.js:520:26)
    at ClientRequest.emit (events.js:400:28)
    at HTTPParser.parserOnIncomingClient (_http_client.js:647:27)
    at HTTPParser.parserOnHeadersComplete (_http_common.js:126:17)
    at TLSSocket.socketOnData (_http_client.js:515:22)
    at TLSSocket.emit (events.js:400:28)
    at addChunk (internal/streams/readable.js:290:12)
    at readableAddChunk (internal/streams/readable.js:265:9)
    at TLSSocket.Readable.push (internal/streams/readable.js:204:10)</failure>
      <failure>TypeError: Cannot read property &apos;close&apos; of undefined
    at Object.&lt;anonymous&gt; (/home/mmittelb/Projects/stolen-api-services/apps/user/src/v1/users/users.service.spec.ts:124:22)
    at Promise.then.completed (/home/mmittelb/Projects/stolen-api-services/node_modules/jest-circus/build/utils.js:390:28)
    at new Promise (&lt;anonymous&gt;)
    at callAsyncCircusFn (/home/mmittelb/Projects/stolen-api-services/node_modules/jest-circus/build/utils.js:315:10)
    at _callCircusHook (/home/mmittelb/Projects/stolen-api-services/node_modules/jest-circus/build/run.js:181:40)
    at _runTest (/home/mmittelb/Projects/stolen-api-services/node_modules/jest-circus/build/run.js:158:5)
    at _runTestsForDescribeBlock (/home/mmittelb/Projects/stolen-api-services/node_modules/jest-circus/build/run.js:66:9)
    at _runTestsForDescribeBlock (/home/mmittelb/Projects/stolen-api-services/node_modules/jest-circus/build/run.js:60:9)
    at _runTestsForDescribeBlock (/home/mmittelb/Projects/stolen-api-services/node_modules/jest-circus/build/run.js:60:9)
    at run (/home/mmittelb/Projects/stolen-api-services/node_modules/jest-circus/build/run.js:25:3)</failure>
    </testcase>
    <testcase classname="UsersService remove should remove a doc" name="UsersService remove should remove a doc" time="0.001">
      <failure>Error: Status Code is 403 (MongoDB&apos;s 404)
This means that the requested version-platform combination doesn&apos;t exist
  Used Url: &quot;https://fastdl.mongodb.org/linux/mongodb-linux-x86_64-ubuntu2104-5.0.3.tgz&quot;
Try to use different version &apos;new MongoMemoryServer({ binary: { version: &apos;X.Y.Z&apos; } })&apos;
List of available versions can be found here:
  https://www.mongodb.org/dl/linux for Linux
  https://www.mongodb.org/dl/osx for OSX
  https://www.mongodb.org/dl/win32 for Windows
    at ClientRequest.&lt;anonymous&gt; (/home/mmittelb/Projects/stolen-api-services/node_modules/mongodb-memory-server-core/src/util/MongoBinaryDownload.ts:418:17)
    at Object.onceWrapper (events.js:520:26)
    at ClientRequest.emit (events.js:400:28)
    at HTTPParser.parserOnIncomingClient (_http_client.js:647:27)
    at HTTPParser.parserOnHeadersComplete (_http_common.js:126:17)
    at TLSSocket.socketOnData (_http_client.js:515:22)
    at TLSSocket.emit (events.js:400:28)
    at addChunk (internal/streams/readable.js:290:12)
    at readableAddChunk (internal/streams/readable.js:265:9)
    at TLSSocket.Readable.push (internal/streams/readable.js:204:10)</failure>
      <failure>TypeError: Cannot read property &apos;close&apos; of undefined
    at Object.&lt;anonymous&gt; (/home/mmittelb/Projects/stolen-api-services/apps/user/src/v1/users/users.service.spec.ts:124:22)
    at Promise.then.completed (/home/mmittelb/Projects/stolen-api-services/node_modules/jest-circus/build/utils.js:390:28)
    at new Promise (&lt;anonymous&gt;)
    at callAsyncCircusFn (/home/mmittelb/Projects/stolen-api-services/node_modules/jest-circus/build/utils.js:315:10)
    at _callCircusHook (/home/mmittelb/Projects/stolen-api-services/node_modules/jest-circus/build/run.js:181:40)
    at _runTest (/home/mmittelb/Projects/stolen-api-services/node_modules/jest-circus/build/run.js:158:5)
    at _runTestsForDescribeBlock (/home/mmittelb/Projects/stolen-api-services/node_modules/jest-circus/build/run.js:66:9)
    at _runTestsForDescribeBlock (/home/mmittelb/Projects/stolen-api-services/node_modules/jest-circus/build/run.js:60:9)
    at _runTestsForDescribeBlock (/home/mmittelb/Projects/stolen-api-services/node_modules/jest-circus/build/run.js:60:9)
    at run (/home/mmittelb/Projects/stolen-api-services/node_modules/jest-circus/build/run.js:25:3)</failure>
    </testcase>
    <testcase classname="UsersService create should return a new doc" name="UsersService create should return a new doc" time="0.001">
      <failure>Error: Status Code is 403 (MongoDB&apos;s 404)
This means that the requested version-platform combination doesn&apos;t exist
  Used Url: &quot;https://fastdl.mongodb.org/linux/mongodb-linux-x86_64-ubuntu2104-5.0.3.tgz&quot;
Try to use different version &apos;new MongoMemoryServer({ binary: { version: &apos;X.Y.Z&apos; } })&apos;
List of available versions can be found here:
  https://www.mongodb.org/dl/linux for Linux
  https://www.mongodb.org/dl/osx for OSX
  https://www.mongodb.org/dl/win32 for Windows
    at ClientRequest.&lt;anonymous&gt; (/home/mmittelb/Projects/stolen-api-services/node_modules/mongodb-memory-server-core/src/util/MongoBinaryDownload.ts:418:17)
    at Object.onceWrapper (events.js:520:26)
    at ClientRequest.emit (events.js:400:28)
    at HTTPParser.parserOnIncomingClient (_http_client.js:647:27)
    at HTTPParser.parserOnHeadersComplete (_http_common.js:126:17)
    at TLSSocket.socketOnData (_http_client.js:515:22)
    at TLSSocket.emit (events.js:400:28)
    at addChunk (internal/streams/readable.js:290:12)
    at readableAddChunk (internal/streams/readable.js:265:9)
    at TLSSocket.Readable.push (internal/streams/readable.js:204:10)</failure>
      <failure>TypeError: Cannot read property &apos;close&apos; of undefined
    at Object.&lt;anonymous&gt; (/home/mmittelb/Projects/stolen-api-services/apps/user/src/v1/users/users.service.spec.ts:124:22)
    at Promise.then.completed (/home/mmittelb/Projects/stolen-api-services/node_modules/jest-circus/build/utils.js:390:28)
    at new Promise (&lt;anonymous&gt;)
    at callAsyncCircusFn (/home/mmittelb/Projects/stolen-api-services/node_modules/jest-circus/build/utils.js:315:10)
    at _callCircusHook (/home/mmittelb/Projects/stolen-api-services/node_modules/jest-circus/build/run.js:181:40)
    at _runTest (/home/mmittelb/Projects/stolen-api-services/node_modules/jest-circus/build/run.js:158:5)
    at _runTestsForDescribeBlock (/home/mmittelb/Projects/stolen-api-services/node_modules/jest-circus/build/run.js:66:9)
    at _runTestsForDescribeBlock (/home/mmittelb/Projects/stolen-api-services/node_modules/jest-circus/build/run.js:60:9)
    at _runTestsForDescribeBlock (/home/mmittelb/Projects/stolen-api-services/node_modules/jest-circus/build/run.js:60:9)
    at run (/home/mmittelb/Projects/stolen-api-services/node_modules/jest-circus/build/run.js:25:3)</failure>
    </testcase>
    <testcase classname="UsersService create should use an existing email and fail" name="UsersService create should use an existing email and fail" time="0">
      <failure>Error: Status Code is 403 (MongoDB&apos;s 404)
This means that the requested version-platform combination doesn&apos;t exist
  Used Url: &quot;https://fastdl.mongodb.org/linux/mongodb-linux-x86_64-ubuntu2104-5.0.3.tgz&quot;
Try to use different version &apos;new MongoMemoryServer({ binary: { version: &apos;X.Y.Z&apos; } })&apos;
List of available versions can be found here:
  https://www.mongodb.org/dl/linux for Linux
  https://www.mongodb.org/dl/osx for OSX
  https://www.mongodb.org/dl/win32 for Windows
    at ClientRequest.&lt;anonymous&gt; (/home/mmittelb/Projects/stolen-api-services/node_modules/mongodb-memory-server-core/src/util/MongoBinaryDownload.ts:418:17)
    at Object.onceWrapper (events.js:520:26)
    at ClientRequest.emit (events.js:400:28)
    at HTTPParser.parserOnIncomingClient (_http_client.js:647:27)
    at HTTPParser.parserOnHeadersComplete (_http_common.js:126:17)
    at TLSSocket.socketOnData (_http_client.js:515:22)
    at TLSSocket.emit (events.js:400:28)
    at addChunk (internal/streams/readable.js:290:12)
    at readableAddChunk (internal/streams/readable.js:265:9)
    at TLSSocket.Readable.push (internal/streams/readable.js:204:10)</failure>
      <failure>TypeError: Cannot read property &apos;close&apos; of undefined
    at Object.&lt;anonymous&gt; (/home/mmittelb/Projects/stolen-api-services/apps/user/src/v1/users/users.service.spec.ts:124:22)
    at Promise.then.completed (/home/mmittelb/Projects/stolen-api-services/node_modules/jest-circus/build/utils.js:390:28)
    at new Promise (&lt;anonymous&gt;)
    at callAsyncCircusFn (/home/mmittelb/Projects/stolen-api-services/node_modules/jest-circus/build/utils.js:315:10)
    at _callCircusHook (/home/mmittelb/Projects/stolen-api-services/node_modules/jest-circus/build/run.js:181:40)
    at _runTest (/home/mmittelb/Projects/stolen-api-services/node_modules/jest-circus/build/run.js:158:5)
    at _runTestsForDescribeBlock (/home/mmittelb/Projects/stolen-api-services/node_modules/jest-circus/build/run.js:66:9)
    at _runTestsForDescribeBlock (/home/mmittelb/Projects/stolen-api-services/node_modules/jest-circus/build/run.js:60:9)
    at _runTestsForDescribeBlock (/home/mmittelb/Projects/stolen-api-services/node_modules/jest-circus/build/run.js:60:9)
    at run (/home/mmittelb/Projects/stolen-api-services/node_modules/jest-circus/build/run.js:25:3)</failure>
    </testcase>
    <testcase classname="UsersService create should check for too weak passwords" name="UsersService create should check for too weak passwords" time="0">
      <failure>Error: Status Code is 403 (MongoDB&apos;s 404)
This means that the requested version-platform combination doesn&apos;t exist
  Used Url: &quot;https://fastdl.mongodb.org/linux/mongodb-linux-x86_64-ubuntu2104-5.0.3.tgz&quot;
Try to use different version &apos;new MongoMemoryServer({ binary: { version: &apos;X.Y.Z&apos; } })&apos;
List of available versions can be found here:
  https://www.mongodb.org/dl/linux for Linux
  https://www.mongodb.org/dl/osx for OSX
  https://www.mongodb.org/dl/win32 for Windows
    at ClientRequest.&lt;anonymous&gt; (/home/mmittelb/Projects/stolen-api-services/node_modules/mongodb-memory-server-core/src/util/MongoBinaryDownload.ts:418:17)
    at Object.onceWrapper (events.js:520:26)
    at ClientRequest.emit (events.js:400:28)
    at HTTPParser.parserOnIncomingClient (_http_client.js:647:27)
    at HTTPParser.parserOnHeadersComplete (_http_common.js:126:17)
    at TLSSocket.socketOnData (_http_client.js:515:22)
    at TLSSocket.emit (events.js:400:28)
    at addChunk (internal/streams/readable.js:290:12)
    at readableAddChunk (internal/streams/readable.js:265:9)
    at TLSSocket.Readable.push (internal/streams/readable.js:204:10)</failure>
      <failure>TypeError: Cannot read property &apos;close&apos; of undefined
    at Object.&lt;anonymous&gt; (/home/mmittelb/Projects/stolen-api-services/apps/user/src/v1/users/users.service.spec.ts:124:22)
    at Promise.then.completed (/home/mmittelb/Projects/stolen-api-services/node_modules/jest-circus/build/utils.js:390:28)
    at new Promise (&lt;anonymous&gt;)
    at callAsyncCircusFn (/home/mmittelb/Projects/stolen-api-services/node_modules/jest-circus/build/utils.js:315:10)
    at _callCircusHook (/home/mmittelb/Projects/stolen-api-services/node_modules/jest-circus/build/run.js:181:40)
    at _runTest (/home/mmittelb/Projects/stolen-api-services/node_modules/jest-circus/build/run.js:158:5)
    at _runTestsForDescribeBlock (/home/mmittelb/Projects/stolen-api-services/node_modules/jest-circus/build/run.js:66:9)
    at _runTestsForDescribeBlock (/home/mmittelb/Projects/stolen-api-services/node_modules/jest-circus/build/run.js:60:9)
    at _runTestsForDescribeBlock (/home/mmittelb/Projects/stolen-api-services/node_modules/jest-circus/build/run.js:60:9)
    at run (/home/mmittelb/Projects/stolen-api-services/node_modules/jest-circus/build/run.js:25:3)</failure>
    </testcase>
    <testcase classname="UsersService update should not find the user" name="UsersService update should not find the user" time="0.001">
      <failure>Error: Status Code is 403 (MongoDB&apos;s 404)
This means that the requested version-platform combination doesn&apos;t exist
  Used Url: &quot;https://fastdl.mongodb.org/linux/mongodb-linux-x86_64-ubuntu2104-5.0.3.tgz&quot;
Try to use different version &apos;new MongoMemoryServer({ binary: { version: &apos;X.Y.Z&apos; } })&apos;
List of available versions can be found here:
  https://www.mongodb.org/dl/linux for Linux
  https://www.mongodb.org/dl/osx for OSX
  https://www.mongodb.org/dl/win32 for Windows
    at ClientRequest.&lt;anonymous&gt; (/home/mmittelb/Projects/stolen-api-services/node_modules/mongodb-memory-server-core/src/util/MongoBinaryDownload.ts:418:17)
    at Object.onceWrapper (events.js:520:26)
    at ClientRequest.emit (events.js:400:28)
    at HTTPParser.parserOnIncomingClient (_http_client.js:647:27)
    at HTTPParser.parserOnHeadersComplete (_http_common.js:126:17)
    at TLSSocket.socketOnData (_http_client.js:515:22)
    at TLSSocket.emit (events.js:400:28)
    at addChunk (internal/streams/readable.js:290:12)
    at readableAddChunk (internal/streams/readable.js:265:9)
    at TLSSocket.Readable.push (internal/streams/readable.js:204:10)</failure>
      <failure>TypeError: Cannot read property &apos;close&apos; of undefined
    at Object.&lt;anonymous&gt; (/home/mmittelb/Projects/stolen-api-services/apps/user/src/v1/users/users.service.spec.ts:124:22)
    at Promise.then.completed (/home/mmittelb/Projects/stolen-api-services/node_modules/jest-circus/build/utils.js:390:28)
    at new Promise (&lt;anonymous&gt;)
    at callAsyncCircusFn (/home/mmittelb/Projects/stolen-api-services/node_modules/jest-circus/build/utils.js:315:10)
    at _callCircusHook (/home/mmittelb/Projects/stolen-api-services/node_modules/jest-circus/build/run.js:181:40)
    at _runTest (/home/mmittelb/Projects/stolen-api-services/node_modules/jest-circus/build/run.js:158:5)
    at _runTestsForDescribeBlock (/home/mmittelb/Projects/stolen-api-services/node_modules/jest-circus/build/run.js:66:9)
    at _runTestsForDescribeBlock (/home/mmittelb/Projects/stolen-api-services/node_modules/jest-circus/build/run.js:60:9)
    at _runTestsForDescribeBlock (/home/mmittelb/Projects/stolen-api-services/node_modules/jest-circus/build/run.js:60:9)
    at run (/home/mmittelb/Projects/stolen-api-services/node_modules/jest-circus/build/run.js:25:3)</failure>
    </testcase>
    <testcase classname="UsersService update should have a version conflict" name="UsersService update should have a version conflict" time="0.001">
      <failure>Error: Status Code is 403 (MongoDB&apos;s 404)
This means that the requested version-platform combination doesn&apos;t exist
  Used Url: &quot;https://fastdl.mongodb.org/linux/mongodb-linux-x86_64-ubuntu2104-5.0.3.tgz&quot;
Try to use different version &apos;new MongoMemoryServer({ binary: { version: &apos;X.Y.Z&apos; } })&apos;
List of available versions can be found here:
  https://www.mongodb.org/dl/linux for Linux
  https://www.mongodb.org/dl/osx for OSX
  https://www.mongodb.org/dl/win32 for Windows
    at ClientRequest.&lt;anonymous&gt; (/home/mmittelb/Projects/stolen-api-services/node_modules/mongodb-memory-server-core/src/util/MongoBinaryDownload.ts:418:17)
    at Object.onceWrapper (events.js:520:26)
    at ClientRequest.emit (events.js:400:28)
    at HTTPParser.parserOnIncomingClient (_http_client.js:647:27)
    at HTTPParser.parserOnHeadersComplete (_http_common.js:126:17)
    at TLSSocket.socketOnData (_http_client.js:515:22)
    at TLSSocket.emit (events.js:400:28)
    at addChunk (internal/streams/readable.js:290:12)
    at readableAddChunk (internal/streams/readable.js:265:9)
    at TLSSocket.Readable.push (internal/streams/readable.js:204:10)</failure>
      <failure>TypeError: Cannot read property &apos;close&apos; of undefined
    at Object.&lt;anonymous&gt; (/home/mmittelb/Projects/stolen-api-services/apps/user/src/v1/users/users.service.spec.ts:124:22)
    at Promise.then.completed (/home/mmittelb/Projects/stolen-api-services/node_modules/jest-circus/build/utils.js:390:28)
    at new Promise (&lt;anonymous&gt;)
    at callAsyncCircusFn (/home/mmittelb/Projects/stolen-api-services/node_modules/jest-circus/build/utils.js:315:10)
    at _callCircusHook (/home/mmittelb/Projects/stolen-api-services/node_modules/jest-circus/build/run.js:181:40)
    at _runTest (/home/mmittelb/Projects/stolen-api-services/node_modules/jest-circus/build/run.js:158:5)
    at _runTestsForDescribeBlock (/home/mmittelb/Projects/stolen-api-services/node_modules/jest-circus/build/run.js:66:9)
    at _runTestsForDescribeBlock (/home/mmittelb/Projects/stolen-api-services/node_modules/jest-circus/build/run.js:60:9)
    at _runTestsForDescribeBlock (/home/mmittelb/Projects/stolen-api-services/node_modules/jest-circus/build/run.js:60:9)
    at run (/home/mmittelb/Projects/stolen-api-services/node_modules/jest-circus/build/run.js:25:3)</failure>
    </testcase>
    <testcase classname="UsersService update should have a missing email verification" name="UsersService update should have a missing email verification" time="0">
      <failure>Error: Status Code is 403 (MongoDB&apos;s 404)
This means that the requested version-platform combination doesn&apos;t exist
  Used Url: &quot;https://fastdl.mongodb.org/linux/mongodb-linux-x86_64-ubuntu2104-5.0.3.tgz&quot;
Try to use different version &apos;new MongoMemoryServer({ binary: { version: &apos;X.Y.Z&apos; } })&apos;
List of available versions can be found here:
  https://www.mongodb.org/dl/linux for Linux
  https://www.mongodb.org/dl/osx for OSX
  https://www.mongodb.org/dl/win32 for Windows
    at ClientRequest.&lt;anonymous&gt; (/home/mmittelb/Projects/stolen-api-services/node_modules/mongodb-memory-server-core/src/util/MongoBinaryDownload.ts:418:17)
    at Object.onceWrapper (events.js:520:26)
    at ClientRequest.emit (events.js:400:28)
    at HTTPParser.parserOnIncomingClient (_http_client.js:647:27)
    at HTTPParser.parserOnHeadersComplete (_http_common.js:126:17)
    at TLSSocket.socketOnData (_http_client.js:515:22)
    at TLSSocket.emit (events.js:400:28)
    at addChunk (internal/streams/readable.js:290:12)
    at readableAddChunk (internal/streams/readable.js:265:9)
    at TLSSocket.Readable.push (internal/streams/readable.js:204:10)</failure>
      <failure>TypeError: Cannot read property &apos;close&apos; of undefined
    at Object.&lt;anonymous&gt; (/home/mmittelb/Projects/stolen-api-services/apps/user/src/v1/users/users.service.spec.ts:124:22)
    at Promise.then.completed (/home/mmittelb/Projects/stolen-api-services/node_modules/jest-circus/build/utils.js:390:28)
    at new Promise (&lt;anonymous&gt;)
    at callAsyncCircusFn (/home/mmittelb/Projects/stolen-api-services/node_modules/jest-circus/build/utils.js:315:10)
    at _callCircusHook (/home/mmittelb/Projects/stolen-api-services/node_modules/jest-circus/build/run.js:181:40)
    at _runTest (/home/mmittelb/Projects/stolen-api-services/node_modules/jest-circus/build/run.js:158:5)
    at _runTestsForDescribeBlock (/home/mmittelb/Projects/stolen-api-services/node_modules/jest-circus/build/run.js:66:9)
    at _runTestsForDescribeBlock (/home/mmittelb/Projects/stolen-api-services/node_modules/jest-circus/build/run.js:60:9)
    at _runTestsForDescribeBlock (/home/mmittelb/Projects/stolen-api-services/node_modules/jest-circus/build/run.js:60:9)
    at run (/home/mmittelb/Projects/stolen-api-services/node_modules/jest-circus/build/run.js:25:3)</failure>
    </testcase>
    <testcase classname="UsersService update should have a missing account activation" name="UsersService update should have a missing account activation" time="0.001">
      <failure>Error: Status Code is 403 (MongoDB&apos;s 404)
This means that the requested version-platform combination doesn&apos;t exist
  Used Url: &quot;https://fastdl.mongodb.org/linux/mongodb-linux-x86_64-ubuntu2104-5.0.3.tgz&quot;
Try to use different version &apos;new MongoMemoryServer({ binary: { version: &apos;X.Y.Z&apos; } })&apos;
List of available versions can be found here:
  https://www.mongodb.org/dl/linux for Linux
  https://www.mongodb.org/dl/osx for OSX
  https://www.mongodb.org/dl/win32 for Windows
    at ClientRequest.&lt;anonymous&gt; (/home/mmittelb/Projects/stolen-api-services/node_modules/mongodb-memory-server-core/src/util/MongoBinaryDownload.ts:418:17)
    at Object.onceWrapper (events.js:520:26)
    at ClientRequest.emit (events.js:400:28)
    at HTTPParser.parserOnIncomingClient (_http_client.js:647:27)
    at HTTPParser.parserOnHeadersComplete (_http_common.js:126:17)
    at TLSSocket.socketOnData (_http_client.js:515:22)
    at TLSSocket.emit (events.js:400:28)
    at addChunk (internal/streams/readable.js:290:12)
    at readableAddChunk (internal/streams/readable.js:265:9)
    at TLSSocket.Readable.push (internal/streams/readable.js:204:10)</failure>
      <failure>TypeError: Cannot read property &apos;close&apos; of undefined
    at Object.&lt;anonymous&gt; (/home/mmittelb/Projects/stolen-api-services/apps/user/src/v1/users/users.service.spec.ts:124:22)
    at Promise.then.completed (/home/mmittelb/Projects/stolen-api-services/node_modules/jest-circus/build/utils.js:390:28)
    at new Promise (&lt;anonymous&gt;)
    at callAsyncCircusFn (/home/mmittelb/Projects/stolen-api-services/node_modules/jest-circus/build/utils.js:315:10)
    at _callCircusHook (/home/mmittelb/Projects/stolen-api-services/node_modules/jest-circus/build/run.js:181:40)
    at _runTest (/home/mmittelb/Projects/stolen-api-services/node_modules/jest-circus/build/run.js:158:5)
    at _runTestsForDescribeBlock (/home/mmittelb/Projects/stolen-api-services/node_modules/jest-circus/build/run.js:66:9)
    at _runTestsForDescribeBlock (/home/mmittelb/Projects/stolen-api-services/node_modules/jest-circus/build/run.js:60:9)
    at _runTestsForDescribeBlock (/home/mmittelb/Projects/stolen-api-services/node_modules/jest-circus/build/run.js:60:9)
    at run (/home/mmittelb/Projects/stolen-api-services/node_modules/jest-circus/build/run.js:25:3)</failure>
    </testcase>
    <testcase classname="UsersService update should check for too weak passwords" name="UsersService update should check for too weak passwords" time="0.001">
      <failure>Error: Status Code is 403 (MongoDB&apos;s 404)
This means that the requested version-platform combination doesn&apos;t exist
  Used Url: &quot;https://fastdl.mongodb.org/linux/mongodb-linux-x86_64-ubuntu2104-5.0.3.tgz&quot;
Try to use different version &apos;new MongoMemoryServer({ binary: { version: &apos;X.Y.Z&apos; } })&apos;
List of available versions can be found here:
  https://www.mongodb.org/dl/linux for Linux
  https://www.mongodb.org/dl/osx for OSX
  https://www.mongodb.org/dl/win32 for Windows
    at ClientRequest.&lt;anonymous&gt; (/home/mmittelb/Projects/stolen-api-services/node_modules/mongodb-memory-server-core/src/util/MongoBinaryDownload.ts:418:17)
    at Object.onceWrapper (events.js:520:26)
    at ClientRequest.emit (events.js:400:28)
    at HTTPParser.parserOnIncomingClient (_http_client.js:647:27)
    at HTTPParser.parserOnHeadersComplete (_http_common.js:126:17)
    at TLSSocket.socketOnData (_http_client.js:515:22)
    at TLSSocket.emit (events.js:400:28)
    at addChunk (internal/streams/readable.js:290:12)
    at readableAddChunk (internal/streams/readable.js:265:9)
    at TLSSocket.Readable.push (internal/streams/readable.js:204:10)</failure>
      <failure>TypeError: Cannot read property &apos;close&apos; of undefined
    at Object.&lt;anonymous&gt; (/home/mmittelb/Projects/stolen-api-services/apps/user/src/v1/users/users.service.spec.ts:124:22)
    at Promise.then.completed (/home/mmittelb/Projects/stolen-api-services/node_modules/jest-circus/build/utils.js:390:28)
    at new Promise (&lt;anonymous&gt;)
    at callAsyncCircusFn (/home/mmittelb/Projects/stolen-api-services/node_modules/jest-circus/build/utils.js:315:10)
    at _callCircusHook (/home/mmittelb/Projects/stolen-api-services/node_modules/jest-circus/build/run.js:181:40)
    at _runTest (/home/mmittelb/Projects/stolen-api-services/node_modules/jest-circus/build/run.js:158:5)
    at _runTestsForDescribeBlock (/home/mmittelb/Projects/stolen-api-services/node_modules/jest-circus/build/run.js:66:9)
    at _runTestsForDescribeBlock (/home/mmittelb/Projects/stolen-api-services/node_modules/jest-circus/build/run.js:60:9)
    at _runTestsForDescribeBlock (/home/mmittelb/Projects/stolen-api-services/node_modules/jest-circus/build/run.js:60:9)
    at run (/home/mmittelb/Projects/stolen-api-services/node_modules/jest-circus/build/run.js:25:3)</failure>
    </testcase>
    <testcase classname="UsersService update should verify the hash of the new password" name="UsersService update should verify the hash of the new password" time="0">
      <failure>Error: Status Code is 403 (MongoDB&apos;s 404)
This means that the requested version-platform combination doesn&apos;t exist
  Used Url: &quot;https://fastdl.mongodb.org/linux/mongodb-linux-x86_64-ubuntu2104-5.0.3.tgz&quot;
Try to use different version &apos;new MongoMemoryServer({ binary: { version: &apos;X.Y.Z&apos; } })&apos;
List of available versions can be found here:
  https://www.mongodb.org/dl/linux for Linux
  https://www.mongodb.org/dl/osx for OSX
  https://www.mongodb.org/dl/win32 for Windows
    at ClientRequest.&lt;anonymous&gt; (/home/mmittelb/Projects/stolen-api-services/node_modules/mongodb-memory-server-core/src/util/MongoBinaryDownload.ts:418:17)
    at Object.onceWrapper (events.js:520:26)
    at ClientRequest.emit (events.js:400:28)
    at HTTPParser.parserOnIncomingClient (_http_client.js:647:27)
    at HTTPParser.parserOnHeadersComplete (_http_common.js:126:17)
    at TLSSocket.socketOnData (_http_client.js:515:22)
    at TLSSocket.emit (events.js:400:28)
    at addChunk (internal/streams/readable.js:290:12)
    at readableAddChunk (internal/streams/readable.js:265:9)
    at TLSSocket.Readable.push (internal/streams/readable.js:204:10)</failure>
      <failure>TypeError: Cannot read property &apos;close&apos; of undefined
    at Object.&lt;anonymous&gt; (/home/mmittelb/Projects/stolen-api-services/apps/user/src/v1/users/users.service.spec.ts:124:22)
    at Promise.then.completed (/home/mmittelb/Projects/stolen-api-services/node_modules/jest-circus/build/utils.js:390:28)
    at new Promise (&lt;anonymous&gt;)
    at callAsyncCircusFn (/home/mmittelb/Projects/stolen-api-services/node_modules/jest-circus/build/utils.js:315:10)
    at _callCircusHook (/home/mmittelb/Projects/stolen-api-services/node_modules/jest-circus/build/run.js:181:40)
    at _runTest (/home/mmittelb/Projects/stolen-api-services/node_modules/jest-circus/build/run.js:158:5)
    at _runTestsForDescribeBlock (/home/mmittelb/Projects/stolen-api-services/node_modules/jest-circus/build/run.js:66:9)
    at _runTestsForDescribeBlock (/home/mmittelb/Projects/stolen-api-services/node_modules/jest-circus/build/run.js:60:9)
    at _runTestsForDescribeBlock (/home/mmittelb/Projects/stolen-api-services/node_modules/jest-circus/build/run.js:60:9)
    at run (/home/mmittelb/Projects/stolen-api-services/node_modules/jest-circus/build/run.js:25:3)</failure>
    </testcase>
    <testcase classname="UsersService update should detect missing config for encryption" name="UsersService update should detect missing config for encryption" time="0">
      <failure>Error: Status Code is 403 (MongoDB&apos;s 404)
This means that the requested version-platform combination doesn&apos;t exist
  Used Url: &quot;https://fastdl.mongodb.org/linux/mongodb-linux-x86_64-ubuntu2104-5.0.3.tgz&quot;
Try to use different version &apos;new MongoMemoryServer({ binary: { version: &apos;X.Y.Z&apos; } })&apos;
List of available versions can be found here:
  https://www.mongodb.org/dl/linux for Linux
  https://www.mongodb.org/dl/osx for OSX
  https://www.mongodb.org/dl/win32 for Windows
    at ClientRequest.&lt;anonymous&gt; (/home/mmittelb/Projects/stolen-api-services/node_modules/mongodb-memory-server-core/src/util/MongoBinaryDownload.ts:418:17)
    at Object.onceWrapper (events.js:520:26)
    at ClientRequest.emit (events.js:400:28)
    at HTTPParser.parserOnIncomingClient (_http_client.js:647:27)
    at HTTPParser.parserOnHeadersComplete (_http_common.js:126:17)
    at TLSSocket.socketOnData (_http_client.js:515:22)
    at TLSSocket.emit (events.js:400:28)
    at addChunk (internal/streams/readable.js:290:12)
    at readableAddChunk (internal/streams/readable.js:265:9)
    at TLSSocket.Readable.push (internal/streams/readable.js:204:10)</failure>
      <failure>TypeError: Cannot read property &apos;close&apos; of undefined
    at Object.&lt;anonymous&gt; (/home/mmittelb/Projects/stolen-api-services/apps/user/src/v1/users/users.service.spec.ts:124:22)
    at Promise.then.completed (/home/mmittelb/Projects/stolen-api-services/node_modules/jest-circus/build/utils.js:390:28)
    at new Promise (&lt;anonymous&gt;)
    at callAsyncCircusFn (/home/mmittelb/Projects/stolen-api-services/node_modules/jest-circus/build/utils.js:315:10)
    at _callCircusHook (/home/mmittelb/Projects/stolen-api-services/node_modules/jest-circus/build/run.js:181:40)
    at _runTest (/home/mmittelb/Projects/stolen-api-services/node_modules/jest-circus/build/run.js:158:5)
    at _runTestsForDescribeBlock (/home/mmittelb/Projects/stolen-api-services/node_modules/jest-circus/build/run.js:66:9)
    at _runTestsForDescribeBlock (/home/mmittelb/Projects/stolen-api-services/node_modules/jest-circus/build/run.js:60:9)
    at _runTestsForDescribeBlock (/home/mmittelb/Projects/stolen-api-services/node_modules/jest-circus/build/run.js:60:9)
    at run (/home/mmittelb/Projects/stolen-api-services/node_modules/jest-circus/build/run.js:25:3)</failure>
    </testcase>
    <testcase classname="UsersService update should verify the encryption of securityQuestion1Answer" name="UsersService update should verify the encryption of securityQuestion1Answer" time="0.001">
      <failure>Error: Status Code is 403 (MongoDB&apos;s 404)
This means that the requested version-platform combination doesn&apos;t exist
  Used Url: &quot;https://fastdl.mongodb.org/linux/mongodb-linux-x86_64-ubuntu2104-5.0.3.tgz&quot;
Try to use different version &apos;new MongoMemoryServer({ binary: { version: &apos;X.Y.Z&apos; } })&apos;
List of available versions can be found here:
  https://www.mongodb.org/dl/linux for Linux
  https://www.mongodb.org/dl/osx for OSX
  https://www.mongodb.org/dl/win32 for Windows
    at ClientRequest.&lt;anonymous&gt; (/home/mmittelb/Projects/stolen-api-services/node_modules/mongodb-memory-server-core/src/util/MongoBinaryDownload.ts:418:17)
    at Object.onceWrapper (events.js:520:26)
    at ClientRequest.emit (events.js:400:28)
    at HTTPParser.parserOnIncomingClient (_http_client.js:647:27)
    at HTTPParser.parserOnHeadersComplete (_http_common.js:126:17)
    at TLSSocket.socketOnData (_http_client.js:515:22)
    at TLSSocket.emit (events.js:400:28)
    at addChunk (internal/streams/readable.js:290:12)
    at readableAddChunk (internal/streams/readable.js:265:9)
    at TLSSocket.Readable.push (internal/streams/readable.js:204:10)</failure>
      <failure>TypeError: Cannot read property &apos;close&apos; of undefined
    at Object.&lt;anonymous&gt; (/home/mmittelb/Projects/stolen-api-services/apps/user/src/v1/users/users.service.spec.ts:124:22)
    at Promise.then.completed (/home/mmittelb/Projects/stolen-api-services/node_modules/jest-circus/build/utils.js:390:28)
    at new Promise (&lt;anonymous&gt;)
    at callAsyncCircusFn (/home/mmittelb/Projects/stolen-api-services/node_modules/jest-circus/build/utils.js:315:10)
    at _callCircusHook (/home/mmittelb/Projects/stolen-api-services/node_modules/jest-circus/build/run.js:181:40)
    at _runTest (/home/mmittelb/Projects/stolen-api-services/node_modules/jest-circus/build/run.js:158:5)
    at _runTestsForDescribeBlock (/home/mmittelb/Projects/stolen-api-services/node_modules/jest-circus/build/run.js:66:9)
    at _runTestsForDescribeBlock (/home/mmittelb/Projects/stolen-api-services/node_modules/jest-circus/build/run.js:60:9)
    at _runTestsForDescribeBlock (/home/mmittelb/Projects/stolen-api-services/node_modules/jest-circus/build/run.js:60:9)
    at run (/home/mmittelb/Projects/stolen-api-services/node_modules/jest-circus/build/run.js:25:3)</failure>
    </testcase>
    <testcase classname="UsersService update should verify the encryption of securityQuestion2Answer" name="UsersService update should verify the encryption of securityQuestion2Answer" time="0">
      <failure>Error: Status Code is 403 (MongoDB&apos;s 404)
This means that the requested version-platform combination doesn&apos;t exist
  Used Url: &quot;https://fastdl.mongodb.org/linux/mongodb-linux-x86_64-ubuntu2104-5.0.3.tgz&quot;
Try to use different version &apos;new MongoMemoryServer({ binary: { version: &apos;X.Y.Z&apos; } })&apos;
List of available versions can be found here:
  https://www.mongodb.org/dl/linux for Linux
  https://www.mongodb.org/dl/osx for OSX
  https://www.mongodb.org/dl/win32 for Windows
    at ClientRequest.&lt;anonymous&gt; (/home/mmittelb/Projects/stolen-api-services/node_modules/mongodb-memory-server-core/src/util/MongoBinaryDownload.ts:418:17)
    at Object.onceWrapper (events.js:520:26)
    at ClientRequest.emit (events.js:400:28)
    at HTTPParser.parserOnIncomingClient (_http_client.js:647:27)
    at HTTPParser.parserOnHeadersComplete (_http_common.js:126:17)
    at TLSSocket.socketOnData (_http_client.js:515:22)
    at TLSSocket.emit (events.js:400:28)
    at addChunk (internal/streams/readable.js:290:12)
    at readableAddChunk (internal/streams/readable.js:265:9)
    at TLSSocket.Readable.push (internal/streams/readable.js:204:10)</failure>
      <failure>TypeError: Cannot read property &apos;close&apos; of undefined
    at Object.&lt;anonymous&gt; (/home/mmittelb/Projects/stolen-api-services/apps/user/src/v1/users/users.service.spec.ts:124:22)
    at Promise.then.completed (/home/mmittelb/Projects/stolen-api-services/node_modules/jest-circus/build/utils.js:390:28)
    at new Promise (&lt;anonymous&gt;)
    at callAsyncCircusFn (/home/mmittelb/Projects/stolen-api-services/node_modules/jest-circus/build/utils.js:315:10)
    at _callCircusHook (/home/mmittelb/Projects/stolen-api-services/node_modules/jest-circus/build/run.js:181:40)
    at _runTest (/home/mmittelb/Projects/stolen-api-services/node_modules/jest-circus/build/run.js:158:5)
    at _runTestsForDescribeBlock (/home/mmittelb/Projects/stolen-api-services/node_modules/jest-circus/build/run.js:66:9)
    at _runTestsForDescribeBlock (/home/mmittelb/Projects/stolen-api-services/node_modules/jest-circus/build/run.js:60:9)
    at _runTestsForDescribeBlock (/home/mmittelb/Projects/stolen-api-services/node_modules/jest-circus/build/run.js:60:9)
    at run (/home/mmittelb/Projects/stolen-api-services/node_modules/jest-circus/build/run.js:25:3)</failure>
    </testcase>
    <testcase classname="UsersService update should verify the encryption of securityQuestion3Answer" name="UsersService update should verify the encryption of securityQuestion3Answer" time="0">
      <failure>Error: Status Code is 403 (MongoDB&apos;s 404)
This means that the requested version-platform combination doesn&apos;t exist
  Used Url: &quot;https://fastdl.mongodb.org/linux/mongodb-linux-x86_64-ubuntu2104-5.0.3.tgz&quot;
Try to use different version &apos;new MongoMemoryServer({ binary: { version: &apos;X.Y.Z&apos; } })&apos;
List of available versions can be found here:
  https://www.mongodb.org/dl/linux for Linux
  https://www.mongodb.org/dl/osx for OSX
  https://www.mongodb.org/dl/win32 for Windows
    at ClientRequest.&lt;anonymous&gt; (/home/mmittelb/Projects/stolen-api-services/node_modules/mongodb-memory-server-core/src/util/MongoBinaryDownload.ts:418:17)
    at Object.onceWrapper (events.js:520:26)
    at ClientRequest.emit (events.js:400:28)
    at HTTPParser.parserOnIncomingClient (_http_client.js:647:27)
    at HTTPParser.parserOnHeadersComplete (_http_common.js:126:17)
    at TLSSocket.socketOnData (_http_client.js:515:22)
    at TLSSocket.emit (events.js:400:28)
    at addChunk (internal/streams/readable.js:290:12)
    at readableAddChunk (internal/streams/readable.js:265:9)
    at TLSSocket.Readable.push (internal/streams/readable.js:204:10)</failure>
      <failure>TypeError: Cannot read property &apos;close&apos; of undefined
    at Object.&lt;anonymous&gt; (/home/mmittelb/Projects/stolen-api-services/apps/user/src/v1/users/users.service.spec.ts:124:22)
    at Promise.then.completed (/home/mmittelb/Projects/stolen-api-services/node_modules/jest-circus/build/utils.js:390:28)
    at new Promise (&lt;anonymous&gt;)
    at callAsyncCircusFn (/home/mmittelb/Projects/stolen-api-services/node_modules/jest-circus/build/utils.js:315:10)
    at _callCircusHook (/home/mmittelb/Projects/stolen-api-services/node_modules/jest-circus/build/run.js:181:40)
    at _runTest (/home/mmittelb/Projects/stolen-api-services/node_modules/jest-circus/build/run.js:158:5)
    at _runTestsForDescribeBlock (/home/mmittelb/Projects/stolen-api-services/node_modules/jest-circus/build/run.js:66:9)
    at _runTestsForDescribeBlock (/home/mmittelb/Projects/stolen-api-services/node_modules/jest-circus/build/run.js:60:9)
    at _runTestsForDescribeBlock (/home/mmittelb/Projects/stolen-api-services/node_modules/jest-circus/build/run.js:60:9)
    at run (/home/mmittelb/Projects/stolen-api-services/node_modules/jest-circus/build/run.js:25:3)</failure>
    </testcase>
    <testcase classname="UsersService update should succeed" name="UsersService update should succeed" time="0.001">
      <failure>Error: Status Code is 403 (MongoDB&apos;s 404)
This means that the requested version-platform combination doesn&apos;t exist
  Used Url: &quot;https://fastdl.mongodb.org/linux/mongodb-linux-x86_64-ubuntu2104-5.0.3.tgz&quot;
Try to use different version &apos;new MongoMemoryServer({ binary: { version: &apos;X.Y.Z&apos; } })&apos;
List of available versions can be found here:
  https://www.mongodb.org/dl/linux for Linux
  https://www.mongodb.org/dl/osx for OSX
  https://www.mongodb.org/dl/win32 for Windows
    at ClientRequest.&lt;anonymous&gt; (/home/mmittelb/Projects/stolen-api-services/node_modules/mongodb-memory-server-core/src/util/MongoBinaryDownload.ts:418:17)
    at Object.onceWrapper (events.js:520:26)
    at ClientRequest.emit (events.js:400:28)
    at HTTPParser.parserOnIncomingClient (_http_client.js:647:27)
    at HTTPParser.parserOnHeadersComplete (_http_common.js:126:17)
    at TLSSocket.socketOnData (_http_client.js:515:22)
    at TLSSocket.emit (events.js:400:28)
    at addChunk (internal/streams/readable.js:290:12)
    at readableAddChunk (internal/streams/readable.js:265:9)
    at TLSSocket.Readable.push (internal/streams/readable.js:204:10)</failure>
      <failure>TypeError: Cannot read property &apos;close&apos; of undefined
    at Object.&lt;anonymous&gt; (/home/mmittelb/Projects/stolen-api-services/apps/user/src/v1/users/users.service.spec.ts:124:22)
    at Promise.then.completed (/home/mmittelb/Projects/stolen-api-services/node_modules/jest-circus/build/utils.js:390:28)
    at new Promise (&lt;anonymous&gt;)
    at callAsyncCircusFn (/home/mmittelb/Projects/stolen-api-services/node_modules/jest-circus/build/utils.js:315:10)
    at _callCircusHook (/home/mmittelb/Projects/stolen-api-services/node_modules/jest-circus/build/run.js:181:40)
    at _runTest (/home/mmittelb/Projects/stolen-api-services/node_modules/jest-circus/build/run.js:158:5)
    at _runTestsForDescribeBlock (/home/mmittelb/Projects/stolen-api-services/node_modules/jest-circus/build/run.js:66:9)
    at _runTestsForDescribeBlock (/home/mmittelb/Projects/stolen-api-services/node_modules/jest-circus/build/run.js:60:9)
    at _runTestsForDescribeBlock (/home/mmittelb/Projects/stolen-api-services/node_modules/jest-circus/build/run.js:60:9)
    at run (/home/mmittelb/Projects/stolen-api-services/node_modules/jest-circus/build/run.js:25:3)</failure>
    </testcase>
    <testcase classname="UsersService loginVerify should succeed" name="UsersService loginVerify should succeed" time="0">
      <failure>Error: Status Code is 403 (MongoDB&apos;s 404)
This means that the requested version-platform combination doesn&apos;t exist
  Used Url: &quot;https://fastdl.mongodb.org/linux/mongodb-linux-x86_64-ubuntu2104-5.0.3.tgz&quot;
Try to use different version &apos;new MongoMemoryServer({ binary: { version: &apos;X.Y.Z&apos; } })&apos;
List of available versions can be found here:
  https://www.mongodb.org/dl/linux for Linux
  https://www.mongodb.org/dl/osx for OSX
  https://www.mongodb.org/dl/win32 for Windows
    at ClientRequest.&lt;anonymous&gt; (/home/mmittelb/Projects/stolen-api-services/node_modules/mongodb-memory-server-core/src/util/MongoBinaryDownload.ts:418:17)
    at Object.onceWrapper (events.js:520:26)
    at ClientRequest.emit (events.js:400:28)
    at HTTPParser.parserOnIncomingClient (_http_client.js:647:27)
    at HTTPParser.parserOnHeadersComplete (_http_common.js:126:17)
    at TLSSocket.socketOnData (_http_client.js:515:22)
    at TLSSocket.emit (events.js:400:28)
    at addChunk (internal/streams/readable.js:290:12)
    at readableAddChunk (internal/streams/readable.js:265:9)
    at TLSSocket.Readable.push (internal/streams/readable.js:204:10)</failure>
      <failure>TypeError: Cannot read property &apos;close&apos; of undefined
    at Object.&lt;anonymous&gt; (/home/mmittelb/Projects/stolen-api-services/apps/user/src/v1/users/users.service.spec.ts:124:22)
    at Promise.then.completed (/home/mmittelb/Projects/stolen-api-services/node_modules/jest-circus/build/utils.js:390:28)
    at new Promise (&lt;anonymous&gt;)
    at callAsyncCircusFn (/home/mmittelb/Projects/stolen-api-services/node_modules/jest-circus/build/utils.js:315:10)
    at _callCircusHook (/home/mmittelb/Projects/stolen-api-services/node_modules/jest-circus/build/run.js:181:40)
    at _runTest (/home/mmittelb/Projects/stolen-api-services/node_modules/jest-circus/build/run.js:158:5)
    at _runTestsForDescribeBlock (/home/mmittelb/Projects/stolen-api-services/node_modules/jest-circus/build/run.js:66:9)
    at _runTestsForDescribeBlock (/home/mmittelb/Projects/stolen-api-services/node_modules/jest-circus/build/run.js:60:9)
    at _runTestsForDescribeBlock (/home/mmittelb/Projects/stolen-api-services/node_modules/jest-circus/build/run.js:60:9)
    at run (/home/mmittelb/Projects/stolen-api-services/node_modules/jest-circus/build/run.js:25:3)</failure>
    </testcase>
    <testcase classname="UsersService loginVerify should succeed with twofa enabled" name="UsersService loginVerify should succeed with twofa enabled" time="0">
      <failure>Error: Status Code is 403 (MongoDB&apos;s 404)
This means that the requested version-platform combination doesn&apos;t exist
  Used Url: &quot;https://fastdl.mongodb.org/linux/mongodb-linux-x86_64-ubuntu2104-5.0.3.tgz&quot;
Try to use different version &apos;new MongoMemoryServer({ binary: { version: &apos;X.Y.Z&apos; } })&apos;
List of available versions can be found here:
  https://www.mongodb.org/dl/linux for Linux
  https://www.mongodb.org/dl/osx for OSX
  https://www.mongodb.org/dl/win32 for Windows
    at ClientRequest.&lt;anonymous&gt; (/home/mmittelb/Projects/stolen-api-services/node_modules/mongodb-memory-server-core/src/util/MongoBinaryDownload.ts:418:17)
    at Object.onceWrapper (events.js:520:26)
    at ClientRequest.emit (events.js:400:28)
    at HTTPParser.parserOnIncomingClient (_http_client.js:647:27)
    at HTTPParser.parserOnHeadersComplete (_http_common.js:126:17)
    at TLSSocket.socketOnData (_http_client.js:515:22)
    at TLSSocket.emit (events.js:400:28)
    at addChunk (internal/streams/readable.js:290:12)
    at readableAddChunk (internal/streams/readable.js:265:9)
    at TLSSocket.Readable.push (internal/streams/readable.js:204:10)</failure>
      <failure>TypeError: Cannot read property &apos;close&apos; of undefined
    at Object.&lt;anonymous&gt; (/home/mmittelb/Projects/stolen-api-services/apps/user/src/v1/users/users.service.spec.ts:124:22)
    at Promise.then.completed (/home/mmittelb/Projects/stolen-api-services/node_modules/jest-circus/build/utils.js:390:28)
    at new Promise (&lt;anonymous&gt;)
    at callAsyncCircusFn (/home/mmittelb/Projects/stolen-api-services/node_modules/jest-circus/build/utils.js:315:10)
    at _callCircusHook (/home/mmittelb/Projects/stolen-api-services/node_modules/jest-circus/build/run.js:181:40)
    at _runTest (/home/mmittelb/Projects/stolen-api-services/node_modules/jest-circus/build/run.js:158:5)
    at _runTestsForDescribeBlock (/home/mmittelb/Projects/stolen-api-services/node_modules/jest-circus/build/run.js:66:9)
    at _runTestsForDescribeBlock (/home/mmittelb/Projects/stolen-api-services/node_modules/jest-circus/build/run.js:60:9)
    at _runTestsForDescribeBlock (/home/mmittelb/Projects/stolen-api-services/node_modules/jest-circus/build/run.js:60:9)
    at run (/home/mmittelb/Projects/stolen-api-services/node_modules/jest-circus/build/run.js:25:3)</failure>
    </testcase>
    <testcase classname="UsersService loginVerify should not find the user" name="UsersService loginVerify should not find the user" time="0">
      <failure>Error: Status Code is 403 (MongoDB&apos;s 404)
This means that the requested version-platform combination doesn&apos;t exist
  Used Url: &quot;https://fastdl.mongodb.org/linux/mongodb-linux-x86_64-ubuntu2104-5.0.3.tgz&quot;
Try to use different version &apos;new MongoMemoryServer({ binary: { version: &apos;X.Y.Z&apos; } })&apos;
List of available versions can be found here:
  https://www.mongodb.org/dl/linux for Linux
  https://www.mongodb.org/dl/osx for OSX
  https://www.mongodb.org/dl/win32 for Windows
    at ClientRequest.&lt;anonymous&gt; (/home/mmittelb/Projects/stolen-api-services/node_modules/mongodb-memory-server-core/src/util/MongoBinaryDownload.ts:418:17)
    at Object.onceWrapper (events.js:520:26)
    at ClientRequest.emit (events.js:400:28)
    at HTTPParser.parserOnIncomingClient (_http_client.js:647:27)
    at HTTPParser.parserOnHeadersComplete (_http_common.js:126:17)
    at TLSSocket.socketOnData (_http_client.js:515:22)
    at TLSSocket.emit (events.js:400:28)
    at addChunk (internal/streams/readable.js:290:12)
    at readableAddChunk (internal/streams/readable.js:265:9)
    at TLSSocket.Readable.push (internal/streams/readable.js:204:10)</failure>
      <failure>TypeError: Cannot read property &apos;close&apos; of undefined
    at Object.&lt;anonymous&gt; (/home/mmittelb/Projects/stolen-api-services/apps/user/src/v1/users/users.service.spec.ts:124:22)
    at Promise.then.completed (/home/mmittelb/Projects/stolen-api-services/node_modules/jest-circus/build/utils.js:390:28)
    at new Promise (&lt;anonymous&gt;)
    at callAsyncCircusFn (/home/mmittelb/Projects/stolen-api-services/node_modules/jest-circus/build/utils.js:315:10)
    at _callCircusHook (/home/mmittelb/Projects/stolen-api-services/node_modules/jest-circus/build/run.js:181:40)
    at _runTest (/home/mmittelb/Projects/stolen-api-services/node_modules/jest-circus/build/run.js:158:5)
    at _runTestsForDescribeBlock (/home/mmittelb/Projects/stolen-api-services/node_modules/jest-circus/build/run.js:66:9)
    at _runTestsForDescribeBlock (/home/mmittelb/Projects/stolen-api-services/node_modules/jest-circus/build/run.js:60:9)
    at _runTestsForDescribeBlock (/home/mmittelb/Projects/stolen-api-services/node_modules/jest-circus/build/run.js:60:9)
    at run (/home/mmittelb/Projects/stolen-api-services/node_modules/jest-circus/build/run.js:25:3)</failure>
    </testcase>
    <testcase classname="UsersService loginVerify should have a not validated email" name="UsersService loginVerify should have a not validated email" time="0">
      <failure>Error: Status Code is 403 (MongoDB&apos;s 404)
This means that the requested version-platform combination doesn&apos;t exist
  Used Url: &quot;https://fastdl.mongodb.org/linux/mongodb-linux-x86_64-ubuntu2104-5.0.3.tgz&quot;
Try to use different version &apos;new MongoMemoryServer({ binary: { version: &apos;X.Y.Z&apos; } })&apos;
List of available versions can be found here:
  https://www.mongodb.org/dl/linux for Linux
  https://www.mongodb.org/dl/osx for OSX
  https://www.mongodb.org/dl/win32 for Windows
    at ClientRequest.&lt;anonymous&gt; (/home/mmittelb/Projects/stolen-api-services/node_modules/mongodb-memory-server-core/src/util/MongoBinaryDownload.ts:418:17)
    at Object.onceWrapper (events.js:520:26)
    at ClientRequest.emit (events.js:400:28)
    at HTTPParser.parserOnIncomingClient (_http_client.js:647:27)
    at HTTPParser.parserOnHeadersComplete (_http_common.js:126:17)
    at TLSSocket.socketOnData (_http_client.js:515:22)
    at TLSSocket.emit (events.js:400:28)
    at addChunk (internal/streams/readable.js:290:12)
    at readableAddChunk (internal/streams/readable.js:265:9)
    at TLSSocket.Readable.push (internal/streams/readable.js:204:10)</failure>
      <failure>TypeError: Cannot read property &apos;close&apos; of undefined
    at Object.&lt;anonymous&gt; (/home/mmittelb/Projects/stolen-api-services/apps/user/src/v1/users/users.service.spec.ts:124:22)
    at Promise.then.completed (/home/mmittelb/Projects/stolen-api-services/node_modules/jest-circus/build/utils.js:390:28)
    at new Promise (&lt;anonymous&gt;)
    at callAsyncCircusFn (/home/mmittelb/Projects/stolen-api-services/node_modules/jest-circus/build/utils.js:315:10)
    at _callCircusHook (/home/mmittelb/Projects/stolen-api-services/node_modules/jest-circus/build/run.js:181:40)
    at _runTest (/home/mmittelb/Projects/stolen-api-services/node_modules/jest-circus/build/run.js:158:5)
    at _runTestsForDescribeBlock (/home/mmittelb/Projects/stolen-api-services/node_modules/jest-circus/build/run.js:66:9)
    at _runTestsForDescribeBlock (/home/mmittelb/Projects/stolen-api-services/node_modules/jest-circus/build/run.js:60:9)
    at _runTestsForDescribeBlock (/home/mmittelb/Projects/stolen-api-services/node_modules/jest-circus/build/run.js:60:9)
    at run (/home/mmittelb/Projects/stolen-api-services/node_modules/jest-circus/build/run.js:25:3)</failure>
    </testcase>
    <testcase classname="UsersService loginVerify should have a not activated account" name="UsersService loginVerify should have a not activated account" time="0">
      <failure>Error: Status Code is 403 (MongoDB&apos;s 404)
This means that the requested version-platform combination doesn&apos;t exist
  Used Url: &quot;https://fastdl.mongodb.org/linux/mongodb-linux-x86_64-ubuntu2104-5.0.3.tgz&quot;
Try to use different version &apos;new MongoMemoryServer({ binary: { version: &apos;X.Y.Z&apos; } })&apos;
List of available versions can be found here:
  https://www.mongodb.org/dl/linux for Linux
  https://www.mongodb.org/dl/osx for OSX
  https://www.mongodb.org/dl/win32 for Windows
    at ClientRequest.&lt;anonymous&gt; (/home/mmittelb/Projects/stolen-api-services/node_modules/mongodb-memory-server-core/src/util/MongoBinaryDownload.ts:418:17)
    at Object.onceWrapper (events.js:520:26)
    at ClientRequest.emit (events.js:400:28)
    at HTTPParser.parserOnIncomingClient (_http_client.js:647:27)
    at HTTPParser.parserOnHeadersComplete (_http_common.js:126:17)
    at TLSSocket.socketOnData (_http_client.js:515:22)
    at TLSSocket.emit (events.js:400:28)
    at addChunk (internal/streams/readable.js:290:12)
    at readableAddChunk (internal/streams/readable.js:265:9)
    at TLSSocket.Readable.push (internal/streams/readable.js:204:10)</failure>
      <failure>TypeError: Cannot read property &apos;close&apos; of undefined
    at Object.&lt;anonymous&gt; (/home/mmittelb/Projects/stolen-api-services/apps/user/src/v1/users/users.service.spec.ts:124:22)
    at Promise.then.completed (/home/mmittelb/Projects/stolen-api-services/node_modules/jest-circus/build/utils.js:390:28)
    at new Promise (&lt;anonymous&gt;)
    at callAsyncCircusFn (/home/mmittelb/Projects/stolen-api-services/node_modules/jest-circus/build/utils.js:315:10)
    at _callCircusHook (/home/mmittelb/Projects/stolen-api-services/node_modules/jest-circus/build/run.js:181:40)
    at _runTest (/home/mmittelb/Projects/stolen-api-services/node_modules/jest-circus/build/run.js:158:5)
    at _runTestsForDescribeBlock (/home/mmittelb/Projects/stolen-api-services/node_modules/jest-circus/build/run.js:66:9)
    at _runTestsForDescribeBlock (/home/mmittelb/Projects/stolen-api-services/node_modules/jest-circus/build/run.js:60:9)
    at _runTestsForDescribeBlock (/home/mmittelb/Projects/stolen-api-services/node_modules/jest-circus/build/run.js:60:9)
    at run (/home/mmittelb/Projects/stolen-api-services/node_modules/jest-circus/build/run.js:25:3)</failure>
    </testcase>
    <testcase classname="UsersService loginVerify should migrate passwordLegacy successfully" name="UsersService loginVerify should migrate passwordLegacy successfully" time="0.001">
      <failure>Error: Status Code is 403 (MongoDB&apos;s 404)
This means that the requested version-platform combination doesn&apos;t exist
  Used Url: &quot;https://fastdl.mongodb.org/linux/mongodb-linux-x86_64-ubuntu2104-5.0.3.tgz&quot;
Try to use different version &apos;new MongoMemoryServer({ binary: { version: &apos;X.Y.Z&apos; } })&apos;
List of available versions can be found here:
  https://www.mongodb.org/dl/linux for Linux
  https://www.mongodb.org/dl/osx for OSX
  https://www.mongodb.org/dl/win32 for Windows
    at ClientRequest.&lt;anonymous&gt; (/home/mmittelb/Projects/stolen-api-services/node_modules/mongodb-memory-server-core/src/util/MongoBinaryDownload.ts:418:17)
    at Object.onceWrapper (events.js:520:26)
    at ClientRequest.emit (events.js:400:28)
    at HTTPParser.parserOnIncomingClient (_http_client.js:647:27)
    at HTTPParser.parserOnHeadersComplete (_http_common.js:126:17)
    at TLSSocket.socketOnData (_http_client.js:515:22)
    at TLSSocket.emit (events.js:400:28)
    at addChunk (internal/streams/readable.js:290:12)
    at readableAddChunk (internal/streams/readable.js:265:9)
    at TLSSocket.Readable.push (internal/streams/readable.js:204:10)</failure>
      <failure>TypeError: Cannot read property &apos;close&apos; of undefined
    at Object.&lt;anonymous&gt; (/home/mmittelb/Projects/stolen-api-services/apps/user/src/v1/users/users.service.spec.ts:124:22)
    at Promise.then.completed (/home/mmittelb/Projects/stolen-api-services/node_modules/jest-circus/build/utils.js:390:28)
    at new Promise (&lt;anonymous&gt;)
    at callAsyncCircusFn (/home/mmittelb/Projects/stolen-api-services/node_modules/jest-circus/build/utils.js:315:10)
    at _callCircusHook (/home/mmittelb/Projects/stolen-api-services/node_modules/jest-circus/build/run.js:181:40)
    at _runTest (/home/mmittelb/Projects/stolen-api-services/node_modules/jest-circus/build/run.js:158:5)
    at _runTestsForDescribeBlock (/home/mmittelb/Projects/stolen-api-services/node_modules/jest-circus/build/run.js:66:9)
    at _runTestsForDescribeBlock (/home/mmittelb/Projects/stolen-api-services/node_modules/jest-circus/build/run.js:60:9)
    at _runTestsForDescribeBlock (/home/mmittelb/Projects/stolen-api-services/node_modules/jest-circus/build/run.js:60:9)
    at run (/home/mmittelb/Projects/stolen-api-services/node_modules/jest-circus/build/run.js:25:3)</failure>
    </testcase>
    <testcase classname="UsersService loginVerify should migrate passwordLegacy and fail" name="UsersService loginVerify should migrate passwordLegacy and fail" time="0">
      <failure>Error: Status Code is 403 (MongoDB&apos;s 404)
This means that the requested version-platform combination doesn&apos;t exist
  Used Url: &quot;https://fastdl.mongodb.org/linux/mongodb-linux-x86_64-ubuntu2104-5.0.3.tgz&quot;
Try to use different version &apos;new MongoMemoryServer({ binary: { version: &apos;X.Y.Z&apos; } })&apos;
List of available versions can be found here:
  https://www.mongodb.org/dl/linux for Linux
  https://www.mongodb.org/dl/osx for OSX
  https://www.mongodb.org/dl/win32 for Windows
    at ClientRequest.&lt;anonymous&gt; (/home/mmittelb/Projects/stolen-api-services/node_modules/mongodb-memory-server-core/src/util/MongoBinaryDownload.ts:418:17)
    at Object.onceWrapper (events.js:520:26)
    at ClientRequest.emit (events.js:400:28)
    at HTTPParser.parserOnIncomingClient (_http_client.js:647:27)
    at HTTPParser.parserOnHeadersComplete (_http_common.js:126:17)
    at TLSSocket.socketOnData (_http_client.js:515:22)
    at TLSSocket.emit (events.js:400:28)
    at addChunk (internal/streams/readable.js:290:12)
    at readableAddChunk (internal/streams/readable.js:265:9)
    at TLSSocket.Readable.push (internal/streams/readable.js:204:10)</failure>
      <failure>TypeError: Cannot read property &apos;close&apos; of undefined
    at Object.&lt;anonymous&gt; (/home/mmittelb/Projects/stolen-api-services/apps/user/src/v1/users/users.service.spec.ts:124:22)
    at Promise.then.completed (/home/mmittelb/Projects/stolen-api-services/node_modules/jest-circus/build/utils.js:390:28)
    at new Promise (&lt;anonymous&gt;)
    at callAsyncCircusFn (/home/mmittelb/Projects/stolen-api-services/node_modules/jest-circus/build/utils.js:315:10)
    at _callCircusHook (/home/mmittelb/Projects/stolen-api-services/node_modules/jest-circus/build/run.js:181:40)
    at _runTest (/home/mmittelb/Projects/stolen-api-services/node_modules/jest-circus/build/run.js:158:5)
    at _runTestsForDescribeBlock (/home/mmittelb/Projects/stolen-api-services/node_modules/jest-circus/build/run.js:66:9)
    at _runTestsForDescribeBlock (/home/mmittelb/Projects/stolen-api-services/node_modules/jest-circus/build/run.js:60:9)
    at _runTestsForDescribeBlock (/home/mmittelb/Projects/stolen-api-services/node_modules/jest-circus/build/run.js:60:9)
    at run (/home/mmittelb/Projects/stolen-api-services/node_modules/jest-circus/build/run.js:25:3)</failure>
    </testcase>
  </testsuite>
  <testsuite name="CustomersAdminService" errors="0" failures="19" skipped="0" timestamp="2021-12-13T16:21:19" time="2.961" tests="19">
    <testcase classname="CustomersAdminService findAll should find a doc" name="CustomersAdminService findAll should find a doc" time="0">
      <failure>Error: Status Code is 403 (MongoDB&apos;s 404)
This means that the requested version-platform combination doesn&apos;t exist
  Used Url: &quot;https://fastdl.mongodb.org/linux/mongodb-linux-x86_64-ubuntu2104-5.0.3.tgz&quot;
Try to use different version &apos;new MongoMemoryServer({ binary: { version: &apos;X.Y.Z&apos; } })&apos;
List of available versions can be found here:
  https://www.mongodb.org/dl/linux for Linux
  https://www.mongodb.org/dl/osx for OSX
  https://www.mongodb.org/dl/win32 for Windows
    at ClientRequest.&lt;anonymous&gt; (/home/mmittelb/Projects/stolen-api-services/node_modules/mongodb-memory-server-core/src/util/MongoBinaryDownload.ts:418:17)
    at Object.onceWrapper (events.js:520:26)
    at ClientRequest.emit (events.js:400:28)
    at HTTPParser.parserOnIncomingClient (_http_client.js:647:27)
    at HTTPParser.parserOnHeadersComplete (_http_common.js:126:17)
    at TLSSocket.socketOnData (_http_client.js:515:22)
    at TLSSocket.emit (events.js:400:28)
    at addChunk (internal/streams/readable.js:290:12)
    at readableAddChunk (internal/streams/readable.js:265:9)
    at TLSSocket.Readable.push (internal/streams/readable.js:204:10)</failure>
      <failure>TypeError: Cannot read property &apos;close&apos; of undefined
    at Object.&lt;anonymous&gt; (/home/mmittelb/Projects/stolen-api-services/apps/customer/src/v1/admin/customers/customers-admin.service.spec.ts:163:22)
    at Promise.then.completed (/home/mmittelb/Projects/stolen-api-services/node_modules/jest-circus/build/utils.js:390:28)
    at new Promise (&lt;anonymous&gt;)
    at callAsyncCircusFn (/home/mmittelb/Projects/stolen-api-services/node_modules/jest-circus/build/utils.js:315:10)
    at _callCircusHook (/home/mmittelb/Projects/stolen-api-services/node_modules/jest-circus/build/run.js:181:40)
    at _runTest (/home/mmittelb/Projects/stolen-api-services/node_modules/jest-circus/build/run.js:158:5)
    at _runTestsForDescribeBlock (/home/mmittelb/Projects/stolen-api-services/node_modules/jest-circus/build/run.js:66:9)
    at _runTestsForDescribeBlock (/home/mmittelb/Projects/stolen-api-services/node_modules/jest-circus/build/run.js:60:9)
    at _runTestsForDescribeBlock (/home/mmittelb/Projects/stolen-api-services/node_modules/jest-circus/build/run.js:60:9)
    at run (/home/mmittelb/Projects/stolen-api-services/node_modules/jest-circus/build/run.js:25:3)</failure>
    </testcase>
    <testcase classname="CustomersAdminService findAll should return an empty array" name="CustomersAdminService findAll should return an empty array" time="0">
      <failure>Error: Status Code is 403 (MongoDB&apos;s 404)
This means that the requested version-platform combination doesn&apos;t exist
  Used Url: &quot;https://fastdl.mongodb.org/linux/mongodb-linux-x86_64-ubuntu2104-5.0.3.tgz&quot;
Try to use different version &apos;new MongoMemoryServer({ binary: { version: &apos;X.Y.Z&apos; } })&apos;
List of available versions can be found here:
  https://www.mongodb.org/dl/linux for Linux
  https://www.mongodb.org/dl/osx for OSX
  https://www.mongodb.org/dl/win32 for Windows
    at ClientRequest.&lt;anonymous&gt; (/home/mmittelb/Projects/stolen-api-services/node_modules/mongodb-memory-server-core/src/util/MongoBinaryDownload.ts:418:17)
    at Object.onceWrapper (events.js:520:26)
    at ClientRequest.emit (events.js:400:28)
    at HTTPParser.parserOnIncomingClient (_http_client.js:647:27)
    at HTTPParser.parserOnHeadersComplete (_http_common.js:126:17)
    at TLSSocket.socketOnData (_http_client.js:515:22)
    at TLSSocket.emit (events.js:400:28)
    at addChunk (internal/streams/readable.js:290:12)
    at readableAddChunk (internal/streams/readable.js:265:9)
    at TLSSocket.Readable.push (internal/streams/readable.js:204:10)</failure>
      <failure>TypeError: Cannot read property &apos;close&apos; of undefined
    at Object.&lt;anonymous&gt; (/home/mmittelb/Projects/stolen-api-services/apps/customer/src/v1/admin/customers/customers-admin.service.spec.ts:163:22)
    at Promise.then.completed (/home/mmittelb/Projects/stolen-api-services/node_modules/jest-circus/build/utils.js:390:28)
    at new Promise (&lt;anonymous&gt;)
    at callAsyncCircusFn (/home/mmittelb/Projects/stolen-api-services/node_modules/jest-circus/build/utils.js:315:10)
    at _callCircusHook (/home/mmittelb/Projects/stolen-api-services/node_modules/jest-circus/build/run.js:181:40)
    at _runTest (/home/mmittelb/Projects/stolen-api-services/node_modules/jest-circus/build/run.js:158:5)
    at _runTestsForDescribeBlock (/home/mmittelb/Projects/stolen-api-services/node_modules/jest-circus/build/run.js:66:9)
    at _runTestsForDescribeBlock (/home/mmittelb/Projects/stolen-api-services/node_modules/jest-circus/build/run.js:60:9)
    at _runTestsForDescribeBlock (/home/mmittelb/Projects/stolen-api-services/node_modules/jest-circus/build/run.js:60:9)
    at run (/home/mmittelb/Projects/stolen-api-services/node_modules/jest-circus/build/run.js:25:3)</failure>
    </testcase>
    <testcase classname="CustomersAdminService findOne should find a doc" name="CustomersAdminService findOne should find a doc" time="0.001">
      <failure>Error: Status Code is 403 (MongoDB&apos;s 404)
This means that the requested version-platform combination doesn&apos;t exist
  Used Url: &quot;https://fastdl.mongodb.org/linux/mongodb-linux-x86_64-ubuntu2104-5.0.3.tgz&quot;
Try to use different version &apos;new MongoMemoryServer({ binary: { version: &apos;X.Y.Z&apos; } })&apos;
List of available versions can be found here:
  https://www.mongodb.org/dl/linux for Linux
  https://www.mongodb.org/dl/osx for OSX
  https://www.mongodb.org/dl/win32 for Windows
    at ClientRequest.&lt;anonymous&gt; (/home/mmittelb/Projects/stolen-api-services/node_modules/mongodb-memory-server-core/src/util/MongoBinaryDownload.ts:418:17)
    at Object.onceWrapper (events.js:520:26)
    at ClientRequest.emit (events.js:400:28)
    at HTTPParser.parserOnIncomingClient (_http_client.js:647:27)
    at HTTPParser.parserOnHeadersComplete (_http_common.js:126:17)
    at TLSSocket.socketOnData (_http_client.js:515:22)
    at TLSSocket.emit (events.js:400:28)
    at addChunk (internal/streams/readable.js:290:12)
    at readableAddChunk (internal/streams/readable.js:265:9)
    at TLSSocket.Readable.push (internal/streams/readable.js:204:10)</failure>
      <failure>TypeError: Cannot read property &apos;close&apos; of undefined
    at Object.&lt;anonymous&gt; (/home/mmittelb/Projects/stolen-api-services/apps/customer/src/v1/admin/customers/customers-admin.service.spec.ts:163:22)
    at Promise.then.completed (/home/mmittelb/Projects/stolen-api-services/node_modules/jest-circus/build/utils.js:390:28)
    at new Promise (&lt;anonymous&gt;)
    at callAsyncCircusFn (/home/mmittelb/Projects/stolen-api-services/node_modules/jest-circus/build/utils.js:315:10)
    at _callCircusHook (/home/mmittelb/Projects/stolen-api-services/node_modules/jest-circus/build/run.js:181:40)
    at _runTest (/home/mmittelb/Projects/stolen-api-services/node_modules/jest-circus/build/run.js:158:5)
    at _runTestsForDescribeBlock (/home/mmittelb/Projects/stolen-api-services/node_modules/jest-circus/build/run.js:66:9)
    at _runTestsForDescribeBlock (/home/mmittelb/Projects/stolen-api-services/node_modules/jest-circus/build/run.js:60:9)
    at _runTestsForDescribeBlock (/home/mmittelb/Projects/stolen-api-services/node_modules/jest-circus/build/run.js:60:9)
    at run (/home/mmittelb/Projects/stolen-api-services/node_modules/jest-circus/build/run.js:25:3)</failure>
    </testcase>
    <testcase classname="CustomersAdminService findOne should not find a doc" name="CustomersAdminService findOne should not find a doc" time="0">
      <failure>Error: Status Code is 403 (MongoDB&apos;s 404)
This means that the requested version-platform combination doesn&apos;t exist
  Used Url: &quot;https://fastdl.mongodb.org/linux/mongodb-linux-x86_64-ubuntu2104-5.0.3.tgz&quot;
Try to use different version &apos;new MongoMemoryServer({ binary: { version: &apos;X.Y.Z&apos; } })&apos;
List of available versions can be found here:
  https://www.mongodb.org/dl/linux for Linux
  https://www.mongodb.org/dl/osx for OSX
  https://www.mongodb.org/dl/win32 for Windows
    at ClientRequest.&lt;anonymous&gt; (/home/mmittelb/Projects/stolen-api-services/node_modules/mongodb-memory-server-core/src/util/MongoBinaryDownload.ts:418:17)
    at Object.onceWrapper (events.js:520:26)
    at ClientRequest.emit (events.js:400:28)
    at HTTPParser.parserOnIncomingClient (_http_client.js:647:27)
    at HTTPParser.parserOnHeadersComplete (_http_common.js:126:17)
    at TLSSocket.socketOnData (_http_client.js:515:22)
    at TLSSocket.emit (events.js:400:28)
    at addChunk (internal/streams/readable.js:290:12)
    at readableAddChunk (internal/streams/readable.js:265:9)
    at TLSSocket.Readable.push (internal/streams/readable.js:204:10)</failure>
      <failure>TypeError: Cannot read property &apos;close&apos; of undefined
    at Object.&lt;anonymous&gt; (/home/mmittelb/Projects/stolen-api-services/apps/customer/src/v1/admin/customers/customers-admin.service.spec.ts:163:22)
    at Promise.then.completed (/home/mmittelb/Projects/stolen-api-services/node_modules/jest-circus/build/utils.js:390:28)
    at new Promise (&lt;anonymous&gt;)
    at callAsyncCircusFn (/home/mmittelb/Projects/stolen-api-services/node_modules/jest-circus/build/utils.js:315:10)
    at _callCircusHook (/home/mmittelb/Projects/stolen-api-services/node_modules/jest-circus/build/run.js:181:40)
    at _runTest (/home/mmittelb/Projects/stolen-api-services/node_modules/jest-circus/build/run.js:158:5)
    at _runTestsForDescribeBlock (/home/mmittelb/Projects/stolen-api-services/node_modules/jest-circus/build/run.js:66:9)
    at _runTestsForDescribeBlock (/home/mmittelb/Projects/stolen-api-services/node_modules/jest-circus/build/run.js:60:9)
    at _runTestsForDescribeBlock (/home/mmittelb/Projects/stolen-api-services/node_modules/jest-circus/build/run.js:60:9)
    at run (/home/mmittelb/Projects/stolen-api-services/node_modules/jest-circus/build/run.js:25:3)</failure>
    </testcase>
    <testcase classname="CustomersAdminService remove should remove a doc" name="CustomersAdminService remove should remove a doc" time="0.001">
      <failure>Error: Status Code is 403 (MongoDB&apos;s 404)
This means that the requested version-platform combination doesn&apos;t exist
  Used Url: &quot;https://fastdl.mongodb.org/linux/mongodb-linux-x86_64-ubuntu2104-5.0.3.tgz&quot;
Try to use different version &apos;new MongoMemoryServer({ binary: { version: &apos;X.Y.Z&apos; } })&apos;
List of available versions can be found here:
  https://www.mongodb.org/dl/linux for Linux
  https://www.mongodb.org/dl/osx for OSX
  https://www.mongodb.org/dl/win32 for Windows
    at ClientRequest.&lt;anonymous&gt; (/home/mmittelb/Projects/stolen-api-services/node_modules/mongodb-memory-server-core/src/util/MongoBinaryDownload.ts:418:17)
    at Object.onceWrapper (events.js:520:26)
    at ClientRequest.emit (events.js:400:28)
    at HTTPParser.parserOnIncomingClient (_http_client.js:647:27)
    at HTTPParser.parserOnHeadersComplete (_http_common.js:126:17)
    at TLSSocket.socketOnData (_http_client.js:515:22)
    at TLSSocket.emit (events.js:400:28)
    at addChunk (internal/streams/readable.js:290:12)
    at readableAddChunk (internal/streams/readable.js:265:9)
    at TLSSocket.Readable.push (internal/streams/readable.js:204:10)</failure>
      <failure>TypeError: Cannot read property &apos;close&apos; of undefined
    at Object.&lt;anonymous&gt; (/home/mmittelb/Projects/stolen-api-services/apps/customer/src/v1/admin/customers/customers-admin.service.spec.ts:163:22)
    at Promise.then.completed (/home/mmittelb/Projects/stolen-api-services/node_modules/jest-circus/build/utils.js:390:28)
    at new Promise (&lt;anonymous&gt;)
    at callAsyncCircusFn (/home/mmittelb/Projects/stolen-api-services/node_modules/jest-circus/build/utils.js:315:10)
    at _callCircusHook (/home/mmittelb/Projects/stolen-api-services/node_modules/jest-circus/build/run.js:181:40)
    at _runTest (/home/mmittelb/Projects/stolen-api-services/node_modules/jest-circus/build/run.js:158:5)
    at _runTestsForDescribeBlock (/home/mmittelb/Projects/stolen-api-services/node_modules/jest-circus/build/run.js:66:9)
    at _runTestsForDescribeBlock (/home/mmittelb/Projects/stolen-api-services/node_modules/jest-circus/build/run.js:60:9)
    at _runTestsForDescribeBlock (/home/mmittelb/Projects/stolen-api-services/node_modules/jest-circus/build/run.js:60:9)
    at run (/home/mmittelb/Projects/stolen-api-services/node_modules/jest-circus/build/run.js:25:3)</failure>
    </testcase>
    <testcase classname="CustomersAdminService remove should clear matching parent-properties" name="CustomersAdminService remove should clear matching parent-properties" time="0">
      <failure>Error: Status Code is 403 (MongoDB&apos;s 404)
This means that the requested version-platform combination doesn&apos;t exist
  Used Url: &quot;https://fastdl.mongodb.org/linux/mongodb-linux-x86_64-ubuntu2104-5.0.3.tgz&quot;
Try to use different version &apos;new MongoMemoryServer({ binary: { version: &apos;X.Y.Z&apos; } })&apos;
List of available versions can be found here:
  https://www.mongodb.org/dl/linux for Linux
  https://www.mongodb.org/dl/osx for OSX
  https://www.mongodb.org/dl/win32 for Windows
    at ClientRequest.&lt;anonymous&gt; (/home/mmittelb/Projects/stolen-api-services/node_modules/mongodb-memory-server-core/src/util/MongoBinaryDownload.ts:418:17)
    at Object.onceWrapper (events.js:520:26)
    at ClientRequest.emit (events.js:400:28)
    at HTTPParser.parserOnIncomingClient (_http_client.js:647:27)
    at HTTPParser.parserOnHeadersComplete (_http_common.js:126:17)
    at TLSSocket.socketOnData (_http_client.js:515:22)
    at TLSSocket.emit (events.js:400:28)
    at addChunk (internal/streams/readable.js:290:12)
    at readableAddChunk (internal/streams/readable.js:265:9)
    at TLSSocket.Readable.push (internal/streams/readable.js:204:10)</failure>
      <failure>TypeError: Cannot read property &apos;close&apos; of undefined
    at Object.&lt;anonymous&gt; (/home/mmittelb/Projects/stolen-api-services/apps/customer/src/v1/admin/customers/customers-admin.service.spec.ts:163:22)
    at Promise.then.completed (/home/mmittelb/Projects/stolen-api-services/node_modules/jest-circus/build/utils.js:390:28)
    at new Promise (&lt;anonymous&gt;)
    at callAsyncCircusFn (/home/mmittelb/Projects/stolen-api-services/node_modules/jest-circus/build/utils.js:315:10)
    at _callCircusHook (/home/mmittelb/Projects/stolen-api-services/node_modules/jest-circus/build/run.js:181:40)
    at _runTest (/home/mmittelb/Projects/stolen-api-services/node_modules/jest-circus/build/run.js:158:5)
    at _runTestsForDescribeBlock (/home/mmittelb/Projects/stolen-api-services/node_modules/jest-circus/build/run.js:66:9)
    at _runTestsForDescribeBlock (/home/mmittelb/Projects/stolen-api-services/node_modules/jest-circus/build/run.js:60:9)
    at _runTestsForDescribeBlock (/home/mmittelb/Projects/stolen-api-services/node_modules/jest-circus/build/run.js:60:9)
    at run (/home/mmittelb/Projects/stolen-api-services/node_modules/jest-circus/build/run.js:25:3)</failure>
    </testcase>
    <testcase classname="CustomersAdminService create should return a new doc" name="CustomersAdminService create should return a new doc" time="0.001">
      <failure>Error: Status Code is 403 (MongoDB&apos;s 404)
This means that the requested version-platform combination doesn&apos;t exist
  Used Url: &quot;https://fastdl.mongodb.org/linux/mongodb-linux-x86_64-ubuntu2104-5.0.3.tgz&quot;
Try to use different version &apos;new MongoMemoryServer({ binary: { version: &apos;X.Y.Z&apos; } })&apos;
List of available versions can be found here:
  https://www.mongodb.org/dl/linux for Linux
  https://www.mongodb.org/dl/osx for OSX
  https://www.mongodb.org/dl/win32 for Windows
    at ClientRequest.&lt;anonymous&gt; (/home/mmittelb/Projects/stolen-api-services/node_modules/mongodb-memory-server-core/src/util/MongoBinaryDownload.ts:418:17)
    at Object.onceWrapper (events.js:520:26)
    at ClientRequest.emit (events.js:400:28)
    at HTTPParser.parserOnIncomingClient (_http_client.js:647:27)
    at HTTPParser.parserOnHeadersComplete (_http_common.js:126:17)
    at TLSSocket.socketOnData (_http_client.js:515:22)
    at TLSSocket.emit (events.js:400:28)
    at addChunk (internal/streams/readable.js:290:12)
    at readableAddChunk (internal/streams/readable.js:265:9)
    at TLSSocket.Readable.push (internal/streams/readable.js:204:10)</failure>
      <failure>TypeError: Cannot read property &apos;close&apos; of undefined
    at Object.&lt;anonymous&gt; (/home/mmittelb/Projects/stolen-api-services/apps/customer/src/v1/admin/customers/customers-admin.service.spec.ts:163:22)
    at Promise.then.completed (/home/mmittelb/Projects/stolen-api-services/node_modules/jest-circus/build/utils.js:390:28)
    at new Promise (&lt;anonymous&gt;)
    at callAsyncCircusFn (/home/mmittelb/Projects/stolen-api-services/node_modules/jest-circus/build/utils.js:315:10)
    at _callCircusHook (/home/mmittelb/Projects/stolen-api-services/node_modules/jest-circus/build/run.js:181:40)
    at _runTest (/home/mmittelb/Projects/stolen-api-services/node_modules/jest-circus/build/run.js:158:5)
    at _runTestsForDescribeBlock (/home/mmittelb/Projects/stolen-api-services/node_modules/jest-circus/build/run.js:66:9)
    at _runTestsForDescribeBlock (/home/mmittelb/Projects/stolen-api-services/node_modules/jest-circus/build/run.js:60:9)
    at _runTestsForDescribeBlock (/home/mmittelb/Projects/stolen-api-services/node_modules/jest-circus/build/run.js:60:9)
    at run (/home/mmittelb/Projects/stolen-api-services/node_modules/jest-circus/build/run.js:25:3)</failure>
    </testcase>
    <testcase classname="CustomersAdminService create should find the sales representative" name="CustomersAdminService create should find the sales representative" time="0">
      <failure>Error: Status Code is 403 (MongoDB&apos;s 404)
This means that the requested version-platform combination doesn&apos;t exist
  Used Url: &quot;https://fastdl.mongodb.org/linux/mongodb-linux-x86_64-ubuntu2104-5.0.3.tgz&quot;
Try to use different version &apos;new MongoMemoryServer({ binary: { version: &apos;X.Y.Z&apos; } })&apos;
List of available versions can be found here:
  https://www.mongodb.org/dl/linux for Linux
  https://www.mongodb.org/dl/osx for OSX
  https://www.mongodb.org/dl/win32 for Windows
    at ClientRequest.&lt;anonymous&gt; (/home/mmittelb/Projects/stolen-api-services/node_modules/mongodb-memory-server-core/src/util/MongoBinaryDownload.ts:418:17)
    at Object.onceWrapper (events.js:520:26)
    at ClientRequest.emit (events.js:400:28)
    at HTTPParser.parserOnIncomingClient (_http_client.js:647:27)
    at HTTPParser.parserOnHeadersComplete (_http_common.js:126:17)
    at TLSSocket.socketOnData (_http_client.js:515:22)
    at TLSSocket.emit (events.js:400:28)
    at addChunk (internal/streams/readable.js:290:12)
    at readableAddChunk (internal/streams/readable.js:265:9)
    at TLSSocket.Readable.push (internal/streams/readable.js:204:10)</failure>
      <failure>TypeError: Cannot read property &apos;close&apos; of undefined
    at Object.&lt;anonymous&gt; (/home/mmittelb/Projects/stolen-api-services/apps/customer/src/v1/admin/customers/customers-admin.service.spec.ts:163:22)
    at Promise.then.completed (/home/mmittelb/Projects/stolen-api-services/node_modules/jest-circus/build/utils.js:390:28)
    at new Promise (&lt;anonymous&gt;)
    at callAsyncCircusFn (/home/mmittelb/Projects/stolen-api-services/node_modules/jest-circus/build/utils.js:315:10)
    at _callCircusHook (/home/mmittelb/Projects/stolen-api-services/node_modules/jest-circus/build/run.js:181:40)
    at _runTest (/home/mmittelb/Projects/stolen-api-services/node_modules/jest-circus/build/run.js:158:5)
    at _runTestsForDescribeBlock (/home/mmittelb/Projects/stolen-api-services/node_modules/jest-circus/build/run.js:66:9)
    at _runTestsForDescribeBlock (/home/mmittelb/Projects/stolen-api-services/node_modules/jest-circus/build/run.js:60:9)
    at _runTestsForDescribeBlock (/home/mmittelb/Projects/stolen-api-services/node_modules/jest-circus/build/run.js:60:9)
    at run (/home/mmittelb/Projects/stolen-api-services/node_modules/jest-circus/build/run.js:25:3)</failure>
    </testcase>
    <testcase classname="CustomersAdminService create should not find the sales representative" name="CustomersAdminService create should not find the sales representative" time="0">
      <failure>Error: Status Code is 403 (MongoDB&apos;s 404)
This means that the requested version-platform combination doesn&apos;t exist
  Used Url: &quot;https://fastdl.mongodb.org/linux/mongodb-linux-x86_64-ubuntu2104-5.0.3.tgz&quot;
Try to use different version &apos;new MongoMemoryServer({ binary: { version: &apos;X.Y.Z&apos; } })&apos;
List of available versions can be found here:
  https://www.mongodb.org/dl/linux for Linux
  https://www.mongodb.org/dl/osx for OSX
  https://www.mongodb.org/dl/win32 for Windows
    at ClientRequest.&lt;anonymous&gt; (/home/mmittelb/Projects/stolen-api-services/node_modules/mongodb-memory-server-core/src/util/MongoBinaryDownload.ts:418:17)
    at Object.onceWrapper (events.js:520:26)
    at ClientRequest.emit (events.js:400:28)
    at HTTPParser.parserOnIncomingClient (_http_client.js:647:27)
    at HTTPParser.parserOnHeadersComplete (_http_common.js:126:17)
    at TLSSocket.socketOnData (_http_client.js:515:22)
    at TLSSocket.emit (events.js:400:28)
    at addChunk (internal/streams/readable.js:290:12)
    at readableAddChunk (internal/streams/readable.js:265:9)
    at TLSSocket.Readable.push (internal/streams/readable.js:204:10)</failure>
      <failure>TypeError: Cannot read property &apos;close&apos; of undefined
    at Object.&lt;anonymous&gt; (/home/mmittelb/Projects/stolen-api-services/apps/customer/src/v1/admin/customers/customers-admin.service.spec.ts:163:22)
    at Promise.then.completed (/home/mmittelb/Projects/stolen-api-services/node_modules/jest-circus/build/utils.js:390:28)
    at new Promise (&lt;anonymous&gt;)
    at callAsyncCircusFn (/home/mmittelb/Projects/stolen-api-services/node_modules/jest-circus/build/utils.js:315:10)
    at _callCircusHook (/home/mmittelb/Projects/stolen-api-services/node_modules/jest-circus/build/run.js:181:40)
    at _runTest (/home/mmittelb/Projects/stolen-api-services/node_modules/jest-circus/build/run.js:158:5)
    at _runTestsForDescribeBlock (/home/mmittelb/Projects/stolen-api-services/node_modules/jest-circus/build/run.js:66:9)
    at _runTestsForDescribeBlock (/home/mmittelb/Projects/stolen-api-services/node_modules/jest-circus/build/run.js:60:9)
    at _runTestsForDescribeBlock (/home/mmittelb/Projects/stolen-api-services/node_modules/jest-circus/build/run.js:60:9)
    at run (/home/mmittelb/Projects/stolen-api-services/node_modules/jest-circus/build/run.js:25:3)</failure>
    </testcase>
    <testcase classname="CustomersAdminService create should find the parent" name="CustomersAdminService create should find the parent" time="0.001">
      <failure>Error: Status Code is 403 (MongoDB&apos;s 404)
This means that the requested version-platform combination doesn&apos;t exist
  Used Url: &quot;https://fastdl.mongodb.org/linux/mongodb-linux-x86_64-ubuntu2104-5.0.3.tgz&quot;
Try to use different version &apos;new MongoMemoryServer({ binary: { version: &apos;X.Y.Z&apos; } })&apos;
List of available versions can be found here:
  https://www.mongodb.org/dl/linux for Linux
  https://www.mongodb.org/dl/osx for OSX
  https://www.mongodb.org/dl/win32 for Windows
    at ClientRequest.&lt;anonymous&gt; (/home/mmittelb/Projects/stolen-api-services/node_modules/mongodb-memory-server-core/src/util/MongoBinaryDownload.ts:418:17)
    at Object.onceWrapper (events.js:520:26)
    at ClientRequest.emit (events.js:400:28)
    at HTTPParser.parserOnIncomingClient (_http_client.js:647:27)
    at HTTPParser.parserOnHeadersComplete (_http_common.js:126:17)
    at TLSSocket.socketOnData (_http_client.js:515:22)
    at TLSSocket.emit (events.js:400:28)
    at addChunk (internal/streams/readable.js:290:12)
    at readableAddChunk (internal/streams/readable.js:265:9)
    at TLSSocket.Readable.push (internal/streams/readable.js:204:10)</failure>
      <failure>TypeError: Cannot read property &apos;close&apos; of undefined
    at Object.&lt;anonymous&gt; (/home/mmittelb/Projects/stolen-api-services/apps/customer/src/v1/admin/customers/customers-admin.service.spec.ts:163:22)
    at Promise.then.completed (/home/mmittelb/Projects/stolen-api-services/node_modules/jest-circus/build/utils.js:390:28)
    at new Promise (&lt;anonymous&gt;)
    at callAsyncCircusFn (/home/mmittelb/Projects/stolen-api-services/node_modules/jest-circus/build/utils.js:315:10)
    at _callCircusHook (/home/mmittelb/Projects/stolen-api-services/node_modules/jest-circus/build/run.js:181:40)
    at _runTest (/home/mmittelb/Projects/stolen-api-services/node_modules/jest-circus/build/run.js:158:5)
    at _runTestsForDescribeBlock (/home/mmittelb/Projects/stolen-api-services/node_modules/jest-circus/build/run.js:66:9)
    at _runTestsForDescribeBlock (/home/mmittelb/Projects/stolen-api-services/node_modules/jest-circus/build/run.js:60:9)
    at _runTestsForDescribeBlock (/home/mmittelb/Projects/stolen-api-services/node_modules/jest-circus/build/run.js:60:9)
    at run (/home/mmittelb/Projects/stolen-api-services/node_modules/jest-circus/build/run.js:25:3)</failure>
    </testcase>
    <testcase classname="CustomersAdminService create should not find the parent" name="CustomersAdminService create should not find the parent" time="0">
      <failure>Error: Status Code is 403 (MongoDB&apos;s 404)
This means that the requested version-platform combination doesn&apos;t exist
  Used Url: &quot;https://fastdl.mongodb.org/linux/mongodb-linux-x86_64-ubuntu2104-5.0.3.tgz&quot;
Try to use different version &apos;new MongoMemoryServer({ binary: { version: &apos;X.Y.Z&apos; } })&apos;
List of available versions can be found here:
  https://www.mongodb.org/dl/linux for Linux
  https://www.mongodb.org/dl/osx for OSX
  https://www.mongodb.org/dl/win32 for Windows
    at ClientRequest.&lt;anonymous&gt; (/home/mmittelb/Projects/stolen-api-services/node_modules/mongodb-memory-server-core/src/util/MongoBinaryDownload.ts:418:17)
    at Object.onceWrapper (events.js:520:26)
    at ClientRequest.emit (events.js:400:28)
    at HTTPParser.parserOnIncomingClient (_http_client.js:647:27)
    at HTTPParser.parserOnHeadersComplete (_http_common.js:126:17)
    at TLSSocket.socketOnData (_http_client.js:515:22)
    at TLSSocket.emit (events.js:400:28)
    at addChunk (internal/streams/readable.js:290:12)
    at readableAddChunk (internal/streams/readable.js:265:9)
    at TLSSocket.Readable.push (internal/streams/readable.js:204:10)</failure>
      <failure>TypeError: Cannot read property &apos;close&apos; of undefined
    at Object.&lt;anonymous&gt; (/home/mmittelb/Projects/stolen-api-services/apps/customer/src/v1/admin/customers/customers-admin.service.spec.ts:163:22)
    at Promise.then.completed (/home/mmittelb/Projects/stolen-api-services/node_modules/jest-circus/build/utils.js:390:28)
    at new Promise (&lt;anonymous&gt;)
    at callAsyncCircusFn (/home/mmittelb/Projects/stolen-api-services/node_modules/jest-circus/build/utils.js:315:10)
    at _callCircusHook (/home/mmittelb/Projects/stolen-api-services/node_modules/jest-circus/build/run.js:181:40)
    at _runTest (/home/mmittelb/Projects/stolen-api-services/node_modules/jest-circus/build/run.js:158:5)
    at _runTestsForDescribeBlock (/home/mmittelb/Projects/stolen-api-services/node_modules/jest-circus/build/run.js:66:9)
    at _runTestsForDescribeBlock (/home/mmittelb/Projects/stolen-api-services/node_modules/jest-circus/build/run.js:60:9)
    at _runTestsForDescribeBlock (/home/mmittelb/Projects/stolen-api-services/node_modules/jest-circus/build/run.js:60:9)
    at run (/home/mmittelb/Projects/stolen-api-services/node_modules/jest-circus/build/run.js:25:3)</failure>
    </testcase>
    <testcase classname="CustomersAdminService update should not find the customer" name="CustomersAdminService update should not find the customer" time="0.001">
      <failure>Error: Status Code is 403 (MongoDB&apos;s 404)
This means that the requested version-platform combination doesn&apos;t exist
  Used Url: &quot;https://fastdl.mongodb.org/linux/mongodb-linux-x86_64-ubuntu2104-5.0.3.tgz&quot;
Try to use different version &apos;new MongoMemoryServer({ binary: { version: &apos;X.Y.Z&apos; } })&apos;
List of available versions can be found here:
  https://www.mongodb.org/dl/linux for Linux
  https://www.mongodb.org/dl/osx for OSX
  https://www.mongodb.org/dl/win32 for Windows
    at ClientRequest.&lt;anonymous&gt; (/home/mmittelb/Projects/stolen-api-services/node_modules/mongodb-memory-server-core/src/util/MongoBinaryDownload.ts:418:17)
    at Object.onceWrapper (events.js:520:26)
    at ClientRequest.emit (events.js:400:28)
    at HTTPParser.parserOnIncomingClient (_http_client.js:647:27)
    at HTTPParser.parserOnHeadersComplete (_http_common.js:126:17)
    at TLSSocket.socketOnData (_http_client.js:515:22)
    at TLSSocket.emit (events.js:400:28)
    at addChunk (internal/streams/readable.js:290:12)
    at readableAddChunk (internal/streams/readable.js:265:9)
    at TLSSocket.Readable.push (internal/streams/readable.js:204:10)</failure>
      <failure>TypeError: Cannot read property &apos;close&apos; of undefined
    at Object.&lt;anonymous&gt; (/home/mmittelb/Projects/stolen-api-services/apps/customer/src/v1/admin/customers/customers-admin.service.spec.ts:163:22)
    at Promise.then.completed (/home/mmittelb/Projects/stolen-api-services/node_modules/jest-circus/build/utils.js:390:28)
    at new Promise (&lt;anonymous&gt;)
    at callAsyncCircusFn (/home/mmittelb/Projects/stolen-api-services/node_modules/jest-circus/build/utils.js:315:10)
    at _callCircusHook (/home/mmittelb/Projects/stolen-api-services/node_modules/jest-circus/build/run.js:181:40)
    at _runTest (/home/mmittelb/Projects/stolen-api-services/node_modules/jest-circus/build/run.js:158:5)
    at _runTestsForDescribeBlock (/home/mmittelb/Projects/stolen-api-services/node_modules/jest-circus/build/run.js:66:9)
    at _runTestsForDescribeBlock (/home/mmittelb/Projects/stolen-api-services/node_modules/jest-circus/build/run.js:60:9)
    at _runTestsForDescribeBlock (/home/mmittelb/Projects/stolen-api-services/node_modules/jest-circus/build/run.js:60:9)
    at run (/home/mmittelb/Projects/stolen-api-services/node_modules/jest-circus/build/run.js:25:3)</failure>
    </testcase>
    <testcase classname="CustomersAdminService update should have a version conflict" name="CustomersAdminService update should have a version conflict" time="0">
      <failure>Error: Status Code is 403 (MongoDB&apos;s 404)
This means that the requested version-platform combination doesn&apos;t exist
  Used Url: &quot;https://fastdl.mongodb.org/linux/mongodb-linux-x86_64-ubuntu2104-5.0.3.tgz&quot;
Try to use different version &apos;new MongoMemoryServer({ binary: { version: &apos;X.Y.Z&apos; } })&apos;
List of available versions can be found here:
  https://www.mongodb.org/dl/linux for Linux
  https://www.mongodb.org/dl/osx for OSX
  https://www.mongodb.org/dl/win32 for Windows
    at ClientRequest.&lt;anonymous&gt; (/home/mmittelb/Projects/stolen-api-services/node_modules/mongodb-memory-server-core/src/util/MongoBinaryDownload.ts:418:17)
    at Object.onceWrapper (events.js:520:26)
    at ClientRequest.emit (events.js:400:28)
    at HTTPParser.parserOnIncomingClient (_http_client.js:647:27)
    at HTTPParser.parserOnHeadersComplete (_http_common.js:126:17)
    at TLSSocket.socketOnData (_http_client.js:515:22)
    at TLSSocket.emit (events.js:400:28)
    at addChunk (internal/streams/readable.js:290:12)
    at readableAddChunk (internal/streams/readable.js:265:9)
    at TLSSocket.Readable.push (internal/streams/readable.js:204:10)</failure>
      <failure>TypeError: Cannot read property &apos;close&apos; of undefined
    at Object.&lt;anonymous&gt; (/home/mmittelb/Projects/stolen-api-services/apps/customer/src/v1/admin/customers/customers-admin.service.spec.ts:163:22)
    at Promise.then.completed (/home/mmittelb/Projects/stolen-api-services/node_modules/jest-circus/build/utils.js:390:28)
    at new Promise (&lt;anonymous&gt;)
    at callAsyncCircusFn (/home/mmittelb/Projects/stolen-api-services/node_modules/jest-circus/build/utils.js:315:10)
    at _callCircusHook (/home/mmittelb/Projects/stolen-api-services/node_modules/jest-circus/build/run.js:181:40)
    at _runTest (/home/mmittelb/Projects/stolen-api-services/node_modules/jest-circus/build/run.js:158:5)
    at _runTestsForDescribeBlock (/home/mmittelb/Projects/stolen-api-services/node_modules/jest-circus/build/run.js:66:9)
    at _runTestsForDescribeBlock (/home/mmittelb/Projects/stolen-api-services/node_modules/jest-circus/build/run.js:60:9)
    at _runTestsForDescribeBlock (/home/mmittelb/Projects/stolen-api-services/node_modules/jest-circus/build/run.js:60:9)
    at run (/home/mmittelb/Projects/stolen-api-services/node_modules/jest-circus/build/run.js:25:3)</failure>
    </testcase>
    <testcase classname="CustomersAdminService update should succeed" name="CustomersAdminService update should succeed" time="0">
      <failure>Error: Status Code is 403 (MongoDB&apos;s 404)
This means that the requested version-platform combination doesn&apos;t exist
  Used Url: &quot;https://fastdl.mongodb.org/linux/mongodb-linux-x86_64-ubuntu2104-5.0.3.tgz&quot;
Try to use different version &apos;new MongoMemoryServer({ binary: { version: &apos;X.Y.Z&apos; } })&apos;
List of available versions can be found here:
  https://www.mongodb.org/dl/linux for Linux
  https://www.mongodb.org/dl/osx for OSX
  https://www.mongodb.org/dl/win32 for Windows
    at ClientRequest.&lt;anonymous&gt; (/home/mmittelb/Projects/stolen-api-services/node_modules/mongodb-memory-server-core/src/util/MongoBinaryDownload.ts:418:17)
    at Object.onceWrapper (events.js:520:26)
    at ClientRequest.emit (events.js:400:28)
    at HTTPParser.parserOnIncomingClient (_http_client.js:647:27)
    at HTTPParser.parserOnHeadersComplete (_http_common.js:126:17)
    at TLSSocket.socketOnData (_http_client.js:515:22)
    at TLSSocket.emit (events.js:400:28)
    at addChunk (internal/streams/readable.js:290:12)
    at readableAddChunk (internal/streams/readable.js:265:9)
    at TLSSocket.Readable.push (internal/streams/readable.js:204:10)</failure>
      <failure>TypeError: Cannot read property &apos;close&apos; of undefined
    at Object.&lt;anonymous&gt; (/home/mmittelb/Projects/stolen-api-services/apps/customer/src/v1/admin/customers/customers-admin.service.spec.ts:163:22)
    at Promise.then.completed (/home/mmittelb/Projects/stolen-api-services/node_modules/jest-circus/build/utils.js:390:28)
    at new Promise (&lt;anonymous&gt;)
    at callAsyncCircusFn (/home/mmittelb/Projects/stolen-api-services/node_modules/jest-circus/build/utils.js:315:10)
    at _callCircusHook (/home/mmittelb/Projects/stolen-api-services/node_modules/jest-circus/build/run.js:181:40)
    at _runTest (/home/mmittelb/Projects/stolen-api-services/node_modules/jest-circus/build/run.js:158:5)
    at _runTestsForDescribeBlock (/home/mmittelb/Projects/stolen-api-services/node_modules/jest-circus/build/run.js:66:9)
    at _runTestsForDescribeBlock (/home/mmittelb/Projects/stolen-api-services/node_modules/jest-circus/build/run.js:60:9)
    at _runTestsForDescribeBlock (/home/mmittelb/Projects/stolen-api-services/node_modules/jest-circus/build/run.js:60:9)
    at run (/home/mmittelb/Projects/stolen-api-services/node_modules/jest-circus/build/run.js:25:3)</failure>
    </testcase>
    <testcase classname="CustomersAdminService update should update the sales representative" name="CustomersAdminService update should update the sales representative" time="0">
      <failure>Error: Status Code is 403 (MongoDB&apos;s 404)
This means that the requested version-platform combination doesn&apos;t exist
  Used Url: &quot;https://fastdl.mongodb.org/linux/mongodb-linux-x86_64-ubuntu2104-5.0.3.tgz&quot;
Try to use different version &apos;new MongoMemoryServer({ binary: { version: &apos;X.Y.Z&apos; } })&apos;
List of available versions can be found here:
  https://www.mongodb.org/dl/linux for Linux
  https://www.mongodb.org/dl/osx for OSX
  https://www.mongodb.org/dl/win32 for Windows
    at ClientRequest.&lt;anonymous&gt; (/home/mmittelb/Projects/stolen-api-services/node_modules/mongodb-memory-server-core/src/util/MongoBinaryDownload.ts:418:17)
    at Object.onceWrapper (events.js:520:26)
    at ClientRequest.emit (events.js:400:28)
    at HTTPParser.parserOnIncomingClient (_http_client.js:647:27)
    at HTTPParser.parserOnHeadersComplete (_http_common.js:126:17)
    at TLSSocket.socketOnData (_http_client.js:515:22)
    at TLSSocket.emit (events.js:400:28)
    at addChunk (internal/streams/readable.js:290:12)
    at readableAddChunk (internal/streams/readable.js:265:9)
    at TLSSocket.Readable.push (internal/streams/readable.js:204:10)</failure>
      <failure>TypeError: Cannot read property &apos;close&apos; of undefined
    at Object.&lt;anonymous&gt; (/home/mmittelb/Projects/stolen-api-services/apps/customer/src/v1/admin/customers/customers-admin.service.spec.ts:163:22)
    at Promise.then.completed (/home/mmittelb/Projects/stolen-api-services/node_modules/jest-circus/build/utils.js:390:28)
    at new Promise (&lt;anonymous&gt;)
    at callAsyncCircusFn (/home/mmittelb/Projects/stolen-api-services/node_modules/jest-circus/build/utils.js:315:10)
    at _callCircusHook (/home/mmittelb/Projects/stolen-api-services/node_modules/jest-circus/build/run.js:181:40)
    at _runTest (/home/mmittelb/Projects/stolen-api-services/node_modules/jest-circus/build/run.js:158:5)
    at _runTestsForDescribeBlock (/home/mmittelb/Projects/stolen-api-services/node_modules/jest-circus/build/run.js:66:9)
    at _runTestsForDescribeBlock (/home/mmittelb/Projects/stolen-api-services/node_modules/jest-circus/build/run.js:60:9)
    at _runTestsForDescribeBlock (/home/mmittelb/Projects/stolen-api-services/node_modules/jest-circus/build/run.js:60:9)
    at run (/home/mmittelb/Projects/stolen-api-services/node_modules/jest-circus/build/run.js:25:3)</failure>
    </testcase>
    <testcase classname="CustomersAdminService update should update additional information" name="CustomersAdminService update should update additional information" time="0">
      <failure>Error: Status Code is 403 (MongoDB&apos;s 404)
This means that the requested version-platform combination doesn&apos;t exist
  Used Url: &quot;https://fastdl.mongodb.org/linux/mongodb-linux-x86_64-ubuntu2104-5.0.3.tgz&quot;
Try to use different version &apos;new MongoMemoryServer({ binary: { version: &apos;X.Y.Z&apos; } })&apos;
List of available versions can be found here:
  https://www.mongodb.org/dl/linux for Linux
  https://www.mongodb.org/dl/osx for OSX
  https://www.mongodb.org/dl/win32 for Windows
    at ClientRequest.&lt;anonymous&gt; (/home/mmittelb/Projects/stolen-api-services/node_modules/mongodb-memory-server-core/src/util/MongoBinaryDownload.ts:418:17)
    at Object.onceWrapper (events.js:520:26)
    at ClientRequest.emit (events.js:400:28)
    at HTTPParser.parserOnIncomingClient (_http_client.js:647:27)
    at HTTPParser.parserOnHeadersComplete (_http_common.js:126:17)
    at TLSSocket.socketOnData (_http_client.js:515:22)
    at TLSSocket.emit (events.js:400:28)
    at addChunk (internal/streams/readable.js:290:12)
    at readableAddChunk (internal/streams/readable.js:265:9)
    at TLSSocket.Readable.push (internal/streams/readable.js:204:10)</failure>
      <failure>TypeError: Cannot read property &apos;close&apos; of undefined
    at Object.&lt;anonymous&gt; (/home/mmittelb/Projects/stolen-api-services/apps/customer/src/v1/admin/customers/customers-admin.service.spec.ts:163:22)
    at Promise.then.completed (/home/mmittelb/Projects/stolen-api-services/node_modules/jest-circus/build/utils.js:390:28)
    at new Promise (&lt;anonymous&gt;)
    at callAsyncCircusFn (/home/mmittelb/Projects/stolen-api-services/node_modules/jest-circus/build/utils.js:315:10)
    at _callCircusHook (/home/mmittelb/Projects/stolen-api-services/node_modules/jest-circus/build/run.js:181:40)
    at _runTest (/home/mmittelb/Projects/stolen-api-services/node_modules/jest-circus/build/run.js:158:5)
    at _runTestsForDescribeBlock (/home/mmittelb/Projects/stolen-api-services/node_modules/jest-circus/build/run.js:66:9)
    at _runTestsForDescribeBlock (/home/mmittelb/Projects/stolen-api-services/node_modules/jest-circus/build/run.js:60:9)
    at _runTestsForDescribeBlock (/home/mmittelb/Projects/stolen-api-services/node_modules/jest-circus/build/run.js:60:9)
    at run (/home/mmittelb/Projects/stolen-api-services/node_modules/jest-circus/build/run.js:25:3)</failure>
    </testcase>
    <testcase classname="CustomersAdminService update should not find new sales representative" name="CustomersAdminService update should not find new sales representative" time="0">
      <failure>Error: Status Code is 403 (MongoDB&apos;s 404)
This means that the requested version-platform combination doesn&apos;t exist
  Used Url: &quot;https://fastdl.mongodb.org/linux/mongodb-linux-x86_64-ubuntu2104-5.0.3.tgz&quot;
Try to use different version &apos;new MongoMemoryServer({ binary: { version: &apos;X.Y.Z&apos; } })&apos;
List of available versions can be found here:
  https://www.mongodb.org/dl/linux for Linux
  https://www.mongodb.org/dl/osx for OSX
  https://www.mongodb.org/dl/win32 for Windows
    at ClientRequest.&lt;anonymous&gt; (/home/mmittelb/Projects/stolen-api-services/node_modules/mongodb-memory-server-core/src/util/MongoBinaryDownload.ts:418:17)
    at Object.onceWrapper (events.js:520:26)
    at ClientRequest.emit (events.js:400:28)
    at HTTPParser.parserOnIncomingClient (_http_client.js:647:27)
    at HTTPParser.parserOnHeadersComplete (_http_common.js:126:17)
    at TLSSocket.socketOnData (_http_client.js:515:22)
    at TLSSocket.emit (events.js:400:28)
    at addChunk (internal/streams/readable.js:290:12)
    at readableAddChunk (internal/streams/readable.js:265:9)
    at TLSSocket.Readable.push (internal/streams/readable.js:204:10)</failure>
      <failure>TypeError: Cannot read property &apos;close&apos; of undefined
    at Object.&lt;anonymous&gt; (/home/mmittelb/Projects/stolen-api-services/apps/customer/src/v1/admin/customers/customers-admin.service.spec.ts:163:22)
    at Promise.then.completed (/home/mmittelb/Projects/stolen-api-services/node_modules/jest-circus/build/utils.js:390:28)
    at new Promise (&lt;anonymous&gt;)
    at callAsyncCircusFn (/home/mmittelb/Projects/stolen-api-services/node_modules/jest-circus/build/utils.js:315:10)
    at _callCircusHook (/home/mmittelb/Projects/stolen-api-services/node_modules/jest-circus/build/run.js:181:40)
    at _runTest (/home/mmittelb/Projects/stolen-api-services/node_modules/jest-circus/build/run.js:158:5)
    at _runTestsForDescribeBlock (/home/mmittelb/Projects/stolen-api-services/node_modules/jest-circus/build/run.js:66:9)
    at _runTestsForDescribeBlock (/home/mmittelb/Projects/stolen-api-services/node_modules/jest-circus/build/run.js:60:9)
    at _runTestsForDescribeBlock (/home/mmittelb/Projects/stolen-api-services/node_modules/jest-circus/build/run.js:60:9)
    at run (/home/mmittelb/Projects/stolen-api-services/node_modules/jest-circus/build/run.js:25:3)</failure>
    </testcase>
    <testcase classname="CustomersAdminService update should update the parent" name="CustomersAdminService update should update the parent" time="0">
      <failure>Error: Status Code is 403 (MongoDB&apos;s 404)
This means that the requested version-platform combination doesn&apos;t exist
  Used Url: &quot;https://fastdl.mongodb.org/linux/mongodb-linux-x86_64-ubuntu2104-5.0.3.tgz&quot;
Try to use different version &apos;new MongoMemoryServer({ binary: { version: &apos;X.Y.Z&apos; } })&apos;
List of available versions can be found here:
  https://www.mongodb.org/dl/linux for Linux
  https://www.mongodb.org/dl/osx for OSX
  https://www.mongodb.org/dl/win32 for Windows
    at ClientRequest.&lt;anonymous&gt; (/home/mmittelb/Projects/stolen-api-services/node_modules/mongodb-memory-server-core/src/util/MongoBinaryDownload.ts:418:17)
    at Object.onceWrapper (events.js:520:26)
    at ClientRequest.emit (events.js:400:28)
    at HTTPParser.parserOnIncomingClient (_http_client.js:647:27)
    at HTTPParser.parserOnHeadersComplete (_http_common.js:126:17)
    at TLSSocket.socketOnData (_http_client.js:515:22)
    at TLSSocket.emit (events.js:400:28)
    at addChunk (internal/streams/readable.js:290:12)
    at readableAddChunk (internal/streams/readable.js:265:9)
    at TLSSocket.Readable.push (internal/streams/readable.js:204:10)</failure>
      <failure>TypeError: Cannot read property &apos;close&apos; of undefined
    at Object.&lt;anonymous&gt; (/home/mmittelb/Projects/stolen-api-services/apps/customer/src/v1/admin/customers/customers-admin.service.spec.ts:163:22)
    at Promise.then.completed (/home/mmittelb/Projects/stolen-api-services/node_modules/jest-circus/build/utils.js:390:28)
    at new Promise (&lt;anonymous&gt;)
    at callAsyncCircusFn (/home/mmittelb/Projects/stolen-api-services/node_modules/jest-circus/build/utils.js:315:10)
    at _callCircusHook (/home/mmittelb/Projects/stolen-api-services/node_modules/jest-circus/build/run.js:181:40)
    at _runTest (/home/mmittelb/Projects/stolen-api-services/node_modules/jest-circus/build/run.js:158:5)
    at _runTestsForDescribeBlock (/home/mmittelb/Projects/stolen-api-services/node_modules/jest-circus/build/run.js:66:9)
    at _runTestsForDescribeBlock (/home/mmittelb/Projects/stolen-api-services/node_modules/jest-circus/build/run.js:60:9)
    at _runTestsForDescribeBlock (/home/mmittelb/Projects/stolen-api-services/node_modules/jest-circus/build/run.js:60:9)
    at run (/home/mmittelb/Projects/stolen-api-services/node_modules/jest-circus/build/run.js:25:3)</failure>
    </testcase>
    <testcase classname="CustomersAdminService update should update the parent and fail" name="CustomersAdminService update should update the parent and fail" time="0.001">
      <failure>Error: Status Code is 403 (MongoDB&apos;s 404)
This means that the requested version-platform combination doesn&apos;t exist
  Used Url: &quot;https://fastdl.mongodb.org/linux/mongodb-linux-x86_64-ubuntu2104-5.0.3.tgz&quot;
Try to use different version &apos;new MongoMemoryServer({ binary: { version: &apos;X.Y.Z&apos; } })&apos;
List of available versions can be found here:
  https://www.mongodb.org/dl/linux for Linux
  https://www.mongodb.org/dl/osx for OSX
  https://www.mongodb.org/dl/win32 for Windows
    at ClientRequest.&lt;anonymous&gt; (/home/mmittelb/Projects/stolen-api-services/node_modules/mongodb-memory-server-core/src/util/MongoBinaryDownload.ts:418:17)
    at Object.onceWrapper (events.js:520:26)
    at ClientRequest.emit (events.js:400:28)
    at HTTPParser.parserOnIncomingClient (_http_client.js:647:27)
    at HTTPParser.parserOnHeadersComplete (_http_common.js:126:17)
    at TLSSocket.socketOnData (_http_client.js:515:22)
    at TLSSocket.emit (events.js:400:28)
    at addChunk (internal/streams/readable.js:290:12)
    at readableAddChunk (internal/streams/readable.js:265:9)
    at TLSSocket.Readable.push (internal/streams/readable.js:204:10)</failure>
      <failure>TypeError: Cannot read property &apos;close&apos; of undefined
    at Object.&lt;anonymous&gt; (/home/mmittelb/Projects/stolen-api-services/apps/customer/src/v1/admin/customers/customers-admin.service.spec.ts:163:22)
    at Promise.then.completed (/home/mmittelb/Projects/stolen-api-services/node_modules/jest-circus/build/utils.js:390:28)
    at new Promise (&lt;anonymous&gt;)
    at callAsyncCircusFn (/home/mmittelb/Projects/stolen-api-services/node_modules/jest-circus/build/utils.js:315:10)
    at _callCircusHook (/home/mmittelb/Projects/stolen-api-services/node_modules/jest-circus/build/run.js:181:40)
    at _runTest (/home/mmittelb/Projects/stolen-api-services/node_modules/jest-circus/build/run.js:158:5)
    at _runTestsForDescribeBlock (/home/mmittelb/Projects/stolen-api-services/node_modules/jest-circus/build/run.js:66:9)
    at _runTestsForDescribeBlock (/home/mmittelb/Projects/stolen-api-services/node_modules/jest-circus/build/run.js:60:9)
    at _runTestsForDescribeBlock (/home/mmittelb/Projects/stolen-api-services/node_modules/jest-circus/build/run.js:60:9)
    at run (/home/mmittelb/Projects/stolen-api-services/node_modules/jest-circus/build/run.js:25:3)</failure>
    </testcase>
  </testsuite>
  <testsuite name="NotesService" errors="0" failures="15" skipped="0" timestamp="2021-12-13T16:21:22" time="1.176" tests="15">
    <testcase classname="NotesService findOne should find a doc" name="NotesService findOne should find a doc" time="0.001">
      <failure>Error: Status Code is 403 (MongoDB&apos;s 404)
This means that the requested version-platform combination doesn&apos;t exist
  Used Url: &quot;https://fastdl.mongodb.org/linux/mongodb-linux-x86_64-ubuntu2104-5.0.3.tgz&quot;
Try to use different version &apos;new MongoMemoryServer({ binary: { version: &apos;X.Y.Z&apos; } })&apos;
List of available versions can be found here:
  https://www.mongodb.org/dl/linux for Linux
  https://www.mongodb.org/dl/osx for OSX
  https://www.mongodb.org/dl/win32 for Windows
    at ClientRequest.&lt;anonymous&gt; (/home/mmittelb/Projects/stolen-api-services/node_modules/mongodb-memory-server-core/src/util/MongoBinaryDownload.ts:418:17)
    at Object.onceWrapper (events.js:520:26)
    at ClientRequest.emit (events.js:400:28)
    at HTTPParser.parserOnIncomingClient (_http_client.js:647:27)
    at HTTPParser.parserOnHeadersComplete (_http_common.js:126:17)
    at TLSSocket.socketOnData (_http_client.js:515:22)
    at TLSSocket.emit (events.js:400:28)
    at addChunk (internal/streams/readable.js:290:12)
    at readableAddChunk (internal/streams/readable.js:265:9)
    at TLSSocket.Readable.push (internal/streams/readable.js:204:10)</failure>
      <failure>TypeError: Cannot read property &apos;close&apos; of undefined
    at Object.&lt;anonymous&gt; (/home/mmittelb/Projects/stolen-api-services/apps/customer/src/v1/customers-notes/customers-notes.service.spec.ts:76:22)
    at Promise.then.completed (/home/mmittelb/Projects/stolen-api-services/node_modules/jest-circus/build/utils.js:390:28)
    at new Promise (&lt;anonymous&gt;)
    at callAsyncCircusFn (/home/mmittelb/Projects/stolen-api-services/node_modules/jest-circus/build/utils.js:315:10)
    at _callCircusHook (/home/mmittelb/Projects/stolen-api-services/node_modules/jest-circus/build/run.js:181:40)
    at _runTest (/home/mmittelb/Projects/stolen-api-services/node_modules/jest-circus/build/run.js:158:5)
    at _runTestsForDescribeBlock (/home/mmittelb/Projects/stolen-api-services/node_modules/jest-circus/build/run.js:66:9)
    at _runTestsForDescribeBlock (/home/mmittelb/Projects/stolen-api-services/node_modules/jest-circus/build/run.js:60:9)
    at _runTestsForDescribeBlock (/home/mmittelb/Projects/stolen-api-services/node_modules/jest-circus/build/run.js:60:9)
    at run (/home/mmittelb/Projects/stolen-api-services/node_modules/jest-circus/build/run.js:25:3)</failure>
    </testcase>
    <testcase classname="NotesService findOne should not find the doc" name="NotesService findOne should not find the doc" time="0">
      <failure>Error: Status Code is 403 (MongoDB&apos;s 404)
This means that the requested version-platform combination doesn&apos;t exist
  Used Url: &quot;https://fastdl.mongodb.org/linux/mongodb-linux-x86_64-ubuntu2104-5.0.3.tgz&quot;
Try to use different version &apos;new MongoMemoryServer({ binary: { version: &apos;X.Y.Z&apos; } })&apos;
List of available versions can be found here:
  https://www.mongodb.org/dl/linux for Linux
  https://www.mongodb.org/dl/osx for OSX
  https://www.mongodb.org/dl/win32 for Windows
    at ClientRequest.&lt;anonymous&gt; (/home/mmittelb/Projects/stolen-api-services/node_modules/mongodb-memory-server-core/src/util/MongoBinaryDownload.ts:418:17)
    at Object.onceWrapper (events.js:520:26)
    at ClientRequest.emit (events.js:400:28)
    at HTTPParser.parserOnIncomingClient (_http_client.js:647:27)
    at HTTPParser.parserOnHeadersComplete (_http_common.js:126:17)
    at TLSSocket.socketOnData (_http_client.js:515:22)
    at TLSSocket.emit (events.js:400:28)
    at addChunk (internal/streams/readable.js:290:12)
    at readableAddChunk (internal/streams/readable.js:265:9)
    at TLSSocket.Readable.push (internal/streams/readable.js:204:10)</failure>
      <failure>TypeError: Cannot read property &apos;close&apos; of undefined
    at Object.&lt;anonymous&gt; (/home/mmittelb/Projects/stolen-api-services/apps/customer/src/v1/customers-notes/customers-notes.service.spec.ts:76:22)
    at Promise.then.completed (/home/mmittelb/Projects/stolen-api-services/node_modules/jest-circus/build/utils.js:390:28)
    at new Promise (&lt;anonymous&gt;)
    at callAsyncCircusFn (/home/mmittelb/Projects/stolen-api-services/node_modules/jest-circus/build/utils.js:315:10)
    at _callCircusHook (/home/mmittelb/Projects/stolen-api-services/node_modules/jest-circus/build/run.js:181:40)
    at _runTest (/home/mmittelb/Projects/stolen-api-services/node_modules/jest-circus/build/run.js:158:5)
    at _runTestsForDescribeBlock (/home/mmittelb/Projects/stolen-api-services/node_modules/jest-circus/build/run.js:66:9)
    at _runTestsForDescribeBlock (/home/mmittelb/Projects/stolen-api-services/node_modules/jest-circus/build/run.js:60:9)
    at _runTestsForDescribeBlock (/home/mmittelb/Projects/stolen-api-services/node_modules/jest-circus/build/run.js:60:9)
    at run (/home/mmittelb/Projects/stolen-api-services/node_modules/jest-circus/build/run.js:25:3)</failure>
    </testcase>
    <testcase classname="NotesService findOne should not find the customer" name="NotesService findOne should not find the customer" time="0">
      <failure>Error: Status Code is 403 (MongoDB&apos;s 404)
This means that the requested version-platform combination doesn&apos;t exist
  Used Url: &quot;https://fastdl.mongodb.org/linux/mongodb-linux-x86_64-ubuntu2104-5.0.3.tgz&quot;
Try to use different version &apos;new MongoMemoryServer({ binary: { version: &apos;X.Y.Z&apos; } })&apos;
List of available versions can be found here:
  https://www.mongodb.org/dl/linux for Linux
  https://www.mongodb.org/dl/osx for OSX
  https://www.mongodb.org/dl/win32 for Windows
    at ClientRequest.&lt;anonymous&gt; (/home/mmittelb/Projects/stolen-api-services/node_modules/mongodb-memory-server-core/src/util/MongoBinaryDownload.ts:418:17)
    at Object.onceWrapper (events.js:520:26)
    at ClientRequest.emit (events.js:400:28)
    at HTTPParser.parserOnIncomingClient (_http_client.js:647:27)
    at HTTPParser.parserOnHeadersComplete (_http_common.js:126:17)
    at TLSSocket.socketOnData (_http_client.js:515:22)
    at TLSSocket.emit (events.js:400:28)
    at addChunk (internal/streams/readable.js:290:12)
    at readableAddChunk (internal/streams/readable.js:265:9)
    at TLSSocket.Readable.push (internal/streams/readable.js:204:10)</failure>
      <failure>TypeError: Cannot read property &apos;close&apos; of undefined
    at Object.&lt;anonymous&gt; (/home/mmittelb/Projects/stolen-api-services/apps/customer/src/v1/customers-notes/customers-notes.service.spec.ts:76:22)
    at Promise.then.completed (/home/mmittelb/Projects/stolen-api-services/node_modules/jest-circus/build/utils.js:390:28)
    at new Promise (&lt;anonymous&gt;)
    at callAsyncCircusFn (/home/mmittelb/Projects/stolen-api-services/node_modules/jest-circus/build/utils.js:315:10)
    at _callCircusHook (/home/mmittelb/Projects/stolen-api-services/node_modules/jest-circus/build/run.js:181:40)
    at _runTest (/home/mmittelb/Projects/stolen-api-services/node_modules/jest-circus/build/run.js:158:5)
    at _runTestsForDescribeBlock (/home/mmittelb/Projects/stolen-api-services/node_modules/jest-circus/build/run.js:66:9)
    at _runTestsForDescribeBlock (/home/mmittelb/Projects/stolen-api-services/node_modules/jest-circus/build/run.js:60:9)
    at _runTestsForDescribeBlock (/home/mmittelb/Projects/stolen-api-services/node_modules/jest-circus/build/run.js:60:9)
    at run (/home/mmittelb/Projects/stolen-api-services/node_modules/jest-circus/build/run.js:25:3)</failure>
    </testcase>
    <testcase classname="NotesService findAll should find a doc" name="NotesService findAll should find a doc" time="0">
      <failure>Error: Status Code is 403 (MongoDB&apos;s 404)
This means that the requested version-platform combination doesn&apos;t exist
  Used Url: &quot;https://fastdl.mongodb.org/linux/mongodb-linux-x86_64-ubuntu2104-5.0.3.tgz&quot;
Try to use different version &apos;new MongoMemoryServer({ binary: { version: &apos;X.Y.Z&apos; } })&apos;
List of available versions can be found here:
  https://www.mongodb.org/dl/linux for Linux
  https://www.mongodb.org/dl/osx for OSX
  https://www.mongodb.org/dl/win32 for Windows
    at ClientRequest.&lt;anonymous&gt; (/home/mmittelb/Projects/stolen-api-services/node_modules/mongodb-memory-server-core/src/util/MongoBinaryDownload.ts:418:17)
    at Object.onceWrapper (events.js:520:26)
    at ClientRequest.emit (events.js:400:28)
    at HTTPParser.parserOnIncomingClient (_http_client.js:647:27)
    at HTTPParser.parserOnHeadersComplete (_http_common.js:126:17)
    at TLSSocket.socketOnData (_http_client.js:515:22)
    at TLSSocket.emit (events.js:400:28)
    at addChunk (internal/streams/readable.js:290:12)
    at readableAddChunk (internal/streams/readable.js:265:9)
    at TLSSocket.Readable.push (internal/streams/readable.js:204:10)</failure>
      <failure>TypeError: Cannot read property &apos;close&apos; of undefined
    at Object.&lt;anonymous&gt; (/home/mmittelb/Projects/stolen-api-services/apps/customer/src/v1/customers-notes/customers-notes.service.spec.ts:76:22)
    at Promise.then.completed (/home/mmittelb/Projects/stolen-api-services/node_modules/jest-circus/build/utils.js:390:28)
    at new Promise (&lt;anonymous&gt;)
    at callAsyncCircusFn (/home/mmittelb/Projects/stolen-api-services/node_modules/jest-circus/build/utils.js:315:10)
    at _callCircusHook (/home/mmittelb/Projects/stolen-api-services/node_modules/jest-circus/build/run.js:181:40)
    at _runTest (/home/mmittelb/Projects/stolen-api-services/node_modules/jest-circus/build/run.js:158:5)
    at _runTestsForDescribeBlock (/home/mmittelb/Projects/stolen-api-services/node_modules/jest-circus/build/run.js:66:9)
    at _runTestsForDescribeBlock (/home/mmittelb/Projects/stolen-api-services/node_modules/jest-circus/build/run.js:60:9)
    at _runTestsForDescribeBlock (/home/mmittelb/Projects/stolen-api-services/node_modules/jest-circus/build/run.js:60:9)
    at run (/home/mmittelb/Projects/stolen-api-services/node_modules/jest-circus/build/run.js:25:3)</failure>
    </testcase>
    <testcase classname="NotesService findAll should return an empty array" name="NotesService findAll should return an empty array" time="0">
      <failure>Error: Status Code is 403 (MongoDB&apos;s 404)
This means that the requested version-platform combination doesn&apos;t exist
  Used Url: &quot;https://fastdl.mongodb.org/linux/mongodb-linux-x86_64-ubuntu2104-5.0.3.tgz&quot;
Try to use different version &apos;new MongoMemoryServer({ binary: { version: &apos;X.Y.Z&apos; } })&apos;
List of available versions can be found here:
  https://www.mongodb.org/dl/linux for Linux
  https://www.mongodb.org/dl/osx for OSX
  https://www.mongodb.org/dl/win32 for Windows
    at ClientRequest.&lt;anonymous&gt; (/home/mmittelb/Projects/stolen-api-services/node_modules/mongodb-memory-server-core/src/util/MongoBinaryDownload.ts:418:17)
    at Object.onceWrapper (events.js:520:26)
    at ClientRequest.emit (events.js:400:28)
    at HTTPParser.parserOnIncomingClient (_http_client.js:647:27)
    at HTTPParser.parserOnHeadersComplete (_http_common.js:126:17)
    at TLSSocket.socketOnData (_http_client.js:515:22)
    at TLSSocket.emit (events.js:400:28)
    at addChunk (internal/streams/readable.js:290:12)
    at readableAddChunk (internal/streams/readable.js:265:9)
    at TLSSocket.Readable.push (internal/streams/readable.js:204:10)</failure>
      <failure>TypeError: Cannot read property &apos;close&apos; of undefined
    at Object.&lt;anonymous&gt; (/home/mmittelb/Projects/stolen-api-services/apps/customer/src/v1/customers-notes/customers-notes.service.spec.ts:76:22)
    at Promise.then.completed (/home/mmittelb/Projects/stolen-api-services/node_modules/jest-circus/build/utils.js:390:28)
    at new Promise (&lt;anonymous&gt;)
    at callAsyncCircusFn (/home/mmittelb/Projects/stolen-api-services/node_modules/jest-circus/build/utils.js:315:10)
    at _callCircusHook (/home/mmittelb/Projects/stolen-api-services/node_modules/jest-circus/build/run.js:181:40)
    at _runTest (/home/mmittelb/Projects/stolen-api-services/node_modules/jest-circus/build/run.js:158:5)
    at _runTestsForDescribeBlock (/home/mmittelb/Projects/stolen-api-services/node_modules/jest-circus/build/run.js:66:9)
    at _runTestsForDescribeBlock (/home/mmittelb/Projects/stolen-api-services/node_modules/jest-circus/build/run.js:60:9)
    at _runTestsForDescribeBlock (/home/mmittelb/Projects/stolen-api-services/node_modules/jest-circus/build/run.js:60:9)
    at run (/home/mmittelb/Projects/stolen-api-services/node_modules/jest-circus/build/run.js:25:3)</failure>
    </testcase>
    <testcase classname="NotesService findAll should not find the customer" name="NotesService findAll should not find the customer" time="0">
      <failure>Error: Status Code is 403 (MongoDB&apos;s 404)
This means that the requested version-platform combination doesn&apos;t exist
  Used Url: &quot;https://fastdl.mongodb.org/linux/mongodb-linux-x86_64-ubuntu2104-5.0.3.tgz&quot;
Try to use different version &apos;new MongoMemoryServer({ binary: { version: &apos;X.Y.Z&apos; } })&apos;
List of available versions can be found here:
  https://www.mongodb.org/dl/linux for Linux
  https://www.mongodb.org/dl/osx for OSX
  https://www.mongodb.org/dl/win32 for Windows
    at ClientRequest.&lt;anonymous&gt; (/home/mmittelb/Projects/stolen-api-services/node_modules/mongodb-memory-server-core/src/util/MongoBinaryDownload.ts:418:17)
    at Object.onceWrapper (events.js:520:26)
    at ClientRequest.emit (events.js:400:28)
    at HTTPParser.parserOnIncomingClient (_http_client.js:647:27)
    at HTTPParser.parserOnHeadersComplete (_http_common.js:126:17)
    at TLSSocket.socketOnData (_http_client.js:515:22)
    at TLSSocket.emit (events.js:400:28)
    at addChunk (internal/streams/readable.js:290:12)
    at readableAddChunk (internal/streams/readable.js:265:9)
    at TLSSocket.Readable.push (internal/streams/readable.js:204:10)</failure>
      <failure>TypeError: Cannot read property &apos;close&apos; of undefined
    at Object.&lt;anonymous&gt; (/home/mmittelb/Projects/stolen-api-services/apps/customer/src/v1/customers-notes/customers-notes.service.spec.ts:76:22)
    at Promise.then.completed (/home/mmittelb/Projects/stolen-api-services/node_modules/jest-circus/build/utils.js:390:28)
    at new Promise (&lt;anonymous&gt;)
    at callAsyncCircusFn (/home/mmittelb/Projects/stolen-api-services/node_modules/jest-circus/build/utils.js:315:10)
    at _callCircusHook (/home/mmittelb/Projects/stolen-api-services/node_modules/jest-circus/build/run.js:181:40)
    at _runTest (/home/mmittelb/Projects/stolen-api-services/node_modules/jest-circus/build/run.js:158:5)
    at _runTestsForDescribeBlock (/home/mmittelb/Projects/stolen-api-services/node_modules/jest-circus/build/run.js:66:9)
    at _runTestsForDescribeBlock (/home/mmittelb/Projects/stolen-api-services/node_modules/jest-circus/build/run.js:60:9)
    at _runTestsForDescribeBlock (/home/mmittelb/Projects/stolen-api-services/node_modules/jest-circus/build/run.js:60:9)
    at run (/home/mmittelb/Projects/stolen-api-services/node_modules/jest-circus/build/run.js:25:3)</failure>
    </testcase>
    <testcase classname="NotesService remove should remove a doc" name="NotesService remove should remove a doc" time="0">
      <failure>Error: Status Code is 403 (MongoDB&apos;s 404)
This means that the requested version-platform combination doesn&apos;t exist
  Used Url: &quot;https://fastdl.mongodb.org/linux/mongodb-linux-x86_64-ubuntu2104-5.0.3.tgz&quot;
Try to use different version &apos;new MongoMemoryServer({ binary: { version: &apos;X.Y.Z&apos; } })&apos;
List of available versions can be found here:
  https://www.mongodb.org/dl/linux for Linux
  https://www.mongodb.org/dl/osx for OSX
  https://www.mongodb.org/dl/win32 for Windows
    at ClientRequest.&lt;anonymous&gt; (/home/mmittelb/Projects/stolen-api-services/node_modules/mongodb-memory-server-core/src/util/MongoBinaryDownload.ts:418:17)
    at Object.onceWrapper (events.js:520:26)
    at ClientRequest.emit (events.js:400:28)
    at HTTPParser.parserOnIncomingClient (_http_client.js:647:27)
    at HTTPParser.parserOnHeadersComplete (_http_common.js:126:17)
    at TLSSocket.socketOnData (_http_client.js:515:22)
    at TLSSocket.emit (events.js:400:28)
    at addChunk (internal/streams/readable.js:290:12)
    at readableAddChunk (internal/streams/readable.js:265:9)
    at TLSSocket.Readable.push (internal/streams/readable.js:204:10)</failure>
      <failure>TypeError: Cannot read property &apos;close&apos; of undefined
    at Object.&lt;anonymous&gt; (/home/mmittelb/Projects/stolen-api-services/apps/customer/src/v1/customers-notes/customers-notes.service.spec.ts:76:22)
    at Promise.then.completed (/home/mmittelb/Projects/stolen-api-services/node_modules/jest-circus/build/utils.js:390:28)
    at new Promise (&lt;anonymous&gt;)
    at callAsyncCircusFn (/home/mmittelb/Projects/stolen-api-services/node_modules/jest-circus/build/utils.js:315:10)
    at _callCircusHook (/home/mmittelb/Projects/stolen-api-services/node_modules/jest-circus/build/run.js:181:40)
    at _runTest (/home/mmittelb/Projects/stolen-api-services/node_modules/jest-circus/build/run.js:158:5)
    at _runTestsForDescribeBlock (/home/mmittelb/Projects/stolen-api-services/node_modules/jest-circus/build/run.js:66:9)
    at _runTestsForDescribeBlock (/home/mmittelb/Projects/stolen-api-services/node_modules/jest-circus/build/run.js:60:9)
    at _runTestsForDescribeBlock (/home/mmittelb/Projects/stolen-api-services/node_modules/jest-circus/build/run.js:60:9)
    at run (/home/mmittelb/Projects/stolen-api-services/node_modules/jest-circus/build/run.js:25:3)</failure>
    </testcase>
    <testcase classname="NotesService remove should not find the customer" name="NotesService remove should not find the customer" time="0">
      <failure>Error: Status Code is 403 (MongoDB&apos;s 404)
This means that the requested version-platform combination doesn&apos;t exist
  Used Url: &quot;https://fastdl.mongodb.org/linux/mongodb-linux-x86_64-ubuntu2104-5.0.3.tgz&quot;
Try to use different version &apos;new MongoMemoryServer({ binary: { version: &apos;X.Y.Z&apos; } })&apos;
List of available versions can be found here:
  https://www.mongodb.org/dl/linux for Linux
  https://www.mongodb.org/dl/osx for OSX
  https://www.mongodb.org/dl/win32 for Windows
    at ClientRequest.&lt;anonymous&gt; (/home/mmittelb/Projects/stolen-api-services/node_modules/mongodb-memory-server-core/src/util/MongoBinaryDownload.ts:418:17)
    at Object.onceWrapper (events.js:520:26)
    at ClientRequest.emit (events.js:400:28)
    at HTTPParser.parserOnIncomingClient (_http_client.js:647:27)
    at HTTPParser.parserOnHeadersComplete (_http_common.js:126:17)
    at TLSSocket.socketOnData (_http_client.js:515:22)
    at TLSSocket.emit (events.js:400:28)
    at addChunk (internal/streams/readable.js:290:12)
    at readableAddChunk (internal/streams/readable.js:265:9)
    at TLSSocket.Readable.push (internal/streams/readable.js:204:10)</failure>
      <failure>TypeError: Cannot read property &apos;close&apos; of undefined
    at Object.&lt;anonymous&gt; (/home/mmittelb/Projects/stolen-api-services/apps/customer/src/v1/customers-notes/customers-notes.service.spec.ts:76:22)
    at Promise.then.completed (/home/mmittelb/Projects/stolen-api-services/node_modules/jest-circus/build/utils.js:390:28)
    at new Promise (&lt;anonymous&gt;)
    at callAsyncCircusFn (/home/mmittelb/Projects/stolen-api-services/node_modules/jest-circus/build/utils.js:315:10)
    at _callCircusHook (/home/mmittelb/Projects/stolen-api-services/node_modules/jest-circus/build/run.js:181:40)
    at _runTest (/home/mmittelb/Projects/stolen-api-services/node_modules/jest-circus/build/run.js:158:5)
    at _runTestsForDescribeBlock (/home/mmittelb/Projects/stolen-api-services/node_modules/jest-circus/build/run.js:66:9)
    at _runTestsForDescribeBlock (/home/mmittelb/Projects/stolen-api-services/node_modules/jest-circus/build/run.js:60:9)
    at _runTestsForDescribeBlock (/home/mmittelb/Projects/stolen-api-services/node_modules/jest-circus/build/run.js:60:9)
    at run (/home/mmittelb/Projects/stolen-api-services/node_modules/jest-circus/build/run.js:25:3)</failure>
    </testcase>
    <testcase classname="NotesService removeByCustomer should remove all docs" name="NotesService removeByCustomer should remove all docs" time="0">
      <failure>Error: Status Code is 403 (MongoDB&apos;s 404)
This means that the requested version-platform combination doesn&apos;t exist
  Used Url: &quot;https://fastdl.mongodb.org/linux/mongodb-linux-x86_64-ubuntu2104-5.0.3.tgz&quot;
Try to use different version &apos;new MongoMemoryServer({ binary: { version: &apos;X.Y.Z&apos; } })&apos;
List of available versions can be found here:
  https://www.mongodb.org/dl/linux for Linux
  https://www.mongodb.org/dl/osx for OSX
  https://www.mongodb.org/dl/win32 for Windows
    at ClientRequest.&lt;anonymous&gt; (/home/mmittelb/Projects/stolen-api-services/node_modules/mongodb-memory-server-core/src/util/MongoBinaryDownload.ts:418:17)
    at Object.onceWrapper (events.js:520:26)
    at ClientRequest.emit (events.js:400:28)
    at HTTPParser.parserOnIncomingClient (_http_client.js:647:27)
    at HTTPParser.parserOnHeadersComplete (_http_common.js:126:17)
    at TLSSocket.socketOnData (_http_client.js:515:22)
    at TLSSocket.emit (events.js:400:28)
    at addChunk (internal/streams/readable.js:290:12)
    at readableAddChunk (internal/streams/readable.js:265:9)
    at TLSSocket.Readable.push (internal/streams/readable.js:204:10)</failure>
      <failure>TypeError: Cannot read property &apos;close&apos; of undefined
    at Object.&lt;anonymous&gt; (/home/mmittelb/Projects/stolen-api-services/apps/customer/src/v1/customers-notes/customers-notes.service.spec.ts:76:22)
    at Promise.then.completed (/home/mmittelb/Projects/stolen-api-services/node_modules/jest-circus/build/utils.js:390:28)
    at new Promise (&lt;anonymous&gt;)
    at callAsyncCircusFn (/home/mmittelb/Projects/stolen-api-services/node_modules/jest-circus/build/utils.js:315:10)
    at _callCircusHook (/home/mmittelb/Projects/stolen-api-services/node_modules/jest-circus/build/run.js:181:40)
    at _runTest (/home/mmittelb/Projects/stolen-api-services/node_modules/jest-circus/build/run.js:158:5)
    at _runTestsForDescribeBlock (/home/mmittelb/Projects/stolen-api-services/node_modules/jest-circus/build/run.js:66:9)
    at _runTestsForDescribeBlock (/home/mmittelb/Projects/stolen-api-services/node_modules/jest-circus/build/run.js:60:9)
    at _runTestsForDescribeBlock (/home/mmittelb/Projects/stolen-api-services/node_modules/jest-circus/build/run.js:60:9)
    at run (/home/mmittelb/Projects/stolen-api-services/node_modules/jest-circus/build/run.js:25:3)</failure>
    </testcase>
    <testcase classname="NotesService create should return a new doc" name="NotesService create should return a new doc" time="0">
      <failure>Error: Status Code is 403 (MongoDB&apos;s 404)
This means that the requested version-platform combination doesn&apos;t exist
  Used Url: &quot;https://fastdl.mongodb.org/linux/mongodb-linux-x86_64-ubuntu2104-5.0.3.tgz&quot;
Try to use different version &apos;new MongoMemoryServer({ binary: { version: &apos;X.Y.Z&apos; } })&apos;
List of available versions can be found here:
  https://www.mongodb.org/dl/linux for Linux
  https://www.mongodb.org/dl/osx for OSX
  https://www.mongodb.org/dl/win32 for Windows
    at ClientRequest.&lt;anonymous&gt; (/home/mmittelb/Projects/stolen-api-services/node_modules/mongodb-memory-server-core/src/util/MongoBinaryDownload.ts:418:17)
    at Object.onceWrapper (events.js:520:26)
    at ClientRequest.emit (events.js:400:28)
    at HTTPParser.parserOnIncomingClient (_http_client.js:647:27)
    at HTTPParser.parserOnHeadersComplete (_http_common.js:126:17)
    at TLSSocket.socketOnData (_http_client.js:515:22)
    at TLSSocket.emit (events.js:400:28)
    at addChunk (internal/streams/readable.js:290:12)
    at readableAddChunk (internal/streams/readable.js:265:9)
    at TLSSocket.Readable.push (internal/streams/readable.js:204:10)</failure>
      <failure>TypeError: Cannot read property &apos;close&apos; of undefined
    at Object.&lt;anonymous&gt; (/home/mmittelb/Projects/stolen-api-services/apps/customer/src/v1/customers-notes/customers-notes.service.spec.ts:76:22)
    at Promise.then.completed (/home/mmittelb/Projects/stolen-api-services/node_modules/jest-circus/build/utils.js:390:28)
    at new Promise (&lt;anonymous&gt;)
    at callAsyncCircusFn (/home/mmittelb/Projects/stolen-api-services/node_modules/jest-circus/build/utils.js:315:10)
    at _callCircusHook (/home/mmittelb/Projects/stolen-api-services/node_modules/jest-circus/build/run.js:181:40)
    at _runTest (/home/mmittelb/Projects/stolen-api-services/node_modules/jest-circus/build/run.js:158:5)
    at _runTestsForDescribeBlock (/home/mmittelb/Projects/stolen-api-services/node_modules/jest-circus/build/run.js:66:9)
    at _runTestsForDescribeBlock (/home/mmittelb/Projects/stolen-api-services/node_modules/jest-circus/build/run.js:60:9)
    at _runTestsForDescribeBlock (/home/mmittelb/Projects/stolen-api-services/node_modules/jest-circus/build/run.js:60:9)
    at run (/home/mmittelb/Projects/stolen-api-services/node_modules/jest-circus/build/run.js:25:3)</failure>
    </testcase>
    <testcase classname="NotesService create should not find the customer" name="NotesService create should not find the customer" time="0.001">
      <failure>Error: Status Code is 403 (MongoDB&apos;s 404)
This means that the requested version-platform combination doesn&apos;t exist
  Used Url: &quot;https://fastdl.mongodb.org/linux/mongodb-linux-x86_64-ubuntu2104-5.0.3.tgz&quot;
Try to use different version &apos;new MongoMemoryServer({ binary: { version: &apos;X.Y.Z&apos; } })&apos;
List of available versions can be found here:
  https://www.mongodb.org/dl/linux for Linux
  https://www.mongodb.org/dl/osx for OSX
  https://www.mongodb.org/dl/win32 for Windows
    at ClientRequest.&lt;anonymous&gt; (/home/mmittelb/Projects/stolen-api-services/node_modules/mongodb-memory-server-core/src/util/MongoBinaryDownload.ts:418:17)
    at Object.onceWrapper (events.js:520:26)
    at ClientRequest.emit (events.js:400:28)
    at HTTPParser.parserOnIncomingClient (_http_client.js:647:27)
    at HTTPParser.parserOnHeadersComplete (_http_common.js:126:17)
    at TLSSocket.socketOnData (_http_client.js:515:22)
    at TLSSocket.emit (events.js:400:28)
    at addChunk (internal/streams/readable.js:290:12)
    at readableAddChunk (internal/streams/readable.js:265:9)
    at TLSSocket.Readable.push (internal/streams/readable.js:204:10)</failure>
      <failure>TypeError: Cannot read property &apos;close&apos; of undefined
    at Object.&lt;anonymous&gt; (/home/mmittelb/Projects/stolen-api-services/apps/customer/src/v1/customers-notes/customers-notes.service.spec.ts:76:22)
    at Promise.then.completed (/home/mmittelb/Projects/stolen-api-services/node_modules/jest-circus/build/utils.js:390:28)
    at new Promise (&lt;anonymous&gt;)
    at callAsyncCircusFn (/home/mmittelb/Projects/stolen-api-services/node_modules/jest-circus/build/utils.js:315:10)
    at _callCircusHook (/home/mmittelb/Projects/stolen-api-services/node_modules/jest-circus/build/run.js:181:40)
    at _runTest (/home/mmittelb/Projects/stolen-api-services/node_modules/jest-circus/build/run.js:158:5)
    at _runTestsForDescribeBlock (/home/mmittelb/Projects/stolen-api-services/node_modules/jest-circus/build/run.js:66:9)
    at _runTestsForDescribeBlock (/home/mmittelb/Projects/stolen-api-services/node_modules/jest-circus/build/run.js:60:9)
    at _runTestsForDescribeBlock (/home/mmittelb/Projects/stolen-api-services/node_modules/jest-circus/build/run.js:60:9)
    at run (/home/mmittelb/Projects/stolen-api-services/node_modules/jest-circus/build/run.js:25:3)</failure>
    </testcase>
    <testcase classname="NotesService update should not find the customer" name="NotesService update should not find the customer" time="0.001">
      <failure>Error: Status Code is 403 (MongoDB&apos;s 404)
This means that the requested version-platform combination doesn&apos;t exist
  Used Url: &quot;https://fastdl.mongodb.org/linux/mongodb-linux-x86_64-ubuntu2104-5.0.3.tgz&quot;
Try to use different version &apos;new MongoMemoryServer({ binary: { version: &apos;X.Y.Z&apos; } })&apos;
List of available versions can be found here:
  https://www.mongodb.org/dl/linux for Linux
  https://www.mongodb.org/dl/osx for OSX
  https://www.mongodb.org/dl/win32 for Windows
    at ClientRequest.&lt;anonymous&gt; (/home/mmittelb/Projects/stolen-api-services/node_modules/mongodb-memory-server-core/src/util/MongoBinaryDownload.ts:418:17)
    at Object.onceWrapper (events.js:520:26)
    at ClientRequest.emit (events.js:400:28)
    at HTTPParser.parserOnIncomingClient (_http_client.js:647:27)
    at HTTPParser.parserOnHeadersComplete (_http_common.js:126:17)
    at TLSSocket.socketOnData (_http_client.js:515:22)
    at TLSSocket.emit (events.js:400:28)
    at addChunk (internal/streams/readable.js:290:12)
    at readableAddChunk (internal/streams/readable.js:265:9)
    at TLSSocket.Readable.push (internal/streams/readable.js:204:10)</failure>
      <failure>TypeError: Cannot read property &apos;close&apos; of undefined
    at Object.&lt;anonymous&gt; (/home/mmittelb/Projects/stolen-api-services/apps/customer/src/v1/customers-notes/customers-notes.service.spec.ts:76:22)
    at Promise.then.completed (/home/mmittelb/Projects/stolen-api-services/node_modules/jest-circus/build/utils.js:390:28)
    at new Promise (&lt;anonymous&gt;)
    at callAsyncCircusFn (/home/mmittelb/Projects/stolen-api-services/node_modules/jest-circus/build/utils.js:315:10)
    at _callCircusHook (/home/mmittelb/Projects/stolen-api-services/node_modules/jest-circus/build/run.js:181:40)
    at _runTest (/home/mmittelb/Projects/stolen-api-services/node_modules/jest-circus/build/run.js:158:5)
    at _runTestsForDescribeBlock (/home/mmittelb/Projects/stolen-api-services/node_modules/jest-circus/build/run.js:66:9)
    at _runTestsForDescribeBlock (/home/mmittelb/Projects/stolen-api-services/node_modules/jest-circus/build/run.js:60:9)
    at _runTestsForDescribeBlock (/home/mmittelb/Projects/stolen-api-services/node_modules/jest-circus/build/run.js:60:9)
    at run (/home/mmittelb/Projects/stolen-api-services/node_modules/jest-circus/build/run.js:25:3)</failure>
    </testcase>
    <testcase classname="NotesService update should not find the note" name="NotesService update should not find the note" time="0">
      <failure>Error: Status Code is 403 (MongoDB&apos;s 404)
This means that the requested version-platform combination doesn&apos;t exist
  Used Url: &quot;https://fastdl.mongodb.org/linux/mongodb-linux-x86_64-ubuntu2104-5.0.3.tgz&quot;
Try to use different version &apos;new MongoMemoryServer({ binary: { version: &apos;X.Y.Z&apos; } })&apos;
List of available versions can be found here:
  https://www.mongodb.org/dl/linux for Linux
  https://www.mongodb.org/dl/osx for OSX
  https://www.mongodb.org/dl/win32 for Windows
    at ClientRequest.&lt;anonymous&gt; (/home/mmittelb/Projects/stolen-api-services/node_modules/mongodb-memory-server-core/src/util/MongoBinaryDownload.ts:418:17)
    at Object.onceWrapper (events.js:520:26)
    at ClientRequest.emit (events.js:400:28)
    at HTTPParser.parserOnIncomingClient (_http_client.js:647:27)
    at HTTPParser.parserOnHeadersComplete (_http_common.js:126:17)
    at TLSSocket.socketOnData (_http_client.js:515:22)
    at TLSSocket.emit (events.js:400:28)
    at addChunk (internal/streams/readable.js:290:12)
    at readableAddChunk (internal/streams/readable.js:265:9)
    at TLSSocket.Readable.push (internal/streams/readable.js:204:10)</failure>
      <failure>TypeError: Cannot read property &apos;close&apos; of undefined
    at Object.&lt;anonymous&gt; (/home/mmittelb/Projects/stolen-api-services/apps/customer/src/v1/customers-notes/customers-notes.service.spec.ts:76:22)
    at Promise.then.completed (/home/mmittelb/Projects/stolen-api-services/node_modules/jest-circus/build/utils.js:390:28)
    at new Promise (&lt;anonymous&gt;)
    at callAsyncCircusFn (/home/mmittelb/Projects/stolen-api-services/node_modules/jest-circus/build/utils.js:315:10)
    at _callCircusHook (/home/mmittelb/Projects/stolen-api-services/node_modules/jest-circus/build/run.js:181:40)
    at _runTest (/home/mmittelb/Projects/stolen-api-services/node_modules/jest-circus/build/run.js:158:5)
    at _runTestsForDescribeBlock (/home/mmittelb/Projects/stolen-api-services/node_modules/jest-circus/build/run.js:66:9)
    at _runTestsForDescribeBlock (/home/mmittelb/Projects/stolen-api-services/node_modules/jest-circus/build/run.js:60:9)
    at _runTestsForDescribeBlock (/home/mmittelb/Projects/stolen-api-services/node_modules/jest-circus/build/run.js:60:9)
    at run (/home/mmittelb/Projects/stolen-api-services/node_modules/jest-circus/build/run.js:25:3)</failure>
    </testcase>
    <testcase classname="NotesService update should have a version conflict" name="NotesService update should have a version conflict" time="0">
      <failure>Error: Status Code is 403 (MongoDB&apos;s 404)
This means that the requested version-platform combination doesn&apos;t exist
  Used Url: &quot;https://fastdl.mongodb.org/linux/mongodb-linux-x86_64-ubuntu2104-5.0.3.tgz&quot;
Try to use different version &apos;new MongoMemoryServer({ binary: { version: &apos;X.Y.Z&apos; } })&apos;
List of available versions can be found here:
  https://www.mongodb.org/dl/linux for Linux
  https://www.mongodb.org/dl/osx for OSX
  https://www.mongodb.org/dl/win32 for Windows
    at ClientRequest.&lt;anonymous&gt; (/home/mmittelb/Projects/stolen-api-services/node_modules/mongodb-memory-server-core/src/util/MongoBinaryDownload.ts:418:17)
    at Object.onceWrapper (events.js:520:26)
    at ClientRequest.emit (events.js:400:28)
    at HTTPParser.parserOnIncomingClient (_http_client.js:647:27)
    at HTTPParser.parserOnHeadersComplete (_http_common.js:126:17)
    at TLSSocket.socketOnData (_http_client.js:515:22)
    at TLSSocket.emit (events.js:400:28)
    at addChunk (internal/streams/readable.js:290:12)
    at readableAddChunk (internal/streams/readable.js:265:9)
    at TLSSocket.Readable.push (internal/streams/readable.js:204:10)</failure>
      <failure>TypeError: Cannot read property &apos;close&apos; of undefined
    at Object.&lt;anonymous&gt; (/home/mmittelb/Projects/stolen-api-services/apps/customer/src/v1/customers-notes/customers-notes.service.spec.ts:76:22)
    at Promise.then.completed (/home/mmittelb/Projects/stolen-api-services/node_modules/jest-circus/build/utils.js:390:28)
    at new Promise (&lt;anonymous&gt;)
    at callAsyncCircusFn (/home/mmittelb/Projects/stolen-api-services/node_modules/jest-circus/build/utils.js:315:10)
    at _callCircusHook (/home/mmittelb/Projects/stolen-api-services/node_modules/jest-circus/build/run.js:181:40)
    at _runTest (/home/mmittelb/Projects/stolen-api-services/node_modules/jest-circus/build/run.js:158:5)
    at _runTestsForDescribeBlock (/home/mmittelb/Projects/stolen-api-services/node_modules/jest-circus/build/run.js:66:9)
    at _runTestsForDescribeBlock (/home/mmittelb/Projects/stolen-api-services/node_modules/jest-circus/build/run.js:60:9)
    at _runTestsForDescribeBlock (/home/mmittelb/Projects/stolen-api-services/node_modules/jest-circus/build/run.js:60:9)
    at run (/home/mmittelb/Projects/stolen-api-services/node_modules/jest-circus/build/run.js:25:3)</failure>
    </testcase>
    <testcase classname="NotesService update should succeed" name="NotesService update should succeed" time="0">
      <failure>Error: Status Code is 403 (MongoDB&apos;s 404)
This means that the requested version-platform combination doesn&apos;t exist
  Used Url: &quot;https://fastdl.mongodb.org/linux/mongodb-linux-x86_64-ubuntu2104-5.0.3.tgz&quot;
Try to use different version &apos;new MongoMemoryServer({ binary: { version: &apos;X.Y.Z&apos; } })&apos;
List of available versions can be found here:
  https://www.mongodb.org/dl/linux for Linux
  https://www.mongodb.org/dl/osx for OSX
  https://www.mongodb.org/dl/win32 for Windows
    at ClientRequest.&lt;anonymous&gt; (/home/mmittelb/Projects/stolen-api-services/node_modules/mongodb-memory-server-core/src/util/MongoBinaryDownload.ts:418:17)
    at Object.onceWrapper (events.js:520:26)
    at ClientRequest.emit (events.js:400:28)
    at HTTPParser.parserOnIncomingClient (_http_client.js:647:27)
    at HTTPParser.parserOnHeadersComplete (_http_common.js:126:17)
    at TLSSocket.socketOnData (_http_client.js:515:22)
    at TLSSocket.emit (events.js:400:28)
    at addChunk (internal/streams/readable.js:290:12)
    at readableAddChunk (internal/streams/readable.js:265:9)
    at TLSSocket.Readable.push (internal/streams/readable.js:204:10)</failure>
      <failure>TypeError: Cannot read property &apos;close&apos; of undefined
    at Object.&lt;anonymous&gt; (/home/mmittelb/Projects/stolen-api-services/apps/customer/src/v1/customers-notes/customers-notes.service.spec.ts:76:22)
    at Promise.then.completed (/home/mmittelb/Projects/stolen-api-services/node_modules/jest-circus/build/utils.js:390:28)
    at new Promise (&lt;anonymous&gt;)
    at callAsyncCircusFn (/home/mmittelb/Projects/stolen-api-services/node_modules/jest-circus/build/utils.js:315:10)
    at _callCircusHook (/home/mmittelb/Projects/stolen-api-services/node_modules/jest-circus/build/run.js:181:40)
    at _runTest (/home/mmittelb/Projects/stolen-api-services/node_modules/jest-circus/build/run.js:158:5)
    at _runTestsForDescribeBlock (/home/mmittelb/Projects/stolen-api-services/node_modules/jest-circus/build/run.js:66:9)
    at _runTestsForDescribeBlock (/home/mmittelb/Projects/stolen-api-services/node_modules/jest-circus/build/run.js:60:9)
    at _runTestsForDescribeBlock (/home/mmittelb/Projects/stolen-api-services/node_modules/jest-circus/build/run.js:60:9)
    at run (/home/mmittelb/Projects/stolen-api-services/node_modules/jest-circus/build/run.js:25:3)</failure>
    </testcase>
  </testsuite>
  <testsuite name="TagsService" errors="0" failures="17" skipped="0" timestamp="2021-12-13T16:21:23" time="1.016" tests="17">
    <testcase classname="TagsService findOne should find a doc" name="TagsService findOne should find a doc" time="0.001">
      <failure>Error: Status Code is 403 (MongoDB&apos;s 404)
This means that the requested version-platform combination doesn&apos;t exist
  Used Url: &quot;https://fastdl.mongodb.org/linux/mongodb-linux-x86_64-ubuntu2104-5.0.3.tgz&quot;
Try to use different version &apos;new MongoMemoryServer({ binary: { version: &apos;X.Y.Z&apos; } })&apos;
List of available versions can be found here:
  https://www.mongodb.org/dl/linux for Linux
  https://www.mongodb.org/dl/osx for OSX
  https://www.mongodb.org/dl/win32 for Windows
    at ClientRequest.&lt;anonymous&gt; (/home/mmittelb/Projects/stolen-api-services/node_modules/mongodb-memory-server-core/src/util/MongoBinaryDownload.ts:418:17)
    at Object.onceWrapper (events.js:520:26)
    at ClientRequest.emit (events.js:400:28)
    at HTTPParser.parserOnIncomingClient (_http_client.js:647:27)
    at HTTPParser.parserOnHeadersComplete (_http_common.js:126:17)
    at TLSSocket.socketOnData (_http_client.js:515:22)
    at TLSSocket.emit (events.js:400:28)
    at addChunk (internal/streams/readable.js:290:12)
    at readableAddChunk (internal/streams/readable.js:265:9)
    at TLSSocket.Readable.push (internal/streams/readable.js:204:10)</failure>
      <failure>TypeError: Cannot read property &apos;close&apos; of undefined
    at Object.&lt;anonymous&gt; (/home/mmittelb/Projects/stolen-api-services/apps/customer/src/v1/customers-tags/customers-tags.service.spec.ts:95:22)
    at Promise.then.completed (/home/mmittelb/Projects/stolen-api-services/node_modules/jest-circus/build/utils.js:390:28)
    at new Promise (&lt;anonymous&gt;)
    at callAsyncCircusFn (/home/mmittelb/Projects/stolen-api-services/node_modules/jest-circus/build/utils.js:315:10)
    at _callCircusHook (/home/mmittelb/Projects/stolen-api-services/node_modules/jest-circus/build/run.js:181:40)
    at _runTest (/home/mmittelb/Projects/stolen-api-services/node_modules/jest-circus/build/run.js:158:5)
    at _runTestsForDescribeBlock (/home/mmittelb/Projects/stolen-api-services/node_modules/jest-circus/build/run.js:66:9)
    at _runTestsForDescribeBlock (/home/mmittelb/Projects/stolen-api-services/node_modules/jest-circus/build/run.js:60:9)
    at _runTestsForDescribeBlock (/home/mmittelb/Projects/stolen-api-services/node_modules/jest-circus/build/run.js:60:9)
    at run (/home/mmittelb/Projects/stolen-api-services/node_modules/jest-circus/build/run.js:25:3)</failure>
    </testcase>
    <testcase classname="TagsService findOne should not find the doc" name="TagsService findOne should not find the doc" time="0">
      <failure>Error: Status Code is 403 (MongoDB&apos;s 404)
This means that the requested version-platform combination doesn&apos;t exist
  Used Url: &quot;https://fastdl.mongodb.org/linux/mongodb-linux-x86_64-ubuntu2104-5.0.3.tgz&quot;
Try to use different version &apos;new MongoMemoryServer({ binary: { version: &apos;X.Y.Z&apos; } })&apos;
List of available versions can be found here:
  https://www.mongodb.org/dl/linux for Linux
  https://www.mongodb.org/dl/osx for OSX
  https://www.mongodb.org/dl/win32 for Windows
    at ClientRequest.&lt;anonymous&gt; (/home/mmittelb/Projects/stolen-api-services/node_modules/mongodb-memory-server-core/src/util/MongoBinaryDownload.ts:418:17)
    at Object.onceWrapper (events.js:520:26)
    at ClientRequest.emit (events.js:400:28)
    at HTTPParser.parserOnIncomingClient (_http_client.js:647:27)
    at HTTPParser.parserOnHeadersComplete (_http_common.js:126:17)
    at TLSSocket.socketOnData (_http_client.js:515:22)
    at TLSSocket.emit (events.js:400:28)
    at addChunk (internal/streams/readable.js:290:12)
    at readableAddChunk (internal/streams/readable.js:265:9)
    at TLSSocket.Readable.push (internal/streams/readable.js:204:10)</failure>
      <failure>TypeError: Cannot read property &apos;close&apos; of undefined
    at Object.&lt;anonymous&gt; (/home/mmittelb/Projects/stolen-api-services/apps/customer/src/v1/customers-tags/customers-tags.service.spec.ts:95:22)
    at Promise.then.completed (/home/mmittelb/Projects/stolen-api-services/node_modules/jest-circus/build/utils.js:390:28)
    at new Promise (&lt;anonymous&gt;)
    at callAsyncCircusFn (/home/mmittelb/Projects/stolen-api-services/node_modules/jest-circus/build/utils.js:315:10)
    at _callCircusHook (/home/mmittelb/Projects/stolen-api-services/node_modules/jest-circus/build/run.js:181:40)
    at _runTest (/home/mmittelb/Projects/stolen-api-services/node_modules/jest-circus/build/run.js:158:5)
    at _runTestsForDescribeBlock (/home/mmittelb/Projects/stolen-api-services/node_modules/jest-circus/build/run.js:66:9)
    at _runTestsForDescribeBlock (/home/mmittelb/Projects/stolen-api-services/node_modules/jest-circus/build/run.js:60:9)
    at _runTestsForDescribeBlock (/home/mmittelb/Projects/stolen-api-services/node_modules/jest-circus/build/run.js:60:9)
    at run (/home/mmittelb/Projects/stolen-api-services/node_modules/jest-circus/build/run.js:25:3)</failure>
    </testcase>
    <testcase classname="TagsService findOne should not find the customer" name="TagsService findOne should not find the customer" time="0.001">
      <failure>Error: Status Code is 403 (MongoDB&apos;s 404)
This means that the requested version-platform combination doesn&apos;t exist
  Used Url: &quot;https://fastdl.mongodb.org/linux/mongodb-linux-x86_64-ubuntu2104-5.0.3.tgz&quot;
Try to use different version &apos;new MongoMemoryServer({ binary: { version: &apos;X.Y.Z&apos; } })&apos;
List of available versions can be found here:
  https://www.mongodb.org/dl/linux for Linux
  https://www.mongodb.org/dl/osx for OSX
  https://www.mongodb.org/dl/win32 for Windows
    at ClientRequest.&lt;anonymous&gt; (/home/mmittelb/Projects/stolen-api-services/node_modules/mongodb-memory-server-core/src/util/MongoBinaryDownload.ts:418:17)
    at Object.onceWrapper (events.js:520:26)
    at ClientRequest.emit (events.js:400:28)
    at HTTPParser.parserOnIncomingClient (_http_client.js:647:27)
    at HTTPParser.parserOnHeadersComplete (_http_common.js:126:17)
    at TLSSocket.socketOnData (_http_client.js:515:22)
    at TLSSocket.emit (events.js:400:28)
    at addChunk (internal/streams/readable.js:290:12)
    at readableAddChunk (internal/streams/readable.js:265:9)
    at TLSSocket.Readable.push (internal/streams/readable.js:204:10)</failure>
      <failure>TypeError: Cannot read property &apos;close&apos; of undefined
    at Object.&lt;anonymous&gt; (/home/mmittelb/Projects/stolen-api-services/apps/customer/src/v1/customers-tags/customers-tags.service.spec.ts:95:22)
    at Promise.then.completed (/home/mmittelb/Projects/stolen-api-services/node_modules/jest-circus/build/utils.js:390:28)
    at new Promise (&lt;anonymous&gt;)
    at callAsyncCircusFn (/home/mmittelb/Projects/stolen-api-services/node_modules/jest-circus/build/utils.js:315:10)
    at _callCircusHook (/home/mmittelb/Projects/stolen-api-services/node_modules/jest-circus/build/run.js:181:40)
    at _runTest (/home/mmittelb/Projects/stolen-api-services/node_modules/jest-circus/build/run.js:158:5)
    at _runTestsForDescribeBlock (/home/mmittelb/Projects/stolen-api-services/node_modules/jest-circus/build/run.js:66:9)
    at _runTestsForDescribeBlock (/home/mmittelb/Projects/stolen-api-services/node_modules/jest-circus/build/run.js:60:9)
    at _runTestsForDescribeBlock (/home/mmittelb/Projects/stolen-api-services/node_modules/jest-circus/build/run.js:60:9)
    at run (/home/mmittelb/Projects/stolen-api-services/node_modules/jest-circus/build/run.js:25:3)</failure>
    </testcase>
    <testcase classname="TagsService findAll should find a doc" name="TagsService findAll should find a doc" time="0">
      <failure>Error: Status Code is 403 (MongoDB&apos;s 404)
This means that the requested version-platform combination doesn&apos;t exist
  Used Url: &quot;https://fastdl.mongodb.org/linux/mongodb-linux-x86_64-ubuntu2104-5.0.3.tgz&quot;
Try to use different version &apos;new MongoMemoryServer({ binary: { version: &apos;X.Y.Z&apos; } })&apos;
List of available versions can be found here:
  https://www.mongodb.org/dl/linux for Linux
  https://www.mongodb.org/dl/osx for OSX
  https://www.mongodb.org/dl/win32 for Windows
    at ClientRequest.&lt;anonymous&gt; (/home/mmittelb/Projects/stolen-api-services/node_modules/mongodb-memory-server-core/src/util/MongoBinaryDownload.ts:418:17)
    at Object.onceWrapper (events.js:520:26)
    at ClientRequest.emit (events.js:400:28)
    at HTTPParser.parserOnIncomingClient (_http_client.js:647:27)
    at HTTPParser.parserOnHeadersComplete (_http_common.js:126:17)
    at TLSSocket.socketOnData (_http_client.js:515:22)
    at TLSSocket.emit (events.js:400:28)
    at addChunk (internal/streams/readable.js:290:12)
    at readableAddChunk (internal/streams/readable.js:265:9)
    at TLSSocket.Readable.push (internal/streams/readable.js:204:10)</failure>
      <failure>TypeError: Cannot read property &apos;close&apos; of undefined
    at Object.&lt;anonymous&gt; (/home/mmittelb/Projects/stolen-api-services/apps/customer/src/v1/customers-tags/customers-tags.service.spec.ts:95:22)
    at Promise.then.completed (/home/mmittelb/Projects/stolen-api-services/node_modules/jest-circus/build/utils.js:390:28)
    at new Promise (&lt;anonymous&gt;)
    at callAsyncCircusFn (/home/mmittelb/Projects/stolen-api-services/node_modules/jest-circus/build/utils.js:315:10)
    at _callCircusHook (/home/mmittelb/Projects/stolen-api-services/node_modules/jest-circus/build/run.js:181:40)
    at _runTest (/home/mmittelb/Projects/stolen-api-services/node_modules/jest-circus/build/run.js:158:5)
    at _runTestsForDescribeBlock (/home/mmittelb/Projects/stolen-api-services/node_modules/jest-circus/build/run.js:66:9)
    at _runTestsForDescribeBlock (/home/mmittelb/Projects/stolen-api-services/node_modules/jest-circus/build/run.js:60:9)
    at _runTestsForDescribeBlock (/home/mmittelb/Projects/stolen-api-services/node_modules/jest-circus/build/run.js:60:9)
    at run (/home/mmittelb/Projects/stolen-api-services/node_modules/jest-circus/build/run.js:25:3)</failure>
    </testcase>
    <testcase classname="TagsService findAll should return an empty array" name="TagsService findAll should return an empty array" time="0">
      <failure>Error: Status Code is 403 (MongoDB&apos;s 404)
This means that the requested version-platform combination doesn&apos;t exist
  Used Url: &quot;https://fastdl.mongodb.org/linux/mongodb-linux-x86_64-ubuntu2104-5.0.3.tgz&quot;
Try to use different version &apos;new MongoMemoryServer({ binary: { version: &apos;X.Y.Z&apos; } })&apos;
List of available versions can be found here:
  https://www.mongodb.org/dl/linux for Linux
  https://www.mongodb.org/dl/osx for OSX
  https://www.mongodb.org/dl/win32 for Windows
    at ClientRequest.&lt;anonymous&gt; (/home/mmittelb/Projects/stolen-api-services/node_modules/mongodb-memory-server-core/src/util/MongoBinaryDownload.ts:418:17)
    at Object.onceWrapper (events.js:520:26)
    at ClientRequest.emit (events.js:400:28)
    at HTTPParser.parserOnIncomingClient (_http_client.js:647:27)
    at HTTPParser.parserOnHeadersComplete (_http_common.js:126:17)
    at TLSSocket.socketOnData (_http_client.js:515:22)
    at TLSSocket.emit (events.js:400:28)
    at addChunk (internal/streams/readable.js:290:12)
    at readableAddChunk (internal/streams/readable.js:265:9)
    at TLSSocket.Readable.push (internal/streams/readable.js:204:10)</failure>
      <failure>TypeError: Cannot read property &apos;close&apos; of undefined
    at Object.&lt;anonymous&gt; (/home/mmittelb/Projects/stolen-api-services/apps/customer/src/v1/customers-tags/customers-tags.service.spec.ts:95:22)
    at Promise.then.completed (/home/mmittelb/Projects/stolen-api-services/node_modules/jest-circus/build/utils.js:390:28)
    at new Promise (&lt;anonymous&gt;)
    at callAsyncCircusFn (/home/mmittelb/Projects/stolen-api-services/node_modules/jest-circus/build/utils.js:315:10)
    at _callCircusHook (/home/mmittelb/Projects/stolen-api-services/node_modules/jest-circus/build/run.js:181:40)
    at _runTest (/home/mmittelb/Projects/stolen-api-services/node_modules/jest-circus/build/run.js:158:5)
    at _runTestsForDescribeBlock (/home/mmittelb/Projects/stolen-api-services/node_modules/jest-circus/build/run.js:66:9)
    at _runTestsForDescribeBlock (/home/mmittelb/Projects/stolen-api-services/node_modules/jest-circus/build/run.js:60:9)
    at _runTestsForDescribeBlock (/home/mmittelb/Projects/stolen-api-services/node_modules/jest-circus/build/run.js:60:9)
    at run (/home/mmittelb/Projects/stolen-api-services/node_modules/jest-circus/build/run.js:25:3)</failure>
    </testcase>
    <testcase classname="TagsService findAll should not find the customer" name="TagsService findAll should not find the customer" time="0">
      <failure>Error: Status Code is 403 (MongoDB&apos;s 404)
This means that the requested version-platform combination doesn&apos;t exist
  Used Url: &quot;https://fastdl.mongodb.org/linux/mongodb-linux-x86_64-ubuntu2104-5.0.3.tgz&quot;
Try to use different version &apos;new MongoMemoryServer({ binary: { version: &apos;X.Y.Z&apos; } })&apos;
List of available versions can be found here:
  https://www.mongodb.org/dl/linux for Linux
  https://www.mongodb.org/dl/osx for OSX
  https://www.mongodb.org/dl/win32 for Windows
    at ClientRequest.&lt;anonymous&gt; (/home/mmittelb/Projects/stolen-api-services/node_modules/mongodb-memory-server-core/src/util/MongoBinaryDownload.ts:418:17)
    at Object.onceWrapper (events.js:520:26)
    at ClientRequest.emit (events.js:400:28)
    at HTTPParser.parserOnIncomingClient (_http_client.js:647:27)
    at HTTPParser.parserOnHeadersComplete (_http_common.js:126:17)
    at TLSSocket.socketOnData (_http_client.js:515:22)
    at TLSSocket.emit (events.js:400:28)
    at addChunk (internal/streams/readable.js:290:12)
    at readableAddChunk (internal/streams/readable.js:265:9)
    at TLSSocket.Readable.push (internal/streams/readable.js:204:10)</failure>
      <failure>TypeError: Cannot read property &apos;close&apos; of undefined
    at Object.&lt;anonymous&gt; (/home/mmittelb/Projects/stolen-api-services/apps/customer/src/v1/customers-tags/customers-tags.service.spec.ts:95:22)
    at Promise.then.completed (/home/mmittelb/Projects/stolen-api-services/node_modules/jest-circus/build/utils.js:390:28)
    at new Promise (&lt;anonymous&gt;)
    at callAsyncCircusFn (/home/mmittelb/Projects/stolen-api-services/node_modules/jest-circus/build/utils.js:315:10)
    at _callCircusHook (/home/mmittelb/Projects/stolen-api-services/node_modules/jest-circus/build/run.js:181:40)
    at _runTest (/home/mmittelb/Projects/stolen-api-services/node_modules/jest-circus/build/run.js:158:5)
    at _runTestsForDescribeBlock (/home/mmittelb/Projects/stolen-api-services/node_modules/jest-circus/build/run.js:66:9)
    at _runTestsForDescribeBlock (/home/mmittelb/Projects/stolen-api-services/node_modules/jest-circus/build/run.js:60:9)
    at _runTestsForDescribeBlock (/home/mmittelb/Projects/stolen-api-services/node_modules/jest-circus/build/run.js:60:9)
    at run (/home/mmittelb/Projects/stolen-api-services/node_modules/jest-circus/build/run.js:25:3)</failure>
    </testcase>
    <testcase classname="TagsService remove should remove a doc" name="TagsService remove should remove a doc" time="0">
      <failure>Error: Status Code is 403 (MongoDB&apos;s 404)
This means that the requested version-platform combination doesn&apos;t exist
  Used Url: &quot;https://fastdl.mongodb.org/linux/mongodb-linux-x86_64-ubuntu2104-5.0.3.tgz&quot;
Try to use different version &apos;new MongoMemoryServer({ binary: { version: &apos;X.Y.Z&apos; } })&apos;
List of available versions can be found here:
  https://www.mongodb.org/dl/linux for Linux
  https://www.mongodb.org/dl/osx for OSX
  https://www.mongodb.org/dl/win32 for Windows
    at ClientRequest.&lt;anonymous&gt; (/home/mmittelb/Projects/stolen-api-services/node_modules/mongodb-memory-server-core/src/util/MongoBinaryDownload.ts:418:17)
    at Object.onceWrapper (events.js:520:26)
    at ClientRequest.emit (events.js:400:28)
    at HTTPParser.parserOnIncomingClient (_http_client.js:647:27)
    at HTTPParser.parserOnHeadersComplete (_http_common.js:126:17)
    at TLSSocket.socketOnData (_http_client.js:515:22)
    at TLSSocket.emit (events.js:400:28)
    at addChunk (internal/streams/readable.js:290:12)
    at readableAddChunk (internal/streams/readable.js:265:9)
    at TLSSocket.Readable.push (internal/streams/readable.js:204:10)</failure>
      <failure>TypeError: Cannot read property &apos;close&apos; of undefined
    at Object.&lt;anonymous&gt; (/home/mmittelb/Projects/stolen-api-services/apps/customer/src/v1/customers-tags/customers-tags.service.spec.ts:95:22)
    at Promise.then.completed (/home/mmittelb/Projects/stolen-api-services/node_modules/jest-circus/build/utils.js:390:28)
    at new Promise (&lt;anonymous&gt;)
    at callAsyncCircusFn (/home/mmittelb/Projects/stolen-api-services/node_modules/jest-circus/build/utils.js:315:10)
    at _callCircusHook (/home/mmittelb/Projects/stolen-api-services/node_modules/jest-circus/build/run.js:181:40)
    at _runTest (/home/mmittelb/Projects/stolen-api-services/node_modules/jest-circus/build/run.js:158:5)
    at _runTestsForDescribeBlock (/home/mmittelb/Projects/stolen-api-services/node_modules/jest-circus/build/run.js:66:9)
    at _runTestsForDescribeBlock (/home/mmittelb/Projects/stolen-api-services/node_modules/jest-circus/build/run.js:60:9)
    at _runTestsForDescribeBlock (/home/mmittelb/Projects/stolen-api-services/node_modules/jest-circus/build/run.js:60:9)
    at run (/home/mmittelb/Projects/stolen-api-services/node_modules/jest-circus/build/run.js:25:3)</failure>
    </testcase>
    <testcase classname="TagsService remove should not find the customer" name="TagsService remove should not find the customer" time="0">
      <failure>Error: Status Code is 403 (MongoDB&apos;s 404)
This means that the requested version-platform combination doesn&apos;t exist
  Used Url: &quot;https://fastdl.mongodb.org/linux/mongodb-linux-x86_64-ubuntu2104-5.0.3.tgz&quot;
Try to use different version &apos;new MongoMemoryServer({ binary: { version: &apos;X.Y.Z&apos; } })&apos;
List of available versions can be found here:
  https://www.mongodb.org/dl/linux for Linux
  https://www.mongodb.org/dl/osx for OSX
  https://www.mongodb.org/dl/win32 for Windows
    at ClientRequest.&lt;anonymous&gt; (/home/mmittelb/Projects/stolen-api-services/node_modules/mongodb-memory-server-core/src/util/MongoBinaryDownload.ts:418:17)
    at Object.onceWrapper (events.js:520:26)
    at ClientRequest.emit (events.js:400:28)
    at HTTPParser.parserOnIncomingClient (_http_client.js:647:27)
    at HTTPParser.parserOnHeadersComplete (_http_common.js:126:17)
    at TLSSocket.socketOnData (_http_client.js:515:22)
    at TLSSocket.emit (events.js:400:28)
    at addChunk (internal/streams/readable.js:290:12)
    at readableAddChunk (internal/streams/readable.js:265:9)
    at TLSSocket.Readable.push (internal/streams/readable.js:204:10)</failure>
      <failure>TypeError: Cannot read property &apos;close&apos; of undefined
    at Object.&lt;anonymous&gt; (/home/mmittelb/Projects/stolen-api-services/apps/customer/src/v1/customers-tags/customers-tags.service.spec.ts:95:22)
    at Promise.then.completed (/home/mmittelb/Projects/stolen-api-services/node_modules/jest-circus/build/utils.js:390:28)
    at new Promise (&lt;anonymous&gt;)
    at callAsyncCircusFn (/home/mmittelb/Projects/stolen-api-services/node_modules/jest-circus/build/utils.js:315:10)
    at _callCircusHook (/home/mmittelb/Projects/stolen-api-services/node_modules/jest-circus/build/run.js:181:40)
    at _runTest (/home/mmittelb/Projects/stolen-api-services/node_modules/jest-circus/build/run.js:158:5)
    at _runTestsForDescribeBlock (/home/mmittelb/Projects/stolen-api-services/node_modules/jest-circus/build/run.js:66:9)
    at _runTestsForDescribeBlock (/home/mmittelb/Projects/stolen-api-services/node_modules/jest-circus/build/run.js:60:9)
    at _runTestsForDescribeBlock (/home/mmittelb/Projects/stolen-api-services/node_modules/jest-circus/build/run.js:60:9)
    at run (/home/mmittelb/Projects/stolen-api-services/node_modules/jest-circus/build/run.js:25:3)</failure>
    </testcase>
    <testcase classname="TagsService removeByCustomer should remove all docs" name="TagsService removeByCustomer should remove all docs" time="0">
      <failure>Error: Status Code is 403 (MongoDB&apos;s 404)
This means that the requested version-platform combination doesn&apos;t exist
  Used Url: &quot;https://fastdl.mongodb.org/linux/mongodb-linux-x86_64-ubuntu2104-5.0.3.tgz&quot;
Try to use different version &apos;new MongoMemoryServer({ binary: { version: &apos;X.Y.Z&apos; } })&apos;
List of available versions can be found here:
  https://www.mongodb.org/dl/linux for Linux
  https://www.mongodb.org/dl/osx for OSX
  https://www.mongodb.org/dl/win32 for Windows
    at ClientRequest.&lt;anonymous&gt; (/home/mmittelb/Projects/stolen-api-services/node_modules/mongodb-memory-server-core/src/util/MongoBinaryDownload.ts:418:17)
    at Object.onceWrapper (events.js:520:26)
    at ClientRequest.emit (events.js:400:28)
    at HTTPParser.parserOnIncomingClient (_http_client.js:647:27)
    at HTTPParser.parserOnHeadersComplete (_http_common.js:126:17)
    at TLSSocket.socketOnData (_http_client.js:515:22)
    at TLSSocket.emit (events.js:400:28)
    at addChunk (internal/streams/readable.js:290:12)
    at readableAddChunk (internal/streams/readable.js:265:9)
    at TLSSocket.Readable.push (internal/streams/readable.js:204:10)</failure>
      <failure>TypeError: Cannot read property &apos;close&apos; of undefined
    at Object.&lt;anonymous&gt; (/home/mmittelb/Projects/stolen-api-services/apps/customer/src/v1/customers-tags/customers-tags.service.spec.ts:95:22)
    at Promise.then.completed (/home/mmittelb/Projects/stolen-api-services/node_modules/jest-circus/build/utils.js:390:28)
    at new Promise (&lt;anonymous&gt;)
    at callAsyncCircusFn (/home/mmittelb/Projects/stolen-api-services/node_modules/jest-circus/build/utils.js:315:10)
    at _callCircusHook (/home/mmittelb/Projects/stolen-api-services/node_modules/jest-circus/build/run.js:181:40)
    at _runTest (/home/mmittelb/Projects/stolen-api-services/node_modules/jest-circus/build/run.js:158:5)
    at _runTestsForDescribeBlock (/home/mmittelb/Projects/stolen-api-services/node_modules/jest-circus/build/run.js:66:9)
    at _runTestsForDescribeBlock (/home/mmittelb/Projects/stolen-api-services/node_modules/jest-circus/build/run.js:60:9)
    at _runTestsForDescribeBlock (/home/mmittelb/Projects/stolen-api-services/node_modules/jest-circus/build/run.js:60:9)
    at run (/home/mmittelb/Projects/stolen-api-services/node_modules/jest-circus/build/run.js:25:3)</failure>
    </testcase>
    <testcase classname="TagsService create should return a new doc" name="TagsService create should return a new doc" time="0">
      <failure>Error: Status Code is 403 (MongoDB&apos;s 404)
This means that the requested version-platform combination doesn&apos;t exist
  Used Url: &quot;https://fastdl.mongodb.org/linux/mongodb-linux-x86_64-ubuntu2104-5.0.3.tgz&quot;
Try to use different version &apos;new MongoMemoryServer({ binary: { version: &apos;X.Y.Z&apos; } })&apos;
List of available versions can be found here:
  https://www.mongodb.org/dl/linux for Linux
  https://www.mongodb.org/dl/osx for OSX
  https://www.mongodb.org/dl/win32 for Windows
    at ClientRequest.&lt;anonymous&gt; (/home/mmittelb/Projects/stolen-api-services/node_modules/mongodb-memory-server-core/src/util/MongoBinaryDownload.ts:418:17)
    at Object.onceWrapper (events.js:520:26)
    at ClientRequest.emit (events.js:400:28)
    at HTTPParser.parserOnIncomingClient (_http_client.js:647:27)
    at HTTPParser.parserOnHeadersComplete (_http_common.js:126:17)
    at TLSSocket.socketOnData (_http_client.js:515:22)
    at TLSSocket.emit (events.js:400:28)
    at addChunk (internal/streams/readable.js:290:12)
    at readableAddChunk (internal/streams/readable.js:265:9)
    at TLSSocket.Readable.push (internal/streams/readable.js:204:10)</failure>
      <failure>TypeError: Cannot read property &apos;close&apos; of undefined
    at Object.&lt;anonymous&gt; (/home/mmittelb/Projects/stolen-api-services/apps/customer/src/v1/customers-tags/customers-tags.service.spec.ts:95:22)
    at Promise.then.completed (/home/mmittelb/Projects/stolen-api-services/node_modules/jest-circus/build/utils.js:390:28)
    at new Promise (&lt;anonymous&gt;)
    at callAsyncCircusFn (/home/mmittelb/Projects/stolen-api-services/node_modules/jest-circus/build/utils.js:315:10)
    at _callCircusHook (/home/mmittelb/Projects/stolen-api-services/node_modules/jest-circus/build/run.js:181:40)
    at _runTest (/home/mmittelb/Projects/stolen-api-services/node_modules/jest-circus/build/run.js:158:5)
    at _runTestsForDescribeBlock (/home/mmittelb/Projects/stolen-api-services/node_modules/jest-circus/build/run.js:66:9)
    at _runTestsForDescribeBlock (/home/mmittelb/Projects/stolen-api-services/node_modules/jest-circus/build/run.js:60:9)
    at _runTestsForDescribeBlock (/home/mmittelb/Projects/stolen-api-services/node_modules/jest-circus/build/run.js:60:9)
    at run (/home/mmittelb/Projects/stolen-api-services/node_modules/jest-circus/build/run.js:25:3)</failure>
    </testcase>
    <testcase classname="TagsService create should not find the customer" name="TagsService create should not find the customer" time="0">
      <failure>Error: Status Code is 403 (MongoDB&apos;s 404)
This means that the requested version-platform combination doesn&apos;t exist
  Used Url: &quot;https://fastdl.mongodb.org/linux/mongodb-linux-x86_64-ubuntu2104-5.0.3.tgz&quot;
Try to use different version &apos;new MongoMemoryServer({ binary: { version: &apos;X.Y.Z&apos; } })&apos;
List of available versions can be found here:
  https://www.mongodb.org/dl/linux for Linux
  https://www.mongodb.org/dl/osx for OSX
  https://www.mongodb.org/dl/win32 for Windows
    at ClientRequest.&lt;anonymous&gt; (/home/mmittelb/Projects/stolen-api-services/node_modules/mongodb-memory-server-core/src/util/MongoBinaryDownload.ts:418:17)
    at Object.onceWrapper (events.js:520:26)
    at ClientRequest.emit (events.js:400:28)
    at HTTPParser.parserOnIncomingClient (_http_client.js:647:27)
    at HTTPParser.parserOnHeadersComplete (_http_common.js:126:17)
    at TLSSocket.socketOnData (_http_client.js:515:22)
    at TLSSocket.emit (events.js:400:28)
    at addChunk (internal/streams/readable.js:290:12)
    at readableAddChunk (internal/streams/readable.js:265:9)
    at TLSSocket.Readable.push (internal/streams/readable.js:204:10)</failure>
      <failure>TypeError: Cannot read property &apos;close&apos; of undefined
    at Object.&lt;anonymous&gt; (/home/mmittelb/Projects/stolen-api-services/apps/customer/src/v1/customers-tags/customers-tags.service.spec.ts:95:22)
    at Promise.then.completed (/home/mmittelb/Projects/stolen-api-services/node_modules/jest-circus/build/utils.js:390:28)
    at new Promise (&lt;anonymous&gt;)
    at callAsyncCircusFn (/home/mmittelb/Projects/stolen-api-services/node_modules/jest-circus/build/utils.js:315:10)
    at _callCircusHook (/home/mmittelb/Projects/stolen-api-services/node_modules/jest-circus/build/run.js:181:40)
    at _runTest (/home/mmittelb/Projects/stolen-api-services/node_modules/jest-circus/build/run.js:158:5)
    at _runTestsForDescribeBlock (/home/mmittelb/Projects/stolen-api-services/node_modules/jest-circus/build/run.js:66:9)
    at _runTestsForDescribeBlock (/home/mmittelb/Projects/stolen-api-services/node_modules/jest-circus/build/run.js:60:9)
    at _runTestsForDescribeBlock (/home/mmittelb/Projects/stolen-api-services/node_modules/jest-circus/build/run.js:60:9)
    at run (/home/mmittelb/Projects/stolen-api-services/node_modules/jest-circus/build/run.js:25:3)</failure>
    </testcase>
    <testcase classname="TagsService update should not find the customer" name="TagsService update should not find the customer" time="0">
      <failure>Error: Status Code is 403 (MongoDB&apos;s 404)
This means that the requested version-platform combination doesn&apos;t exist
  Used Url: &quot;https://fastdl.mongodb.org/linux/mongodb-linux-x86_64-ubuntu2104-5.0.3.tgz&quot;
Try to use different version &apos;new MongoMemoryServer({ binary: { version: &apos;X.Y.Z&apos; } })&apos;
List of available versions can be found here:
  https://www.mongodb.org/dl/linux for Linux
  https://www.mongodb.org/dl/osx for OSX
  https://www.mongodb.org/dl/win32 for Windows
    at ClientRequest.&lt;anonymous&gt; (/home/mmittelb/Projects/stolen-api-services/node_modules/mongodb-memory-server-core/src/util/MongoBinaryDownload.ts:418:17)
    at Object.onceWrapper (events.js:520:26)
    at ClientRequest.emit (events.js:400:28)
    at HTTPParser.parserOnIncomingClient (_http_client.js:647:27)
    at HTTPParser.parserOnHeadersComplete (_http_common.js:126:17)
    at TLSSocket.socketOnData (_http_client.js:515:22)
    at TLSSocket.emit (events.js:400:28)
    at addChunk (internal/streams/readable.js:290:12)
    at readableAddChunk (internal/streams/readable.js:265:9)
    at TLSSocket.Readable.push (internal/streams/readable.js:204:10)</failure>
      <failure>TypeError: Cannot read property &apos;close&apos; of undefined
    at Object.&lt;anonymous&gt; (/home/mmittelb/Projects/stolen-api-services/apps/customer/src/v1/customers-tags/customers-tags.service.spec.ts:95:22)
    at Promise.then.completed (/home/mmittelb/Projects/stolen-api-services/node_modules/jest-circus/build/utils.js:390:28)
    at new Promise (&lt;anonymous&gt;)
    at callAsyncCircusFn (/home/mmittelb/Projects/stolen-api-services/node_modules/jest-circus/build/utils.js:315:10)
    at _callCircusHook (/home/mmittelb/Projects/stolen-api-services/node_modules/jest-circus/build/run.js:181:40)
    at _runTest (/home/mmittelb/Projects/stolen-api-services/node_modules/jest-circus/build/run.js:158:5)
    at _runTestsForDescribeBlock (/home/mmittelb/Projects/stolen-api-services/node_modules/jest-circus/build/run.js:66:9)
    at _runTestsForDescribeBlock (/home/mmittelb/Projects/stolen-api-services/node_modules/jest-circus/build/run.js:60:9)
    at _runTestsForDescribeBlock (/home/mmittelb/Projects/stolen-api-services/node_modules/jest-circus/build/run.js:60:9)
    at run (/home/mmittelb/Projects/stolen-api-services/node_modules/jest-circus/build/run.js:25:3)</failure>
    </testcase>
    <testcase classname="TagsService update should not find the tag" name="TagsService update should not find the tag" time="0">
      <failure>Error: Status Code is 403 (MongoDB&apos;s 404)
This means that the requested version-platform combination doesn&apos;t exist
  Used Url: &quot;https://fastdl.mongodb.org/linux/mongodb-linux-x86_64-ubuntu2104-5.0.3.tgz&quot;
Try to use different version &apos;new MongoMemoryServer({ binary: { version: &apos;X.Y.Z&apos; } })&apos;
List of available versions can be found here:
  https://www.mongodb.org/dl/linux for Linux
  https://www.mongodb.org/dl/osx for OSX
  https://www.mongodb.org/dl/win32 for Windows
    at ClientRequest.&lt;anonymous&gt; (/home/mmittelb/Projects/stolen-api-services/node_modules/mongodb-memory-server-core/src/util/MongoBinaryDownload.ts:418:17)
    at Object.onceWrapper (events.js:520:26)
    at ClientRequest.emit (events.js:400:28)
    at HTTPParser.parserOnIncomingClient (_http_client.js:647:27)
    at HTTPParser.parserOnHeadersComplete (_http_common.js:126:17)
    at TLSSocket.socketOnData (_http_client.js:515:22)
    at TLSSocket.emit (events.js:400:28)
    at addChunk (internal/streams/readable.js:290:12)
    at readableAddChunk (internal/streams/readable.js:265:9)
    at TLSSocket.Readable.push (internal/streams/readable.js:204:10)</failure>
      <failure>TypeError: Cannot read property &apos;close&apos; of undefined
    at Object.&lt;anonymous&gt; (/home/mmittelb/Projects/stolen-api-services/apps/customer/src/v1/customers-tags/customers-tags.service.spec.ts:95:22)
    at Promise.then.completed (/home/mmittelb/Projects/stolen-api-services/node_modules/jest-circus/build/utils.js:390:28)
    at new Promise (&lt;anonymous&gt;)
    at callAsyncCircusFn (/home/mmittelb/Projects/stolen-api-services/node_modules/jest-circus/build/utils.js:315:10)
    at _callCircusHook (/home/mmittelb/Projects/stolen-api-services/node_modules/jest-circus/build/run.js:181:40)
    at _runTest (/home/mmittelb/Projects/stolen-api-services/node_modules/jest-circus/build/run.js:158:5)
    at _runTestsForDescribeBlock (/home/mmittelb/Projects/stolen-api-services/node_modules/jest-circus/build/run.js:66:9)
    at _runTestsForDescribeBlock (/home/mmittelb/Projects/stolen-api-services/node_modules/jest-circus/build/run.js:60:9)
    at _runTestsForDescribeBlock (/home/mmittelb/Projects/stolen-api-services/node_modules/jest-circus/build/run.js:60:9)
    at run (/home/mmittelb/Projects/stolen-api-services/node_modules/jest-circus/build/run.js:25:3)</failure>
    </testcase>
    <testcase classname="TagsService update should have a version conflict" name="TagsService update should have a version conflict" time="0">
      <failure>Error: Status Code is 403 (MongoDB&apos;s 404)
This means that the requested version-platform combination doesn&apos;t exist
  Used Url: &quot;https://fastdl.mongodb.org/linux/mongodb-linux-x86_64-ubuntu2104-5.0.3.tgz&quot;
Try to use different version &apos;new MongoMemoryServer({ binary: { version: &apos;X.Y.Z&apos; } })&apos;
List of available versions can be found here:
  https://www.mongodb.org/dl/linux for Linux
  https://www.mongodb.org/dl/osx for OSX
  https://www.mongodb.org/dl/win32 for Windows
    at ClientRequest.&lt;anonymous&gt; (/home/mmittelb/Projects/stolen-api-services/node_modules/mongodb-memory-server-core/src/util/MongoBinaryDownload.ts:418:17)
    at Object.onceWrapper (events.js:520:26)
    at ClientRequest.emit (events.js:400:28)
    at HTTPParser.parserOnIncomingClient (_http_client.js:647:27)
    at HTTPParser.parserOnHeadersComplete (_http_common.js:126:17)
    at TLSSocket.socketOnData (_http_client.js:515:22)
    at TLSSocket.emit (events.js:400:28)
    at addChunk (internal/streams/readable.js:290:12)
    at readableAddChunk (internal/streams/readable.js:265:9)
    at TLSSocket.Readable.push (internal/streams/readable.js:204:10)</failure>
      <failure>TypeError: Cannot read property &apos;close&apos; of undefined
    at Object.&lt;anonymous&gt; (/home/mmittelb/Projects/stolen-api-services/apps/customer/src/v1/customers-tags/customers-tags.service.spec.ts:95:22)
    at Promise.then.completed (/home/mmittelb/Projects/stolen-api-services/node_modules/jest-circus/build/utils.js:390:28)
    at new Promise (&lt;anonymous&gt;)
    at callAsyncCircusFn (/home/mmittelb/Projects/stolen-api-services/node_modules/jest-circus/build/utils.js:315:10)
    at _callCircusHook (/home/mmittelb/Projects/stolen-api-services/node_modules/jest-circus/build/run.js:181:40)
    at _runTest (/home/mmittelb/Projects/stolen-api-services/node_modules/jest-circus/build/run.js:158:5)
    at _runTestsForDescribeBlock (/home/mmittelb/Projects/stolen-api-services/node_modules/jest-circus/build/run.js:66:9)
    at _runTestsForDescribeBlock (/home/mmittelb/Projects/stolen-api-services/node_modules/jest-circus/build/run.js:60:9)
    at _runTestsForDescribeBlock (/home/mmittelb/Projects/stolen-api-services/node_modules/jest-circus/build/run.js:60:9)
    at run (/home/mmittelb/Projects/stolen-api-services/node_modules/jest-circus/build/run.js:25:3)</failure>
    </testcase>
    <testcase classname="TagsService update should succeed" name="TagsService update should succeed" time="0">
      <failure>Error: Status Code is 403 (MongoDB&apos;s 404)
This means that the requested version-platform combination doesn&apos;t exist
  Used Url: &quot;https://fastdl.mongodb.org/linux/mongodb-linux-x86_64-ubuntu2104-5.0.3.tgz&quot;
Try to use different version &apos;new MongoMemoryServer({ binary: { version: &apos;X.Y.Z&apos; } })&apos;
List of available versions can be found here:
  https://www.mongodb.org/dl/linux for Linux
  https://www.mongodb.org/dl/osx for OSX
  https://www.mongodb.org/dl/win32 for Windows
    at ClientRequest.&lt;anonymous&gt; (/home/mmittelb/Projects/stolen-api-services/node_modules/mongodb-memory-server-core/src/util/MongoBinaryDownload.ts:418:17)
    at Object.onceWrapper (events.js:520:26)
    at ClientRequest.emit (events.js:400:28)
    at HTTPParser.parserOnIncomingClient (_http_client.js:647:27)
    at HTTPParser.parserOnHeadersComplete (_http_common.js:126:17)
    at TLSSocket.socketOnData (_http_client.js:515:22)
    at TLSSocket.emit (events.js:400:28)
    at addChunk (internal/streams/readable.js:290:12)
    at readableAddChunk (internal/streams/readable.js:265:9)
    at TLSSocket.Readable.push (internal/streams/readable.js:204:10)</failure>
      <failure>TypeError: Cannot read property &apos;close&apos; of undefined
    at Object.&lt;anonymous&gt; (/home/mmittelb/Projects/stolen-api-services/apps/customer/src/v1/customers-tags/customers-tags.service.spec.ts:95:22)
    at Promise.then.completed (/home/mmittelb/Projects/stolen-api-services/node_modules/jest-circus/build/utils.js:390:28)
    at new Promise (&lt;anonymous&gt;)
    at callAsyncCircusFn (/home/mmittelb/Projects/stolen-api-services/node_modules/jest-circus/build/utils.js:315:10)
    at _callCircusHook (/home/mmittelb/Projects/stolen-api-services/node_modules/jest-circus/build/run.js:181:40)
    at _runTest (/home/mmittelb/Projects/stolen-api-services/node_modules/jest-circus/build/run.js:158:5)
    at _runTestsForDescribeBlock (/home/mmittelb/Projects/stolen-api-services/node_modules/jest-circus/build/run.js:66:9)
    at _runTestsForDescribeBlock (/home/mmittelb/Projects/stolen-api-services/node_modules/jest-circus/build/run.js:60:9)
    at _runTestsForDescribeBlock (/home/mmittelb/Projects/stolen-api-services/node_modules/jest-circus/build/run.js:60:9)
    at run (/home/mmittelb/Projects/stolen-api-services/node_modules/jest-circus/build/run.js:25:3)</failure>
    </testcase>
    <testcase classname="TagsService getPresets should find a doc" name="TagsService getPresets should find a doc" time="0">
      <failure>Error: Status Code is 403 (MongoDB&apos;s 404)
This means that the requested version-platform combination doesn&apos;t exist
  Used Url: &quot;https://fastdl.mongodb.org/linux/mongodb-linux-x86_64-ubuntu2104-5.0.3.tgz&quot;
Try to use different version &apos;new MongoMemoryServer({ binary: { version: &apos;X.Y.Z&apos; } })&apos;
List of available versions can be found here:
  https://www.mongodb.org/dl/linux for Linux
  https://www.mongodb.org/dl/osx for OSX
  https://www.mongodb.org/dl/win32 for Windows
    at ClientRequest.&lt;anonymous&gt; (/home/mmittelb/Projects/stolen-api-services/node_modules/mongodb-memory-server-core/src/util/MongoBinaryDownload.ts:418:17)
    at Object.onceWrapper (events.js:520:26)
    at ClientRequest.emit (events.js:400:28)
    at HTTPParser.parserOnIncomingClient (_http_client.js:647:27)
    at HTTPParser.parserOnHeadersComplete (_http_common.js:126:17)
    at TLSSocket.socketOnData (_http_client.js:515:22)
    at TLSSocket.emit (events.js:400:28)
    at addChunk (internal/streams/readable.js:290:12)
    at readableAddChunk (internal/streams/readable.js:265:9)
    at TLSSocket.Readable.push (internal/streams/readable.js:204:10)</failure>
      <failure>TypeError: Cannot read property &apos;close&apos; of undefined
    at Object.&lt;anonymous&gt; (/home/mmittelb/Projects/stolen-api-services/apps/customer/src/v1/customers-tags/customers-tags.service.spec.ts:95:22)
    at Promise.then.completed (/home/mmittelb/Projects/stolen-api-services/node_modules/jest-circus/build/utils.js:390:28)
    at new Promise (&lt;anonymous&gt;)
    at callAsyncCircusFn (/home/mmittelb/Projects/stolen-api-services/node_modules/jest-circus/build/utils.js:315:10)
    at _callCircusHook (/home/mmittelb/Projects/stolen-api-services/node_modules/jest-circus/build/run.js:181:40)
    at _runTest (/home/mmittelb/Projects/stolen-api-services/node_modules/jest-circus/build/run.js:158:5)
    at _runTestsForDescribeBlock (/home/mmittelb/Projects/stolen-api-services/node_modules/jest-circus/build/run.js:66:9)
    at _runTestsForDescribeBlock (/home/mmittelb/Projects/stolen-api-services/node_modules/jest-circus/build/run.js:60:9)
    at _runTestsForDescribeBlock (/home/mmittelb/Projects/stolen-api-services/node_modules/jest-circus/build/run.js:60:9)
    at run (/home/mmittelb/Projects/stolen-api-services/node_modules/jest-circus/build/run.js:25:3)</failure>
    </testcase>
    <testcase classname="TagsService getPresets should return an empty array" name="TagsService getPresets should return an empty array" time="0">
      <failure>Error: Status Code is 403 (MongoDB&apos;s 404)
This means that the requested version-platform combination doesn&apos;t exist
  Used Url: &quot;https://fastdl.mongodb.org/linux/mongodb-linux-x86_64-ubuntu2104-5.0.3.tgz&quot;
Try to use different version &apos;new MongoMemoryServer({ binary: { version: &apos;X.Y.Z&apos; } })&apos;
List of available versions can be found here:
  https://www.mongodb.org/dl/linux for Linux
  https://www.mongodb.org/dl/osx for OSX
  https://www.mongodb.org/dl/win32 for Windows
    at ClientRequest.&lt;anonymous&gt; (/home/mmittelb/Projects/stolen-api-services/node_modules/mongodb-memory-server-core/src/util/MongoBinaryDownload.ts:418:17)
    at Object.onceWrapper (events.js:520:26)
    at ClientRequest.emit (events.js:400:28)
    at HTTPParser.parserOnIncomingClient (_http_client.js:647:27)
    at HTTPParser.parserOnHeadersComplete (_http_common.js:126:17)
    at TLSSocket.socketOnData (_http_client.js:515:22)
    at TLSSocket.emit (events.js:400:28)
    at addChunk (internal/streams/readable.js:290:12)
    at readableAddChunk (internal/streams/readable.js:265:9)
    at TLSSocket.Readable.push (internal/streams/readable.js:204:10)</failure>
      <failure>TypeError: Cannot read property &apos;close&apos; of undefined
    at Object.&lt;anonymous&gt; (/home/mmittelb/Projects/stolen-api-services/apps/customer/src/v1/customers-tags/customers-tags.service.spec.ts:95:22)
    at Promise.then.completed (/home/mmittelb/Projects/stolen-api-services/node_modules/jest-circus/build/utils.js:390:28)
    at new Promise (&lt;anonymous&gt;)
    at callAsyncCircusFn (/home/mmittelb/Projects/stolen-api-services/node_modules/jest-circus/build/utils.js:315:10)
    at _callCircusHook (/home/mmittelb/Projects/stolen-api-services/node_modules/jest-circus/build/run.js:181:40)
    at _runTest (/home/mmittelb/Projects/stolen-api-services/node_modules/jest-circus/build/run.js:158:5)
    at _runTestsForDescribeBlock (/home/mmittelb/Projects/stolen-api-services/node_modules/jest-circus/build/run.js:66:9)
    at _runTestsForDescribeBlock (/home/mmittelb/Projects/stolen-api-services/node_modules/jest-circus/build/run.js:60:9)
    at _runTestsForDescribeBlock (/home/mmittelb/Projects/stolen-api-services/node_modules/jest-circus/build/run.js:60:9)
    at run (/home/mmittelb/Projects/stolen-api-services/node_modules/jest-circus/build/run.js:25:3)</failure>
    </testcase>
  </testsuite>
  <testsuite name="UsersPhonesService" errors="0" failures="15" skipped="0" timestamp="2021-12-13T16:21:46" time="1.448" tests="15">
    <testcase classname="UsersPhonesService findOne should find a doc" name="UsersPhonesService findOne should find a doc" time="0">
      <failure>Error: Status Code is 403 (MongoDB&apos;s 404)
This means that the requested version-platform combination doesn&apos;t exist
  Used Url: &quot;https://fastdl.mongodb.org/linux/mongodb-linux-x86_64-ubuntu2104-5.0.3.tgz&quot;
Try to use different version &apos;new MongoMemoryServer({ binary: { version: &apos;X.Y.Z&apos; } })&apos;
List of available versions can be found here:
  https://www.mongodb.org/dl/linux for Linux
  https://www.mongodb.org/dl/osx for OSX
  https://www.mongodb.org/dl/win32 for Windows
    at ClientRequest.&lt;anonymous&gt; (/home/mmittelb/Projects/stolen-api-services/node_modules/mongodb-memory-server-core/src/util/MongoBinaryDownload.ts:418:17)
    at Object.onceWrapper (events.js:520:26)
    at ClientRequest.emit (events.js:400:28)
    at HTTPParser.parserOnIncomingClient (_http_client.js:647:27)
    at HTTPParser.parserOnHeadersComplete (_http_common.js:126:17)
    at TLSSocket.socketOnData (_http_client.js:515:22)
    at TLSSocket.emit (events.js:400:28)
    at addChunk (internal/streams/readable.js:290:12)
    at readableAddChunk (internal/streams/readable.js:265:9)
    at TLSSocket.Readable.push (internal/streams/readable.js:204:10)</failure>
      <failure>TypeError: Cannot read property &apos;close&apos; of undefined
    at Object.&lt;anonymous&gt; (/home/mmittelb/Projects/stolen-api-services/apps/user/src/v1/users-phones/usersPhones.service.spec.ts:80:22)
    at Promise.then.completed (/home/mmittelb/Projects/stolen-api-services/node_modules/jest-circus/build/utils.js:390:28)
    at new Promise (&lt;anonymous&gt;)
    at callAsyncCircusFn (/home/mmittelb/Projects/stolen-api-services/node_modules/jest-circus/build/utils.js:315:10)
    at _callCircusHook (/home/mmittelb/Projects/stolen-api-services/node_modules/jest-circus/build/run.js:181:40)
    at _runTest (/home/mmittelb/Projects/stolen-api-services/node_modules/jest-circus/build/run.js:158:5)
    at _runTestsForDescribeBlock (/home/mmittelb/Projects/stolen-api-services/node_modules/jest-circus/build/run.js:66:9)
    at _runTestsForDescribeBlock (/home/mmittelb/Projects/stolen-api-services/node_modules/jest-circus/build/run.js:60:9)
    at _runTestsForDescribeBlock (/home/mmittelb/Projects/stolen-api-services/node_modules/jest-circus/build/run.js:60:9)
    at run (/home/mmittelb/Projects/stolen-api-services/node_modules/jest-circus/build/run.js:25:3)</failure>
    </testcase>
    <testcase classname="UsersPhonesService findOne should not find a doc" name="UsersPhonesService findOne should not find a doc" time="0.001">
      <failure>Error: Status Code is 403 (MongoDB&apos;s 404)
This means that the requested version-platform combination doesn&apos;t exist
  Used Url: &quot;https://fastdl.mongodb.org/linux/mongodb-linux-x86_64-ubuntu2104-5.0.3.tgz&quot;
Try to use different version &apos;new MongoMemoryServer({ binary: { version: &apos;X.Y.Z&apos; } })&apos;
List of available versions can be found here:
  https://www.mongodb.org/dl/linux for Linux
  https://www.mongodb.org/dl/osx for OSX
  https://www.mongodb.org/dl/win32 for Windows
    at ClientRequest.&lt;anonymous&gt; (/home/mmittelb/Projects/stolen-api-services/node_modules/mongodb-memory-server-core/src/util/MongoBinaryDownload.ts:418:17)
    at Object.onceWrapper (events.js:520:26)
    at ClientRequest.emit (events.js:400:28)
    at HTTPParser.parserOnIncomingClient (_http_client.js:647:27)
    at HTTPParser.parserOnHeadersComplete (_http_common.js:126:17)
    at TLSSocket.socketOnData (_http_client.js:515:22)
    at TLSSocket.emit (events.js:400:28)
    at addChunk (internal/streams/readable.js:290:12)
    at readableAddChunk (internal/streams/readable.js:265:9)
    at TLSSocket.Readable.push (internal/streams/readable.js:204:10)</failure>
      <failure>TypeError: Cannot read property &apos;close&apos; of undefined
    at Object.&lt;anonymous&gt; (/home/mmittelb/Projects/stolen-api-services/apps/user/src/v1/users-phones/usersPhones.service.spec.ts:80:22)
    at Promise.then.completed (/home/mmittelb/Projects/stolen-api-services/node_modules/jest-circus/build/utils.js:390:28)
    at new Promise (&lt;anonymous&gt;)
    at callAsyncCircusFn (/home/mmittelb/Projects/stolen-api-services/node_modules/jest-circus/build/utils.js:315:10)
    at _callCircusHook (/home/mmittelb/Projects/stolen-api-services/node_modules/jest-circus/build/run.js:181:40)
    at _runTest (/home/mmittelb/Projects/stolen-api-services/node_modules/jest-circus/build/run.js:158:5)
    at _runTestsForDescribeBlock (/home/mmittelb/Projects/stolen-api-services/node_modules/jest-circus/build/run.js:66:9)
    at _runTestsForDescribeBlock (/home/mmittelb/Projects/stolen-api-services/node_modules/jest-circus/build/run.js:60:9)
    at _runTestsForDescribeBlock (/home/mmittelb/Projects/stolen-api-services/node_modules/jest-circus/build/run.js:60:9)
    at run (/home/mmittelb/Projects/stolen-api-services/node_modules/jest-circus/build/run.js:25:3)</failure>
    </testcase>
    <testcase classname="UsersPhonesService findAll should find all docs" name="UsersPhonesService findAll should find all docs" time="0">
      <failure>Error: Status Code is 403 (MongoDB&apos;s 404)
This means that the requested version-platform combination doesn&apos;t exist
  Used Url: &quot;https://fastdl.mongodb.org/linux/mongodb-linux-x86_64-ubuntu2104-5.0.3.tgz&quot;
Try to use different version &apos;new MongoMemoryServer({ binary: { version: &apos;X.Y.Z&apos; } })&apos;
List of available versions can be found here:
  https://www.mongodb.org/dl/linux for Linux
  https://www.mongodb.org/dl/osx for OSX
  https://www.mongodb.org/dl/win32 for Windows
    at ClientRequest.&lt;anonymous&gt; (/home/mmittelb/Projects/stolen-api-services/node_modules/mongodb-memory-server-core/src/util/MongoBinaryDownload.ts:418:17)
    at Object.onceWrapper (events.js:520:26)
    at ClientRequest.emit (events.js:400:28)
    at HTTPParser.parserOnIncomingClient (_http_client.js:647:27)
    at HTTPParser.parserOnHeadersComplete (_http_common.js:126:17)
    at TLSSocket.socketOnData (_http_client.js:515:22)
    at TLSSocket.emit (events.js:400:28)
    at addChunk (internal/streams/readable.js:290:12)
    at readableAddChunk (internal/streams/readable.js:265:9)
    at TLSSocket.Readable.push (internal/streams/readable.js:204:10)</failure>
      <failure>TypeError: Cannot read property &apos;close&apos; of undefined
    at Object.&lt;anonymous&gt; (/home/mmittelb/Projects/stolen-api-services/apps/user/src/v1/users-phones/usersPhones.service.spec.ts:80:22)
    at Promise.then.completed (/home/mmittelb/Projects/stolen-api-services/node_modules/jest-circus/build/utils.js:390:28)
    at new Promise (&lt;anonymous&gt;)
    at callAsyncCircusFn (/home/mmittelb/Projects/stolen-api-services/node_modules/jest-circus/build/utils.js:315:10)
    at _callCircusHook (/home/mmittelb/Projects/stolen-api-services/node_modules/jest-circus/build/run.js:181:40)
    at _runTest (/home/mmittelb/Projects/stolen-api-services/node_modules/jest-circus/build/run.js:158:5)
    at _runTestsForDescribeBlock (/home/mmittelb/Projects/stolen-api-services/node_modules/jest-circus/build/run.js:66:9)
    at _runTestsForDescribeBlock (/home/mmittelb/Projects/stolen-api-services/node_modules/jest-circus/build/run.js:60:9)
    at _runTestsForDescribeBlock (/home/mmittelb/Projects/stolen-api-services/node_modules/jest-circus/build/run.js:60:9)
    at run (/home/mmittelb/Projects/stolen-api-services/node_modules/jest-circus/build/run.js:25:3)</failure>
    </testcase>
    <testcase classname="UsersPhonesService findAll should not find any doc" name="UsersPhonesService findAll should not find any doc" time="0.001">
      <failure>Error: Status Code is 403 (MongoDB&apos;s 404)
This means that the requested version-platform combination doesn&apos;t exist
  Used Url: &quot;https://fastdl.mongodb.org/linux/mongodb-linux-x86_64-ubuntu2104-5.0.3.tgz&quot;
Try to use different version &apos;new MongoMemoryServer({ binary: { version: &apos;X.Y.Z&apos; } })&apos;
List of available versions can be found here:
  https://www.mongodb.org/dl/linux for Linux
  https://www.mongodb.org/dl/osx for OSX
  https://www.mongodb.org/dl/win32 for Windows
    at ClientRequest.&lt;anonymous&gt; (/home/mmittelb/Projects/stolen-api-services/node_modules/mongodb-memory-server-core/src/util/MongoBinaryDownload.ts:418:17)
    at Object.onceWrapper (events.js:520:26)
    at ClientRequest.emit (events.js:400:28)
    at HTTPParser.parserOnIncomingClient (_http_client.js:647:27)
    at HTTPParser.parserOnHeadersComplete (_http_common.js:126:17)
    at TLSSocket.socketOnData (_http_client.js:515:22)
    at TLSSocket.emit (events.js:400:28)
    at addChunk (internal/streams/readable.js:290:12)
    at readableAddChunk (internal/streams/readable.js:265:9)
    at TLSSocket.Readable.push (internal/streams/readable.js:204:10)</failure>
      <failure>TypeError: Cannot read property &apos;close&apos; of undefined
    at Object.&lt;anonymous&gt; (/home/mmittelb/Projects/stolen-api-services/apps/user/src/v1/users-phones/usersPhones.service.spec.ts:80:22)
    at Promise.then.completed (/home/mmittelb/Projects/stolen-api-services/node_modules/jest-circus/build/utils.js:390:28)
    at new Promise (&lt;anonymous&gt;)
    at callAsyncCircusFn (/home/mmittelb/Projects/stolen-api-services/node_modules/jest-circus/build/utils.js:315:10)
    at _callCircusHook (/home/mmittelb/Projects/stolen-api-services/node_modules/jest-circus/build/run.js:181:40)
    at _runTest (/home/mmittelb/Projects/stolen-api-services/node_modules/jest-circus/build/run.js:158:5)
    at _runTestsForDescribeBlock (/home/mmittelb/Projects/stolen-api-services/node_modules/jest-circus/build/run.js:66:9)
    at _runTestsForDescribeBlock (/home/mmittelb/Projects/stolen-api-services/node_modules/jest-circus/build/run.js:60:9)
    at _runTestsForDescribeBlock (/home/mmittelb/Projects/stolen-api-services/node_modules/jest-circus/build/run.js:60:9)
    at run (/home/mmittelb/Projects/stolen-api-services/node_modules/jest-circus/build/run.js:25:3)</failure>
    </testcase>
    <testcase classname="UsersPhonesService remove should remove a doc" name="UsersPhonesService remove should remove a doc" time="0">
      <failure>Error: Status Code is 403 (MongoDB&apos;s 404)
This means that the requested version-platform combination doesn&apos;t exist
  Used Url: &quot;https://fastdl.mongodb.org/linux/mongodb-linux-x86_64-ubuntu2104-5.0.3.tgz&quot;
Try to use different version &apos;new MongoMemoryServer({ binary: { version: &apos;X.Y.Z&apos; } })&apos;
List of available versions can be found here:
  https://www.mongodb.org/dl/linux for Linux
  https://www.mongodb.org/dl/osx for OSX
  https://www.mongodb.org/dl/win32 for Windows
    at ClientRequest.&lt;anonymous&gt; (/home/mmittelb/Projects/stolen-api-services/node_modules/mongodb-memory-server-core/src/util/MongoBinaryDownload.ts:418:17)
    at Object.onceWrapper (events.js:520:26)
    at ClientRequest.emit (events.js:400:28)
    at HTTPParser.parserOnIncomingClient (_http_client.js:647:27)
    at HTTPParser.parserOnHeadersComplete (_http_common.js:126:17)
    at TLSSocket.socketOnData (_http_client.js:515:22)
    at TLSSocket.emit (events.js:400:28)
    at addChunk (internal/streams/readable.js:290:12)
    at readableAddChunk (internal/streams/readable.js:265:9)
    at TLSSocket.Readable.push (internal/streams/readable.js:204:10)</failure>
      <failure>TypeError: Cannot read property &apos;close&apos; of undefined
    at Object.&lt;anonymous&gt; (/home/mmittelb/Projects/stolen-api-services/apps/user/src/v1/users-phones/usersPhones.service.spec.ts:80:22)
    at Promise.then.completed (/home/mmittelb/Projects/stolen-api-services/node_modules/jest-circus/build/utils.js:390:28)
    at new Promise (&lt;anonymous&gt;)
    at callAsyncCircusFn (/home/mmittelb/Projects/stolen-api-services/node_modules/jest-circus/build/utils.js:315:10)
    at _callCircusHook (/home/mmittelb/Projects/stolen-api-services/node_modules/jest-circus/build/run.js:181:40)
    at _runTest (/home/mmittelb/Projects/stolen-api-services/node_modules/jest-circus/build/run.js:158:5)
    at _runTestsForDescribeBlock (/home/mmittelb/Projects/stolen-api-services/node_modules/jest-circus/build/run.js:66:9)
    at _runTestsForDescribeBlock (/home/mmittelb/Projects/stolen-api-services/node_modules/jest-circus/build/run.js:60:9)
    at _runTestsForDescribeBlock (/home/mmittelb/Projects/stolen-api-services/node_modules/jest-circus/build/run.js:60:9)
    at run (/home/mmittelb/Projects/stolen-api-services/node_modules/jest-circus/build/run.js:25:3)</failure>
    </testcase>
    <testcase classname="UsersPhonesService remove should not find the user" name="UsersPhonesService remove should not find the user" time="0.001">
      <failure>Error: Status Code is 403 (MongoDB&apos;s 404)
This means that the requested version-platform combination doesn&apos;t exist
  Used Url: &quot;https://fastdl.mongodb.org/linux/mongodb-linux-x86_64-ubuntu2104-5.0.3.tgz&quot;
Try to use different version &apos;new MongoMemoryServer({ binary: { version: &apos;X.Y.Z&apos; } })&apos;
List of available versions can be found here:
  https://www.mongodb.org/dl/linux for Linux
  https://www.mongodb.org/dl/osx for OSX
  https://www.mongodb.org/dl/win32 for Windows
    at ClientRequest.&lt;anonymous&gt; (/home/mmittelb/Projects/stolen-api-services/node_modules/mongodb-memory-server-core/src/util/MongoBinaryDownload.ts:418:17)
    at Object.onceWrapper (events.js:520:26)
    at ClientRequest.emit (events.js:400:28)
    at HTTPParser.parserOnIncomingClient (_http_client.js:647:27)
    at HTTPParser.parserOnHeadersComplete (_http_common.js:126:17)
    at TLSSocket.socketOnData (_http_client.js:515:22)
    at TLSSocket.emit (events.js:400:28)
    at addChunk (internal/streams/readable.js:290:12)
    at readableAddChunk (internal/streams/readable.js:265:9)
    at TLSSocket.Readable.push (internal/streams/readable.js:204:10)</failure>
      <failure>TypeError: Cannot read property &apos;close&apos; of undefined
    at Object.&lt;anonymous&gt; (/home/mmittelb/Projects/stolen-api-services/apps/user/src/v1/users-phones/usersPhones.service.spec.ts:80:22)
    at Promise.then.completed (/home/mmittelb/Projects/stolen-api-services/node_modules/jest-circus/build/utils.js:390:28)
    at new Promise (&lt;anonymous&gt;)
    at callAsyncCircusFn (/home/mmittelb/Projects/stolen-api-services/node_modules/jest-circus/build/utils.js:315:10)
    at _callCircusHook (/home/mmittelb/Projects/stolen-api-services/node_modules/jest-circus/build/run.js:181:40)
    at _runTest (/home/mmittelb/Projects/stolen-api-services/node_modules/jest-circus/build/run.js:158:5)
    at _runTestsForDescribeBlock (/home/mmittelb/Projects/stolen-api-services/node_modules/jest-circus/build/run.js:66:9)
    at _runTestsForDescribeBlock (/home/mmittelb/Projects/stolen-api-services/node_modules/jest-circus/build/run.js:60:9)
    at _runTestsForDescribeBlock (/home/mmittelb/Projects/stolen-api-services/node_modules/jest-circus/build/run.js:60:9)
    at run (/home/mmittelb/Projects/stolen-api-services/node_modules/jest-circus/build/run.js:25:3)</failure>
    </testcase>
    <testcase classname="UsersPhonesService remove should not find the email" name="UsersPhonesService remove should not find the email" time="0">
      <failure>Error: Status Code is 403 (MongoDB&apos;s 404)
This means that the requested version-platform combination doesn&apos;t exist
  Used Url: &quot;https://fastdl.mongodb.org/linux/mongodb-linux-x86_64-ubuntu2104-5.0.3.tgz&quot;
Try to use different version &apos;new MongoMemoryServer({ binary: { version: &apos;X.Y.Z&apos; } })&apos;
List of available versions can be found here:
  https://www.mongodb.org/dl/linux for Linux
  https://www.mongodb.org/dl/osx for OSX
  https://www.mongodb.org/dl/win32 for Windows
    at ClientRequest.&lt;anonymous&gt; (/home/mmittelb/Projects/stolen-api-services/node_modules/mongodb-memory-server-core/src/util/MongoBinaryDownload.ts:418:17)
    at Object.onceWrapper (events.js:520:26)
    at ClientRequest.emit (events.js:400:28)
    at HTTPParser.parserOnIncomingClient (_http_client.js:647:27)
    at HTTPParser.parserOnHeadersComplete (_http_common.js:126:17)
    at TLSSocket.socketOnData (_http_client.js:515:22)
    at TLSSocket.emit (events.js:400:28)
    at addChunk (internal/streams/readable.js:290:12)
    at readableAddChunk (internal/streams/readable.js:265:9)
    at TLSSocket.Readable.push (internal/streams/readable.js:204:10)</failure>
      <failure>TypeError: Cannot read property &apos;close&apos; of undefined
    at Object.&lt;anonymous&gt; (/home/mmittelb/Projects/stolen-api-services/apps/user/src/v1/users-phones/usersPhones.service.spec.ts:80:22)
    at Promise.then.completed (/home/mmittelb/Projects/stolen-api-services/node_modules/jest-circus/build/utils.js:390:28)
    at new Promise (&lt;anonymous&gt;)
    at callAsyncCircusFn (/home/mmittelb/Projects/stolen-api-services/node_modules/jest-circus/build/utils.js:315:10)
    at _callCircusHook (/home/mmittelb/Projects/stolen-api-services/node_modules/jest-circus/build/run.js:181:40)
    at _runTest (/home/mmittelb/Projects/stolen-api-services/node_modules/jest-circus/build/run.js:158:5)
    at _runTestsForDescribeBlock (/home/mmittelb/Projects/stolen-api-services/node_modules/jest-circus/build/run.js:66:9)
    at _runTestsForDescribeBlock (/home/mmittelb/Projects/stolen-api-services/node_modules/jest-circus/build/run.js:60:9)
    at _runTestsForDescribeBlock (/home/mmittelb/Projects/stolen-api-services/node_modules/jest-circus/build/run.js:60:9)
    at run (/home/mmittelb/Projects/stolen-api-services/node_modules/jest-circus/build/run.js:25:3)</failure>
    </testcase>
    <testcase classname="UsersPhonesService create should not find the user" name="UsersPhonesService create should not find the user" time="0.001">
      <failure>Error: Status Code is 403 (MongoDB&apos;s 404)
This means that the requested version-platform combination doesn&apos;t exist
  Used Url: &quot;https://fastdl.mongodb.org/linux/mongodb-linux-x86_64-ubuntu2104-5.0.3.tgz&quot;
Try to use different version &apos;new MongoMemoryServer({ binary: { version: &apos;X.Y.Z&apos; } })&apos;
List of available versions can be found here:
  https://www.mongodb.org/dl/linux for Linux
  https://www.mongodb.org/dl/osx for OSX
  https://www.mongodb.org/dl/win32 for Windows
    at ClientRequest.&lt;anonymous&gt; (/home/mmittelb/Projects/stolen-api-services/node_modules/mongodb-memory-server-core/src/util/MongoBinaryDownload.ts:418:17)
    at Object.onceWrapper (events.js:520:26)
    at ClientRequest.emit (events.js:400:28)
    at HTTPParser.parserOnIncomingClient (_http_client.js:647:27)
    at HTTPParser.parserOnHeadersComplete (_http_common.js:126:17)
    at TLSSocket.socketOnData (_http_client.js:515:22)
    at TLSSocket.emit (events.js:400:28)
    at addChunk (internal/streams/readable.js:290:12)
    at readableAddChunk (internal/streams/readable.js:265:9)
    at TLSSocket.Readable.push (internal/streams/readable.js:204:10)</failure>
      <failure>TypeError: Cannot read property &apos;close&apos; of undefined
    at Object.&lt;anonymous&gt; (/home/mmittelb/Projects/stolen-api-services/apps/user/src/v1/users-phones/usersPhones.service.spec.ts:80:22)
    at Promise.then.completed (/home/mmittelb/Projects/stolen-api-services/node_modules/jest-circus/build/utils.js:390:28)
    at new Promise (&lt;anonymous&gt;)
    at callAsyncCircusFn (/home/mmittelb/Projects/stolen-api-services/node_modules/jest-circus/build/utils.js:315:10)
    at _callCircusHook (/home/mmittelb/Projects/stolen-api-services/node_modules/jest-circus/build/run.js:181:40)
    at _runTest (/home/mmittelb/Projects/stolen-api-services/node_modules/jest-circus/build/run.js:158:5)
    at _runTestsForDescribeBlock (/home/mmittelb/Projects/stolen-api-services/node_modules/jest-circus/build/run.js:66:9)
    at _runTestsForDescribeBlock (/home/mmittelb/Projects/stolen-api-services/node_modules/jest-circus/build/run.js:60:9)
    at _runTestsForDescribeBlock (/home/mmittelb/Projects/stolen-api-services/node_modules/jest-circus/build/run.js:60:9)
    at run (/home/mmittelb/Projects/stolen-api-services/node_modules/jest-circus/build/run.js:25:3)</failure>
    </testcase>
    <testcase classname="UsersPhonesService create should detect user not activated" name="UsersPhonesService create should detect user not activated" time="0">
      <failure>Error: Status Code is 403 (MongoDB&apos;s 404)
This means that the requested version-platform combination doesn&apos;t exist
  Used Url: &quot;https://fastdl.mongodb.org/linux/mongodb-linux-x86_64-ubuntu2104-5.0.3.tgz&quot;
Try to use different version &apos;new MongoMemoryServer({ binary: { version: &apos;X.Y.Z&apos; } })&apos;
List of available versions can be found here:
  https://www.mongodb.org/dl/linux for Linux
  https://www.mongodb.org/dl/osx for OSX
  https://www.mongodb.org/dl/win32 for Windows
    at ClientRequest.&lt;anonymous&gt; (/home/mmittelb/Projects/stolen-api-services/node_modules/mongodb-memory-server-core/src/util/MongoBinaryDownload.ts:418:17)
    at Object.onceWrapper (events.js:520:26)
    at ClientRequest.emit (events.js:400:28)
    at HTTPParser.parserOnIncomingClient (_http_client.js:647:27)
    at HTTPParser.parserOnHeadersComplete (_http_common.js:126:17)
    at TLSSocket.socketOnData (_http_client.js:515:22)
    at TLSSocket.emit (events.js:400:28)
    at addChunk (internal/streams/readable.js:290:12)
    at readableAddChunk (internal/streams/readable.js:265:9)
    at TLSSocket.Readable.push (internal/streams/readable.js:204:10)</failure>
      <failure>TypeError: Cannot read property &apos;close&apos; of undefined
    at Object.&lt;anonymous&gt; (/home/mmittelb/Projects/stolen-api-services/apps/user/src/v1/users-phones/usersPhones.service.spec.ts:80:22)
    at Promise.then.completed (/home/mmittelb/Projects/stolen-api-services/node_modules/jest-circus/build/utils.js:390:28)
    at new Promise (&lt;anonymous&gt;)
    at callAsyncCircusFn (/home/mmittelb/Projects/stolen-api-services/node_modules/jest-circus/build/utils.js:315:10)
    at _callCircusHook (/home/mmittelb/Projects/stolen-api-services/node_modules/jest-circus/build/run.js:181:40)
    at _runTest (/home/mmittelb/Projects/stolen-api-services/node_modules/jest-circus/build/run.js:158:5)
    at _runTestsForDescribeBlock (/home/mmittelb/Projects/stolen-api-services/node_modules/jest-circus/build/run.js:66:9)
    at _runTestsForDescribeBlock (/home/mmittelb/Projects/stolen-api-services/node_modules/jest-circus/build/run.js:60:9)
    at _runTestsForDescribeBlock (/home/mmittelb/Projects/stolen-api-services/node_modules/jest-circus/build/run.js:60:9)
    at run (/home/mmittelb/Projects/stolen-api-services/node_modules/jest-circus/build/run.js:25:3)</failure>
    </testcase>
    <testcase classname="UsersPhonesService create should return a new doc" name="UsersPhonesService create should return a new doc" time="0.001">
      <failure>Error: Status Code is 403 (MongoDB&apos;s 404)
This means that the requested version-platform combination doesn&apos;t exist
  Used Url: &quot;https://fastdl.mongodb.org/linux/mongodb-linux-x86_64-ubuntu2104-5.0.3.tgz&quot;
Try to use different version &apos;new MongoMemoryServer({ binary: { version: &apos;X.Y.Z&apos; } })&apos;
List of available versions can be found here:
  https://www.mongodb.org/dl/linux for Linux
  https://www.mongodb.org/dl/osx for OSX
  https://www.mongodb.org/dl/win32 for Windows
    at ClientRequest.&lt;anonymous&gt; (/home/mmittelb/Projects/stolen-api-services/node_modules/mongodb-memory-server-core/src/util/MongoBinaryDownload.ts:418:17)
    at Object.onceWrapper (events.js:520:26)
    at ClientRequest.emit (events.js:400:28)
    at HTTPParser.parserOnIncomingClient (_http_client.js:647:27)
    at HTTPParser.parserOnHeadersComplete (_http_common.js:126:17)
    at TLSSocket.socketOnData (_http_client.js:515:22)
    at TLSSocket.emit (events.js:400:28)
    at addChunk (internal/streams/readable.js:290:12)
    at readableAddChunk (internal/streams/readable.js:265:9)
    at TLSSocket.Readable.push (internal/streams/readable.js:204:10)</failure>
      <failure>TypeError: Cannot read property &apos;close&apos; of undefined
    at Object.&lt;anonymous&gt; (/home/mmittelb/Projects/stolen-api-services/apps/user/src/v1/users-phones/usersPhones.service.spec.ts:80:22)
    at Promise.then.completed (/home/mmittelb/Projects/stolen-api-services/node_modules/jest-circus/build/utils.js:390:28)
    at new Promise (&lt;anonymous&gt;)
    at callAsyncCircusFn (/home/mmittelb/Projects/stolen-api-services/node_modules/jest-circus/build/utils.js:315:10)
    at _callCircusHook (/home/mmittelb/Projects/stolen-api-services/node_modules/jest-circus/build/run.js:181:40)
    at _runTest (/home/mmittelb/Projects/stolen-api-services/node_modules/jest-circus/build/run.js:158:5)
    at _runTestsForDescribeBlock (/home/mmittelb/Projects/stolen-api-services/node_modules/jest-circus/build/run.js:66:9)
    at _runTestsForDescribeBlock (/home/mmittelb/Projects/stolen-api-services/node_modules/jest-circus/build/run.js:60:9)
    at _runTestsForDescribeBlock (/home/mmittelb/Projects/stolen-api-services/node_modules/jest-circus/build/run.js:60:9)
    at run (/home/mmittelb/Projects/stolen-api-services/node_modules/jest-circus/build/run.js:25:3)</failure>
    </testcase>
    <testcase classname="UsersPhonesService update should not find the user" name="UsersPhonesService update should not find the user" time="0.001">
      <failure>Error: Status Code is 403 (MongoDB&apos;s 404)
This means that the requested version-platform combination doesn&apos;t exist
  Used Url: &quot;https://fastdl.mongodb.org/linux/mongodb-linux-x86_64-ubuntu2104-5.0.3.tgz&quot;
Try to use different version &apos;new MongoMemoryServer({ binary: { version: &apos;X.Y.Z&apos; } })&apos;
List of available versions can be found here:
  https://www.mongodb.org/dl/linux for Linux
  https://www.mongodb.org/dl/osx for OSX
  https://www.mongodb.org/dl/win32 for Windows
    at ClientRequest.&lt;anonymous&gt; (/home/mmittelb/Projects/stolen-api-services/node_modules/mongodb-memory-server-core/src/util/MongoBinaryDownload.ts:418:17)
    at Object.onceWrapper (events.js:520:26)
    at ClientRequest.emit (events.js:400:28)
    at HTTPParser.parserOnIncomingClient (_http_client.js:647:27)
    at HTTPParser.parserOnHeadersComplete (_http_common.js:126:17)
    at TLSSocket.socketOnData (_http_client.js:515:22)
    at TLSSocket.emit (events.js:400:28)
    at addChunk (internal/streams/readable.js:290:12)
    at readableAddChunk (internal/streams/readable.js:265:9)
    at TLSSocket.Readable.push (internal/streams/readable.js:204:10)</failure>
      <failure>TypeError: Cannot read property &apos;close&apos; of undefined
    at Object.&lt;anonymous&gt; (/home/mmittelb/Projects/stolen-api-services/apps/user/src/v1/users-phones/usersPhones.service.spec.ts:80:22)
    at Promise.then.completed (/home/mmittelb/Projects/stolen-api-services/node_modules/jest-circus/build/utils.js:390:28)
    at new Promise (&lt;anonymous&gt;)
    at callAsyncCircusFn (/home/mmittelb/Projects/stolen-api-services/node_modules/jest-circus/build/utils.js:315:10)
    at _callCircusHook (/home/mmittelb/Projects/stolen-api-services/node_modules/jest-circus/build/run.js:181:40)
    at _runTest (/home/mmittelb/Projects/stolen-api-services/node_modules/jest-circus/build/run.js:158:5)
    at _runTestsForDescribeBlock (/home/mmittelb/Projects/stolen-api-services/node_modules/jest-circus/build/run.js:66:9)
    at _runTestsForDescribeBlock (/home/mmittelb/Projects/stolen-api-services/node_modules/jest-circus/build/run.js:60:9)
    at _runTestsForDescribeBlock (/home/mmittelb/Projects/stolen-api-services/node_modules/jest-circus/build/run.js:60:9)
    at run (/home/mmittelb/Projects/stolen-api-services/node_modules/jest-circus/build/run.js:25:3)</failure>
    </testcase>
    <testcase classname="UsersPhonesService update should detect user not activated" name="UsersPhonesService update should detect user not activated" time="0">
      <failure>Error: Status Code is 403 (MongoDB&apos;s 404)
This means that the requested version-platform combination doesn&apos;t exist
  Used Url: &quot;https://fastdl.mongodb.org/linux/mongodb-linux-x86_64-ubuntu2104-5.0.3.tgz&quot;
Try to use different version &apos;new MongoMemoryServer({ binary: { version: &apos;X.Y.Z&apos; } })&apos;
List of available versions can be found here:
  https://www.mongodb.org/dl/linux for Linux
  https://www.mongodb.org/dl/osx for OSX
  https://www.mongodb.org/dl/win32 for Windows
    at ClientRequest.&lt;anonymous&gt; (/home/mmittelb/Projects/stolen-api-services/node_modules/mongodb-memory-server-core/src/util/MongoBinaryDownload.ts:418:17)
    at Object.onceWrapper (events.js:520:26)
    at ClientRequest.emit (events.js:400:28)
    at HTTPParser.parserOnIncomingClient (_http_client.js:647:27)
    at HTTPParser.parserOnHeadersComplete (_http_common.js:126:17)
    at TLSSocket.socketOnData (_http_client.js:515:22)
    at TLSSocket.emit (events.js:400:28)
    at addChunk (internal/streams/readable.js:290:12)
    at readableAddChunk (internal/streams/readable.js:265:9)
    at TLSSocket.Readable.push (internal/streams/readable.js:204:10)</failure>
      <failure>TypeError: Cannot read property &apos;close&apos; of undefined
    at Object.&lt;anonymous&gt; (/home/mmittelb/Projects/stolen-api-services/apps/user/src/v1/users-phones/usersPhones.service.spec.ts:80:22)
    at Promise.then.completed (/home/mmittelb/Projects/stolen-api-services/node_modules/jest-circus/build/utils.js:390:28)
    at new Promise (&lt;anonymous&gt;)
    at callAsyncCircusFn (/home/mmittelb/Projects/stolen-api-services/node_modules/jest-circus/build/utils.js:315:10)
    at _callCircusHook (/home/mmittelb/Projects/stolen-api-services/node_modules/jest-circus/build/run.js:181:40)
    at _runTest (/home/mmittelb/Projects/stolen-api-services/node_modules/jest-circus/build/run.js:158:5)
    at _runTestsForDescribeBlock (/home/mmittelb/Projects/stolen-api-services/node_modules/jest-circus/build/run.js:66:9)
    at _runTestsForDescribeBlock (/home/mmittelb/Projects/stolen-api-services/node_modules/jest-circus/build/run.js:60:9)
    at _runTestsForDescribeBlock (/home/mmittelb/Projects/stolen-api-services/node_modules/jest-circus/build/run.js:60:9)
    at run (/home/mmittelb/Projects/stolen-api-services/node_modules/jest-circus/build/run.js:25:3)</failure>
    </testcase>
    <testcase classname="UsersPhonesService update should not find the phone at the user" name="UsersPhonesService update should not find the phone at the user" time="0">
      <failure>Error: Status Code is 403 (MongoDB&apos;s 404)
This means that the requested version-platform combination doesn&apos;t exist
  Used Url: &quot;https://fastdl.mongodb.org/linux/mongodb-linux-x86_64-ubuntu2104-5.0.3.tgz&quot;
Try to use different version &apos;new MongoMemoryServer({ binary: { version: &apos;X.Y.Z&apos; } })&apos;
List of available versions can be found here:
  https://www.mongodb.org/dl/linux for Linux
  https://www.mongodb.org/dl/osx for OSX
  https://www.mongodb.org/dl/win32 for Windows
    at ClientRequest.&lt;anonymous&gt; (/home/mmittelb/Projects/stolen-api-services/node_modules/mongodb-memory-server-core/src/util/MongoBinaryDownload.ts:418:17)
    at Object.onceWrapper (events.js:520:26)
    at ClientRequest.emit (events.js:400:28)
    at HTTPParser.parserOnIncomingClient (_http_client.js:647:27)
    at HTTPParser.parserOnHeadersComplete (_http_common.js:126:17)
    at TLSSocket.socketOnData (_http_client.js:515:22)
    at TLSSocket.emit (events.js:400:28)
    at addChunk (internal/streams/readable.js:290:12)
    at readableAddChunk (internal/streams/readable.js:265:9)
    at TLSSocket.Readable.push (internal/streams/readable.js:204:10)</failure>
      <failure>TypeError: Cannot read property &apos;close&apos; of undefined
    at Object.&lt;anonymous&gt; (/home/mmittelb/Projects/stolen-api-services/apps/user/src/v1/users-phones/usersPhones.service.spec.ts:80:22)
    at Promise.then.completed (/home/mmittelb/Projects/stolen-api-services/node_modules/jest-circus/build/utils.js:390:28)
    at new Promise (&lt;anonymous&gt;)
    at callAsyncCircusFn (/home/mmittelb/Projects/stolen-api-services/node_modules/jest-circus/build/utils.js:315:10)
    at _callCircusHook (/home/mmittelb/Projects/stolen-api-services/node_modules/jest-circus/build/run.js:181:40)
    at _runTest (/home/mmittelb/Projects/stolen-api-services/node_modules/jest-circus/build/run.js:158:5)
    at _runTestsForDescribeBlock (/home/mmittelb/Projects/stolen-api-services/node_modules/jest-circus/build/run.js:66:9)
    at _runTestsForDescribeBlock (/home/mmittelb/Projects/stolen-api-services/node_modules/jest-circus/build/run.js:60:9)
    at _runTestsForDescribeBlock (/home/mmittelb/Projects/stolen-api-services/node_modules/jest-circus/build/run.js:60:9)
    at run (/home/mmittelb/Projects/stolen-api-services/node_modules/jest-circus/build/run.js:25:3)</failure>
    </testcase>
    <testcase classname="UsersPhonesService update should have a version conflict" name="UsersPhonesService update should have a version conflict" time="0">
      <failure>Error: Status Code is 403 (MongoDB&apos;s 404)
This means that the requested version-platform combination doesn&apos;t exist
  Used Url: &quot;https://fastdl.mongodb.org/linux/mongodb-linux-x86_64-ubuntu2104-5.0.3.tgz&quot;
Try to use different version &apos;new MongoMemoryServer({ binary: { version: &apos;X.Y.Z&apos; } })&apos;
List of available versions can be found here:
  https://www.mongodb.org/dl/linux for Linux
  https://www.mongodb.org/dl/osx for OSX
  https://www.mongodb.org/dl/win32 for Windows
    at ClientRequest.&lt;anonymous&gt; (/home/mmittelb/Projects/stolen-api-services/node_modules/mongodb-memory-server-core/src/util/MongoBinaryDownload.ts:418:17)
    at Object.onceWrapper (events.js:520:26)
    at ClientRequest.emit (events.js:400:28)
    at HTTPParser.parserOnIncomingClient (_http_client.js:647:27)
    at HTTPParser.parserOnHeadersComplete (_http_common.js:126:17)
    at TLSSocket.socketOnData (_http_client.js:515:22)
    at TLSSocket.emit (events.js:400:28)
    at addChunk (internal/streams/readable.js:290:12)
    at readableAddChunk (internal/streams/readable.js:265:9)
    at TLSSocket.Readable.push (internal/streams/readable.js:204:10)</failure>
      <failure>TypeError: Cannot read property &apos;close&apos; of undefined
    at Object.&lt;anonymous&gt; (/home/mmittelb/Projects/stolen-api-services/apps/user/src/v1/users-phones/usersPhones.service.spec.ts:80:22)
    at Promise.then.completed (/home/mmittelb/Projects/stolen-api-services/node_modules/jest-circus/build/utils.js:390:28)
    at new Promise (&lt;anonymous&gt;)
    at callAsyncCircusFn (/home/mmittelb/Projects/stolen-api-services/node_modules/jest-circus/build/utils.js:315:10)
    at _callCircusHook (/home/mmittelb/Projects/stolen-api-services/node_modules/jest-circus/build/run.js:181:40)
    at _runTest (/home/mmittelb/Projects/stolen-api-services/node_modules/jest-circus/build/run.js:158:5)
    at _runTestsForDescribeBlock (/home/mmittelb/Projects/stolen-api-services/node_modules/jest-circus/build/run.js:66:9)
    at _runTestsForDescribeBlock (/home/mmittelb/Projects/stolen-api-services/node_modules/jest-circus/build/run.js:60:9)
    at _runTestsForDescribeBlock (/home/mmittelb/Projects/stolen-api-services/node_modules/jest-circus/build/run.js:60:9)
    at run (/home/mmittelb/Projects/stolen-api-services/node_modules/jest-circus/build/run.js:25:3)</failure>
    </testcase>
    <testcase classname="UsersPhonesService update should succeed" name="UsersPhonesService update should succeed" time="0.001">
      <failure>Error: Status Code is 403 (MongoDB&apos;s 404)
This means that the requested version-platform combination doesn&apos;t exist
  Used Url: &quot;https://fastdl.mongodb.org/linux/mongodb-linux-x86_64-ubuntu2104-5.0.3.tgz&quot;
Try to use different version &apos;new MongoMemoryServer({ binary: { version: &apos;X.Y.Z&apos; } })&apos;
List of available versions can be found here:
  https://www.mongodb.org/dl/linux for Linux
  https://www.mongodb.org/dl/osx for OSX
  https://www.mongodb.org/dl/win32 for Windows
    at ClientRequest.&lt;anonymous&gt; (/home/mmittelb/Projects/stolen-api-services/node_modules/mongodb-memory-server-core/src/util/MongoBinaryDownload.ts:418:17)
    at Object.onceWrapper (events.js:520:26)
    at ClientRequest.emit (events.js:400:28)
    at HTTPParser.parserOnIncomingClient (_http_client.js:647:27)
    at HTTPParser.parserOnHeadersComplete (_http_common.js:126:17)
    at TLSSocket.socketOnData (_http_client.js:515:22)
    at TLSSocket.emit (events.js:400:28)
    at addChunk (internal/streams/readable.js:290:12)
    at readableAddChunk (internal/streams/readable.js:265:9)
    at TLSSocket.Readable.push (internal/streams/readable.js:204:10)</failure>
      <failure>TypeError: Cannot read property &apos;close&apos; of undefined
    at Object.&lt;anonymous&gt; (/home/mmittelb/Projects/stolen-api-services/apps/user/src/v1/users-phones/usersPhones.service.spec.ts:80:22)
    at Promise.then.completed (/home/mmittelb/Projects/stolen-api-services/node_modules/jest-circus/build/utils.js:390:28)
    at new Promise (&lt;anonymous&gt;)
    at callAsyncCircusFn (/home/mmittelb/Projects/stolen-api-services/node_modules/jest-circus/build/utils.js:315:10)
    at _callCircusHook (/home/mmittelb/Projects/stolen-api-services/node_modules/jest-circus/build/run.js:181:40)
    at _runTest (/home/mmittelb/Projects/stolen-api-services/node_modules/jest-circus/build/run.js:158:5)
    at _runTestsForDescribeBlock (/home/mmittelb/Projects/stolen-api-services/node_modules/jest-circus/build/run.js:66:9)
    at _runTestsForDescribeBlock (/home/mmittelb/Projects/stolen-api-services/node_modules/jest-circus/build/run.js:60:9)
    at _runTestsForDescribeBlock (/home/mmittelb/Projects/stolen-api-services/node_modules/jest-circus/build/run.js:60:9)
    at run (/home/mmittelb/Projects/stolen-api-services/node_modules/jest-circus/build/run.js:25:3)</failure>
    </testcase>
  </testsuite>
  <testsuite name="EmailsService" errors="0" failures="15" skipped="0" timestamp="2021-12-13T16:21:47" time="2.342" tests="15">
    <testcase classname="EmailsService findOne should find a doc" name="EmailsService findOne should find a doc" time="0">
      <failure>Error: Status Code is 403 (MongoDB&apos;s 404)
This means that the requested version-platform combination doesn&apos;t exist
  Used Url: &quot;https://fastdl.mongodb.org/linux/mongodb-linux-x86_64-ubuntu2104-5.0.3.tgz&quot;
Try to use different version &apos;new MongoMemoryServer({ binary: { version: &apos;X.Y.Z&apos; } })&apos;
List of available versions can be found here:
  https://www.mongodb.org/dl/linux for Linux
  https://www.mongodb.org/dl/osx for OSX
  https://www.mongodb.org/dl/win32 for Windows
    at ClientRequest.&lt;anonymous&gt; (/home/mmittelb/Projects/stolen-api-services/node_modules/mongodb-memory-server-core/src/util/MongoBinaryDownload.ts:418:17)
    at Object.onceWrapper (events.js:520:26)
    at ClientRequest.emit (events.js:400:28)
    at HTTPParser.parserOnIncomingClient (_http_client.js:647:27)
    at HTTPParser.parserOnHeadersComplete (_http_common.js:126:17)
    at TLSSocket.socketOnData (_http_client.js:515:22)
    at TLSSocket.emit (events.js:400:28)
    at addChunk (internal/streams/readable.js:290:12)
    at readableAddChunk (internal/streams/readable.js:265:9)
    at TLSSocket.Readable.push (internal/streams/readable.js:204:10)</failure>
      <failure>TypeError: Cannot read property &apos;close&apos; of undefined
    at Object.&lt;anonymous&gt; (/home/mmittelb/Projects/stolen-api-services/apps/customer/src/v1/customers-emails/customers-emails.service.spec.ts:76:22)
    at Promise.then.completed (/home/mmittelb/Projects/stolen-api-services/node_modules/jest-circus/build/utils.js:390:28)
    at new Promise (&lt;anonymous&gt;)
    at callAsyncCircusFn (/home/mmittelb/Projects/stolen-api-services/node_modules/jest-circus/build/utils.js:315:10)
    at _callCircusHook (/home/mmittelb/Projects/stolen-api-services/node_modules/jest-circus/build/run.js:181:40)
    at _runTest (/home/mmittelb/Projects/stolen-api-services/node_modules/jest-circus/build/run.js:158:5)
    at _runTestsForDescribeBlock (/home/mmittelb/Projects/stolen-api-services/node_modules/jest-circus/build/run.js:66:9)
    at _runTestsForDescribeBlock (/home/mmittelb/Projects/stolen-api-services/node_modules/jest-circus/build/run.js:60:9)
    at _runTestsForDescribeBlock (/home/mmittelb/Projects/stolen-api-services/node_modules/jest-circus/build/run.js:60:9)
    at run (/home/mmittelb/Projects/stolen-api-services/node_modules/jest-circus/build/run.js:25:3)</failure>
    </testcase>
    <testcase classname="EmailsService findOne should not find the doc" name="EmailsService findOne should not find the doc" time="0.001">
      <failure>Error: Status Code is 403 (MongoDB&apos;s 404)
This means that the requested version-platform combination doesn&apos;t exist
  Used Url: &quot;https://fastdl.mongodb.org/linux/mongodb-linux-x86_64-ubuntu2104-5.0.3.tgz&quot;
Try to use different version &apos;new MongoMemoryServer({ binary: { version: &apos;X.Y.Z&apos; } })&apos;
List of available versions can be found here:
  https://www.mongodb.org/dl/linux for Linux
  https://www.mongodb.org/dl/osx for OSX
  https://www.mongodb.org/dl/win32 for Windows
    at ClientRequest.&lt;anonymous&gt; (/home/mmittelb/Projects/stolen-api-services/node_modules/mongodb-memory-server-core/src/util/MongoBinaryDownload.ts:418:17)
    at Object.onceWrapper (events.js:520:26)
    at ClientRequest.emit (events.js:400:28)
    at HTTPParser.parserOnIncomingClient (_http_client.js:647:27)
    at HTTPParser.parserOnHeadersComplete (_http_common.js:126:17)
    at TLSSocket.socketOnData (_http_client.js:515:22)
    at TLSSocket.emit (events.js:400:28)
    at addChunk (internal/streams/readable.js:290:12)
    at readableAddChunk (internal/streams/readable.js:265:9)
    at TLSSocket.Readable.push (internal/streams/readable.js:204:10)</failure>
      <failure>TypeError: Cannot read property &apos;close&apos; of undefined
    at Object.&lt;anonymous&gt; (/home/mmittelb/Projects/stolen-api-services/apps/customer/src/v1/customers-emails/customers-emails.service.spec.ts:76:22)
    at Promise.then.completed (/home/mmittelb/Projects/stolen-api-services/node_modules/jest-circus/build/utils.js:390:28)
    at new Promise (&lt;anonymous&gt;)
    at callAsyncCircusFn (/home/mmittelb/Projects/stolen-api-services/node_modules/jest-circus/build/utils.js:315:10)
    at _callCircusHook (/home/mmittelb/Projects/stolen-api-services/node_modules/jest-circus/build/run.js:181:40)
    at _runTest (/home/mmittelb/Projects/stolen-api-services/node_modules/jest-circus/build/run.js:158:5)
    at _runTestsForDescribeBlock (/home/mmittelb/Projects/stolen-api-services/node_modules/jest-circus/build/run.js:66:9)
    at _runTestsForDescribeBlock (/home/mmittelb/Projects/stolen-api-services/node_modules/jest-circus/build/run.js:60:9)
    at _runTestsForDescribeBlock (/home/mmittelb/Projects/stolen-api-services/node_modules/jest-circus/build/run.js:60:9)
    at run (/home/mmittelb/Projects/stolen-api-services/node_modules/jest-circus/build/run.js:25:3)</failure>
    </testcase>
    <testcase classname="EmailsService findOne should not find the customer" name="EmailsService findOne should not find the customer" time="0">
      <failure>Error: Status Code is 403 (MongoDB&apos;s 404)
This means that the requested version-platform combination doesn&apos;t exist
  Used Url: &quot;https://fastdl.mongodb.org/linux/mongodb-linux-x86_64-ubuntu2104-5.0.3.tgz&quot;
Try to use different version &apos;new MongoMemoryServer({ binary: { version: &apos;X.Y.Z&apos; } })&apos;
List of available versions can be found here:
  https://www.mongodb.org/dl/linux for Linux
  https://www.mongodb.org/dl/osx for OSX
  https://www.mongodb.org/dl/win32 for Windows
    at ClientRequest.&lt;anonymous&gt; (/home/mmittelb/Projects/stolen-api-services/node_modules/mongodb-memory-server-core/src/util/MongoBinaryDownload.ts:418:17)
    at Object.onceWrapper (events.js:520:26)
    at ClientRequest.emit (events.js:400:28)
    at HTTPParser.parserOnIncomingClient (_http_client.js:647:27)
    at HTTPParser.parserOnHeadersComplete (_http_common.js:126:17)
    at TLSSocket.socketOnData (_http_client.js:515:22)
    at TLSSocket.emit (events.js:400:28)
    at addChunk (internal/streams/readable.js:290:12)
    at readableAddChunk (internal/streams/readable.js:265:9)
    at TLSSocket.Readable.push (internal/streams/readable.js:204:10)</failure>
      <failure>TypeError: Cannot read property &apos;close&apos; of undefined
    at Object.&lt;anonymous&gt; (/home/mmittelb/Projects/stolen-api-services/apps/customer/src/v1/customers-emails/customers-emails.service.spec.ts:76:22)
    at Promise.then.completed (/home/mmittelb/Projects/stolen-api-services/node_modules/jest-circus/build/utils.js:390:28)
    at new Promise (&lt;anonymous&gt;)
    at callAsyncCircusFn (/home/mmittelb/Projects/stolen-api-services/node_modules/jest-circus/build/utils.js:315:10)
    at _callCircusHook (/home/mmittelb/Projects/stolen-api-services/node_modules/jest-circus/build/run.js:181:40)
    at _runTest (/home/mmittelb/Projects/stolen-api-services/node_modules/jest-circus/build/run.js:158:5)
    at _runTestsForDescribeBlock (/home/mmittelb/Projects/stolen-api-services/node_modules/jest-circus/build/run.js:66:9)
    at _runTestsForDescribeBlock (/home/mmittelb/Projects/stolen-api-services/node_modules/jest-circus/build/run.js:60:9)
    at _runTestsForDescribeBlock (/home/mmittelb/Projects/stolen-api-services/node_modules/jest-circus/build/run.js:60:9)
    at run (/home/mmittelb/Projects/stolen-api-services/node_modules/jest-circus/build/run.js:25:3)</failure>
    </testcase>
    <testcase classname="EmailsService findAll should find a doc" name="EmailsService findAll should find a doc" time="0">
      <failure>Error: Status Code is 403 (MongoDB&apos;s 404)
This means that the requested version-platform combination doesn&apos;t exist
  Used Url: &quot;https://fastdl.mongodb.org/linux/mongodb-linux-x86_64-ubuntu2104-5.0.3.tgz&quot;
Try to use different version &apos;new MongoMemoryServer({ binary: { version: &apos;X.Y.Z&apos; } })&apos;
List of available versions can be found here:
  https://www.mongodb.org/dl/linux for Linux
  https://www.mongodb.org/dl/osx for OSX
  https://www.mongodb.org/dl/win32 for Windows
    at ClientRequest.&lt;anonymous&gt; (/home/mmittelb/Projects/stolen-api-services/node_modules/mongodb-memory-server-core/src/util/MongoBinaryDownload.ts:418:17)
    at Object.onceWrapper (events.js:520:26)
    at ClientRequest.emit (events.js:400:28)
    at HTTPParser.parserOnIncomingClient (_http_client.js:647:27)
    at HTTPParser.parserOnHeadersComplete (_http_common.js:126:17)
    at TLSSocket.socketOnData (_http_client.js:515:22)
    at TLSSocket.emit (events.js:400:28)
    at addChunk (internal/streams/readable.js:290:12)
    at readableAddChunk (internal/streams/readable.js:265:9)
    at TLSSocket.Readable.push (internal/streams/readable.js:204:10)</failure>
      <failure>TypeError: Cannot read property &apos;close&apos; of undefined
    at Object.&lt;anonymous&gt; (/home/mmittelb/Projects/stolen-api-services/apps/customer/src/v1/customers-emails/customers-emails.service.spec.ts:76:22)
    at Promise.then.completed (/home/mmittelb/Projects/stolen-api-services/node_modules/jest-circus/build/utils.js:390:28)
    at new Promise (&lt;anonymous&gt;)
    at callAsyncCircusFn (/home/mmittelb/Projects/stolen-api-services/node_modules/jest-circus/build/utils.js:315:10)
    at _callCircusHook (/home/mmittelb/Projects/stolen-api-services/node_modules/jest-circus/build/run.js:181:40)
    at _runTest (/home/mmittelb/Projects/stolen-api-services/node_modules/jest-circus/build/run.js:158:5)
    at _runTestsForDescribeBlock (/home/mmittelb/Projects/stolen-api-services/node_modules/jest-circus/build/run.js:66:9)
    at _runTestsForDescribeBlock (/home/mmittelb/Projects/stolen-api-services/node_modules/jest-circus/build/run.js:60:9)
    at _runTestsForDescribeBlock (/home/mmittelb/Projects/stolen-api-services/node_modules/jest-circus/build/run.js:60:9)
    at run (/home/mmittelb/Projects/stolen-api-services/node_modules/jest-circus/build/run.js:25:3)</failure>
    </testcase>
    <testcase classname="EmailsService findAll should return an empty array" name="EmailsService findAll should return an empty array" time="0.001">
      <failure>Error: Status Code is 403 (MongoDB&apos;s 404)
This means that the requested version-platform combination doesn&apos;t exist
  Used Url: &quot;https://fastdl.mongodb.org/linux/mongodb-linux-x86_64-ubuntu2104-5.0.3.tgz&quot;
Try to use different version &apos;new MongoMemoryServer({ binary: { version: &apos;X.Y.Z&apos; } })&apos;
List of available versions can be found here:
  https://www.mongodb.org/dl/linux for Linux
  https://www.mongodb.org/dl/osx for OSX
  https://www.mongodb.org/dl/win32 for Windows
    at ClientRequest.&lt;anonymous&gt; (/home/mmittelb/Projects/stolen-api-services/node_modules/mongodb-memory-server-core/src/util/MongoBinaryDownload.ts:418:17)
    at Object.onceWrapper (events.js:520:26)
    at ClientRequest.emit (events.js:400:28)
    at HTTPParser.parserOnIncomingClient (_http_client.js:647:27)
    at HTTPParser.parserOnHeadersComplete (_http_common.js:126:17)
    at TLSSocket.socketOnData (_http_client.js:515:22)
    at TLSSocket.emit (events.js:400:28)
    at addChunk (internal/streams/readable.js:290:12)
    at readableAddChunk (internal/streams/readable.js:265:9)
    at TLSSocket.Readable.push (internal/streams/readable.js:204:10)</failure>
      <failure>TypeError: Cannot read property &apos;close&apos; of undefined
    at Object.&lt;anonymous&gt; (/home/mmittelb/Projects/stolen-api-services/apps/customer/src/v1/customers-emails/customers-emails.service.spec.ts:76:22)
    at Promise.then.completed (/home/mmittelb/Projects/stolen-api-services/node_modules/jest-circus/build/utils.js:390:28)
    at new Promise (&lt;anonymous&gt;)
    at callAsyncCircusFn (/home/mmittelb/Projects/stolen-api-services/node_modules/jest-circus/build/utils.js:315:10)
    at _callCircusHook (/home/mmittelb/Projects/stolen-api-services/node_modules/jest-circus/build/run.js:181:40)
    at _runTest (/home/mmittelb/Projects/stolen-api-services/node_modules/jest-circus/build/run.js:158:5)
    at _runTestsForDescribeBlock (/home/mmittelb/Projects/stolen-api-services/node_modules/jest-circus/build/run.js:66:9)
    at _runTestsForDescribeBlock (/home/mmittelb/Projects/stolen-api-services/node_modules/jest-circus/build/run.js:60:9)
    at _runTestsForDescribeBlock (/home/mmittelb/Projects/stolen-api-services/node_modules/jest-circus/build/run.js:60:9)
    at run (/home/mmittelb/Projects/stolen-api-services/node_modules/jest-circus/build/run.js:25:3)</failure>
    </testcase>
    <testcase classname="EmailsService findAll should not find the customer" name="EmailsService findAll should not find the customer" time="0">
      <failure>Error: Status Code is 403 (MongoDB&apos;s 404)
This means that the requested version-platform combination doesn&apos;t exist
  Used Url: &quot;https://fastdl.mongodb.org/linux/mongodb-linux-x86_64-ubuntu2104-5.0.3.tgz&quot;
Try to use different version &apos;new MongoMemoryServer({ binary: { version: &apos;X.Y.Z&apos; } })&apos;
List of available versions can be found here:
  https://www.mongodb.org/dl/linux for Linux
  https://www.mongodb.org/dl/osx for OSX
  https://www.mongodb.org/dl/win32 for Windows
    at ClientRequest.&lt;anonymous&gt; (/home/mmittelb/Projects/stolen-api-services/node_modules/mongodb-memory-server-core/src/util/MongoBinaryDownload.ts:418:17)
    at Object.onceWrapper (events.js:520:26)
    at ClientRequest.emit (events.js:400:28)
    at HTTPParser.parserOnIncomingClient (_http_client.js:647:27)
    at HTTPParser.parserOnHeadersComplete (_http_common.js:126:17)
    at TLSSocket.socketOnData (_http_client.js:515:22)
    at TLSSocket.emit (events.js:400:28)
    at addChunk (internal/streams/readable.js:290:12)
    at readableAddChunk (internal/streams/readable.js:265:9)
    at TLSSocket.Readable.push (internal/streams/readable.js:204:10)</failure>
      <failure>TypeError: Cannot read property &apos;close&apos; of undefined
    at Object.&lt;anonymous&gt; (/home/mmittelb/Projects/stolen-api-services/apps/customer/src/v1/customers-emails/customers-emails.service.spec.ts:76:22)
    at Promise.then.completed (/home/mmittelb/Projects/stolen-api-services/node_modules/jest-circus/build/utils.js:390:28)
    at new Promise (&lt;anonymous&gt;)
    at callAsyncCircusFn (/home/mmittelb/Projects/stolen-api-services/node_modules/jest-circus/build/utils.js:315:10)
    at _callCircusHook (/home/mmittelb/Projects/stolen-api-services/node_modules/jest-circus/build/run.js:181:40)
    at _runTest (/home/mmittelb/Projects/stolen-api-services/node_modules/jest-circus/build/run.js:158:5)
    at _runTestsForDescribeBlock (/home/mmittelb/Projects/stolen-api-services/node_modules/jest-circus/build/run.js:66:9)
    at _runTestsForDescribeBlock (/home/mmittelb/Projects/stolen-api-services/node_modules/jest-circus/build/run.js:60:9)
    at _runTestsForDescribeBlock (/home/mmittelb/Projects/stolen-api-services/node_modules/jest-circus/build/run.js:60:9)
    at run (/home/mmittelb/Projects/stolen-api-services/node_modules/jest-circus/build/run.js:25:3)</failure>
    </testcase>
    <testcase classname="EmailsService remove should remove a doc" name="EmailsService remove should remove a doc" time="0.001">
      <failure>Error: Status Code is 403 (MongoDB&apos;s 404)
This means that the requested version-platform combination doesn&apos;t exist
  Used Url: &quot;https://fastdl.mongodb.org/linux/mongodb-linux-x86_64-ubuntu2104-5.0.3.tgz&quot;
Try to use different version &apos;new MongoMemoryServer({ binary: { version: &apos;X.Y.Z&apos; } })&apos;
List of available versions can be found here:
  https://www.mongodb.org/dl/linux for Linux
  https://www.mongodb.org/dl/osx for OSX
  https://www.mongodb.org/dl/win32 for Windows
    at ClientRequest.&lt;anonymous&gt; (/home/mmittelb/Projects/stolen-api-services/node_modules/mongodb-memory-server-core/src/util/MongoBinaryDownload.ts:418:17)
    at Object.onceWrapper (events.js:520:26)
    at ClientRequest.emit (events.js:400:28)
    at HTTPParser.parserOnIncomingClient (_http_client.js:647:27)
    at HTTPParser.parserOnHeadersComplete (_http_common.js:126:17)
    at TLSSocket.socketOnData (_http_client.js:515:22)
    at TLSSocket.emit (events.js:400:28)
    at addChunk (internal/streams/readable.js:290:12)
    at readableAddChunk (internal/streams/readable.js:265:9)
    at TLSSocket.Readable.push (internal/streams/readable.js:204:10)</failure>
      <failure>TypeError: Cannot read property &apos;close&apos; of undefined
    at Object.&lt;anonymous&gt; (/home/mmittelb/Projects/stolen-api-services/apps/customer/src/v1/customers-emails/customers-emails.service.spec.ts:76:22)
    at Promise.then.completed (/home/mmittelb/Projects/stolen-api-services/node_modules/jest-circus/build/utils.js:390:28)
    at new Promise (&lt;anonymous&gt;)
    at callAsyncCircusFn (/home/mmittelb/Projects/stolen-api-services/node_modules/jest-circus/build/utils.js:315:10)
    at _callCircusHook (/home/mmittelb/Projects/stolen-api-services/node_modules/jest-circus/build/run.js:181:40)
    at _runTest (/home/mmittelb/Projects/stolen-api-services/node_modules/jest-circus/build/run.js:158:5)
    at _runTestsForDescribeBlock (/home/mmittelb/Projects/stolen-api-services/node_modules/jest-circus/build/run.js:66:9)
    at _runTestsForDescribeBlock (/home/mmittelb/Projects/stolen-api-services/node_modules/jest-circus/build/run.js:60:9)
    at _runTestsForDescribeBlock (/home/mmittelb/Projects/stolen-api-services/node_modules/jest-circus/build/run.js:60:9)
    at run (/home/mmittelb/Projects/stolen-api-services/node_modules/jest-circus/build/run.js:25:3)</failure>
    </testcase>
    <testcase classname="EmailsService remove should not find the customer" name="EmailsService remove should not find the customer" time="0.001">
      <failure>Error: Status Code is 403 (MongoDB&apos;s 404)
This means that the requested version-platform combination doesn&apos;t exist
  Used Url: &quot;https://fastdl.mongodb.org/linux/mongodb-linux-x86_64-ubuntu2104-5.0.3.tgz&quot;
Try to use different version &apos;new MongoMemoryServer({ binary: { version: &apos;X.Y.Z&apos; } })&apos;
List of available versions can be found here:
  https://www.mongodb.org/dl/linux for Linux
  https://www.mongodb.org/dl/osx for OSX
  https://www.mongodb.org/dl/win32 for Windows
    at ClientRequest.&lt;anonymous&gt; (/home/mmittelb/Projects/stolen-api-services/node_modules/mongodb-memory-server-core/src/util/MongoBinaryDownload.ts:418:17)
    at Object.onceWrapper (events.js:520:26)
    at ClientRequest.emit (events.js:400:28)
    at HTTPParser.parserOnIncomingClient (_http_client.js:647:27)
    at HTTPParser.parserOnHeadersComplete (_http_common.js:126:17)
    at TLSSocket.socketOnData (_http_client.js:515:22)
    at TLSSocket.emit (events.js:400:28)
    at addChunk (internal/streams/readable.js:290:12)
    at readableAddChunk (internal/streams/readable.js:265:9)
    at TLSSocket.Readable.push (internal/streams/readable.js:204:10)</failure>
      <failure>TypeError: Cannot read property &apos;close&apos; of undefined
    at Object.&lt;anonymous&gt; (/home/mmittelb/Projects/stolen-api-services/apps/customer/src/v1/customers-emails/customers-emails.service.spec.ts:76:22)
    at Promise.then.completed (/home/mmittelb/Projects/stolen-api-services/node_modules/jest-circus/build/utils.js:390:28)
    at new Promise (&lt;anonymous&gt;)
    at callAsyncCircusFn (/home/mmittelb/Projects/stolen-api-services/node_modules/jest-circus/build/utils.js:315:10)
    at _callCircusHook (/home/mmittelb/Projects/stolen-api-services/node_modules/jest-circus/build/run.js:181:40)
    at _runTest (/home/mmittelb/Projects/stolen-api-services/node_modules/jest-circus/build/run.js:158:5)
    at _runTestsForDescribeBlock (/home/mmittelb/Projects/stolen-api-services/node_modules/jest-circus/build/run.js:66:9)
    at _runTestsForDescribeBlock (/home/mmittelb/Projects/stolen-api-services/node_modules/jest-circus/build/run.js:60:9)
    at _runTestsForDescribeBlock (/home/mmittelb/Projects/stolen-api-services/node_modules/jest-circus/build/run.js:60:9)
    at run (/home/mmittelb/Projects/stolen-api-services/node_modules/jest-circus/build/run.js:25:3)</failure>
    </testcase>
    <testcase classname="EmailsService removeByCustomer should remove all docs" name="EmailsService removeByCustomer should remove all docs" time="0">
      <failure>Error: Status Code is 403 (MongoDB&apos;s 404)
This means that the requested version-platform combination doesn&apos;t exist
  Used Url: &quot;https://fastdl.mongodb.org/linux/mongodb-linux-x86_64-ubuntu2104-5.0.3.tgz&quot;
Try to use different version &apos;new MongoMemoryServer({ binary: { version: &apos;X.Y.Z&apos; } })&apos;
List of available versions can be found here:
  https://www.mongodb.org/dl/linux for Linux
  https://www.mongodb.org/dl/osx for OSX
  https://www.mongodb.org/dl/win32 for Windows
    at ClientRequest.&lt;anonymous&gt; (/home/mmittelb/Projects/stolen-api-services/node_modules/mongodb-memory-server-core/src/util/MongoBinaryDownload.ts:418:17)
    at Object.onceWrapper (events.js:520:26)
    at ClientRequest.emit (events.js:400:28)
    at HTTPParser.parserOnIncomingClient (_http_client.js:647:27)
    at HTTPParser.parserOnHeadersComplete (_http_common.js:126:17)
    at TLSSocket.socketOnData (_http_client.js:515:22)
    at TLSSocket.emit (events.js:400:28)
    at addChunk (internal/streams/readable.js:290:12)
    at readableAddChunk (internal/streams/readable.js:265:9)
    at TLSSocket.Readable.push (internal/streams/readable.js:204:10)</failure>
      <failure>TypeError: Cannot read property &apos;close&apos; of undefined
    at Object.&lt;anonymous&gt; (/home/mmittelb/Projects/stolen-api-services/apps/customer/src/v1/customers-emails/customers-emails.service.spec.ts:76:22)
    at Promise.then.completed (/home/mmittelb/Projects/stolen-api-services/node_modules/jest-circus/build/utils.js:390:28)
    at new Promise (&lt;anonymous&gt;)
    at callAsyncCircusFn (/home/mmittelb/Projects/stolen-api-services/node_modules/jest-circus/build/utils.js:315:10)
    at _callCircusHook (/home/mmittelb/Projects/stolen-api-services/node_modules/jest-circus/build/run.js:181:40)
    at _runTest (/home/mmittelb/Projects/stolen-api-services/node_modules/jest-circus/build/run.js:158:5)
    at _runTestsForDescribeBlock (/home/mmittelb/Projects/stolen-api-services/node_modules/jest-circus/build/run.js:66:9)
    at _runTestsForDescribeBlock (/home/mmittelb/Projects/stolen-api-services/node_modules/jest-circus/build/run.js:60:9)
    at _runTestsForDescribeBlock (/home/mmittelb/Projects/stolen-api-services/node_modules/jest-circus/build/run.js:60:9)
    at run (/home/mmittelb/Projects/stolen-api-services/node_modules/jest-circus/build/run.js:25:3)</failure>
    </testcase>
    <testcase classname="EmailsService create should return a new doc" name="EmailsService create should return a new doc" time="0.001">
      <failure>Error: Status Code is 403 (MongoDB&apos;s 404)
This means that the requested version-platform combination doesn&apos;t exist
  Used Url: &quot;https://fastdl.mongodb.org/linux/mongodb-linux-x86_64-ubuntu2104-5.0.3.tgz&quot;
Try to use different version &apos;new MongoMemoryServer({ binary: { version: &apos;X.Y.Z&apos; } })&apos;
List of available versions can be found here:
  https://www.mongodb.org/dl/linux for Linux
  https://www.mongodb.org/dl/osx for OSX
  https://www.mongodb.org/dl/win32 for Windows
    at ClientRequest.&lt;anonymous&gt; (/home/mmittelb/Projects/stolen-api-services/node_modules/mongodb-memory-server-core/src/util/MongoBinaryDownload.ts:418:17)
    at Object.onceWrapper (events.js:520:26)
    at ClientRequest.emit (events.js:400:28)
    at HTTPParser.parserOnIncomingClient (_http_client.js:647:27)
    at HTTPParser.parserOnHeadersComplete (_http_common.js:126:17)
    at TLSSocket.socketOnData (_http_client.js:515:22)
    at TLSSocket.emit (events.js:400:28)
    at addChunk (internal/streams/readable.js:290:12)
    at readableAddChunk (internal/streams/readable.js:265:9)
    at TLSSocket.Readable.push (internal/streams/readable.js:204:10)</failure>
      <failure>TypeError: Cannot read property &apos;close&apos; of undefined
    at Object.&lt;anonymous&gt; (/home/mmittelb/Projects/stolen-api-services/apps/customer/src/v1/customers-emails/customers-emails.service.spec.ts:76:22)
    at Promise.then.completed (/home/mmittelb/Projects/stolen-api-services/node_modules/jest-circus/build/utils.js:390:28)
    at new Promise (&lt;anonymous&gt;)
    at callAsyncCircusFn (/home/mmittelb/Projects/stolen-api-services/node_modules/jest-circus/build/utils.js:315:10)
    at _callCircusHook (/home/mmittelb/Projects/stolen-api-services/node_modules/jest-circus/build/run.js:181:40)
    at _runTest (/home/mmittelb/Projects/stolen-api-services/node_modules/jest-circus/build/run.js:158:5)
    at _runTestsForDescribeBlock (/home/mmittelb/Projects/stolen-api-services/node_modules/jest-circus/build/run.js:66:9)
    at _runTestsForDescribeBlock (/home/mmittelb/Projects/stolen-api-services/node_modules/jest-circus/build/run.js:60:9)
    at _runTestsForDescribeBlock (/home/mmittelb/Projects/stolen-api-services/node_modules/jest-circus/build/run.js:60:9)
    at run (/home/mmittelb/Projects/stolen-api-services/node_modules/jest-circus/build/run.js:25:3)</failure>
    </testcase>
    <testcase classname="EmailsService create should not find the customer" name="EmailsService create should not find the customer" time="0">
      <failure>Error: Status Code is 403 (MongoDB&apos;s 404)
This means that the requested version-platform combination doesn&apos;t exist
  Used Url: &quot;https://fastdl.mongodb.org/linux/mongodb-linux-x86_64-ubuntu2104-5.0.3.tgz&quot;
Try to use different version &apos;new MongoMemoryServer({ binary: { version: &apos;X.Y.Z&apos; } })&apos;
List of available versions can be found here:
  https://www.mongodb.org/dl/linux for Linux
  https://www.mongodb.org/dl/osx for OSX
  https://www.mongodb.org/dl/win32 for Windows
    at ClientRequest.&lt;anonymous&gt; (/home/mmittelb/Projects/stolen-api-services/node_modules/mongodb-memory-server-core/src/util/MongoBinaryDownload.ts:418:17)
    at Object.onceWrapper (events.js:520:26)
    at ClientRequest.emit (events.js:400:28)
    at HTTPParser.parserOnIncomingClient (_http_client.js:647:27)
    at HTTPParser.parserOnHeadersComplete (_http_common.js:126:17)
    at TLSSocket.socketOnData (_http_client.js:515:22)
    at TLSSocket.emit (events.js:400:28)
    at addChunk (internal/streams/readable.js:290:12)
    at readableAddChunk (internal/streams/readable.js:265:9)
    at TLSSocket.Readable.push (internal/streams/readable.js:204:10)</failure>
      <failure>TypeError: Cannot read property &apos;close&apos; of undefined
    at Object.&lt;anonymous&gt; (/home/mmittelb/Projects/stolen-api-services/apps/customer/src/v1/customers-emails/customers-emails.service.spec.ts:76:22)
    at Promise.then.completed (/home/mmittelb/Projects/stolen-api-services/node_modules/jest-circus/build/utils.js:390:28)
    at new Promise (&lt;anonymous&gt;)
    at callAsyncCircusFn (/home/mmittelb/Projects/stolen-api-services/node_modules/jest-circus/build/utils.js:315:10)
    at _callCircusHook (/home/mmittelb/Projects/stolen-api-services/node_modules/jest-circus/build/run.js:181:40)
    at _runTest (/home/mmittelb/Projects/stolen-api-services/node_modules/jest-circus/build/run.js:158:5)
    at _runTestsForDescribeBlock (/home/mmittelb/Projects/stolen-api-services/node_modules/jest-circus/build/run.js:66:9)
    at _runTestsForDescribeBlock (/home/mmittelb/Projects/stolen-api-services/node_modules/jest-circus/build/run.js:60:9)
    at _runTestsForDescribeBlock (/home/mmittelb/Projects/stolen-api-services/node_modules/jest-circus/build/run.js:60:9)
    at run (/home/mmittelb/Projects/stolen-api-services/node_modules/jest-circus/build/run.js:25:3)</failure>
    </testcase>
    <testcase classname="EmailsService update should not find the customer" name="EmailsService update should not find the customer" time="0.001">
      <failure>Error: Status Code is 403 (MongoDB&apos;s 404)
This means that the requested version-platform combination doesn&apos;t exist
  Used Url: &quot;https://fastdl.mongodb.org/linux/mongodb-linux-x86_64-ubuntu2104-5.0.3.tgz&quot;
Try to use different version &apos;new MongoMemoryServer({ binary: { version: &apos;X.Y.Z&apos; } })&apos;
List of available versions can be found here:
  https://www.mongodb.org/dl/linux for Linux
  https://www.mongodb.org/dl/osx for OSX
  https://www.mongodb.org/dl/win32 for Windows
    at ClientRequest.&lt;anonymous&gt; (/home/mmittelb/Projects/stolen-api-services/node_modules/mongodb-memory-server-core/src/util/MongoBinaryDownload.ts:418:17)
    at Object.onceWrapper (events.js:520:26)
    at ClientRequest.emit (events.js:400:28)
    at HTTPParser.parserOnIncomingClient (_http_client.js:647:27)
    at HTTPParser.parserOnHeadersComplete (_http_common.js:126:17)
    at TLSSocket.socketOnData (_http_client.js:515:22)
    at TLSSocket.emit (events.js:400:28)
    at addChunk (internal/streams/readable.js:290:12)
    at readableAddChunk (internal/streams/readable.js:265:9)
    at TLSSocket.Readable.push (internal/streams/readable.js:204:10)</failure>
      <failure>TypeError: Cannot read property &apos;close&apos; of undefined
    at Object.&lt;anonymous&gt; (/home/mmittelb/Projects/stolen-api-services/apps/customer/src/v1/customers-emails/customers-emails.service.spec.ts:76:22)
    at Promise.then.completed (/home/mmittelb/Projects/stolen-api-services/node_modules/jest-circus/build/utils.js:390:28)
    at new Promise (&lt;anonymous&gt;)
    at callAsyncCircusFn (/home/mmittelb/Projects/stolen-api-services/node_modules/jest-circus/build/utils.js:315:10)
    at _callCircusHook (/home/mmittelb/Projects/stolen-api-services/node_modules/jest-circus/build/run.js:181:40)
    at _runTest (/home/mmittelb/Projects/stolen-api-services/node_modules/jest-circus/build/run.js:158:5)
    at _runTestsForDescribeBlock (/home/mmittelb/Projects/stolen-api-services/node_modules/jest-circus/build/run.js:66:9)
    at _runTestsForDescribeBlock (/home/mmittelb/Projects/stolen-api-services/node_modules/jest-circus/build/run.js:60:9)
    at _runTestsForDescribeBlock (/home/mmittelb/Projects/stolen-api-services/node_modules/jest-circus/build/run.js:60:9)
    at run (/home/mmittelb/Projects/stolen-api-services/node_modules/jest-circus/build/run.js:25:3)</failure>
    </testcase>
    <testcase classname="EmailsService update should not find the email" name="EmailsService update should not find the email" time="0">
      <failure>Error: Status Code is 403 (MongoDB&apos;s 404)
This means that the requested version-platform combination doesn&apos;t exist
  Used Url: &quot;https://fastdl.mongodb.org/linux/mongodb-linux-x86_64-ubuntu2104-5.0.3.tgz&quot;
Try to use different version &apos;new MongoMemoryServer({ binary: { version: &apos;X.Y.Z&apos; } })&apos;
List of available versions can be found here:
  https://www.mongodb.org/dl/linux for Linux
  https://www.mongodb.org/dl/osx for OSX
  https://www.mongodb.org/dl/win32 for Windows
    at ClientRequest.&lt;anonymous&gt; (/home/mmittelb/Projects/stolen-api-services/node_modules/mongodb-memory-server-core/src/util/MongoBinaryDownload.ts:418:17)
    at Object.onceWrapper (events.js:520:26)
    at ClientRequest.emit (events.js:400:28)
    at HTTPParser.parserOnIncomingClient (_http_client.js:647:27)
    at HTTPParser.parserOnHeadersComplete (_http_common.js:126:17)
    at TLSSocket.socketOnData (_http_client.js:515:22)
    at TLSSocket.emit (events.js:400:28)
    at addChunk (internal/streams/readable.js:290:12)
    at readableAddChunk (internal/streams/readable.js:265:9)
    at TLSSocket.Readable.push (internal/streams/readable.js:204:10)</failure>
      <failure>TypeError: Cannot read property &apos;close&apos; of undefined
    at Object.&lt;anonymous&gt; (/home/mmittelb/Projects/stolen-api-services/apps/customer/src/v1/customers-emails/customers-emails.service.spec.ts:76:22)
    at Promise.then.completed (/home/mmittelb/Projects/stolen-api-services/node_modules/jest-circus/build/utils.js:390:28)
    at new Promise (&lt;anonymous&gt;)
    at callAsyncCircusFn (/home/mmittelb/Projects/stolen-api-services/node_modules/jest-circus/build/utils.js:315:10)
    at _callCircusHook (/home/mmittelb/Projects/stolen-api-services/node_modules/jest-circus/build/run.js:181:40)
    at _runTest (/home/mmittelb/Projects/stolen-api-services/node_modules/jest-circus/build/run.js:158:5)
    at _runTestsForDescribeBlock (/home/mmittelb/Projects/stolen-api-services/node_modules/jest-circus/build/run.js:66:9)
    at _runTestsForDescribeBlock (/home/mmittelb/Projects/stolen-api-services/node_modules/jest-circus/build/run.js:60:9)
    at _runTestsForDescribeBlock (/home/mmittelb/Projects/stolen-api-services/node_modules/jest-circus/build/run.js:60:9)
    at run (/home/mmittelb/Projects/stolen-api-services/node_modules/jest-circus/build/run.js:25:3)</failure>
    </testcase>
    <testcase classname="EmailsService update should have a version conflict" name="EmailsService update should have a version conflict" time="0">
      <failure>Error: Status Code is 403 (MongoDB&apos;s 404)
This means that the requested version-platform combination doesn&apos;t exist
  Used Url: &quot;https://fastdl.mongodb.org/linux/mongodb-linux-x86_64-ubuntu2104-5.0.3.tgz&quot;
Try to use different version &apos;new MongoMemoryServer({ binary: { version: &apos;X.Y.Z&apos; } })&apos;
List of available versions can be found here:
  https://www.mongodb.org/dl/linux for Linux
  https://www.mongodb.org/dl/osx for OSX
  https://www.mongodb.org/dl/win32 for Windows
    at ClientRequest.&lt;anonymous&gt; (/home/mmittelb/Projects/stolen-api-services/node_modules/mongodb-memory-server-core/src/util/MongoBinaryDownload.ts:418:17)
    at Object.onceWrapper (events.js:520:26)
    at ClientRequest.emit (events.js:400:28)
    at HTTPParser.parserOnIncomingClient (_http_client.js:647:27)
    at HTTPParser.parserOnHeadersComplete (_http_common.js:126:17)
    at TLSSocket.socketOnData (_http_client.js:515:22)
    at TLSSocket.emit (events.js:400:28)
    at addChunk (internal/streams/readable.js:290:12)
    at readableAddChunk (internal/streams/readable.js:265:9)
    at TLSSocket.Readable.push (internal/streams/readable.js:204:10)</failure>
      <failure>TypeError: Cannot read property &apos;close&apos; of undefined
    at Object.&lt;anonymous&gt; (/home/mmittelb/Projects/stolen-api-services/apps/customer/src/v1/customers-emails/customers-emails.service.spec.ts:76:22)
    at Promise.then.completed (/home/mmittelb/Projects/stolen-api-services/node_modules/jest-circus/build/utils.js:390:28)
    at new Promise (&lt;anonymous&gt;)
    at callAsyncCircusFn (/home/mmittelb/Projects/stolen-api-services/node_modules/jest-circus/build/utils.js:315:10)
    at _callCircusHook (/home/mmittelb/Projects/stolen-api-services/node_modules/jest-circus/build/run.js:181:40)
    at _runTest (/home/mmittelb/Projects/stolen-api-services/node_modules/jest-circus/build/run.js:158:5)
    at _runTestsForDescribeBlock (/home/mmittelb/Projects/stolen-api-services/node_modules/jest-circus/build/run.js:66:9)
    at _runTestsForDescribeBlock (/home/mmittelb/Projects/stolen-api-services/node_modules/jest-circus/build/run.js:60:9)
    at _runTestsForDescribeBlock (/home/mmittelb/Projects/stolen-api-services/node_modules/jest-circus/build/run.js:60:9)
    at run (/home/mmittelb/Projects/stolen-api-services/node_modules/jest-circus/build/run.js:25:3)</failure>
    </testcase>
    <testcase classname="EmailsService update should succeed" name="EmailsService update should succeed" time="0">
      <failure>Error: Status Code is 403 (MongoDB&apos;s 404)
This means that the requested version-platform combination doesn&apos;t exist
  Used Url: &quot;https://fastdl.mongodb.org/linux/mongodb-linux-x86_64-ubuntu2104-5.0.3.tgz&quot;
Try to use different version &apos;new MongoMemoryServer({ binary: { version: &apos;X.Y.Z&apos; } })&apos;
List of available versions can be found here:
  https://www.mongodb.org/dl/linux for Linux
  https://www.mongodb.org/dl/osx for OSX
  https://www.mongodb.org/dl/win32 for Windows
    at ClientRequest.&lt;anonymous&gt; (/home/mmittelb/Projects/stolen-api-services/node_modules/mongodb-memory-server-core/src/util/MongoBinaryDownload.ts:418:17)
    at Object.onceWrapper (events.js:520:26)
    at ClientRequest.emit (events.js:400:28)
    at HTTPParser.parserOnIncomingClient (_http_client.js:647:27)
    at HTTPParser.parserOnHeadersComplete (_http_common.js:126:17)
    at TLSSocket.socketOnData (_http_client.js:515:22)
    at TLSSocket.emit (events.js:400:28)
    at addChunk (internal/streams/readable.js:290:12)
    at readableAddChunk (internal/streams/readable.js:265:9)
    at TLSSocket.Readable.push (internal/streams/readable.js:204:10)</failure>
      <failure>TypeError: Cannot read property &apos;close&apos; of undefined
    at Object.&lt;anonymous&gt; (/home/mmittelb/Projects/stolen-api-services/apps/customer/src/v1/customers-emails/customers-emails.service.spec.ts:76:22)
    at Promise.then.completed (/home/mmittelb/Projects/stolen-api-services/node_modules/jest-circus/build/utils.js:390:28)
    at new Promise (&lt;anonymous&gt;)
    at callAsyncCircusFn (/home/mmittelb/Projects/stolen-api-services/node_modules/jest-circus/build/utils.js:315:10)
    at _callCircusHook (/home/mmittelb/Projects/stolen-api-services/node_modules/jest-circus/build/run.js:181:40)
    at _runTest (/home/mmittelb/Projects/stolen-api-services/node_modules/jest-circus/build/run.js:158:5)
    at _runTestsForDescribeBlock (/home/mmittelb/Projects/stolen-api-services/node_modules/jest-circus/build/run.js:66:9)
    at _runTestsForDescribeBlock (/home/mmittelb/Projects/stolen-api-services/node_modules/jest-circus/build/run.js:60:9)
    at _runTestsForDescribeBlock (/home/mmittelb/Projects/stolen-api-services/node_modules/jest-circus/build/run.js:60:9)
    at run (/home/mmittelb/Projects/stolen-api-services/node_modules/jest-circus/build/run.js:25:3)</failure>
    </testcase>
  </testsuite>
  <testsuite name="PhonesService" errors="0" failures="15" skipped="0" timestamp="2021-12-13T16:21:50" time="1.028" tests="15">
    <testcase classname="PhonesService findOne should find a doc" name="PhonesService findOne should find a doc" time="0">
      <failure>Error: Status Code is 403 (MongoDB&apos;s 404)
This means that the requested version-platform combination doesn&apos;t exist
  Used Url: &quot;https://fastdl.mongodb.org/linux/mongodb-linux-x86_64-ubuntu2104-5.0.3.tgz&quot;
Try to use different version &apos;new MongoMemoryServer({ binary: { version: &apos;X.Y.Z&apos; } })&apos;
List of available versions can be found here:
  https://www.mongodb.org/dl/linux for Linux
  https://www.mongodb.org/dl/osx for OSX
  https://www.mongodb.org/dl/win32 for Windows
    at ClientRequest.&lt;anonymous&gt; (/home/mmittelb/Projects/stolen-api-services/node_modules/mongodb-memory-server-core/src/util/MongoBinaryDownload.ts:418:17)
    at Object.onceWrapper (events.js:520:26)
    at ClientRequest.emit (events.js:400:28)
    at HTTPParser.parserOnIncomingClient (_http_client.js:647:27)
    at HTTPParser.parserOnHeadersComplete (_http_common.js:126:17)
    at TLSSocket.socketOnData (_http_client.js:515:22)
    at TLSSocket.emit (events.js:400:28)
    at addChunk (internal/streams/readable.js:290:12)
    at readableAddChunk (internal/streams/readable.js:265:9)
    at TLSSocket.Readable.push (internal/streams/readable.js:204:10)</failure>
      <failure>TypeError: Cannot read property &apos;close&apos; of undefined
    at Object.&lt;anonymous&gt; (/home/mmittelb/Projects/stolen-api-services/apps/customer/src/v1/customers-phones/customers-phones.service.spec.ts:76:22)
    at Promise.then.completed (/home/mmittelb/Projects/stolen-api-services/node_modules/jest-circus/build/utils.js:390:28)
    at new Promise (&lt;anonymous&gt;)
    at callAsyncCircusFn (/home/mmittelb/Projects/stolen-api-services/node_modules/jest-circus/build/utils.js:315:10)
    at _callCircusHook (/home/mmittelb/Projects/stolen-api-services/node_modules/jest-circus/build/run.js:181:40)
    at _runTest (/home/mmittelb/Projects/stolen-api-services/node_modules/jest-circus/build/run.js:158:5)
    at _runTestsForDescribeBlock (/home/mmittelb/Projects/stolen-api-services/node_modules/jest-circus/build/run.js:66:9)
    at _runTestsForDescribeBlock (/home/mmittelb/Projects/stolen-api-services/node_modules/jest-circus/build/run.js:60:9)
    at _runTestsForDescribeBlock (/home/mmittelb/Projects/stolen-api-services/node_modules/jest-circus/build/run.js:60:9)
    at run (/home/mmittelb/Projects/stolen-api-services/node_modules/jest-circus/build/run.js:25:3)</failure>
    </testcase>
    <testcase classname="PhonesService findOne should not find the doc" name="PhonesService findOne should not find the doc" time="0">
      <failure>Error: Status Code is 403 (MongoDB&apos;s 404)
This means that the requested version-platform combination doesn&apos;t exist
  Used Url: &quot;https://fastdl.mongodb.org/linux/mongodb-linux-x86_64-ubuntu2104-5.0.3.tgz&quot;
Try to use different version &apos;new MongoMemoryServer({ binary: { version: &apos;X.Y.Z&apos; } })&apos;
List of available versions can be found here:
  https://www.mongodb.org/dl/linux for Linux
  https://www.mongodb.org/dl/osx for OSX
  https://www.mongodb.org/dl/win32 for Windows
    at ClientRequest.&lt;anonymous&gt; (/home/mmittelb/Projects/stolen-api-services/node_modules/mongodb-memory-server-core/src/util/MongoBinaryDownload.ts:418:17)
    at Object.onceWrapper (events.js:520:26)
    at ClientRequest.emit (events.js:400:28)
    at HTTPParser.parserOnIncomingClient (_http_client.js:647:27)
    at HTTPParser.parserOnHeadersComplete (_http_common.js:126:17)
    at TLSSocket.socketOnData (_http_client.js:515:22)
    at TLSSocket.emit (events.js:400:28)
    at addChunk (internal/streams/readable.js:290:12)
    at readableAddChunk (internal/streams/readable.js:265:9)
    at TLSSocket.Readable.push (internal/streams/readable.js:204:10)</failure>
      <failure>TypeError: Cannot read property &apos;close&apos; of undefined
    at Object.&lt;anonymous&gt; (/home/mmittelb/Projects/stolen-api-services/apps/customer/src/v1/customers-phones/customers-phones.service.spec.ts:76:22)
    at Promise.then.completed (/home/mmittelb/Projects/stolen-api-services/node_modules/jest-circus/build/utils.js:390:28)
    at new Promise (&lt;anonymous&gt;)
    at callAsyncCircusFn (/home/mmittelb/Projects/stolen-api-services/node_modules/jest-circus/build/utils.js:315:10)
    at _callCircusHook (/home/mmittelb/Projects/stolen-api-services/node_modules/jest-circus/build/run.js:181:40)
    at _runTest (/home/mmittelb/Projects/stolen-api-services/node_modules/jest-circus/build/run.js:158:5)
    at _runTestsForDescribeBlock (/home/mmittelb/Projects/stolen-api-services/node_modules/jest-circus/build/run.js:66:9)
    at _runTestsForDescribeBlock (/home/mmittelb/Projects/stolen-api-services/node_modules/jest-circus/build/run.js:60:9)
    at _runTestsForDescribeBlock (/home/mmittelb/Projects/stolen-api-services/node_modules/jest-circus/build/run.js:60:9)
    at run (/home/mmittelb/Projects/stolen-api-services/node_modules/jest-circus/build/run.js:25:3)</failure>
    </testcase>
    <testcase classname="PhonesService findOne should not find the customer" name="PhonesService findOne should not find the customer" time="0">
      <failure>Error: Status Code is 403 (MongoDB&apos;s 404)
This means that the requested version-platform combination doesn&apos;t exist
  Used Url: &quot;https://fastdl.mongodb.org/linux/mongodb-linux-x86_64-ubuntu2104-5.0.3.tgz&quot;
Try to use different version &apos;new MongoMemoryServer({ binary: { version: &apos;X.Y.Z&apos; } })&apos;
List of available versions can be found here:
  https://www.mongodb.org/dl/linux for Linux
  https://www.mongodb.org/dl/osx for OSX
  https://www.mongodb.org/dl/win32 for Windows
    at ClientRequest.&lt;anonymous&gt; (/home/mmittelb/Projects/stolen-api-services/node_modules/mongodb-memory-server-core/src/util/MongoBinaryDownload.ts:418:17)
    at Object.onceWrapper (events.js:520:26)
    at ClientRequest.emit (events.js:400:28)
    at HTTPParser.parserOnIncomingClient (_http_client.js:647:27)
    at HTTPParser.parserOnHeadersComplete (_http_common.js:126:17)
    at TLSSocket.socketOnData (_http_client.js:515:22)
    at TLSSocket.emit (events.js:400:28)
    at addChunk (internal/streams/readable.js:290:12)
    at readableAddChunk (internal/streams/readable.js:265:9)
    at TLSSocket.Readable.push (internal/streams/readable.js:204:10)</failure>
      <failure>TypeError: Cannot read property &apos;close&apos; of undefined
    at Object.&lt;anonymous&gt; (/home/mmittelb/Projects/stolen-api-services/apps/customer/src/v1/customers-phones/customers-phones.service.spec.ts:76:22)
    at Promise.then.completed (/home/mmittelb/Projects/stolen-api-services/node_modules/jest-circus/build/utils.js:390:28)
    at new Promise (&lt;anonymous&gt;)
    at callAsyncCircusFn (/home/mmittelb/Projects/stolen-api-services/node_modules/jest-circus/build/utils.js:315:10)
    at _callCircusHook (/home/mmittelb/Projects/stolen-api-services/node_modules/jest-circus/build/run.js:181:40)
    at _runTest (/home/mmittelb/Projects/stolen-api-services/node_modules/jest-circus/build/run.js:158:5)
    at _runTestsForDescribeBlock (/home/mmittelb/Projects/stolen-api-services/node_modules/jest-circus/build/run.js:66:9)
    at _runTestsForDescribeBlock (/home/mmittelb/Projects/stolen-api-services/node_modules/jest-circus/build/run.js:60:9)
    at _runTestsForDescribeBlock (/home/mmittelb/Projects/stolen-api-services/node_modules/jest-circus/build/run.js:60:9)
    at run (/home/mmittelb/Projects/stolen-api-services/node_modules/jest-circus/build/run.js:25:3)</failure>
    </testcase>
    <testcase classname="PhonesService findAll should find a doc" name="PhonesService findAll should find a doc" time="0">
      <failure>Error: Status Code is 403 (MongoDB&apos;s 404)
This means that the requested version-platform combination doesn&apos;t exist
  Used Url: &quot;https://fastdl.mongodb.org/linux/mongodb-linux-x86_64-ubuntu2104-5.0.3.tgz&quot;
Try to use different version &apos;new MongoMemoryServer({ binary: { version: &apos;X.Y.Z&apos; } })&apos;
List of available versions can be found here:
  https://www.mongodb.org/dl/linux for Linux
  https://www.mongodb.org/dl/osx for OSX
  https://www.mongodb.org/dl/win32 for Windows
    at ClientRequest.&lt;anonymous&gt; (/home/mmittelb/Projects/stolen-api-services/node_modules/mongodb-memory-server-core/src/util/MongoBinaryDownload.ts:418:17)
    at Object.onceWrapper (events.js:520:26)
    at ClientRequest.emit (events.js:400:28)
    at HTTPParser.parserOnIncomingClient (_http_client.js:647:27)
    at HTTPParser.parserOnHeadersComplete (_http_common.js:126:17)
    at TLSSocket.socketOnData (_http_client.js:515:22)
    at TLSSocket.emit (events.js:400:28)
    at addChunk (internal/streams/readable.js:290:12)
    at readableAddChunk (internal/streams/readable.js:265:9)
    at TLSSocket.Readable.push (internal/streams/readable.js:204:10)</failure>
      <failure>TypeError: Cannot read property &apos;close&apos; of undefined
    at Object.&lt;anonymous&gt; (/home/mmittelb/Projects/stolen-api-services/apps/customer/src/v1/customers-phones/customers-phones.service.spec.ts:76:22)
    at Promise.then.completed (/home/mmittelb/Projects/stolen-api-services/node_modules/jest-circus/build/utils.js:390:28)
    at new Promise (&lt;anonymous&gt;)
    at callAsyncCircusFn (/home/mmittelb/Projects/stolen-api-services/node_modules/jest-circus/build/utils.js:315:10)
    at _callCircusHook (/home/mmittelb/Projects/stolen-api-services/node_modules/jest-circus/build/run.js:181:40)
    at _runTest (/home/mmittelb/Projects/stolen-api-services/node_modules/jest-circus/build/run.js:158:5)
    at _runTestsForDescribeBlock (/home/mmittelb/Projects/stolen-api-services/node_modules/jest-circus/build/run.js:66:9)
    at _runTestsForDescribeBlock (/home/mmittelb/Projects/stolen-api-services/node_modules/jest-circus/build/run.js:60:9)
    at _runTestsForDescribeBlock (/home/mmittelb/Projects/stolen-api-services/node_modules/jest-circus/build/run.js:60:9)
    at run (/home/mmittelb/Projects/stolen-api-services/node_modules/jest-circus/build/run.js:25:3)</failure>
    </testcase>
    <testcase classname="PhonesService findAll should return an empty array" name="PhonesService findAll should return an empty array" time="0">
      <failure>Error: Status Code is 403 (MongoDB&apos;s 404)
This means that the requested version-platform combination doesn&apos;t exist
  Used Url: &quot;https://fastdl.mongodb.org/linux/mongodb-linux-x86_64-ubuntu2104-5.0.3.tgz&quot;
Try to use different version &apos;new MongoMemoryServer({ binary: { version: &apos;X.Y.Z&apos; } })&apos;
List of available versions can be found here:
  https://www.mongodb.org/dl/linux for Linux
  https://www.mongodb.org/dl/osx for OSX
  https://www.mongodb.org/dl/win32 for Windows
    at ClientRequest.&lt;anonymous&gt; (/home/mmittelb/Projects/stolen-api-services/node_modules/mongodb-memory-server-core/src/util/MongoBinaryDownload.ts:418:17)
    at Object.onceWrapper (events.js:520:26)
    at ClientRequest.emit (events.js:400:28)
    at HTTPParser.parserOnIncomingClient (_http_client.js:647:27)
    at HTTPParser.parserOnHeadersComplete (_http_common.js:126:17)
    at TLSSocket.socketOnData (_http_client.js:515:22)
    at TLSSocket.emit (events.js:400:28)
    at addChunk (internal/streams/readable.js:290:12)
    at readableAddChunk (internal/streams/readable.js:265:9)
    at TLSSocket.Readable.push (internal/streams/readable.js:204:10)</failure>
      <failure>TypeError: Cannot read property &apos;close&apos; of undefined
    at Object.&lt;anonymous&gt; (/home/mmittelb/Projects/stolen-api-services/apps/customer/src/v1/customers-phones/customers-phones.service.spec.ts:76:22)
    at Promise.then.completed (/home/mmittelb/Projects/stolen-api-services/node_modules/jest-circus/build/utils.js:390:28)
    at new Promise (&lt;anonymous&gt;)
    at callAsyncCircusFn (/home/mmittelb/Projects/stolen-api-services/node_modules/jest-circus/build/utils.js:315:10)
    at _callCircusHook (/home/mmittelb/Projects/stolen-api-services/node_modules/jest-circus/build/run.js:181:40)
    at _runTest (/home/mmittelb/Projects/stolen-api-services/node_modules/jest-circus/build/run.js:158:5)
    at _runTestsForDescribeBlock (/home/mmittelb/Projects/stolen-api-services/node_modules/jest-circus/build/run.js:66:9)
    at _runTestsForDescribeBlock (/home/mmittelb/Projects/stolen-api-services/node_modules/jest-circus/build/run.js:60:9)
    at _runTestsForDescribeBlock (/home/mmittelb/Projects/stolen-api-services/node_modules/jest-circus/build/run.js:60:9)
    at run (/home/mmittelb/Projects/stolen-api-services/node_modules/jest-circus/build/run.js:25:3)</failure>
    </testcase>
    <testcase classname="PhonesService findAll should not find the customer" name="PhonesService findAll should not find the customer" time="0">
      <failure>Error: Status Code is 403 (MongoDB&apos;s 404)
This means that the requested version-platform combination doesn&apos;t exist
  Used Url: &quot;https://fastdl.mongodb.org/linux/mongodb-linux-x86_64-ubuntu2104-5.0.3.tgz&quot;
Try to use different version &apos;new MongoMemoryServer({ binary: { version: &apos;X.Y.Z&apos; } })&apos;
List of available versions can be found here:
  https://www.mongodb.org/dl/linux for Linux
  https://www.mongodb.org/dl/osx for OSX
  https://www.mongodb.org/dl/win32 for Windows
    at ClientRequest.&lt;anonymous&gt; (/home/mmittelb/Projects/stolen-api-services/node_modules/mongodb-memory-server-core/src/util/MongoBinaryDownload.ts:418:17)
    at Object.onceWrapper (events.js:520:26)
    at ClientRequest.emit (events.js:400:28)
    at HTTPParser.parserOnIncomingClient (_http_client.js:647:27)
    at HTTPParser.parserOnHeadersComplete (_http_common.js:126:17)
    at TLSSocket.socketOnData (_http_client.js:515:22)
    at TLSSocket.emit (events.js:400:28)
    at addChunk (internal/streams/readable.js:290:12)
    at readableAddChunk (internal/streams/readable.js:265:9)
    at TLSSocket.Readable.push (internal/streams/readable.js:204:10)</failure>
      <failure>TypeError: Cannot read property &apos;close&apos; of undefined
    at Object.&lt;anonymous&gt; (/home/mmittelb/Projects/stolen-api-services/apps/customer/src/v1/customers-phones/customers-phones.service.spec.ts:76:22)
    at Promise.then.completed (/home/mmittelb/Projects/stolen-api-services/node_modules/jest-circus/build/utils.js:390:28)
    at new Promise (&lt;anonymous&gt;)
    at callAsyncCircusFn (/home/mmittelb/Projects/stolen-api-services/node_modules/jest-circus/build/utils.js:315:10)
    at _callCircusHook (/home/mmittelb/Projects/stolen-api-services/node_modules/jest-circus/build/run.js:181:40)
    at _runTest (/home/mmittelb/Projects/stolen-api-services/node_modules/jest-circus/build/run.js:158:5)
    at _runTestsForDescribeBlock (/home/mmittelb/Projects/stolen-api-services/node_modules/jest-circus/build/run.js:66:9)
    at _runTestsForDescribeBlock (/home/mmittelb/Projects/stolen-api-services/node_modules/jest-circus/build/run.js:60:9)
    at _runTestsForDescribeBlock (/home/mmittelb/Projects/stolen-api-services/node_modules/jest-circus/build/run.js:60:9)
    at run (/home/mmittelb/Projects/stolen-api-services/node_modules/jest-circus/build/run.js:25:3)</failure>
    </testcase>
    <testcase classname="PhonesService remove should remove a doc" name="PhonesService remove should remove a doc" time="0">
      <failure>Error: Status Code is 403 (MongoDB&apos;s 404)
This means that the requested version-platform combination doesn&apos;t exist
  Used Url: &quot;https://fastdl.mongodb.org/linux/mongodb-linux-x86_64-ubuntu2104-5.0.3.tgz&quot;
Try to use different version &apos;new MongoMemoryServer({ binary: { version: &apos;X.Y.Z&apos; } })&apos;
List of available versions can be found here:
  https://www.mongodb.org/dl/linux for Linux
  https://www.mongodb.org/dl/osx for OSX
  https://www.mongodb.org/dl/win32 for Windows
    at ClientRequest.&lt;anonymous&gt; (/home/mmittelb/Projects/stolen-api-services/node_modules/mongodb-memory-server-core/src/util/MongoBinaryDownload.ts:418:17)
    at Object.onceWrapper (events.js:520:26)
    at ClientRequest.emit (events.js:400:28)
    at HTTPParser.parserOnIncomingClient (_http_client.js:647:27)
    at HTTPParser.parserOnHeadersComplete (_http_common.js:126:17)
    at TLSSocket.socketOnData (_http_client.js:515:22)
    at TLSSocket.emit (events.js:400:28)
    at addChunk (internal/streams/readable.js:290:12)
    at readableAddChunk (internal/streams/readable.js:265:9)
    at TLSSocket.Readable.push (internal/streams/readable.js:204:10)</failure>
      <failure>TypeError: Cannot read property &apos;close&apos; of undefined
    at Object.&lt;anonymous&gt; (/home/mmittelb/Projects/stolen-api-services/apps/customer/src/v1/customers-phones/customers-phones.service.spec.ts:76:22)
    at Promise.then.completed (/home/mmittelb/Projects/stolen-api-services/node_modules/jest-circus/build/utils.js:390:28)
    at new Promise (&lt;anonymous&gt;)
    at callAsyncCircusFn (/home/mmittelb/Projects/stolen-api-services/node_modules/jest-circus/build/utils.js:315:10)
    at _callCircusHook (/home/mmittelb/Projects/stolen-api-services/node_modules/jest-circus/build/run.js:181:40)
    at _runTest (/home/mmittelb/Projects/stolen-api-services/node_modules/jest-circus/build/run.js:158:5)
    at _runTestsForDescribeBlock (/home/mmittelb/Projects/stolen-api-services/node_modules/jest-circus/build/run.js:66:9)
    at _runTestsForDescribeBlock (/home/mmittelb/Projects/stolen-api-services/node_modules/jest-circus/build/run.js:60:9)
    at _runTestsForDescribeBlock (/home/mmittelb/Projects/stolen-api-services/node_modules/jest-circus/build/run.js:60:9)
    at run (/home/mmittelb/Projects/stolen-api-services/node_modules/jest-circus/build/run.js:25:3)</failure>
    </testcase>
    <testcase classname="PhonesService remove should not find the customer" name="PhonesService remove should not find the customer" time="0">
      <failure>Error: Status Code is 403 (MongoDB&apos;s 404)
This means that the requested version-platform combination doesn&apos;t exist
  Used Url: &quot;https://fastdl.mongodb.org/linux/mongodb-linux-x86_64-ubuntu2104-5.0.3.tgz&quot;
Try to use different version &apos;new MongoMemoryServer({ binary: { version: &apos;X.Y.Z&apos; } })&apos;
List of available versions can be found here:
  https://www.mongodb.org/dl/linux for Linux
  https://www.mongodb.org/dl/osx for OSX
  https://www.mongodb.org/dl/win32 for Windows
    at ClientRequest.&lt;anonymous&gt; (/home/mmittelb/Projects/stolen-api-services/node_modules/mongodb-memory-server-core/src/util/MongoBinaryDownload.ts:418:17)
    at Object.onceWrapper (events.js:520:26)
    at ClientRequest.emit (events.js:400:28)
    at HTTPParser.parserOnIncomingClient (_http_client.js:647:27)
    at HTTPParser.parserOnHeadersComplete (_http_common.js:126:17)
    at TLSSocket.socketOnData (_http_client.js:515:22)
    at TLSSocket.emit (events.js:400:28)
    at addChunk (internal/streams/readable.js:290:12)
    at readableAddChunk (internal/streams/readable.js:265:9)
    at TLSSocket.Readable.push (internal/streams/readable.js:204:10)</failure>
      <failure>TypeError: Cannot read property &apos;close&apos; of undefined
    at Object.&lt;anonymous&gt; (/home/mmittelb/Projects/stolen-api-services/apps/customer/src/v1/customers-phones/customers-phones.service.spec.ts:76:22)
    at Promise.then.completed (/home/mmittelb/Projects/stolen-api-services/node_modules/jest-circus/build/utils.js:390:28)
    at new Promise (&lt;anonymous&gt;)
    at callAsyncCircusFn (/home/mmittelb/Projects/stolen-api-services/node_modules/jest-circus/build/utils.js:315:10)
    at _callCircusHook (/home/mmittelb/Projects/stolen-api-services/node_modules/jest-circus/build/run.js:181:40)
    at _runTest (/home/mmittelb/Projects/stolen-api-services/node_modules/jest-circus/build/run.js:158:5)
    at _runTestsForDescribeBlock (/home/mmittelb/Projects/stolen-api-services/node_modules/jest-circus/build/run.js:66:9)
    at _runTestsForDescribeBlock (/home/mmittelb/Projects/stolen-api-services/node_modules/jest-circus/build/run.js:60:9)
    at _runTestsForDescribeBlock (/home/mmittelb/Projects/stolen-api-services/node_modules/jest-circus/build/run.js:60:9)
    at run (/home/mmittelb/Projects/stolen-api-services/node_modules/jest-circus/build/run.js:25:3)</failure>
    </testcase>
    <testcase classname="PhonesService removeByCustomer should remove all docs" name="PhonesService removeByCustomer should remove all docs" time="0">
      <failure>Error: Status Code is 403 (MongoDB&apos;s 404)
This means that the requested version-platform combination doesn&apos;t exist
  Used Url: &quot;https://fastdl.mongodb.org/linux/mongodb-linux-x86_64-ubuntu2104-5.0.3.tgz&quot;
Try to use different version &apos;new MongoMemoryServer({ binary: { version: &apos;X.Y.Z&apos; } })&apos;
List of available versions can be found here:
  https://www.mongodb.org/dl/linux for Linux
  https://www.mongodb.org/dl/osx for OSX
  https://www.mongodb.org/dl/win32 for Windows
    at ClientRequest.&lt;anonymous&gt; (/home/mmittelb/Projects/stolen-api-services/node_modules/mongodb-memory-server-core/src/util/MongoBinaryDownload.ts:418:17)
    at Object.onceWrapper (events.js:520:26)
    at ClientRequest.emit (events.js:400:28)
    at HTTPParser.parserOnIncomingClient (_http_client.js:647:27)
    at HTTPParser.parserOnHeadersComplete (_http_common.js:126:17)
    at TLSSocket.socketOnData (_http_client.js:515:22)
    at TLSSocket.emit (events.js:400:28)
    at addChunk (internal/streams/readable.js:290:12)
    at readableAddChunk (internal/streams/readable.js:265:9)
    at TLSSocket.Readable.push (internal/streams/readable.js:204:10)</failure>
      <failure>TypeError: Cannot read property &apos;close&apos; of undefined
    at Object.&lt;anonymous&gt; (/home/mmittelb/Projects/stolen-api-services/apps/customer/src/v1/customers-phones/customers-phones.service.spec.ts:76:22)
    at Promise.then.completed (/home/mmittelb/Projects/stolen-api-services/node_modules/jest-circus/build/utils.js:390:28)
    at new Promise (&lt;anonymous&gt;)
    at callAsyncCircusFn (/home/mmittelb/Projects/stolen-api-services/node_modules/jest-circus/build/utils.js:315:10)
    at _callCircusHook (/home/mmittelb/Projects/stolen-api-services/node_modules/jest-circus/build/run.js:181:40)
    at _runTest (/home/mmittelb/Projects/stolen-api-services/node_modules/jest-circus/build/run.js:158:5)
    at _runTestsForDescribeBlock (/home/mmittelb/Projects/stolen-api-services/node_modules/jest-circus/build/run.js:66:9)
    at _runTestsForDescribeBlock (/home/mmittelb/Projects/stolen-api-services/node_modules/jest-circus/build/run.js:60:9)
    at _runTestsForDescribeBlock (/home/mmittelb/Projects/stolen-api-services/node_modules/jest-circus/build/run.js:60:9)
    at run (/home/mmittelb/Projects/stolen-api-services/node_modules/jest-circus/build/run.js:25:3)</failure>
    </testcase>
    <testcase classname="PhonesService create should return a new doc" name="PhonesService create should return a new doc" time="0">
      <failure>Error: Status Code is 403 (MongoDB&apos;s 404)
This means that the requested version-platform combination doesn&apos;t exist
  Used Url: &quot;https://fastdl.mongodb.org/linux/mongodb-linux-x86_64-ubuntu2104-5.0.3.tgz&quot;
Try to use different version &apos;new MongoMemoryServer({ binary: { version: &apos;X.Y.Z&apos; } })&apos;
List of available versions can be found here:
  https://www.mongodb.org/dl/linux for Linux
  https://www.mongodb.org/dl/osx for OSX
  https://www.mongodb.org/dl/win32 for Windows
    at ClientRequest.&lt;anonymous&gt; (/home/mmittelb/Projects/stolen-api-services/node_modules/mongodb-memory-server-core/src/util/MongoBinaryDownload.ts:418:17)
    at Object.onceWrapper (events.js:520:26)
    at ClientRequest.emit (events.js:400:28)
    at HTTPParser.parserOnIncomingClient (_http_client.js:647:27)
    at HTTPParser.parserOnHeadersComplete (_http_common.js:126:17)
    at TLSSocket.socketOnData (_http_client.js:515:22)
    at TLSSocket.emit (events.js:400:28)
    at addChunk (internal/streams/readable.js:290:12)
    at readableAddChunk (internal/streams/readable.js:265:9)
    at TLSSocket.Readable.push (internal/streams/readable.js:204:10)</failure>
      <failure>TypeError: Cannot read property &apos;close&apos; of undefined
    at Object.&lt;anonymous&gt; (/home/mmittelb/Projects/stolen-api-services/apps/customer/src/v1/customers-phones/customers-phones.service.spec.ts:76:22)
    at Promise.then.completed (/home/mmittelb/Projects/stolen-api-services/node_modules/jest-circus/build/utils.js:390:28)
    at new Promise (&lt;anonymous&gt;)
    at callAsyncCircusFn (/home/mmittelb/Projects/stolen-api-services/node_modules/jest-circus/build/utils.js:315:10)
    at _callCircusHook (/home/mmittelb/Projects/stolen-api-services/node_modules/jest-circus/build/run.js:181:40)
    at _runTest (/home/mmittelb/Projects/stolen-api-services/node_modules/jest-circus/build/run.js:158:5)
    at _runTestsForDescribeBlock (/home/mmittelb/Projects/stolen-api-services/node_modules/jest-circus/build/run.js:66:9)
    at _runTestsForDescribeBlock (/home/mmittelb/Projects/stolen-api-services/node_modules/jest-circus/build/run.js:60:9)
    at _runTestsForDescribeBlock (/home/mmittelb/Projects/stolen-api-services/node_modules/jest-circus/build/run.js:60:9)
    at run (/home/mmittelb/Projects/stolen-api-services/node_modules/jest-circus/build/run.js:25:3)</failure>
    </testcase>
    <testcase classname="PhonesService create should not find the customer" name="PhonesService create should not find the customer" time="0">
      <failure>Error: Status Code is 403 (MongoDB&apos;s 404)
This means that the requested version-platform combination doesn&apos;t exist
  Used Url: &quot;https://fastdl.mongodb.org/linux/mongodb-linux-x86_64-ubuntu2104-5.0.3.tgz&quot;
Try to use different version &apos;new MongoMemoryServer({ binary: { version: &apos;X.Y.Z&apos; } })&apos;
List of available versions can be found here:
  https://www.mongodb.org/dl/linux for Linux
  https://www.mongodb.org/dl/osx for OSX
  https://www.mongodb.org/dl/win32 for Windows
    at ClientRequest.&lt;anonymous&gt; (/home/mmittelb/Projects/stolen-api-services/node_modules/mongodb-memory-server-core/src/util/MongoBinaryDownload.ts:418:17)
    at Object.onceWrapper (events.js:520:26)
    at ClientRequest.emit (events.js:400:28)
    at HTTPParser.parserOnIncomingClient (_http_client.js:647:27)
    at HTTPParser.parserOnHeadersComplete (_http_common.js:126:17)
    at TLSSocket.socketOnData (_http_client.js:515:22)
    at TLSSocket.emit (events.js:400:28)
    at addChunk (internal/streams/readable.js:290:12)
    at readableAddChunk (internal/streams/readable.js:265:9)
    at TLSSocket.Readable.push (internal/streams/readable.js:204:10)</failure>
      <failure>TypeError: Cannot read property &apos;close&apos; of undefined
    at Object.&lt;anonymous&gt; (/home/mmittelb/Projects/stolen-api-services/apps/customer/src/v1/customers-phones/customers-phones.service.spec.ts:76:22)
    at Promise.then.completed (/home/mmittelb/Projects/stolen-api-services/node_modules/jest-circus/build/utils.js:390:28)
    at new Promise (&lt;anonymous&gt;)
    at callAsyncCircusFn (/home/mmittelb/Projects/stolen-api-services/node_modules/jest-circus/build/utils.js:315:10)
    at _callCircusHook (/home/mmittelb/Projects/stolen-api-services/node_modules/jest-circus/build/run.js:181:40)
    at _runTest (/home/mmittelb/Projects/stolen-api-services/node_modules/jest-circus/build/run.js:158:5)
    at _runTestsForDescribeBlock (/home/mmittelb/Projects/stolen-api-services/node_modules/jest-circus/build/run.js:66:9)
    at _runTestsForDescribeBlock (/home/mmittelb/Projects/stolen-api-services/node_modules/jest-circus/build/run.js:60:9)
    at _runTestsForDescribeBlock (/home/mmittelb/Projects/stolen-api-services/node_modules/jest-circus/build/run.js:60:9)
    at run (/home/mmittelb/Projects/stolen-api-services/node_modules/jest-circus/build/run.js:25:3)</failure>
    </testcase>
    <testcase classname="PhonesService update should not find the customer" name="PhonesService update should not find the customer" time="0">
      <failure>Error: Status Code is 403 (MongoDB&apos;s 404)
This means that the requested version-platform combination doesn&apos;t exist
  Used Url: &quot;https://fastdl.mongodb.org/linux/mongodb-linux-x86_64-ubuntu2104-5.0.3.tgz&quot;
Try to use different version &apos;new MongoMemoryServer({ binary: { version: &apos;X.Y.Z&apos; } })&apos;
List of available versions can be found here:
  https://www.mongodb.org/dl/linux for Linux
  https://www.mongodb.org/dl/osx for OSX
  https://www.mongodb.org/dl/win32 for Windows
    at ClientRequest.&lt;anonymous&gt; (/home/mmittelb/Projects/stolen-api-services/node_modules/mongodb-memory-server-core/src/util/MongoBinaryDownload.ts:418:17)
    at Object.onceWrapper (events.js:520:26)
    at ClientRequest.emit (events.js:400:28)
    at HTTPParser.parserOnIncomingClient (_http_client.js:647:27)
    at HTTPParser.parserOnHeadersComplete (_http_common.js:126:17)
    at TLSSocket.socketOnData (_http_client.js:515:22)
    at TLSSocket.emit (events.js:400:28)
    at addChunk (internal/streams/readable.js:290:12)
    at readableAddChunk (internal/streams/readable.js:265:9)
    at TLSSocket.Readable.push (internal/streams/readable.js:204:10)</failure>
      <failure>TypeError: Cannot read property &apos;close&apos; of undefined
    at Object.&lt;anonymous&gt; (/home/mmittelb/Projects/stolen-api-services/apps/customer/src/v1/customers-phones/customers-phones.service.spec.ts:76:22)
    at Promise.then.completed (/home/mmittelb/Projects/stolen-api-services/node_modules/jest-circus/build/utils.js:390:28)
    at new Promise (&lt;anonymous&gt;)
    at callAsyncCircusFn (/home/mmittelb/Projects/stolen-api-services/node_modules/jest-circus/build/utils.js:315:10)
    at _callCircusHook (/home/mmittelb/Projects/stolen-api-services/node_modules/jest-circus/build/run.js:181:40)
    at _runTest (/home/mmittelb/Projects/stolen-api-services/node_modules/jest-circus/build/run.js:158:5)
    at _runTestsForDescribeBlock (/home/mmittelb/Projects/stolen-api-services/node_modules/jest-circus/build/run.js:66:9)
    at _runTestsForDescribeBlock (/home/mmittelb/Projects/stolen-api-services/node_modules/jest-circus/build/run.js:60:9)
    at _runTestsForDescribeBlock (/home/mmittelb/Projects/stolen-api-services/node_modules/jest-circus/build/run.js:60:9)
    at run (/home/mmittelb/Projects/stolen-api-services/node_modules/jest-circus/build/run.js:25:3)</failure>
    </testcase>
    <testcase classname="PhonesService update should not find the phone" name="PhonesService update should not find the phone" time="0">
      <failure>Error: Status Code is 403 (MongoDB&apos;s 404)
This means that the requested version-platform combination doesn&apos;t exist
  Used Url: &quot;https://fastdl.mongodb.org/linux/mongodb-linux-x86_64-ubuntu2104-5.0.3.tgz&quot;
Try to use different version &apos;new MongoMemoryServer({ binary: { version: &apos;X.Y.Z&apos; } })&apos;
List of available versions can be found here:
  https://www.mongodb.org/dl/linux for Linux
  https://www.mongodb.org/dl/osx for OSX
  https://www.mongodb.org/dl/win32 for Windows
    at ClientRequest.&lt;anonymous&gt; (/home/mmittelb/Projects/stolen-api-services/node_modules/mongodb-memory-server-core/src/util/MongoBinaryDownload.ts:418:17)
    at Object.onceWrapper (events.js:520:26)
    at ClientRequest.emit (events.js:400:28)
    at HTTPParser.parserOnIncomingClient (_http_client.js:647:27)
    at HTTPParser.parserOnHeadersComplete (_http_common.js:126:17)
    at TLSSocket.socketOnData (_http_client.js:515:22)
    at TLSSocket.emit (events.js:400:28)
    at addChunk (internal/streams/readable.js:290:12)
    at readableAddChunk (internal/streams/readable.js:265:9)
    at TLSSocket.Readable.push (internal/streams/readable.js:204:10)</failure>
      <failure>TypeError: Cannot read property &apos;close&apos; of undefined
    at Object.&lt;anonymous&gt; (/home/mmittelb/Projects/stolen-api-services/apps/customer/src/v1/customers-phones/customers-phones.service.spec.ts:76:22)
    at Promise.then.completed (/home/mmittelb/Projects/stolen-api-services/node_modules/jest-circus/build/utils.js:390:28)
    at new Promise (&lt;anonymous&gt;)
    at callAsyncCircusFn (/home/mmittelb/Projects/stolen-api-services/node_modules/jest-circus/build/utils.js:315:10)
    at _callCircusHook (/home/mmittelb/Projects/stolen-api-services/node_modules/jest-circus/build/run.js:181:40)
    at _runTest (/home/mmittelb/Projects/stolen-api-services/node_modules/jest-circus/build/run.js:158:5)
    at _runTestsForDescribeBlock (/home/mmittelb/Projects/stolen-api-services/node_modules/jest-circus/build/run.js:66:9)
    at _runTestsForDescribeBlock (/home/mmittelb/Projects/stolen-api-services/node_modules/jest-circus/build/run.js:60:9)
    at _runTestsForDescribeBlock (/home/mmittelb/Projects/stolen-api-services/node_modules/jest-circus/build/run.js:60:9)
    at run (/home/mmittelb/Projects/stolen-api-services/node_modules/jest-circus/build/run.js:25:3)</failure>
    </testcase>
    <testcase classname="PhonesService update should have a version conflict" name="PhonesService update should have a version conflict" time="0">
      <failure>Error: Status Code is 403 (MongoDB&apos;s 404)
This means that the requested version-platform combination doesn&apos;t exist
  Used Url: &quot;https://fastdl.mongodb.org/linux/mongodb-linux-x86_64-ubuntu2104-5.0.3.tgz&quot;
Try to use different version &apos;new MongoMemoryServer({ binary: { version: &apos;X.Y.Z&apos; } })&apos;
List of available versions can be found here:
  https://www.mongodb.org/dl/linux for Linux
  https://www.mongodb.org/dl/osx for OSX
  https://www.mongodb.org/dl/win32 for Windows
    at ClientRequest.&lt;anonymous&gt; (/home/mmittelb/Projects/stolen-api-services/node_modules/mongodb-memory-server-core/src/util/MongoBinaryDownload.ts:418:17)
    at Object.onceWrapper (events.js:520:26)
    at ClientRequest.emit (events.js:400:28)
    at HTTPParser.parserOnIncomingClient (_http_client.js:647:27)
    at HTTPParser.parserOnHeadersComplete (_http_common.js:126:17)
    at TLSSocket.socketOnData (_http_client.js:515:22)
    at TLSSocket.emit (events.js:400:28)
    at addChunk (internal/streams/readable.js:290:12)
    at readableAddChunk (internal/streams/readable.js:265:9)
    at TLSSocket.Readable.push (internal/streams/readable.js:204:10)</failure>
      <failure>TypeError: Cannot read property &apos;close&apos; of undefined
    at Object.&lt;anonymous&gt; (/home/mmittelb/Projects/stolen-api-services/apps/customer/src/v1/customers-phones/customers-phones.service.spec.ts:76:22)
    at Promise.then.completed (/home/mmittelb/Projects/stolen-api-services/node_modules/jest-circus/build/utils.js:390:28)
    at new Promise (&lt;anonymous&gt;)
    at callAsyncCircusFn (/home/mmittelb/Projects/stolen-api-services/node_modules/jest-circus/build/utils.js:315:10)
    at _callCircusHook (/home/mmittelb/Projects/stolen-api-services/node_modules/jest-circus/build/run.js:181:40)
    at _runTest (/home/mmittelb/Projects/stolen-api-services/node_modules/jest-circus/build/run.js:158:5)
    at _runTestsForDescribeBlock (/home/mmittelb/Projects/stolen-api-services/node_modules/jest-circus/build/run.js:66:9)
    at _runTestsForDescribeBlock (/home/mmittelb/Projects/stolen-api-services/node_modules/jest-circus/build/run.js:60:9)
    at _runTestsForDescribeBlock (/home/mmittelb/Projects/stolen-api-services/node_modules/jest-circus/build/run.js:60:9)
    at run (/home/mmittelb/Projects/stolen-api-services/node_modules/jest-circus/build/run.js:25:3)</failure>
    </testcase>
    <testcase classname="PhonesService update should succeed" name="PhonesService update should succeed" time="0.001">
      <failure>Error: Status Code is 403 (MongoDB&apos;s 404)
This means that the requested version-platform combination doesn&apos;t exist
  Used Url: &quot;https://fastdl.mongodb.org/linux/mongodb-linux-x86_64-ubuntu2104-5.0.3.tgz&quot;
Try to use different version &apos;new MongoMemoryServer({ binary: { version: &apos;X.Y.Z&apos; } })&apos;
List of available versions can be found here:
  https://www.mongodb.org/dl/linux for Linux
  https://www.mongodb.org/dl/osx for OSX
  https://www.mongodb.org/dl/win32 for Windows
    at ClientRequest.&lt;anonymous&gt; (/home/mmittelb/Projects/stolen-api-services/node_modules/mongodb-memory-server-core/src/util/MongoBinaryDownload.ts:418:17)
    at Object.onceWrapper (events.js:520:26)
    at ClientRequest.emit (events.js:400:28)
    at HTTPParser.parserOnIncomingClient (_http_client.js:647:27)
    at HTTPParser.parserOnHeadersComplete (_http_common.js:126:17)
    at TLSSocket.socketOnData (_http_client.js:515:22)
    at TLSSocket.emit (events.js:400:28)
    at addChunk (internal/streams/readable.js:290:12)
    at readableAddChunk (internal/streams/readable.js:265:9)
    at TLSSocket.Readable.push (internal/streams/readable.js:204:10)</failure>
      <failure>TypeError: Cannot read property &apos;close&apos; of undefined
    at Object.&lt;anonymous&gt; (/home/mmittelb/Projects/stolen-api-services/apps/customer/src/v1/customers-phones/customers-phones.service.spec.ts:76:22)
    at Promise.then.completed (/home/mmittelb/Projects/stolen-api-services/node_modules/jest-circus/build/utils.js:390:28)
    at new Promise (&lt;anonymous&gt;)
    at callAsyncCircusFn (/home/mmittelb/Projects/stolen-api-services/node_modules/jest-circus/build/utils.js:315:10)
    at _callCircusHook (/home/mmittelb/Projects/stolen-api-services/node_modules/jest-circus/build/run.js:181:40)
    at _runTest (/home/mmittelb/Projects/stolen-api-services/node_modules/jest-circus/build/run.js:158:5)
    at _runTestsForDescribeBlock (/home/mmittelb/Projects/stolen-api-services/node_modules/jest-circus/build/run.js:66:9)
    at _runTestsForDescribeBlock (/home/mmittelb/Projects/stolen-api-services/node_modules/jest-circus/build/run.js:60:9)
    at _runTestsForDescribeBlock (/home/mmittelb/Projects/stolen-api-services/node_modules/jest-circus/build/run.js:60:9)
    at run (/home/mmittelb/Projects/stolen-api-services/node_modules/jest-circus/build/run.js:25:3)</failure>
    </testcase>
  </testsuite>
  <testsuite name="CustomerController (e2e)" errors="0" failures="1" skipped="0" timestamp="2021-12-13T16:21:51" time="2.481" tests="1">
    <testcase classname="CustomerController (e2e) /health (GET)" name="CustomerController (e2e) /health (GET)" time="0.343">
      <failure>Error: thrown: Object {
  &quot;err&quot;: [TypeError: Cannot read property &apos;heartbeat&apos; of undefined],
}
    at /home/mmittelb/Projects/stolen-api-services/apps/customer/test/app.e2e-spec.ts:28:3
    at _dispatchDescribe (/home/mmittelb/Projects/stolen-api-services/node_modules/jest-circus/build/index.js:97:26)
    at describe (/home/mmittelb/Projects/stolen-api-services/node_modules/jest-circus/build/index.js:60:5)
    at Object.&lt;anonymous&gt; (/home/mmittelb/Projects/stolen-api-services/apps/customer/test/app.e2e-spec.ts:12:1)
    at Runtime._execModule (/home/mmittelb/Projects/stolen-api-services/node_modules/jest-runtime/build/index.js:1646:24)
    at Runtime._loadModule (/home/mmittelb/Projects/stolen-api-services/node_modules/jest-runtime/build/index.js:1185:12)
    at Runtime.requireModule (/home/mmittelb/Projects/stolen-api-services/node_modules/jest-runtime/build/index.js:1009:12)
    at jestAdapter (/home/mmittelb/Projects/stolen-api-services/node_modules/jest-circus/build/legacy-code-todo-rewrite/jestAdapter.js:79:13)
    at runTestInternal (/home/mmittelb/Projects/stolen-api-services/node_modules/jest-runner/build/runTest.js:389:16)
    at runTest (/home/mmittelb/Projects/stolen-api-services/node_modules/jest-runner/build/runTest.js:475:34)</failure>
    </testcase>
  </testsuite>
  <testsuite name="AddressesService" errors="0" failures="15" skipped="0" timestamp="2021-12-13T16:21:54" time="1.403" tests="15">
    <testcase classname="AddressesService findOne should find a doc" name="AddressesService findOne should find a doc" time="0">
      <failure>Error: Status Code is 403 (MongoDB&apos;s 404)
This means that the requested version-platform combination doesn&apos;t exist
  Used Url: &quot;https://fastdl.mongodb.org/linux/mongodb-linux-x86_64-ubuntu2104-5.0.3.tgz&quot;
Try to use different version &apos;new MongoMemoryServer({ binary: { version: &apos;X.Y.Z&apos; } })&apos;
List of available versions can be found here:
  https://www.mongodb.org/dl/linux for Linux
  https://www.mongodb.org/dl/osx for OSX
  https://www.mongodb.org/dl/win32 for Windows
    at ClientRequest.&lt;anonymous&gt; (/home/mmittelb/Projects/stolen-api-services/node_modules/mongodb-memory-server-core/src/util/MongoBinaryDownload.ts:418:17)
    at Object.onceWrapper (events.js:520:26)
    at ClientRequest.emit (events.js:400:28)
    at HTTPParser.parserOnIncomingClient (_http_client.js:647:27)
    at HTTPParser.parserOnHeadersComplete (_http_common.js:126:17)
    at TLSSocket.socketOnData (_http_client.js:515:22)
    at TLSSocket.emit (events.js:400:28)
    at addChunk (internal/streams/readable.js:290:12)
    at readableAddChunk (internal/streams/readable.js:265:9)
    at TLSSocket.Readable.push (internal/streams/readable.js:204:10)</failure>
      <failure>TypeError: Cannot read property &apos;close&apos; of undefined
    at Object.&lt;anonymous&gt; (/home/mmittelb/Projects/stolen-api-services/apps/customer/src/v1/customers-addresses/customers-addresses.service.spec.ts:78:22)
    at Promise.then.completed (/home/mmittelb/Projects/stolen-api-services/node_modules/jest-circus/build/utils.js:390:28)
    at new Promise (&lt;anonymous&gt;)
    at callAsyncCircusFn (/home/mmittelb/Projects/stolen-api-services/node_modules/jest-circus/build/utils.js:315:10)
    at _callCircusHook (/home/mmittelb/Projects/stolen-api-services/node_modules/jest-circus/build/run.js:181:40)
    at _runTest (/home/mmittelb/Projects/stolen-api-services/node_modules/jest-circus/build/run.js:158:5)
    at _runTestsForDescribeBlock (/home/mmittelb/Projects/stolen-api-services/node_modules/jest-circus/build/run.js:66:9)
    at _runTestsForDescribeBlock (/home/mmittelb/Projects/stolen-api-services/node_modules/jest-circus/build/run.js:60:9)
    at _runTestsForDescribeBlock (/home/mmittelb/Projects/stolen-api-services/node_modules/jest-circus/build/run.js:60:9)
    at run (/home/mmittelb/Projects/stolen-api-services/node_modules/jest-circus/build/run.js:25:3)</failure>
    </testcase>
    <testcase classname="AddressesService findOne should not find the doc" name="AddressesService findOne should not find the doc" time="0">
      <failure>Error: Status Code is 403 (MongoDB&apos;s 404)
This means that the requested version-platform combination doesn&apos;t exist
  Used Url: &quot;https://fastdl.mongodb.org/linux/mongodb-linux-x86_64-ubuntu2104-5.0.3.tgz&quot;
Try to use different version &apos;new MongoMemoryServer({ binary: { version: &apos;X.Y.Z&apos; } })&apos;
List of available versions can be found here:
  https://www.mongodb.org/dl/linux for Linux
  https://www.mongodb.org/dl/osx for OSX
  https://www.mongodb.org/dl/win32 for Windows
    at ClientRequest.&lt;anonymous&gt; (/home/mmittelb/Projects/stolen-api-services/node_modules/mongodb-memory-server-core/src/util/MongoBinaryDownload.ts:418:17)
    at Object.onceWrapper (events.js:520:26)
    at ClientRequest.emit (events.js:400:28)
    at HTTPParser.parserOnIncomingClient (_http_client.js:647:27)
    at HTTPParser.parserOnHeadersComplete (_http_common.js:126:17)
    at TLSSocket.socketOnData (_http_client.js:515:22)
    at TLSSocket.emit (events.js:400:28)
    at addChunk (internal/streams/readable.js:290:12)
    at readableAddChunk (internal/streams/readable.js:265:9)
    at TLSSocket.Readable.push (internal/streams/readable.js:204:10)</failure>
      <failure>TypeError: Cannot read property &apos;close&apos; of undefined
    at Object.&lt;anonymous&gt; (/home/mmittelb/Projects/stolen-api-services/apps/customer/src/v1/customers-addresses/customers-addresses.service.spec.ts:78:22)
    at Promise.then.completed (/home/mmittelb/Projects/stolen-api-services/node_modules/jest-circus/build/utils.js:390:28)
    at new Promise (&lt;anonymous&gt;)
    at callAsyncCircusFn (/home/mmittelb/Projects/stolen-api-services/node_modules/jest-circus/build/utils.js:315:10)
    at _callCircusHook (/home/mmittelb/Projects/stolen-api-services/node_modules/jest-circus/build/run.js:181:40)
    at _runTest (/home/mmittelb/Projects/stolen-api-services/node_modules/jest-circus/build/run.js:158:5)
    at _runTestsForDescribeBlock (/home/mmittelb/Projects/stolen-api-services/node_modules/jest-circus/build/run.js:66:9)
    at _runTestsForDescribeBlock (/home/mmittelb/Projects/stolen-api-services/node_modules/jest-circus/build/run.js:60:9)
    at _runTestsForDescribeBlock (/home/mmittelb/Projects/stolen-api-services/node_modules/jest-circus/build/run.js:60:9)
    at run (/home/mmittelb/Projects/stolen-api-services/node_modules/jest-circus/build/run.js:25:3)</failure>
    </testcase>
    <testcase classname="AddressesService findOne should not find the customer" name="AddressesService findOne should not find the customer" time="0">
      <failure>Error: Status Code is 403 (MongoDB&apos;s 404)
This means that the requested version-platform combination doesn&apos;t exist
  Used Url: &quot;https://fastdl.mongodb.org/linux/mongodb-linux-x86_64-ubuntu2104-5.0.3.tgz&quot;
Try to use different version &apos;new MongoMemoryServer({ binary: { version: &apos;X.Y.Z&apos; } })&apos;
List of available versions can be found here:
  https://www.mongodb.org/dl/linux for Linux
  https://www.mongodb.org/dl/osx for OSX
  https://www.mongodb.org/dl/win32 for Windows
    at ClientRequest.&lt;anonymous&gt; (/home/mmittelb/Projects/stolen-api-services/node_modules/mongodb-memory-server-core/src/util/MongoBinaryDownload.ts:418:17)
    at Object.onceWrapper (events.js:520:26)
    at ClientRequest.emit (events.js:400:28)
    at HTTPParser.parserOnIncomingClient (_http_client.js:647:27)
    at HTTPParser.parserOnHeadersComplete (_http_common.js:126:17)
    at TLSSocket.socketOnData (_http_client.js:515:22)
    at TLSSocket.emit (events.js:400:28)
    at addChunk (internal/streams/readable.js:290:12)
    at readableAddChunk (internal/streams/readable.js:265:9)
    at TLSSocket.Readable.push (internal/streams/readable.js:204:10)</failure>
      <failure>TypeError: Cannot read property &apos;close&apos; of undefined
    at Object.&lt;anonymous&gt; (/home/mmittelb/Projects/stolen-api-services/apps/customer/src/v1/customers-addresses/customers-addresses.service.spec.ts:78:22)
    at Promise.then.completed (/home/mmittelb/Projects/stolen-api-services/node_modules/jest-circus/build/utils.js:390:28)
    at new Promise (&lt;anonymous&gt;)
    at callAsyncCircusFn (/home/mmittelb/Projects/stolen-api-services/node_modules/jest-circus/build/utils.js:315:10)
    at _callCircusHook (/home/mmittelb/Projects/stolen-api-services/node_modules/jest-circus/build/run.js:181:40)
    at _runTest (/home/mmittelb/Projects/stolen-api-services/node_modules/jest-circus/build/run.js:158:5)
    at _runTestsForDescribeBlock (/home/mmittelb/Projects/stolen-api-services/node_modules/jest-circus/build/run.js:66:9)
    at _runTestsForDescribeBlock (/home/mmittelb/Projects/stolen-api-services/node_modules/jest-circus/build/run.js:60:9)
    at _runTestsForDescribeBlock (/home/mmittelb/Projects/stolen-api-services/node_modules/jest-circus/build/run.js:60:9)
    at run (/home/mmittelb/Projects/stolen-api-services/node_modules/jest-circus/build/run.js:25:3)</failure>
    </testcase>
    <testcase classname="AddressesService findAll should find a doc" name="AddressesService findAll should find a doc" time="0.001">
      <failure>Error: Status Code is 403 (MongoDB&apos;s 404)
This means that the requested version-platform combination doesn&apos;t exist
  Used Url: &quot;https://fastdl.mongodb.org/linux/mongodb-linux-x86_64-ubuntu2104-5.0.3.tgz&quot;
Try to use different version &apos;new MongoMemoryServer({ binary: { version: &apos;X.Y.Z&apos; } })&apos;
List of available versions can be found here:
  https://www.mongodb.org/dl/linux for Linux
  https://www.mongodb.org/dl/osx for OSX
  https://www.mongodb.org/dl/win32 for Windows
    at ClientRequest.&lt;anonymous&gt; (/home/mmittelb/Projects/stolen-api-services/node_modules/mongodb-memory-server-core/src/util/MongoBinaryDownload.ts:418:17)
    at Object.onceWrapper (events.js:520:26)
    at ClientRequest.emit (events.js:400:28)
    at HTTPParser.parserOnIncomingClient (_http_client.js:647:27)
    at HTTPParser.parserOnHeadersComplete (_http_common.js:126:17)
    at TLSSocket.socketOnData (_http_client.js:515:22)
    at TLSSocket.emit (events.js:400:28)
    at addChunk (internal/streams/readable.js:290:12)
    at readableAddChunk (internal/streams/readable.js:265:9)
    at TLSSocket.Readable.push (internal/streams/readable.js:204:10)</failure>
      <failure>TypeError: Cannot read property &apos;close&apos; of undefined
    at Object.&lt;anonymous&gt; (/home/mmittelb/Projects/stolen-api-services/apps/customer/src/v1/customers-addresses/customers-addresses.service.spec.ts:78:22)
    at Promise.then.completed (/home/mmittelb/Projects/stolen-api-services/node_modules/jest-circus/build/utils.js:390:28)
    at new Promise (&lt;anonymous&gt;)
    at callAsyncCircusFn (/home/mmittelb/Projects/stolen-api-services/node_modules/jest-circus/build/utils.js:315:10)
    at _callCircusHook (/home/mmittelb/Projects/stolen-api-services/node_modules/jest-circus/build/run.js:181:40)
    at _runTest (/home/mmittelb/Projects/stolen-api-services/node_modules/jest-circus/build/run.js:158:5)
    at _runTestsForDescribeBlock (/home/mmittelb/Projects/stolen-api-services/node_modules/jest-circus/build/run.js:66:9)
    at _runTestsForDescribeBlock (/home/mmittelb/Projects/stolen-api-services/node_modules/jest-circus/build/run.js:60:9)
    at _runTestsForDescribeBlock (/home/mmittelb/Projects/stolen-api-services/node_modules/jest-circus/build/run.js:60:9)
    at run (/home/mmittelb/Projects/stolen-api-services/node_modules/jest-circus/build/run.js:25:3)</failure>
    </testcase>
    <testcase classname="AddressesService findAll should return an empty array" name="AddressesService findAll should return an empty array" time="0">
      <failure>Error: Status Code is 403 (MongoDB&apos;s 404)
This means that the requested version-platform combination doesn&apos;t exist
  Used Url: &quot;https://fastdl.mongodb.org/linux/mongodb-linux-x86_64-ubuntu2104-5.0.3.tgz&quot;
Try to use different version &apos;new MongoMemoryServer({ binary: { version: &apos;X.Y.Z&apos; } })&apos;
List of available versions can be found here:
  https://www.mongodb.org/dl/linux for Linux
  https://www.mongodb.org/dl/osx for OSX
  https://www.mongodb.org/dl/win32 for Windows
    at ClientRequest.&lt;anonymous&gt; (/home/mmittelb/Projects/stolen-api-services/node_modules/mongodb-memory-server-core/src/util/MongoBinaryDownload.ts:418:17)
    at Object.onceWrapper (events.js:520:26)
    at ClientRequest.emit (events.js:400:28)
    at HTTPParser.parserOnIncomingClient (_http_client.js:647:27)
    at HTTPParser.parserOnHeadersComplete (_http_common.js:126:17)
    at TLSSocket.socketOnData (_http_client.js:515:22)
    at TLSSocket.emit (events.js:400:28)
    at addChunk (internal/streams/readable.js:290:12)
    at readableAddChunk (internal/streams/readable.js:265:9)
    at TLSSocket.Readable.push (internal/streams/readable.js:204:10)</failure>
      <failure>TypeError: Cannot read property &apos;close&apos; of undefined
    at Object.&lt;anonymous&gt; (/home/mmittelb/Projects/stolen-api-services/apps/customer/src/v1/customers-addresses/customers-addresses.service.spec.ts:78:22)
    at Promise.then.completed (/home/mmittelb/Projects/stolen-api-services/node_modules/jest-circus/build/utils.js:390:28)
    at new Promise (&lt;anonymous&gt;)
    at callAsyncCircusFn (/home/mmittelb/Projects/stolen-api-services/node_modules/jest-circus/build/utils.js:315:10)
    at _callCircusHook (/home/mmittelb/Projects/stolen-api-services/node_modules/jest-circus/build/run.js:181:40)
    at _runTest (/home/mmittelb/Projects/stolen-api-services/node_modules/jest-circus/build/run.js:158:5)
    at _runTestsForDescribeBlock (/home/mmittelb/Projects/stolen-api-services/node_modules/jest-circus/build/run.js:66:9)
    at _runTestsForDescribeBlock (/home/mmittelb/Projects/stolen-api-services/node_modules/jest-circus/build/run.js:60:9)
    at _runTestsForDescribeBlock (/home/mmittelb/Projects/stolen-api-services/node_modules/jest-circus/build/run.js:60:9)
    at run (/home/mmittelb/Projects/stolen-api-services/node_modules/jest-circus/build/run.js:25:3)</failure>
    </testcase>
    <testcase classname="AddressesService findAll should not find the customer" name="AddressesService findAll should not find the customer" time="0">
      <failure>Error: Status Code is 403 (MongoDB&apos;s 404)
This means that the requested version-platform combination doesn&apos;t exist
  Used Url: &quot;https://fastdl.mongodb.org/linux/mongodb-linux-x86_64-ubuntu2104-5.0.3.tgz&quot;
Try to use different version &apos;new MongoMemoryServer({ binary: { version: &apos;X.Y.Z&apos; } })&apos;
List of available versions can be found here:
  https://www.mongodb.org/dl/linux for Linux
  https://www.mongodb.org/dl/osx for OSX
  https://www.mongodb.org/dl/win32 for Windows
    at ClientRequest.&lt;anonymous&gt; (/home/mmittelb/Projects/stolen-api-services/node_modules/mongodb-memory-server-core/src/util/MongoBinaryDownload.ts:418:17)
    at Object.onceWrapper (events.js:520:26)
    at ClientRequest.emit (events.js:400:28)
    at HTTPParser.parserOnIncomingClient (_http_client.js:647:27)
    at HTTPParser.parserOnHeadersComplete (_http_common.js:126:17)
    at TLSSocket.socketOnData (_http_client.js:515:22)
    at TLSSocket.emit (events.js:400:28)
    at addChunk (internal/streams/readable.js:290:12)
    at readableAddChunk (internal/streams/readable.js:265:9)
    at TLSSocket.Readable.push (internal/streams/readable.js:204:10)</failure>
      <failure>TypeError: Cannot read property &apos;close&apos; of undefined
    at Object.&lt;anonymous&gt; (/home/mmittelb/Projects/stolen-api-services/apps/customer/src/v1/customers-addresses/customers-addresses.service.spec.ts:78:22)
    at Promise.then.completed (/home/mmittelb/Projects/stolen-api-services/node_modules/jest-circus/build/utils.js:390:28)
    at new Promise (&lt;anonymous&gt;)
    at callAsyncCircusFn (/home/mmittelb/Projects/stolen-api-services/node_modules/jest-circus/build/utils.js:315:10)
    at _callCircusHook (/home/mmittelb/Projects/stolen-api-services/node_modules/jest-circus/build/run.js:181:40)
    at _runTest (/home/mmittelb/Projects/stolen-api-services/node_modules/jest-circus/build/run.js:158:5)
    at _runTestsForDescribeBlock (/home/mmittelb/Projects/stolen-api-services/node_modules/jest-circus/build/run.js:66:9)
    at _runTestsForDescribeBlock (/home/mmittelb/Projects/stolen-api-services/node_modules/jest-circus/build/run.js:60:9)
    at _runTestsForDescribeBlock (/home/mmittelb/Projects/stolen-api-services/node_modules/jest-circus/build/run.js:60:9)
    at run (/home/mmittelb/Projects/stolen-api-services/node_modules/jest-circus/build/run.js:25:3)</failure>
    </testcase>
    <testcase classname="AddressesService remove should remove a doc" name="AddressesService remove should remove a doc" time="0">
      <failure>Error: Status Code is 403 (MongoDB&apos;s 404)
This means that the requested version-platform combination doesn&apos;t exist
  Used Url: &quot;https://fastdl.mongodb.org/linux/mongodb-linux-x86_64-ubuntu2104-5.0.3.tgz&quot;
Try to use different version &apos;new MongoMemoryServer({ binary: { version: &apos;X.Y.Z&apos; } })&apos;
List of available versions can be found here:
  https://www.mongodb.org/dl/linux for Linux
  https://www.mongodb.org/dl/osx for OSX
  https://www.mongodb.org/dl/win32 for Windows
    at ClientRequest.&lt;anonymous&gt; (/home/mmittelb/Projects/stolen-api-services/node_modules/mongodb-memory-server-core/src/util/MongoBinaryDownload.ts:418:17)
    at Object.onceWrapper (events.js:520:26)
    at ClientRequest.emit (events.js:400:28)
    at HTTPParser.parserOnIncomingClient (_http_client.js:647:27)
    at HTTPParser.parserOnHeadersComplete (_http_common.js:126:17)
    at TLSSocket.socketOnData (_http_client.js:515:22)
    at TLSSocket.emit (events.js:400:28)
    at addChunk (internal/streams/readable.js:290:12)
    at readableAddChunk (internal/streams/readable.js:265:9)
    at TLSSocket.Readable.push (internal/streams/readable.js:204:10)</failure>
      <failure>TypeError: Cannot read property &apos;close&apos; of undefined
    at Object.&lt;anonymous&gt; (/home/mmittelb/Projects/stolen-api-services/apps/customer/src/v1/customers-addresses/customers-addresses.service.spec.ts:78:22)
    at Promise.then.completed (/home/mmittelb/Projects/stolen-api-services/node_modules/jest-circus/build/utils.js:390:28)
    at new Promise (&lt;anonymous&gt;)
    at callAsyncCircusFn (/home/mmittelb/Projects/stolen-api-services/node_modules/jest-circus/build/utils.js:315:10)
    at _callCircusHook (/home/mmittelb/Projects/stolen-api-services/node_modules/jest-circus/build/run.js:181:40)
    at _runTest (/home/mmittelb/Projects/stolen-api-services/node_modules/jest-circus/build/run.js:158:5)
    at _runTestsForDescribeBlock (/home/mmittelb/Projects/stolen-api-services/node_modules/jest-circus/build/run.js:66:9)
    at _runTestsForDescribeBlock (/home/mmittelb/Projects/stolen-api-services/node_modules/jest-circus/build/run.js:60:9)
    at _runTestsForDescribeBlock (/home/mmittelb/Projects/stolen-api-services/node_modules/jest-circus/build/run.js:60:9)
    at run (/home/mmittelb/Projects/stolen-api-services/node_modules/jest-circus/build/run.js:25:3)</failure>
    </testcase>
    <testcase classname="AddressesService remove should not find the customer" name="AddressesService remove should not find the customer" time="0.001">
      <failure>Error: Status Code is 403 (MongoDB&apos;s 404)
This means that the requested version-platform combination doesn&apos;t exist
  Used Url: &quot;https://fastdl.mongodb.org/linux/mongodb-linux-x86_64-ubuntu2104-5.0.3.tgz&quot;
Try to use different version &apos;new MongoMemoryServer({ binary: { version: &apos;X.Y.Z&apos; } })&apos;
List of available versions can be found here:
  https://www.mongodb.org/dl/linux for Linux
  https://www.mongodb.org/dl/osx for OSX
  https://www.mongodb.org/dl/win32 for Windows
    at ClientRequest.&lt;anonymous&gt; (/home/mmittelb/Projects/stolen-api-services/node_modules/mongodb-memory-server-core/src/util/MongoBinaryDownload.ts:418:17)
    at Object.onceWrapper (events.js:520:26)
    at ClientRequest.emit (events.js:400:28)
    at HTTPParser.parserOnIncomingClient (_http_client.js:647:27)
    at HTTPParser.parserOnHeadersComplete (_http_common.js:126:17)
    at TLSSocket.socketOnData (_http_client.js:515:22)
    at TLSSocket.emit (events.js:400:28)
    at addChunk (internal/streams/readable.js:290:12)
    at readableAddChunk (internal/streams/readable.js:265:9)
    at TLSSocket.Readable.push (internal/streams/readable.js:204:10)</failure>
      <failure>TypeError: Cannot read property &apos;close&apos; of undefined
    at Object.&lt;anonymous&gt; (/home/mmittelb/Projects/stolen-api-services/apps/customer/src/v1/customers-addresses/customers-addresses.service.spec.ts:78:22)
    at Promise.then.completed (/home/mmittelb/Projects/stolen-api-services/node_modules/jest-circus/build/utils.js:390:28)
    at new Promise (&lt;anonymous&gt;)
    at callAsyncCircusFn (/home/mmittelb/Projects/stolen-api-services/node_modules/jest-circus/build/utils.js:315:10)
    at _callCircusHook (/home/mmittelb/Projects/stolen-api-services/node_modules/jest-circus/build/run.js:181:40)
    at _runTest (/home/mmittelb/Projects/stolen-api-services/node_modules/jest-circus/build/run.js:158:5)
    at _runTestsForDescribeBlock (/home/mmittelb/Projects/stolen-api-services/node_modules/jest-circus/build/run.js:66:9)
    at _runTestsForDescribeBlock (/home/mmittelb/Projects/stolen-api-services/node_modules/jest-circus/build/run.js:60:9)
    at _runTestsForDescribeBlock (/home/mmittelb/Projects/stolen-api-services/node_modules/jest-circus/build/run.js:60:9)
    at run (/home/mmittelb/Projects/stolen-api-services/node_modules/jest-circus/build/run.js:25:3)</failure>
    </testcase>
    <testcase classname="AddressesService removeByCustomer should remove all docs" name="AddressesService removeByCustomer should remove all docs" time="0">
      <failure>Error: Status Code is 403 (MongoDB&apos;s 404)
This means that the requested version-platform combination doesn&apos;t exist
  Used Url: &quot;https://fastdl.mongodb.org/linux/mongodb-linux-x86_64-ubuntu2104-5.0.3.tgz&quot;
Try to use different version &apos;new MongoMemoryServer({ binary: { version: &apos;X.Y.Z&apos; } })&apos;
List of available versions can be found here:
  https://www.mongodb.org/dl/linux for Linux
  https://www.mongodb.org/dl/osx for OSX
  https://www.mongodb.org/dl/win32 for Windows
    at ClientRequest.&lt;anonymous&gt; (/home/mmittelb/Projects/stolen-api-services/node_modules/mongodb-memory-server-core/src/util/MongoBinaryDownload.ts:418:17)
    at Object.onceWrapper (events.js:520:26)
    at ClientRequest.emit (events.js:400:28)
    at HTTPParser.parserOnIncomingClient (_http_client.js:647:27)
    at HTTPParser.parserOnHeadersComplete (_http_common.js:126:17)
    at TLSSocket.socketOnData (_http_client.js:515:22)
    at TLSSocket.emit (events.js:400:28)
    at addChunk (internal/streams/readable.js:290:12)
    at readableAddChunk (internal/streams/readable.js:265:9)
    at TLSSocket.Readable.push (internal/streams/readable.js:204:10)</failure>
      <failure>TypeError: Cannot read property &apos;close&apos; of undefined
    at Object.&lt;anonymous&gt; (/home/mmittelb/Projects/stolen-api-services/apps/customer/src/v1/customers-addresses/customers-addresses.service.spec.ts:78:22)
    at Promise.then.completed (/home/mmittelb/Projects/stolen-api-services/node_modules/jest-circus/build/utils.js:390:28)
    at new Promise (&lt;anonymous&gt;)
    at callAsyncCircusFn (/home/mmittelb/Projects/stolen-api-services/node_modules/jest-circus/build/utils.js:315:10)
    at _callCircusHook (/home/mmittelb/Projects/stolen-api-services/node_modules/jest-circus/build/run.js:181:40)
    at _runTest (/home/mmittelb/Projects/stolen-api-services/node_modules/jest-circus/build/run.js:158:5)
    at _runTestsForDescribeBlock (/home/mmittelb/Projects/stolen-api-services/node_modules/jest-circus/build/run.js:66:9)
    at _runTestsForDescribeBlock (/home/mmittelb/Projects/stolen-api-services/node_modules/jest-circus/build/run.js:60:9)
    at _runTestsForDescribeBlock (/home/mmittelb/Projects/stolen-api-services/node_modules/jest-circus/build/run.js:60:9)
    at run (/home/mmittelb/Projects/stolen-api-services/node_modules/jest-circus/build/run.js:25:3)</failure>
    </testcase>
    <testcase classname="AddressesService create should return a new doc" name="AddressesService create should return a new doc" time="0">
      <failure>Error: Status Code is 403 (MongoDB&apos;s 404)
This means that the requested version-platform combination doesn&apos;t exist
  Used Url: &quot;https://fastdl.mongodb.org/linux/mongodb-linux-x86_64-ubuntu2104-5.0.3.tgz&quot;
Try to use different version &apos;new MongoMemoryServer({ binary: { version: &apos;X.Y.Z&apos; } })&apos;
List of available versions can be found here:
  https://www.mongodb.org/dl/linux for Linux
  https://www.mongodb.org/dl/osx for OSX
  https://www.mongodb.org/dl/win32 for Windows
    at ClientRequest.&lt;anonymous&gt; (/home/mmittelb/Projects/stolen-api-services/node_modules/mongodb-memory-server-core/src/util/MongoBinaryDownload.ts:418:17)
    at Object.onceWrapper (events.js:520:26)
    at ClientRequest.emit (events.js:400:28)
    at HTTPParser.parserOnIncomingClient (_http_client.js:647:27)
    at HTTPParser.parserOnHeadersComplete (_http_common.js:126:17)
    at TLSSocket.socketOnData (_http_client.js:515:22)
    at TLSSocket.emit (events.js:400:28)
    at addChunk (internal/streams/readable.js:290:12)
    at readableAddChunk (internal/streams/readable.js:265:9)
    at TLSSocket.Readable.push (internal/streams/readable.js:204:10)</failure>
      <failure>TypeError: Cannot read property &apos;close&apos; of undefined
    at Object.&lt;anonymous&gt; (/home/mmittelb/Projects/stolen-api-services/apps/customer/src/v1/customers-addresses/customers-addresses.service.spec.ts:78:22)
    at Promise.then.completed (/home/mmittelb/Projects/stolen-api-services/node_modules/jest-circus/build/utils.js:390:28)
    at new Promise (&lt;anonymous&gt;)
    at callAsyncCircusFn (/home/mmittelb/Projects/stolen-api-services/node_modules/jest-circus/build/utils.js:315:10)
    at _callCircusHook (/home/mmittelb/Projects/stolen-api-services/node_modules/jest-circus/build/run.js:181:40)
    at _runTest (/home/mmittelb/Projects/stolen-api-services/node_modules/jest-circus/build/run.js:158:5)
    at _runTestsForDescribeBlock (/home/mmittelb/Projects/stolen-api-services/node_modules/jest-circus/build/run.js:66:9)
    at _runTestsForDescribeBlock (/home/mmittelb/Projects/stolen-api-services/node_modules/jest-circus/build/run.js:60:9)
    at _runTestsForDescribeBlock (/home/mmittelb/Projects/stolen-api-services/node_modules/jest-circus/build/run.js:60:9)
    at run (/home/mmittelb/Projects/stolen-api-services/node_modules/jest-circus/build/run.js:25:3)</failure>
    </testcase>
    <testcase classname="AddressesService create should not find the customer" name="AddressesService create should not find the customer" time="0">
      <failure>Error: Status Code is 403 (MongoDB&apos;s 404)
This means that the requested version-platform combination doesn&apos;t exist
  Used Url: &quot;https://fastdl.mongodb.org/linux/mongodb-linux-x86_64-ubuntu2104-5.0.3.tgz&quot;
Try to use different version &apos;new MongoMemoryServer({ binary: { version: &apos;X.Y.Z&apos; } })&apos;
List of available versions can be found here:
  https://www.mongodb.org/dl/linux for Linux
  https://www.mongodb.org/dl/osx for OSX
  https://www.mongodb.org/dl/win32 for Windows
    at ClientRequest.&lt;anonymous&gt; (/home/mmittelb/Projects/stolen-api-services/node_modules/mongodb-memory-server-core/src/util/MongoBinaryDownload.ts:418:17)
    at Object.onceWrapper (events.js:520:26)
    at ClientRequest.emit (events.js:400:28)
    at HTTPParser.parserOnIncomingClient (_http_client.js:647:27)
    at HTTPParser.parserOnHeadersComplete (_http_common.js:126:17)
    at TLSSocket.socketOnData (_http_client.js:515:22)
    at TLSSocket.emit (events.js:400:28)
    at addChunk (internal/streams/readable.js:290:12)
    at readableAddChunk (internal/streams/readable.js:265:9)
    at TLSSocket.Readable.push (internal/streams/readable.js:204:10)</failure>
      <failure>TypeError: Cannot read property &apos;close&apos; of undefined
    at Object.&lt;anonymous&gt; (/home/mmittelb/Projects/stolen-api-services/apps/customer/src/v1/customers-addresses/customers-addresses.service.spec.ts:78:22)
    at Promise.then.completed (/home/mmittelb/Projects/stolen-api-services/node_modules/jest-circus/build/utils.js:390:28)
    at new Promise (&lt;anonymous&gt;)
    at callAsyncCircusFn (/home/mmittelb/Projects/stolen-api-services/node_modules/jest-circus/build/utils.js:315:10)
    at _callCircusHook (/home/mmittelb/Projects/stolen-api-services/node_modules/jest-circus/build/run.js:181:40)
    at _runTest (/home/mmittelb/Projects/stolen-api-services/node_modules/jest-circus/build/run.js:158:5)
    at _runTestsForDescribeBlock (/home/mmittelb/Projects/stolen-api-services/node_modules/jest-circus/build/run.js:66:9)
    at _runTestsForDescribeBlock (/home/mmittelb/Projects/stolen-api-services/node_modules/jest-circus/build/run.js:60:9)
    at _runTestsForDescribeBlock (/home/mmittelb/Projects/stolen-api-services/node_modules/jest-circus/build/run.js:60:9)
    at run (/home/mmittelb/Projects/stolen-api-services/node_modules/jest-circus/build/run.js:25:3)</failure>
    </testcase>
    <testcase classname="AddressesService update should not find the customer" name="AddressesService update should not find the customer" time="0">
      <failure>Error: Status Code is 403 (MongoDB&apos;s 404)
This means that the requested version-platform combination doesn&apos;t exist
  Used Url: &quot;https://fastdl.mongodb.org/linux/mongodb-linux-x86_64-ubuntu2104-5.0.3.tgz&quot;
Try to use different version &apos;new MongoMemoryServer({ binary: { version: &apos;X.Y.Z&apos; } })&apos;
List of available versions can be found here:
  https://www.mongodb.org/dl/linux for Linux
  https://www.mongodb.org/dl/osx for OSX
  https://www.mongodb.org/dl/win32 for Windows
    at ClientRequest.&lt;anonymous&gt; (/home/mmittelb/Projects/stolen-api-services/node_modules/mongodb-memory-server-core/src/util/MongoBinaryDownload.ts:418:17)
    at Object.onceWrapper (events.js:520:26)
    at ClientRequest.emit (events.js:400:28)
    at HTTPParser.parserOnIncomingClient (_http_client.js:647:27)
    at HTTPParser.parserOnHeadersComplete (_http_common.js:126:17)
    at TLSSocket.socketOnData (_http_client.js:515:22)
    at TLSSocket.emit (events.js:400:28)
    at addChunk (internal/streams/readable.js:290:12)
    at readableAddChunk (internal/streams/readable.js:265:9)
    at TLSSocket.Readable.push (internal/streams/readable.js:204:10)</failure>
      <failure>TypeError: Cannot read property &apos;close&apos; of undefined
    at Object.&lt;anonymous&gt; (/home/mmittelb/Projects/stolen-api-services/apps/customer/src/v1/customers-addresses/customers-addresses.service.spec.ts:78:22)
    at Promise.then.completed (/home/mmittelb/Projects/stolen-api-services/node_modules/jest-circus/build/utils.js:390:28)
    at new Promise (&lt;anonymous&gt;)
    at callAsyncCircusFn (/home/mmittelb/Projects/stolen-api-services/node_modules/jest-circus/build/utils.js:315:10)
    at _callCircusHook (/home/mmittelb/Projects/stolen-api-services/node_modules/jest-circus/build/run.js:181:40)
    at _runTest (/home/mmittelb/Projects/stolen-api-services/node_modules/jest-circus/build/run.js:158:5)
    at _runTestsForDescribeBlock (/home/mmittelb/Projects/stolen-api-services/node_modules/jest-circus/build/run.js:66:9)
    at _runTestsForDescribeBlock (/home/mmittelb/Projects/stolen-api-services/node_modules/jest-circus/build/run.js:60:9)
    at _runTestsForDescribeBlock (/home/mmittelb/Projects/stolen-api-services/node_modules/jest-circus/build/run.js:60:9)
    at run (/home/mmittelb/Projects/stolen-api-services/node_modules/jest-circus/build/run.js:25:3)</failure>
    </testcase>
    <testcase classname="AddressesService update should not find the address" name="AddressesService update should not find the address" time="0.001">
      <failure>Error: Status Code is 403 (MongoDB&apos;s 404)
This means that the requested version-platform combination doesn&apos;t exist
  Used Url: &quot;https://fastdl.mongodb.org/linux/mongodb-linux-x86_64-ubuntu2104-5.0.3.tgz&quot;
Try to use different version &apos;new MongoMemoryServer({ binary: { version: &apos;X.Y.Z&apos; } })&apos;
List of available versions can be found here:
  https://www.mongodb.org/dl/linux for Linux
  https://www.mongodb.org/dl/osx for OSX
  https://www.mongodb.org/dl/win32 for Windows
    at ClientRequest.&lt;anonymous&gt; (/home/mmittelb/Projects/stolen-api-services/node_modules/mongodb-memory-server-core/src/util/MongoBinaryDownload.ts:418:17)
    at Object.onceWrapper (events.js:520:26)
    at ClientRequest.emit (events.js:400:28)
    at HTTPParser.parserOnIncomingClient (_http_client.js:647:27)
    at HTTPParser.parserOnHeadersComplete (_http_common.js:126:17)
    at TLSSocket.socketOnData (_http_client.js:515:22)
    at TLSSocket.emit (events.js:400:28)
    at addChunk (internal/streams/readable.js:290:12)
    at readableAddChunk (internal/streams/readable.js:265:9)
    at TLSSocket.Readable.push (internal/streams/readable.js:204:10)</failure>
      <failure>TypeError: Cannot read property &apos;close&apos; of undefined
    at Object.&lt;anonymous&gt; (/home/mmittelb/Projects/stolen-api-services/apps/customer/src/v1/customers-addresses/customers-addresses.service.spec.ts:78:22)
    at Promise.then.completed (/home/mmittelb/Projects/stolen-api-services/node_modules/jest-circus/build/utils.js:390:28)
    at new Promise (&lt;anonymous&gt;)
    at callAsyncCircusFn (/home/mmittelb/Projects/stolen-api-services/node_modules/jest-circus/build/utils.js:315:10)
    at _callCircusHook (/home/mmittelb/Projects/stolen-api-services/node_modules/jest-circus/build/run.js:181:40)
    at _runTest (/home/mmittelb/Projects/stolen-api-services/node_modules/jest-circus/build/run.js:158:5)
    at _runTestsForDescribeBlock (/home/mmittelb/Projects/stolen-api-services/node_modules/jest-circus/build/run.js:66:9)
    at _runTestsForDescribeBlock (/home/mmittelb/Projects/stolen-api-services/node_modules/jest-circus/build/run.js:60:9)
    at _runTestsForDescribeBlock (/home/mmittelb/Projects/stolen-api-services/node_modules/jest-circus/build/run.js:60:9)
    at run (/home/mmittelb/Projects/stolen-api-services/node_modules/jest-circus/build/run.js:25:3)</failure>
    </testcase>
    <testcase classname="AddressesService update should have a version conflict" name="AddressesService update should have a version conflict" time="0">
      <failure>Error: Status Code is 403 (MongoDB&apos;s 404)
This means that the requested version-platform combination doesn&apos;t exist
  Used Url: &quot;https://fastdl.mongodb.org/linux/mongodb-linux-x86_64-ubuntu2104-5.0.3.tgz&quot;
Try to use different version &apos;new MongoMemoryServer({ binary: { version: &apos;X.Y.Z&apos; } })&apos;
List of available versions can be found here:
  https://www.mongodb.org/dl/linux for Linux
  https://www.mongodb.org/dl/osx for OSX
  https://www.mongodb.org/dl/win32 for Windows
    at ClientRequest.&lt;anonymous&gt; (/home/mmittelb/Projects/stolen-api-services/node_modules/mongodb-memory-server-core/src/util/MongoBinaryDownload.ts:418:17)
    at Object.onceWrapper (events.js:520:26)
    at ClientRequest.emit (events.js:400:28)
    at HTTPParser.parserOnIncomingClient (_http_client.js:647:27)
    at HTTPParser.parserOnHeadersComplete (_http_common.js:126:17)
    at TLSSocket.socketOnData (_http_client.js:515:22)
    at TLSSocket.emit (events.js:400:28)
    at addChunk (internal/streams/readable.js:290:12)
    at readableAddChunk (internal/streams/readable.js:265:9)
    at TLSSocket.Readable.push (internal/streams/readable.js:204:10)</failure>
      <failure>TypeError: Cannot read property &apos;close&apos; of undefined
    at Object.&lt;anonymous&gt; (/home/mmittelb/Projects/stolen-api-services/apps/customer/src/v1/customers-addresses/customers-addresses.service.spec.ts:78:22)
    at Promise.then.completed (/home/mmittelb/Projects/stolen-api-services/node_modules/jest-circus/build/utils.js:390:28)
    at new Promise (&lt;anonymous&gt;)
    at callAsyncCircusFn (/home/mmittelb/Projects/stolen-api-services/node_modules/jest-circus/build/utils.js:315:10)
    at _callCircusHook (/home/mmittelb/Projects/stolen-api-services/node_modules/jest-circus/build/run.js:181:40)
    at _runTest (/home/mmittelb/Projects/stolen-api-services/node_modules/jest-circus/build/run.js:158:5)
    at _runTestsForDescribeBlock (/home/mmittelb/Projects/stolen-api-services/node_modules/jest-circus/build/run.js:66:9)
    at _runTestsForDescribeBlock (/home/mmittelb/Projects/stolen-api-services/node_modules/jest-circus/build/run.js:60:9)
    at _runTestsForDescribeBlock (/home/mmittelb/Projects/stolen-api-services/node_modules/jest-circus/build/run.js:60:9)
    at run (/home/mmittelb/Projects/stolen-api-services/node_modules/jest-circus/build/run.js:25:3)</failure>
    </testcase>
    <testcase classname="AddressesService update should succeed" name="AddressesService update should succeed" time="0">
      <failure>Error: Status Code is 403 (MongoDB&apos;s 404)
This means that the requested version-platform combination doesn&apos;t exist
  Used Url: &quot;https://fastdl.mongodb.org/linux/mongodb-linux-x86_64-ubuntu2104-5.0.3.tgz&quot;
Try to use different version &apos;new MongoMemoryServer({ binary: { version: &apos;X.Y.Z&apos; } })&apos;
List of available versions can be found here:
  https://www.mongodb.org/dl/linux for Linux
  https://www.mongodb.org/dl/osx for OSX
  https://www.mongodb.org/dl/win32 for Windows
    at ClientRequest.&lt;anonymous&gt; (/home/mmittelb/Projects/stolen-api-services/node_modules/mongodb-memory-server-core/src/util/MongoBinaryDownload.ts:418:17)
    at Object.onceWrapper (events.js:520:26)
    at ClientRequest.emit (events.js:400:28)
    at HTTPParser.parserOnIncomingClient (_http_client.js:647:27)
    at HTTPParser.parserOnHeadersComplete (_http_common.js:126:17)
    at TLSSocket.socketOnData (_http_client.js:515:22)
    at TLSSocket.emit (events.js:400:28)
    at addChunk (internal/streams/readable.js:290:12)
    at readableAddChunk (internal/streams/readable.js:265:9)
    at TLSSocket.Readable.push (internal/streams/readable.js:204:10)</failure>
      <failure>TypeError: Cannot read property &apos;close&apos; of undefined
    at Object.&lt;anonymous&gt; (/home/mmittelb/Projects/stolen-api-services/apps/customer/src/v1/customers-addresses/customers-addresses.service.spec.ts:78:22)
    at Promise.then.completed (/home/mmittelb/Projects/stolen-api-services/node_modules/jest-circus/build/utils.js:390:28)
    at new Promise (&lt;anonymous&gt;)
    at callAsyncCircusFn (/home/mmittelb/Projects/stolen-api-services/node_modules/jest-circus/build/utils.js:315:10)
    at _callCircusHook (/home/mmittelb/Projects/stolen-api-services/node_modules/jest-circus/build/run.js:181:40)
    at _runTest (/home/mmittelb/Projects/stolen-api-services/node_modules/jest-circus/build/run.js:158:5)
    at _runTestsForDescribeBlock (/home/mmittelb/Projects/stolen-api-services/node_modules/jest-circus/build/run.js:66:9)
    at _runTestsForDescribeBlock (/home/mmittelb/Projects/stolen-api-services/node_modules/jest-circus/build/run.js:60:9)
    at _runTestsForDescribeBlock (/home/mmittelb/Projects/stolen-api-services/node_modules/jest-circus/build/run.js:60:9)
    at run (/home/mmittelb/Projects/stolen-api-services/node_modules/jest-circus/build/run.js:25:3)</failure>
    </testcase>
  </testsuite>
  <testsuite name="InvitationService" errors="0" failures="9" skipped="0" timestamp="2021-12-13T16:21:55" time="2.336" tests="9">
    <testcase classname="InvitationService remove should remove a doc" name="InvitationService remove should remove a doc" time="0">
      <failure>Error: Status Code is 403 (MongoDB&apos;s 404)
This means that the requested version-platform combination doesn&apos;t exist
  Used Url: &quot;https://fastdl.mongodb.org/linux/mongodb-linux-x86_64-ubuntu2104-5.0.3.tgz&quot;
Try to use different version &apos;new MongoMemoryServer({ binary: { version: &apos;X.Y.Z&apos; } })&apos;
List of available versions can be found here:
  https://www.mongodb.org/dl/linux for Linux
  https://www.mongodb.org/dl/osx for OSX
  https://www.mongodb.org/dl/win32 for Windows
    at ClientRequest.&lt;anonymous&gt; (/home/mmittelb/Projects/stolen-api-services/node_modules/mongodb-memory-server-core/src/util/MongoBinaryDownload.ts:418:17)
    at Object.onceWrapper (events.js:520:26)
    at ClientRequest.emit (events.js:400:28)
    at HTTPParser.parserOnIncomingClient (_http_client.js:647:27)
    at HTTPParser.parserOnHeadersComplete (_http_common.js:126:17)
    at TLSSocket.socketOnData (_http_client.js:515:22)
    at TLSSocket.emit (events.js:400:28)
    at addChunk (internal/streams/readable.js:290:12)
    at readableAddChunk (internal/streams/readable.js:265:9)
    at TLSSocket.Readable.push (internal/streams/readable.js:204:10)</failure>
      <failure>TypeError: Cannot read property &apos;close&apos; of undefined
    at Object.&lt;anonymous&gt; (/home/mmittelb/Projects/stolen-api-services/apps/customer/src/v1/invitation/invitation.service.spec.ts:114:22)
    at Promise.then.completed (/home/mmittelb/Projects/stolen-api-services/node_modules/jest-circus/build/utils.js:390:28)
    at new Promise (&lt;anonymous&gt;)
    at callAsyncCircusFn (/home/mmittelb/Projects/stolen-api-services/node_modules/jest-circus/build/utils.js:315:10)
    at _callCircusHook (/home/mmittelb/Projects/stolen-api-services/node_modules/jest-circus/build/run.js:181:40)
    at _runTest (/home/mmittelb/Projects/stolen-api-services/node_modules/jest-circus/build/run.js:158:5)
    at _runTestsForDescribeBlock (/home/mmittelb/Projects/stolen-api-services/node_modules/jest-circus/build/run.js:66:9)
    at _runTestsForDescribeBlock (/home/mmittelb/Projects/stolen-api-services/node_modules/jest-circus/build/run.js:60:9)
    at _runTestsForDescribeBlock (/home/mmittelb/Projects/stolen-api-services/node_modules/jest-circus/build/run.js:60:9)
    at run (/home/mmittelb/Projects/stolen-api-services/node_modules/jest-circus/build/run.js:25:3)</failure>
    </testcase>
    <testcase classname="InvitationService removeByCustomer should remove all docs" name="InvitationService removeByCustomer should remove all docs" time="0.001">
      <failure>Error: Status Code is 403 (MongoDB&apos;s 404)
This means that the requested version-platform combination doesn&apos;t exist
  Used Url: &quot;https://fastdl.mongodb.org/linux/mongodb-linux-x86_64-ubuntu2104-5.0.3.tgz&quot;
Try to use different version &apos;new MongoMemoryServer({ binary: { version: &apos;X.Y.Z&apos; } })&apos;
List of available versions can be found here:
  https://www.mongodb.org/dl/linux for Linux
  https://www.mongodb.org/dl/osx for OSX
  https://www.mongodb.org/dl/win32 for Windows
    at ClientRequest.&lt;anonymous&gt; (/home/mmittelb/Projects/stolen-api-services/node_modules/mongodb-memory-server-core/src/util/MongoBinaryDownload.ts:418:17)
    at Object.onceWrapper (events.js:520:26)
    at ClientRequest.emit (events.js:400:28)
    at HTTPParser.parserOnIncomingClient (_http_client.js:647:27)
    at HTTPParser.parserOnHeadersComplete (_http_common.js:126:17)
    at TLSSocket.socketOnData (_http_client.js:515:22)
    at TLSSocket.emit (events.js:400:28)
    at addChunk (internal/streams/readable.js:290:12)
    at readableAddChunk (internal/streams/readable.js:265:9)
    at TLSSocket.Readable.push (internal/streams/readable.js:204:10)</failure>
      <failure>TypeError: Cannot read property &apos;close&apos; of undefined
    at Object.&lt;anonymous&gt; (/home/mmittelb/Projects/stolen-api-services/apps/customer/src/v1/invitation/invitation.service.spec.ts:114:22)
    at Promise.then.completed (/home/mmittelb/Projects/stolen-api-services/node_modules/jest-circus/build/utils.js:390:28)
    at new Promise (&lt;anonymous&gt;)
    at callAsyncCircusFn (/home/mmittelb/Projects/stolen-api-services/node_modules/jest-circus/build/utils.js:315:10)
    at _callCircusHook (/home/mmittelb/Projects/stolen-api-services/node_modules/jest-circus/build/run.js:181:40)
    at _runTest (/home/mmittelb/Projects/stolen-api-services/node_modules/jest-circus/build/run.js:158:5)
    at _runTestsForDescribeBlock (/home/mmittelb/Projects/stolen-api-services/node_modules/jest-circus/build/run.js:66:9)
    at _runTestsForDescribeBlock (/home/mmittelb/Projects/stolen-api-services/node_modules/jest-circus/build/run.js:60:9)
    at _runTestsForDescribeBlock (/home/mmittelb/Projects/stolen-api-services/node_modules/jest-circus/build/run.js:60:9)
    at run (/home/mmittelb/Projects/stolen-api-services/node_modules/jest-circus/build/run.js:25:3)</failure>
    </testcase>
    <testcase classname="InvitationService create should return a new doc" name="InvitationService create should return a new doc" time="0">
      <failure>Error: Status Code is 403 (MongoDB&apos;s 404)
This means that the requested version-platform combination doesn&apos;t exist
  Used Url: &quot;https://fastdl.mongodb.org/linux/mongodb-linux-x86_64-ubuntu2104-5.0.3.tgz&quot;
Try to use different version &apos;new MongoMemoryServer({ binary: { version: &apos;X.Y.Z&apos; } })&apos;
List of available versions can be found here:
  https://www.mongodb.org/dl/linux for Linux
  https://www.mongodb.org/dl/osx for OSX
  https://www.mongodb.org/dl/win32 for Windows
    at ClientRequest.&lt;anonymous&gt; (/home/mmittelb/Projects/stolen-api-services/node_modules/mongodb-memory-server-core/src/util/MongoBinaryDownload.ts:418:17)
    at Object.onceWrapper (events.js:520:26)
    at ClientRequest.emit (events.js:400:28)
    at HTTPParser.parserOnIncomingClient (_http_client.js:647:27)
    at HTTPParser.parserOnHeadersComplete (_http_common.js:126:17)
    at TLSSocket.socketOnData (_http_client.js:515:22)
    at TLSSocket.emit (events.js:400:28)
    at addChunk (internal/streams/readable.js:290:12)
    at readableAddChunk (internal/streams/readable.js:265:9)
    at TLSSocket.Readable.push (internal/streams/readable.js:204:10)</failure>
      <failure>TypeError: Cannot read property &apos;close&apos; of undefined
    at Object.&lt;anonymous&gt; (/home/mmittelb/Projects/stolen-api-services/apps/customer/src/v1/invitation/invitation.service.spec.ts:114:22)
    at Promise.then.completed (/home/mmittelb/Projects/stolen-api-services/node_modules/jest-circus/build/utils.js:390:28)
    at new Promise (&lt;anonymous&gt;)
    at callAsyncCircusFn (/home/mmittelb/Projects/stolen-api-services/node_modules/jest-circus/build/utils.js:315:10)
    at _callCircusHook (/home/mmittelb/Projects/stolen-api-services/node_modules/jest-circus/build/run.js:181:40)
    at _runTest (/home/mmittelb/Projects/stolen-api-services/node_modules/jest-circus/build/run.js:158:5)
    at _runTestsForDescribeBlock (/home/mmittelb/Projects/stolen-api-services/node_modules/jest-circus/build/run.js:66:9)
    at _runTestsForDescribeBlock (/home/mmittelb/Projects/stolen-api-services/node_modules/jest-circus/build/run.js:60:9)
    at _runTestsForDescribeBlock (/home/mmittelb/Projects/stolen-api-services/node_modules/jest-circus/build/run.js:60:9)
    at run (/home/mmittelb/Projects/stolen-api-services/node_modules/jest-circus/build/run.js:25:3)</failure>
    </testcase>
    <testcase classname="InvitationService create should not find the customer" name="InvitationService create should not find the customer" time="0">
      <failure>Error: Status Code is 403 (MongoDB&apos;s 404)
This means that the requested version-platform combination doesn&apos;t exist
  Used Url: &quot;https://fastdl.mongodb.org/linux/mongodb-linux-x86_64-ubuntu2104-5.0.3.tgz&quot;
Try to use different version &apos;new MongoMemoryServer({ binary: { version: &apos;X.Y.Z&apos; } })&apos;
List of available versions can be found here:
  https://www.mongodb.org/dl/linux for Linux
  https://www.mongodb.org/dl/osx for OSX
  https://www.mongodb.org/dl/win32 for Windows
    at ClientRequest.&lt;anonymous&gt; (/home/mmittelb/Projects/stolen-api-services/node_modules/mongodb-memory-server-core/src/util/MongoBinaryDownload.ts:418:17)
    at Object.onceWrapper (events.js:520:26)
    at ClientRequest.emit (events.js:400:28)
    at HTTPParser.parserOnIncomingClient (_http_client.js:647:27)
    at HTTPParser.parserOnHeadersComplete (_http_common.js:126:17)
    at TLSSocket.socketOnData (_http_client.js:515:22)
    at TLSSocket.emit (events.js:400:28)
    at addChunk (internal/streams/readable.js:290:12)
    at readableAddChunk (internal/streams/readable.js:265:9)
    at TLSSocket.Readable.push (internal/streams/readable.js:204:10)</failure>
      <failure>TypeError: Cannot read property &apos;close&apos; of undefined
    at Object.&lt;anonymous&gt; (/home/mmittelb/Projects/stolen-api-services/apps/customer/src/v1/invitation/invitation.service.spec.ts:114:22)
    at Promise.then.completed (/home/mmittelb/Projects/stolen-api-services/node_modules/jest-circus/build/utils.js:390:28)
    at new Promise (&lt;anonymous&gt;)
    at callAsyncCircusFn (/home/mmittelb/Projects/stolen-api-services/node_modules/jest-circus/build/utils.js:315:10)
    at _callCircusHook (/home/mmittelb/Projects/stolen-api-services/node_modules/jest-circus/build/run.js:181:40)
    at _runTest (/home/mmittelb/Projects/stolen-api-services/node_modules/jest-circus/build/run.js:158:5)
    at _runTestsForDescribeBlock (/home/mmittelb/Projects/stolen-api-services/node_modules/jest-circus/build/run.js:66:9)
    at _runTestsForDescribeBlock (/home/mmittelb/Projects/stolen-api-services/node_modules/jest-circus/build/run.js:60:9)
    at _runTestsForDescribeBlock (/home/mmittelb/Projects/stolen-api-services/node_modules/jest-circus/build/run.js:60:9)
    at run (/home/mmittelb/Projects/stolen-api-services/node_modules/jest-circus/build/run.js:25:3)</failure>
    </testcase>
    <testcase classname="InvitationService create should detect missing config for expireDays" name="InvitationService create should detect missing config for expireDays" time="0.001">
      <failure>Error: Status Code is 403 (MongoDB&apos;s 404)
This means that the requested version-platform combination doesn&apos;t exist
  Used Url: &quot;https://fastdl.mongodb.org/linux/mongodb-linux-x86_64-ubuntu2104-5.0.3.tgz&quot;
Try to use different version &apos;new MongoMemoryServer({ binary: { version: &apos;X.Y.Z&apos; } })&apos;
List of available versions can be found here:
  https://www.mongodb.org/dl/linux for Linux
  https://www.mongodb.org/dl/osx for OSX
  https://www.mongodb.org/dl/win32 for Windows
    at ClientRequest.&lt;anonymous&gt; (/home/mmittelb/Projects/stolen-api-services/node_modules/mongodb-memory-server-core/src/util/MongoBinaryDownload.ts:418:17)
    at Object.onceWrapper (events.js:520:26)
    at ClientRequest.emit (events.js:400:28)
    at HTTPParser.parserOnIncomingClient (_http_client.js:647:27)
    at HTTPParser.parserOnHeadersComplete (_http_common.js:126:17)
    at TLSSocket.socketOnData (_http_client.js:515:22)
    at TLSSocket.emit (events.js:400:28)
    at addChunk (internal/streams/readable.js:290:12)
    at readableAddChunk (internal/streams/readable.js:265:9)
    at TLSSocket.Readable.push (internal/streams/readable.js:204:10)</failure>
      <failure>TypeError: Cannot read property &apos;close&apos; of undefined
    at Object.&lt;anonymous&gt; (/home/mmittelb/Projects/stolen-api-services/apps/customer/src/v1/invitation/invitation.service.spec.ts:114:22)
    at Promise.then.completed (/home/mmittelb/Projects/stolen-api-services/node_modules/jest-circus/build/utils.js:390:28)
    at new Promise (&lt;anonymous&gt;)
    at callAsyncCircusFn (/home/mmittelb/Projects/stolen-api-services/node_modules/jest-circus/build/utils.js:315:10)
    at _callCircusHook (/home/mmittelb/Projects/stolen-api-services/node_modules/jest-circus/build/run.js:181:40)
    at _runTest (/home/mmittelb/Projects/stolen-api-services/node_modules/jest-circus/build/run.js:158:5)
    at _runTestsForDescribeBlock (/home/mmittelb/Projects/stolen-api-services/node_modules/jest-circus/build/run.js:66:9)
    at _runTestsForDescribeBlock (/home/mmittelb/Projects/stolen-api-services/node_modules/jest-circus/build/run.js:60:9)
    at _runTestsForDescribeBlock (/home/mmittelb/Projects/stolen-api-services/node_modules/jest-circus/build/run.js:60:9)
    at run (/home/mmittelb/Projects/stolen-api-services/node_modules/jest-circus/build/run.js:25:3)</failure>
    </testcase>
    <testcase classname="InvitationService join should not find the token" name="InvitationService join should not find the token" time="0">
      <failure>Error: Status Code is 403 (MongoDB&apos;s 404)
This means that the requested version-platform combination doesn&apos;t exist
  Used Url: &quot;https://fastdl.mongodb.org/linux/mongodb-linux-x86_64-ubuntu2104-5.0.3.tgz&quot;
Try to use different version &apos;new MongoMemoryServer({ binary: { version: &apos;X.Y.Z&apos; } })&apos;
List of available versions can be found here:
  https://www.mongodb.org/dl/linux for Linux
  https://www.mongodb.org/dl/osx for OSX
  https://www.mongodb.org/dl/win32 for Windows
    at ClientRequest.&lt;anonymous&gt; (/home/mmittelb/Projects/stolen-api-services/node_modules/mongodb-memory-server-core/src/util/MongoBinaryDownload.ts:418:17)
    at Object.onceWrapper (events.js:520:26)
    at ClientRequest.emit (events.js:400:28)
    at HTTPParser.parserOnIncomingClient (_http_client.js:647:27)
    at HTTPParser.parserOnHeadersComplete (_http_common.js:126:17)
    at TLSSocket.socketOnData (_http_client.js:515:22)
    at TLSSocket.emit (events.js:400:28)
    at addChunk (internal/streams/readable.js:290:12)
    at readableAddChunk (internal/streams/readable.js:265:9)
    at TLSSocket.Readable.push (internal/streams/readable.js:204:10)</failure>
      <failure>TypeError: Cannot read property &apos;close&apos; of undefined
    at Object.&lt;anonymous&gt; (/home/mmittelb/Projects/stolen-api-services/apps/customer/src/v1/invitation/invitation.service.spec.ts:114:22)
    at Promise.then.completed (/home/mmittelb/Projects/stolen-api-services/node_modules/jest-circus/build/utils.js:390:28)
    at new Promise (&lt;anonymous&gt;)
    at callAsyncCircusFn (/home/mmittelb/Projects/stolen-api-services/node_modules/jest-circus/build/utils.js:315:10)
    at _callCircusHook (/home/mmittelb/Projects/stolen-api-services/node_modules/jest-circus/build/run.js:181:40)
    at _runTest (/home/mmittelb/Projects/stolen-api-services/node_modules/jest-circus/build/run.js:158:5)
    at _runTestsForDescribeBlock (/home/mmittelb/Projects/stolen-api-services/node_modules/jest-circus/build/run.js:66:9)
    at _runTestsForDescribeBlock (/home/mmittelb/Projects/stolen-api-services/node_modules/jest-circus/build/run.js:60:9)
    at _runTestsForDescribeBlock (/home/mmittelb/Projects/stolen-api-services/node_modules/jest-circus/build/run.js:60:9)
    at run (/home/mmittelb/Projects/stolen-api-services/node_modules/jest-circus/build/run.js:25:3)</failure>
    </testcase>
    <testcase classname="InvitationService join should be expired" name="InvitationService join should be expired" time="0">
      <failure>Error: Status Code is 403 (MongoDB&apos;s 404)
This means that the requested version-platform combination doesn&apos;t exist
  Used Url: &quot;https://fastdl.mongodb.org/linux/mongodb-linux-x86_64-ubuntu2104-5.0.3.tgz&quot;
Try to use different version &apos;new MongoMemoryServer({ binary: { version: &apos;X.Y.Z&apos; } })&apos;
List of available versions can be found here:
  https://www.mongodb.org/dl/linux for Linux
  https://www.mongodb.org/dl/osx for OSX
  https://www.mongodb.org/dl/win32 for Windows
    at ClientRequest.&lt;anonymous&gt; (/home/mmittelb/Projects/stolen-api-services/node_modules/mongodb-memory-server-core/src/util/MongoBinaryDownload.ts:418:17)
    at Object.onceWrapper (events.js:520:26)
    at ClientRequest.emit (events.js:400:28)
    at HTTPParser.parserOnIncomingClient (_http_client.js:647:27)
    at HTTPParser.parserOnHeadersComplete (_http_common.js:126:17)
    at TLSSocket.socketOnData (_http_client.js:515:22)
    at TLSSocket.emit (events.js:400:28)
    at addChunk (internal/streams/readable.js:290:12)
    at readableAddChunk (internal/streams/readable.js:265:9)
    at TLSSocket.Readable.push (internal/streams/readable.js:204:10)</failure>
      <failure>TypeError: Cannot read property &apos;close&apos; of undefined
    at Object.&lt;anonymous&gt; (/home/mmittelb/Projects/stolen-api-services/apps/customer/src/v1/invitation/invitation.service.spec.ts:114:22)
    at Promise.then.completed (/home/mmittelb/Projects/stolen-api-services/node_modules/jest-circus/build/utils.js:390:28)
    at new Promise (&lt;anonymous&gt;)
    at callAsyncCircusFn (/home/mmittelb/Projects/stolen-api-services/node_modules/jest-circus/build/utils.js:315:10)
    at _callCircusHook (/home/mmittelb/Projects/stolen-api-services/node_modules/jest-circus/build/run.js:181:40)
    at _runTest (/home/mmittelb/Projects/stolen-api-services/node_modules/jest-circus/build/run.js:158:5)
    at _runTestsForDescribeBlock (/home/mmittelb/Projects/stolen-api-services/node_modules/jest-circus/build/run.js:66:9)
    at _runTestsForDescribeBlock (/home/mmittelb/Projects/stolen-api-services/node_modules/jest-circus/build/run.js:60:9)
    at _runTestsForDescribeBlock (/home/mmittelb/Projects/stolen-api-services/node_modules/jest-circus/build/run.js:60:9)
    at run (/home/mmittelb/Projects/stolen-api-services/node_modules/jest-circus/build/run.js:25:3)</failure>
    </testcase>
    <testcase classname="InvitationService join should succeed" name="InvitationService join should succeed" time="0.001">
      <failure>Error: Status Code is 403 (MongoDB&apos;s 404)
This means that the requested version-platform combination doesn&apos;t exist
  Used Url: &quot;https://fastdl.mongodb.org/linux/mongodb-linux-x86_64-ubuntu2104-5.0.3.tgz&quot;
Try to use different version &apos;new MongoMemoryServer({ binary: { version: &apos;X.Y.Z&apos; } })&apos;
List of available versions can be found here:
  https://www.mongodb.org/dl/linux for Linux
  https://www.mongodb.org/dl/osx for OSX
  https://www.mongodb.org/dl/win32 for Windows
    at ClientRequest.&lt;anonymous&gt; (/home/mmittelb/Projects/stolen-api-services/node_modules/mongodb-memory-server-core/src/util/MongoBinaryDownload.ts:418:17)
    at Object.onceWrapper (events.js:520:26)
    at ClientRequest.emit (events.js:400:28)
    at HTTPParser.parserOnIncomingClient (_http_client.js:647:27)
    at HTTPParser.parserOnHeadersComplete (_http_common.js:126:17)
    at TLSSocket.socketOnData (_http_client.js:515:22)
    at TLSSocket.emit (events.js:400:28)
    at addChunk (internal/streams/readable.js:290:12)
    at readableAddChunk (internal/streams/readable.js:265:9)
    at TLSSocket.Readable.push (internal/streams/readable.js:204:10)</failure>
      <failure>TypeError: Cannot read property &apos;close&apos; of undefined
    at Object.&lt;anonymous&gt; (/home/mmittelb/Projects/stolen-api-services/apps/customer/src/v1/invitation/invitation.service.spec.ts:114:22)
    at Promise.then.completed (/home/mmittelb/Projects/stolen-api-services/node_modules/jest-circus/build/utils.js:390:28)
    at new Promise (&lt;anonymous&gt;)
    at callAsyncCircusFn (/home/mmittelb/Projects/stolen-api-services/node_modules/jest-circus/build/utils.js:315:10)
    at _callCircusHook (/home/mmittelb/Projects/stolen-api-services/node_modules/jest-circus/build/run.js:181:40)
    at _runTest (/home/mmittelb/Projects/stolen-api-services/node_modules/jest-circus/build/run.js:158:5)
    at _runTestsForDescribeBlock (/home/mmittelb/Projects/stolen-api-services/node_modules/jest-circus/build/run.js:66:9)
    at _runTestsForDescribeBlock (/home/mmittelb/Projects/stolen-api-services/node_modules/jest-circus/build/run.js:60:9)
    at _runTestsForDescribeBlock (/home/mmittelb/Projects/stolen-api-services/node_modules/jest-circus/build/run.js:60:9)
    at run (/home/mmittelb/Projects/stolen-api-services/node_modules/jest-circus/build/run.js:25:3)</failure>
    </testcase>
    <testcase classname="InvitationService join should detect an error in userService" name="InvitationService join should detect an error in userService" time="0.001">
      <failure>Error: Status Code is 403 (MongoDB&apos;s 404)
This means that the requested version-platform combination doesn&apos;t exist
  Used Url: &quot;https://fastdl.mongodb.org/linux/mongodb-linux-x86_64-ubuntu2104-5.0.3.tgz&quot;
Try to use different version &apos;new MongoMemoryServer({ binary: { version: &apos;X.Y.Z&apos; } })&apos;
List of available versions can be found here:
  https://www.mongodb.org/dl/linux for Linux
  https://www.mongodb.org/dl/osx for OSX
  https://www.mongodb.org/dl/win32 for Windows
    at ClientRequest.&lt;anonymous&gt; (/home/mmittelb/Projects/stolen-api-services/node_modules/mongodb-memory-server-core/src/util/MongoBinaryDownload.ts:418:17)
    at Object.onceWrapper (events.js:520:26)
    at ClientRequest.emit (events.js:400:28)
    at HTTPParser.parserOnIncomingClient (_http_client.js:647:27)
    at HTTPParser.parserOnHeadersComplete (_http_common.js:126:17)
    at TLSSocket.socketOnData (_http_client.js:515:22)
    at TLSSocket.emit (events.js:400:28)
    at addChunk (internal/streams/readable.js:290:12)
    at readableAddChunk (internal/streams/readable.js:265:9)
    at TLSSocket.Readable.push (internal/streams/readable.js:204:10)</failure>
      <failure>TypeError: Cannot read property &apos;close&apos; of undefined
    at Object.&lt;anonymous&gt; (/home/mmittelb/Projects/stolen-api-services/apps/customer/src/v1/invitation/invitation.service.spec.ts:114:22)
    at Promise.then.completed (/home/mmittelb/Projects/stolen-api-services/node_modules/jest-circus/build/utils.js:390:28)
    at new Promise (&lt;anonymous&gt;)
    at callAsyncCircusFn (/home/mmittelb/Projects/stolen-api-services/node_modules/jest-circus/build/utils.js:315:10)
    at _callCircusHook (/home/mmittelb/Projects/stolen-api-services/node_modules/jest-circus/build/run.js:181:40)
    at _runTest (/home/mmittelb/Projects/stolen-api-services/node_modules/jest-circus/build/run.js:158:5)
    at _runTestsForDescribeBlock (/home/mmittelb/Projects/stolen-api-services/node_modules/jest-circus/build/run.js:66:9)
    at _runTestsForDescribeBlock (/home/mmittelb/Projects/stolen-api-services/node_modules/jest-circus/build/run.js:60:9)
    at _runTestsForDescribeBlock (/home/mmittelb/Projects/stolen-api-services/node_modules/jest-circus/build/run.js:60:9)
    at run (/home/mmittelb/Projects/stolen-api-services/node_modules/jest-circus/build/run.js:25:3)</failure>
    </testcase>
  </testsuite>
  <testsuite name="AuthService" errors="0" failures="2" skipped="0" timestamp="2021-12-13T16:21:57" time="0.667" tests="2">
    <testcase classname="AuthService should be defined" name="AuthService should be defined" time="0.09">
      <failure>Error: Nest can&apos;t resolve dependencies of the AuthService (TokenRepository, ?, PermissionRepository, ProductPermissionRepository, USER_SERVICE, CUSTOMER_SERVICE, KongApiService, ConfigService). Please make sure that the argument RoleRepository at index [1] is available in the RootTestModule context.

Potential solutions:
- If RoleRepository is a provider, is it part of the current RootTestModule?
- If RoleRepository is exported from a separate @Module, is that module imported within RootTestModule?
  @Module({
    imports: [ /* the Module containing RoleRepository */ ]
  })

    at Injector.lookupComponentInParentModules (/home/mmittelb/Projects/stolen-api-services/node_modules/@nestjs/core/injector/injector.js:201:19)
    at Injector.resolveComponentInstance (/home/mmittelb/Projects/stolen-api-services/node_modules/@nestjs/core/injector/injector.js:156:33)
    at resolveParam (/home/mmittelb/Projects/stolen-api-services/node_modules/@nestjs/core/injector/injector.js:108:38)
    at async Promise.all (index 1)
    at Injector.resolveConstructorParams (/home/mmittelb/Projects/stolen-api-services/node_modules/@nestjs/core/injector/injector.js:123:27)
    at Injector.loadInstance (/home/mmittelb/Projects/stolen-api-services/node_modules/@nestjs/core/injector/injector.js:52:9)
    at Injector.loadProvider (/home/mmittelb/Projects/stolen-api-services/node_modules/@nestjs/core/injector/injector.js:74:9)
    at async Promise.all (index 3)
    at InstanceLoader.createInstancesOfProviders (/home/mmittelb/Projects/stolen-api-services/node_modules/@nestjs/core/injector/instance-loader.js:44:9)
    at /home/mmittelb/Projects/stolen-api-services/node_modules/@nestjs/core/injector/instance-loader.js:29:13
    at async Promise.all (index 1)
    at InstanceLoader.createInstances (/home/mmittelb/Projects/stolen-api-services/node_modules/@nestjs/core/injector/instance-loader.js:28:9)
    at InstanceLoader.createInstancesOfDependencies (/home/mmittelb/Projects/stolen-api-services/node_modules/@nestjs/core/injector/instance-loader.js:18:9)
    at TestingModuleBuilder.compile (/home/mmittelb/Projects/stolen-api-services/node_modules/@nestjs/testing/testing-module.builder.js:43:9)
    at Object.&lt;anonymous&gt; (/home/mmittelb/Projects/stolen-api-services/apps/auth/src/v1/auth/auth.service.spec.ts:84:35)</failure>
      <failure>TypeError: Cannot read property &apos;close&apos; of undefined
    at Object.&lt;anonymous&gt; (/home/mmittelb/Projects/stolen-api-services/apps/auth/src/v1/auth/auth.service.spec.ts:121:15)
    at Promise.then.completed (/home/mmittelb/Projects/stolen-api-services/node_modules/jest-circus/build/utils.js:390:28)
    at new Promise (&lt;anonymous&gt;)
    at callAsyncCircusFn (/home/mmittelb/Projects/stolen-api-services/node_modules/jest-circus/build/utils.js:315:10)
    at _callCircusHook (/home/mmittelb/Projects/stolen-api-services/node_modules/jest-circus/build/run.js:181:40)
    at _runTest (/home/mmittelb/Projects/stolen-api-services/node_modules/jest-circus/build/run.js:158:5)
    at _runTestsForDescribeBlock (/home/mmittelb/Projects/stolen-api-services/node_modules/jest-circus/build/run.js:66:9)
    at _runTestsForDescribeBlock (/home/mmittelb/Projects/stolen-api-services/node_modules/jest-circus/build/run.js:60:9)
    at run (/home/mmittelb/Projects/stolen-api-services/node_modules/jest-circus/build/run.js:25:3)
    at runAndTransformResultsToJestFormat (/home/mmittelb/Projects/stolen-api-services/node_modules/jest-circus/build/legacy-code-todo-rewrite/jestAdapterInit.js:167:21)
    at jestAdapter (/home/mmittelb/Projects/stolen-api-services/node_modules/jest-circus/build/legacy-code-todo-rewrite/jestAdapter.js:82:19)
    at runTestInternal (/home/mmittelb/Projects/stolen-api-services/node_modules/jest-runner/build/runTest.js:389:16)
    at runTest (/home/mmittelb/Projects/stolen-api-services/node_modules/jest-runner/build/runTest.js:475:34)</failure>
    </testcase>
    <testcase classname="AuthService append cookie data to response when called with res=null" name="AuthService append cookie data to response when called with res=null" time="0.012">
      <failure>Error: Nest can&apos;t resolve dependencies of the AuthService (TokenRepository, ?, PermissionRepository, ProductPermissionRepository, USER_SERVICE, CUSTOMER_SERVICE, KongApiService, ConfigService). Please make sure that the argument RoleRepository at index [1] is available in the RootTestModule context.

Potential solutions:
- If RoleRepository is a provider, is it part of the current RootTestModule?
- If RoleRepository is exported from a separate @Module, is that module imported within RootTestModule?
  @Module({
    imports: [ /* the Module containing RoleRepository */ ]
  })

    at Injector.lookupComponentInParentModules (/home/mmittelb/Projects/stolen-api-services/node_modules/@nestjs/core/injector/injector.js:201:19)
    at Injector.resolveComponentInstance (/home/mmittelb/Projects/stolen-api-services/node_modules/@nestjs/core/injector/injector.js:156:33)
    at resolveParam (/home/mmittelb/Projects/stolen-api-services/node_modules/@nestjs/core/injector/injector.js:108:38)
    at async Promise.all (index 1)
    at Injector.resolveConstructorParams (/home/mmittelb/Projects/stolen-api-services/node_modules/@nestjs/core/injector/injector.js:123:27)
    at Injector.loadInstance (/home/mmittelb/Projects/stolen-api-services/node_modules/@nestjs/core/injector/injector.js:52:9)
    at Injector.loadProvider (/home/mmittelb/Projects/stolen-api-services/node_modules/@nestjs/core/injector/injector.js:74:9)
    at async Promise.all (index 3)
    at InstanceLoader.createInstancesOfProviders (/home/mmittelb/Projects/stolen-api-services/node_modules/@nestjs/core/injector/instance-loader.js:44:9)
    at /home/mmittelb/Projects/stolen-api-services/node_modules/@nestjs/core/injector/instance-loader.js:29:13
    at async Promise.all (index 1)
    at InstanceLoader.createInstances (/home/mmittelb/Projects/stolen-api-services/node_modules/@nestjs/core/injector/instance-loader.js:28:9)
    at InstanceLoader.createInstancesOfDependencies (/home/mmittelb/Projects/stolen-api-services/node_modules/@nestjs/core/injector/instance-loader.js:18:9)
    at TestingModuleBuilder.compile (/home/mmittelb/Projects/stolen-api-services/node_modules/@nestjs/testing/testing-module.builder.js:43:9)
    at Object.&lt;anonymous&gt; (/home/mmittelb/Projects/stolen-api-services/apps/auth/src/v1/auth/auth.service.spec.ts:84:35)</failure>
      <failure>TypeError: Cannot read property &apos;close&apos; of undefined
    at Object.&lt;anonymous&gt; (/home/mmittelb/Projects/stolen-api-services/apps/auth/src/v1/auth/auth.service.spec.ts:121:15)
    at Promise.then.completed (/home/mmittelb/Projects/stolen-api-services/node_modules/jest-circus/build/utils.js:390:28)
    at new Promise (&lt;anonymous&gt;)
    at callAsyncCircusFn (/home/mmittelb/Projects/stolen-api-services/node_modules/jest-circus/build/utils.js:315:10)
    at _callCircusHook (/home/mmittelb/Projects/stolen-api-services/node_modules/jest-circus/build/run.js:181:40)
    at _runTest (/home/mmittelb/Projects/stolen-api-services/node_modules/jest-circus/build/run.js:158:5)
    at _runTestsForDescribeBlock (/home/mmittelb/Projects/stolen-api-services/node_modules/jest-circus/build/run.js:66:9)
    at _runTestsForDescribeBlock (/home/mmittelb/Projects/stolen-api-services/node_modules/jest-circus/build/run.js:60:9)
    at run (/home/mmittelb/Projects/stolen-api-services/node_modules/jest-circus/build/run.js:25:3)
    at runAndTransformResultsToJestFormat (/home/mmittelb/Projects/stolen-api-services/node_modules/jest-circus/build/legacy-code-todo-rewrite/jestAdapterInit.js:167:21)
    at jestAdapter (/home/mmittelb/Projects/stolen-api-services/node_modules/jest-circus/build/legacy-code-todo-rewrite/jestAdapter.js:82:19)
    at runTestInternal (/home/mmittelb/Projects/stolen-api-services/node_modules/jest-runner/build/runTest.js:389:16)
    at runTest (/home/mmittelb/Projects/stolen-api-services/node_modules/jest-runner/build/runTest.js:475:34)</failure>
    </testcase>
  </testsuite>
  <testsuite name="DefaultBackendController (e2e)" errors="0" failures="1" skipped="0" timestamp="2021-12-13T16:21:58" time="22.468" tests="1">
    <testcase classname="DefaultBackendController (e2e) / (GET)" name="DefaultBackendController (e2e) / (GET)" time="21.904">
      <failure>Error: thrown: &quot;Exceeded timeout of 5000 ms for a test.
Use jest.setTimeout(newTimeout) to increase the timeout value, if this is a long-running test.&quot;
    at /home/mmittelb/Projects/stolen-api-services/apps/default-backend/test/app.e2e-spec.ts:18:3
    at _dispatchDescribe (/home/mmittelb/Projects/stolen-api-services/node_modules/jest-circus/build/index.js:97:26)
    at describe (/home/mmittelb/Projects/stolen-api-services/node_modules/jest-circus/build/index.js:60:5)
    at Object.&lt;anonymous&gt; (/home/mmittelb/Projects/stolen-api-services/apps/default-backend/test/app.e2e-spec.ts:6:1)
    at Runtime._execModule (/home/mmittelb/Projects/stolen-api-services/node_modules/jest-runtime/build/index.js:1646:24)
    at Runtime._loadModule (/home/mmittelb/Projects/stolen-api-services/node_modules/jest-runtime/build/index.js:1185:12)
    at Runtime.requireModule (/home/mmittelb/Projects/stolen-api-services/node_modules/jest-runtime/build/index.js:1009:12)
    at jestAdapter (/home/mmittelb/Projects/stolen-api-services/node_modules/jest-circus/build/legacy-code-todo-rewrite/jestAdapter.js:79:13)
    at runTestInternal (/home/mmittelb/Projects/stolen-api-services/node_modules/jest-runner/build/runTest.js:389:16)
    at runTest (/home/mmittelb/Projects/stolen-api-services/node_modules/jest-runner/build/runTest.js:475:34)</failure>
    </testcase>
  </testsuite>
  <testsuite name="MaintenanceService" errors="0" failures="1" skipped="0" timestamp="2021-12-13T16:22:21" time="1.032" tests="1">
    <testcase classname="MaintenanceService should be defined" name="MaintenanceService should be defined" time="0.001">
      <failure>Error: Status Code is 403 (MongoDB&apos;s 404)
This means that the requested version-platform combination doesn&apos;t exist
  Used Url: &quot;https://fastdl.mongodb.org/linux/mongodb-linux-x86_64-ubuntu2104-5.0.3.tgz&quot;
Try to use different version &apos;new MongoMemoryServer({ binary: { version: &apos;X.Y.Z&apos; } })&apos;
List of available versions can be found here:
  https://www.mongodb.org/dl/linux for Linux
  https://www.mongodb.org/dl/osx for OSX
  https://www.mongodb.org/dl/win32 for Windows
    at ClientRequest.&lt;anonymous&gt; (/home/mmittelb/Projects/stolen-api-services/node_modules/mongodb-memory-server-core/src/util/MongoBinaryDownload.ts:418:17)
    at Object.onceWrapper (events.js:520:26)
    at ClientRequest.emit (events.js:400:28)
    at HTTPParser.parserOnIncomingClient (_http_client.js:647:27)
    at HTTPParser.parserOnHeadersComplete (_http_common.js:126:17)
    at TLSSocket.socketOnData (_http_client.js:515:22)
    at TLSSocket.emit (events.js:400:28)
    at addChunk (internal/streams/readable.js:290:12)
    at readableAddChunk (internal/streams/readable.js:265:9)
    at TLSSocket.Readable.push (internal/streams/readable.js:204:10)</failure>
      <failure>TypeError: Cannot read property &apos;close&apos; of undefined
    at Object.&lt;anonymous&gt; (/home/mmittelb/Projects/stolen-api-services/apps/user/src/v1/maintenance/maintenance.service.spec.ts:52:22)
    at Promise.then.completed (/home/mmittelb/Projects/stolen-api-services/node_modules/jest-circus/build/utils.js:390:28)
    at new Promise (&lt;anonymous&gt;)
    at callAsyncCircusFn (/home/mmittelb/Projects/stolen-api-services/node_modules/jest-circus/build/utils.js:315:10)
    at _callCircusHook (/home/mmittelb/Projects/stolen-api-services/node_modules/jest-circus/build/run.js:181:40)
    at _runTest (/home/mmittelb/Projects/stolen-api-services/node_modules/jest-circus/build/run.js:158:5)
    at _runTestsForDescribeBlock (/home/mmittelb/Projects/stolen-api-services/node_modules/jest-circus/build/run.js:66:9)
    at _runTestsForDescribeBlock (/home/mmittelb/Projects/stolen-api-services/node_modules/jest-circus/build/run.js:60:9)
    at run (/home/mmittelb/Projects/stolen-api-services/node_modules/jest-circus/build/run.js:25:3)
    at runAndTransformResultsToJestFormat (/home/mmittelb/Projects/stolen-api-services/node_modules/jest-circus/build/legacy-code-todo-rewrite/jestAdapterInit.js:167:21)</failure>
    </testcase>
  </testsuite>
  <testsuite name="AuthController" errors="0" failures="2" skipped="0" timestamp="2021-12-13T16:22:22" time="0.705" tests="2">
    <testcase classname="AuthController should be defined" name="AuthController should be defined" time="0.043">
      <failure>Error: Nest can&apos;t resolve dependencies of the AuthService (TokenRepository, ?, PermissionRepository, ProductPermissionRepository, USER_SERVICE, CUSTOMER_SERVICE, KongApiService, ConfigService). Please make sure that the argument RoleRepository at index [1] is available in the RootTestModule context.

Potential solutions:
- If RoleRepository is a provider, is it part of the current RootTestModule?
- If RoleRepository is exported from a separate @Module, is that module imported within RootTestModule?
  @Module({
    imports: [ /* the Module containing RoleRepository */ ]
  })

    at Injector.lookupComponentInParentModules (/home/mmittelb/Projects/stolen-api-services/node_modules/@nestjs/core/injector/injector.js:201:19)
    at Injector.resolveComponentInstance (/home/mmittelb/Projects/stolen-api-services/node_modules/@nestjs/core/injector/injector.js:156:33)
    at resolveParam (/home/mmittelb/Projects/stolen-api-services/node_modules/@nestjs/core/injector/injector.js:108:38)
    at async Promise.all (index 1)
    at Injector.resolveConstructorParams (/home/mmittelb/Projects/stolen-api-services/node_modules/@nestjs/core/injector/injector.js:123:27)
    at Injector.loadInstance (/home/mmittelb/Projects/stolen-api-services/node_modules/@nestjs/core/injector/injector.js:52:9)
    at Injector.loadProvider (/home/mmittelb/Projects/stolen-api-services/node_modules/@nestjs/core/injector/injector.js:74:9)
    at async Promise.all (index 3)
    at InstanceLoader.createInstancesOfProviders (/home/mmittelb/Projects/stolen-api-services/node_modules/@nestjs/core/injector/instance-loader.js:44:9)
    at /home/mmittelb/Projects/stolen-api-services/node_modules/@nestjs/core/injector/instance-loader.js:29:13</failure>
      <failure>TypeError: Cannot read property &apos;close&apos; of undefined
    at Object.&lt;anonymous&gt; (/home/mmittelb/Projects/stolen-api-services/apps/auth/src/v1/auth/auth.controller.spec.ts:77:15)
    at Promise.then.completed (/home/mmittelb/Projects/stolen-api-services/node_modules/jest-circus/build/utils.js:390:28)
    at new Promise (&lt;anonymous&gt;)
    at callAsyncCircusFn (/home/mmittelb/Projects/stolen-api-services/node_modules/jest-circus/build/utils.js:315:10)
    at _callCircusHook (/home/mmittelb/Projects/stolen-api-services/node_modules/jest-circus/build/run.js:181:40)
    at _runTest (/home/mmittelb/Projects/stolen-api-services/node_modules/jest-circus/build/run.js:158:5)
    at _runTestsForDescribeBlock (/home/mmittelb/Projects/stolen-api-services/node_modules/jest-circus/build/run.js:66:9)
    at _runTestsForDescribeBlock (/home/mmittelb/Projects/stolen-api-services/node_modules/jest-circus/build/run.js:60:9)
    at run (/home/mmittelb/Projects/stolen-api-services/node_modules/jest-circus/build/run.js:25:3)
    at runAndTransformResultsToJestFormat (/home/mmittelb/Projects/stolen-api-services/node_modules/jest-circus/build/legacy-code-todo-rewrite/jestAdapterInit.js:167:21)</failure>
    </testcase>
    <testcase classname="AuthController check if controller calls auth service (loginUser)" name="AuthController check if controller calls auth service (loginUser)" time="0.018">
      <failure>Error: Nest can&apos;t resolve dependencies of the AuthService (TokenRepository, ?, PermissionRepository, ProductPermissionRepository, USER_SERVICE, CUSTOMER_SERVICE, KongApiService, ConfigService). Please make sure that the argument RoleRepository at index [1] is available in the RootTestModule context.

Potential solutions:
- If RoleRepository is a provider, is it part of the current RootTestModule?
- If RoleRepository is exported from a separate @Module, is that module imported within RootTestModule?
  @Module({
    imports: [ /* the Module containing RoleRepository */ ]
  })

    at Injector.lookupComponentInParentModules (/home/mmittelb/Projects/stolen-api-services/node_modules/@nestjs/core/injector/injector.js:201:19)
    at Injector.resolveComponentInstance (/home/mmittelb/Projects/stolen-api-services/node_modules/@nestjs/core/injector/injector.js:156:33)
    at resolveParam (/home/mmittelb/Projects/stolen-api-services/node_modules/@nestjs/core/injector/injector.js:108:38)
    at async Promise.all (index 1)
    at Injector.resolveConstructorParams (/home/mmittelb/Projects/stolen-api-services/node_modules/@nestjs/core/injector/injector.js:123:27)
    at Injector.loadInstance (/home/mmittelb/Projects/stolen-api-services/node_modules/@nestjs/core/injector/injector.js:52:9)
    at Injector.loadProvider (/home/mmittelb/Projects/stolen-api-services/node_modules/@nestjs/core/injector/injector.js:74:9)
    at async Promise.all (index 3)
    at InstanceLoader.createInstancesOfProviders (/home/mmittelb/Projects/stolen-api-services/node_modules/@nestjs/core/injector/instance-loader.js:44:9)
    at /home/mmittelb/Projects/stolen-api-services/node_modules/@nestjs/core/injector/instance-loader.js:29:13</failure>
      <failure>TypeError: Cannot read property &apos;close&apos; of undefined
    at Object.&lt;anonymous&gt; (/home/mmittelb/Projects/stolen-api-services/apps/auth/src/v1/auth/auth.controller.spec.ts:77:15)
    at Promise.then.completed (/home/mmittelb/Projects/stolen-api-services/node_modules/jest-circus/build/utils.js:390:28)
    at new Promise (&lt;anonymous&gt;)
    at callAsyncCircusFn (/home/mmittelb/Projects/stolen-api-services/node_modules/jest-circus/build/utils.js:315:10)
    at _callCircusHook (/home/mmittelb/Projects/stolen-api-services/node_modules/jest-circus/build/run.js:181:40)
    at _runTest (/home/mmittelb/Projects/stolen-api-services/node_modules/jest-circus/build/run.js:158:5)
    at _runTestsForDescribeBlock (/home/mmittelb/Projects/stolen-api-services/node_modules/jest-circus/build/run.js:66:9)
    at _runTestsForDescribeBlock (/home/mmittelb/Projects/stolen-api-services/node_modules/jest-circus/build/run.js:60:9)
    at run (/home/mmittelb/Projects/stolen-api-services/node_modules/jest-circus/build/run.js:25:3)
    at runAndTransformResultsToJestFormat (/home/mmittelb/Projects/stolen-api-services/node_modules/jest-circus/build/legacy-code-todo-rewrite/jestAdapterInit.js:167:21)</failure>
    </testcase>
  </testsuite>
  <testsuite name="MaintenanceService" errors="0" failures="1" skipped="0" timestamp="2021-12-13T16:22:23" time="1.141" tests="1">
    <testcase classname="MaintenanceService removeUsers should succeed" name="MaintenanceService removeUsers should succeed" time="0.001">
      <failure>Error: Status Code is 403 (MongoDB&apos;s 404)
This means that the requested version-platform combination doesn&apos;t exist
  Used Url: &quot;https://fastdl.mongodb.org/linux/mongodb-linux-x86_64-ubuntu2104-5.0.3.tgz&quot;
Try to use different version &apos;new MongoMemoryServer({ binary: { version: &apos;X.Y.Z&apos; } })&apos;
List of available versions can be found here:
  https://www.mongodb.org/dl/linux for Linux
  https://www.mongodb.org/dl/osx for OSX
  https://www.mongodb.org/dl/win32 for Windows
    at ClientRequest.&lt;anonymous&gt; (/home/mmittelb/Projects/stolen-api-services/node_modules/mongodb-memory-server-core/src/util/MongoBinaryDownload.ts:418:17)
    at Object.onceWrapper (events.js:520:26)
    at ClientRequest.emit (events.js:400:28)
    at HTTPParser.parserOnIncomingClient (_http_client.js:647:27)
    at HTTPParser.parserOnHeadersComplete (_http_common.js:126:17)
    at TLSSocket.socketOnData (_http_client.js:515:22)
    at TLSSocket.emit (events.js:400:28)
    at addChunk (internal/streams/readable.js:290:12)
    at readableAddChunk (internal/streams/readable.js:265:9)
    at TLSSocket.Readable.push (internal/streams/readable.js:204:10)</failure>
      <failure>TypeError: Cannot read property &apos;close&apos; of undefined
    at Object.&lt;anonymous&gt; (/home/mmittelb/Projects/stolen-api-services/apps/customer/src/v1/maintenance/maintenance.service.spec.ts:61:22)
    at Promise.then.completed (/home/mmittelb/Projects/stolen-api-services/node_modules/jest-circus/build/utils.js:390:28)
    at new Promise (&lt;anonymous&gt;)
    at callAsyncCircusFn (/home/mmittelb/Projects/stolen-api-services/node_modules/jest-circus/build/utils.js:315:10)
    at _callCircusHook (/home/mmittelb/Projects/stolen-api-services/node_modules/jest-circus/build/run.js:181:40)
    at _runTest (/home/mmittelb/Projects/stolen-api-services/node_modules/jest-circus/build/run.js:158:5)
    at _runTestsForDescribeBlock (/home/mmittelb/Projects/stolen-api-services/node_modules/jest-circus/build/run.js:66:9)
    at _runTestsForDescribeBlock (/home/mmittelb/Projects/stolen-api-services/node_modules/jest-circus/build/run.js:60:9)
    at _runTestsForDescribeBlock (/home/mmittelb/Projects/stolen-api-services/node_modules/jest-circus/build/run.js:60:9)
    at run (/home/mmittelb/Projects/stolen-api-services/node_modules/jest-circus/build/run.js:25:3)</failure>
    </testcase>
  </testsuite>
  <testsuite name="PermissionsService" errors="0" failures="1" skipped="0" timestamp="2021-12-13T16:22:24" time="0.529" tests="1">
    <testcase classname="PermissionsService should be defined" name="PermissionsService should be defined" time="0.005">
      <failure>Error: Nest can&apos;t resolve dependencies of the PermissionsService (?). Please make sure that the argument PermissionRepository at index [0] is available in the RootTestModule context.

Potential solutions:
- If PermissionRepository is a provider, is it part of the current RootTestModule?
- If PermissionRepository is exported from a separate @Module, is that module imported within RootTestModule?
  @Module({
    imports: [ /* the Module containing PermissionRepository */ ]
  })

    at Injector.lookupComponentInParentModules (/home/mmittelb/Projects/stolen-api-services/node_modules/@nestjs/core/injector/injector.js:201:19)
    at Injector.resolveComponentInstance (/home/mmittelb/Projects/stolen-api-services/node_modules/@nestjs/core/injector/injector.js:156:33)
    at resolveParam (/home/mmittelb/Projects/stolen-api-services/node_modules/@nestjs/core/injector/injector.js:108:38)
    at async Promise.all (index 0)
    at Injector.resolveConstructorParams (/home/mmittelb/Projects/stolen-api-services/node_modules/@nestjs/core/injector/injector.js:123:27)
    at Injector.loadInstance (/home/mmittelb/Projects/stolen-api-services/node_modules/@nestjs/core/injector/injector.js:52:9)
    at Injector.loadProvider (/home/mmittelb/Projects/stolen-api-services/node_modules/@nestjs/core/injector/injector.js:74:9)
    at async Promise.all (index 3)
    at InstanceLoader.createInstancesOfProviders (/home/mmittelb/Projects/stolen-api-services/node_modules/@nestjs/core/injector/instance-loader.js:44:9)
    at /home/mmittelb/Projects/stolen-api-services/node_modules/@nestjs/core/injector/instance-loader.js:29:13</failure>
    </testcase>
  </testsuite>
  <testsuite name="PermissionsController" errors="0" failures="1" skipped="0" timestamp="2021-12-13T16:22:25" time="0.48" tests="1">
    <testcase classname="PermissionsController should be defined" name="PermissionsController should be defined" time="0.006">
      <failure>Error: Nest can&apos;t resolve dependencies of the PermissionsController (?). Please make sure that the argument PermissionsService at index [0] is available in the RootTestModule context.

Potential solutions:
- If PermissionsService is a provider, is it part of the current RootTestModule?
- If PermissionsService is exported from a separate @Module, is that module imported within RootTestModule?
  @Module({
    imports: [ /* the Module containing PermissionsService */ ]
  })

    at Injector.lookupComponentInParentModules (/home/mmittelb/Projects/stolen-api-services/node_modules/@nestjs/core/injector/injector.js:201:19)
    at Injector.resolveComponentInstance (/home/mmittelb/Projects/stolen-api-services/node_modules/@nestjs/core/injector/injector.js:156:33)
    at resolveParam (/home/mmittelb/Projects/stolen-api-services/node_modules/@nestjs/core/injector/injector.js:108:38)
    at async Promise.all (index 0)
    at Injector.resolveConstructorParams (/home/mmittelb/Projects/stolen-api-services/node_modules/@nestjs/core/injector/injector.js:123:27)
    at Injector.loadInstance (/home/mmittelb/Projects/stolen-api-services/node_modules/@nestjs/core/injector/injector.js:52:9)
    at Injector.loadController (/home/mmittelb/Projects/stolen-api-services/node_modules/@nestjs/core/injector/injector.js:65:9)
    at async Promise.all (index 0)
    at InstanceLoader.createInstancesOfControllers (/home/mmittelb/Projects/stolen-api-services/node_modules/@nestjs/core/injector/instance-loader.js:53:9)
    at /home/mmittelb/Projects/stolen-api-services/node_modules/@nestjs/core/injector/instance-loader.js:31:13</failure>
    </testcase>
  </testsuite>
  <testsuite name="RolesService" errors="0" failures="1" skipped="0" timestamp="2021-12-13T16:22:25" time="0.481" tests="1">
    <testcase classname="RolesService should be defined" name="RolesService should be defined" time="0.005">
      <failure>Error: Nest can&apos;t resolve dependencies of the RolesService (?, UserRepository, TagMappingRepository, PermissionRepository). Please make sure that the argument RoleRepository at index [0] is available in the RootTestModule context.

Potential solutions:
- If RoleRepository is a provider, is it part of the current RootTestModule?
- If RoleRepository is exported from a separate @Module, is that module imported within RootTestModule?
  @Module({
    imports: [ /* the Module containing RoleRepository */ ]
  })

    at Injector.lookupComponentInParentModules (/home/mmittelb/Projects/stolen-api-services/node_modules/@nestjs/core/injector/injector.js:201:19)
    at Injector.resolveComponentInstance (/home/mmittelb/Projects/stolen-api-services/node_modules/@nestjs/core/injector/injector.js:156:33)
    at resolveParam (/home/mmittelb/Projects/stolen-api-services/node_modules/@nestjs/core/injector/injector.js:108:38)
    at async Promise.all (index 0)
    at Injector.resolveConstructorParams (/home/mmittelb/Projects/stolen-api-services/node_modules/@nestjs/core/injector/injector.js:123:27)
    at Injector.loadInstance (/home/mmittelb/Projects/stolen-api-services/node_modules/@nestjs/core/injector/injector.js:52:9)
    at Injector.loadProvider (/home/mmittelb/Projects/stolen-api-services/node_modules/@nestjs/core/injector/injector.js:74:9)
    at async Promise.all (index 3)
    at InstanceLoader.createInstancesOfProviders (/home/mmittelb/Projects/stolen-api-services/node_modules/@nestjs/core/injector/instance-loader.js:44:9)
    at /home/mmittelb/Projects/stolen-api-services/node_modules/@nestjs/core/injector/instance-loader.js:29:13</failure>
    </testcase>
  </testsuite>
  <testsuite name="RolesController" errors="0" failures="1" skipped="0" timestamp="2021-12-13T16:22:26" time="0.587" tests="1">
    <testcase classname="RolesController should be defined" name="RolesController should be defined" time="0.007">
      <failure>Error: Nest can&apos;t resolve dependencies of the RolesController (?). Please make sure that the argument RolesService at index [0] is available in the RootTestModule context.

Potential solutions:
- If RolesService is a provider, is it part of the current RootTestModule?
- If RolesService is exported from a separate @Module, is that module imported within RootTestModule?
  @Module({
    imports: [ /* the Module containing RolesService */ ]
  })

    at Injector.lookupComponentInParentModules (/home/mmittelb/Projects/stolen-api-services/node_modules/@nestjs/core/injector/injector.js:201:19)
    at Injector.resolveComponentInstance (/home/mmittelb/Projects/stolen-api-services/node_modules/@nestjs/core/injector/injector.js:156:33)
    at resolveParam (/home/mmittelb/Projects/stolen-api-services/node_modules/@nestjs/core/injector/injector.js:108:38)
    at async Promise.all (index 0)
    at Injector.resolveConstructorParams (/home/mmittelb/Projects/stolen-api-services/node_modules/@nestjs/core/injector/injector.js:123:27)
    at Injector.loadInstance (/home/mmittelb/Projects/stolen-api-services/node_modules/@nestjs/core/injector/injector.js:52:9)
    at Injector.loadController (/home/mmittelb/Projects/stolen-api-services/node_modules/@nestjs/core/injector/injector.js:65:9)
    at async Promise.all (index 0)
    at InstanceLoader.createInstancesOfControllers (/home/mmittelb/Projects/stolen-api-services/node_modules/@nestjs/core/injector/instance-loader.js:53:9)
    at /home/mmittelb/Projects/stolen-api-services/node_modules/@nestjs/core/injector/instance-loader.js:31:13</failure>
    </testcase>
  </testsuite>
  <testsuite name="TextController" errors="0" failures="1" skipped="0" timestamp="2021-12-13T16:22:27" time="0.14" tests="1">
    <testcase classname="TextController should be defined" name="TextController should be defined" time="0">
      <failure>NotImplementedException: Not Implemented
    at Object.&lt;anonymous&gt; (/home/mmittelb/Projects/stolen-api-services/apps/product/src/v1/text/text.controller.spec.ts:18:11)
    at Promise.then.completed (/home/mmittelb/Projects/stolen-api-services/node_modules/jest-circus/build/utils.js:390:28)
    at new Promise (&lt;anonymous&gt;)
    at callAsyncCircusFn (/home/mmittelb/Projects/stolen-api-services/node_modules/jest-circus/build/utils.js:315:10)
    at _callCircusTest (/home/mmittelb/Projects/stolen-api-services/node_modules/jest-circus/build/run.js:218:40)
    at _runTest (/home/mmittelb/Projects/stolen-api-services/node_modules/jest-circus/build/run.js:155:3)
    at _runTestsForDescribeBlock (/home/mmittelb/Projects/stolen-api-services/node_modules/jest-circus/build/run.js:66:9)
    at _runTestsForDescribeBlock (/home/mmittelb/Projects/stolen-api-services/node_modules/jest-circus/build/run.js:60:9)
    at run (/home/mmittelb/Projects/stolen-api-services/node_modules/jest-circus/build/run.js:25:3)
    at runAndTransformResultsToJestFormat (/home/mmittelb/Projects/stolen-api-services/node_modules/jest-circus/build/legacy-code-todo-rewrite/jestAdapterInit.js:167:21)</failure>
    </testcase>
  </testsuite>
  <testsuite name="DefaultBackendController" errors="0" failures="1" skipped="0" timestamp="2021-12-13T16:22:27" time="0.212" tests="1">
    <testcase classname="DefaultBackendController root should return &quot;Hello World!&quot;" name="DefaultBackendController root should return &quot;Hello World!&quot;" time="0.005">
      <failure>Error: Nest can&apos;t resolve dependencies of the DefaultBackendService (?). Please make sure that the argument ConfigService at index [0] is available in the RootTestModule context.

Potential solutions:
- If ConfigService is a provider, is it part of the current RootTestModule?
- If ConfigService is exported from a separate @Module, is that module imported within RootTestModule?
  @Module({
    imports: [ /* the Module containing ConfigService */ ]
  })

    at Injector.lookupComponentInParentModules (/home/mmittelb/Projects/stolen-api-services/node_modules/@nestjs/core/injector/injector.js:201:19)
    at Injector.resolveComponentInstance (/home/mmittelb/Projects/stolen-api-services/node_modules/@nestjs/core/injector/injector.js:156:33)
    at resolveParam (/home/mmittelb/Projects/stolen-api-services/node_modules/@nestjs/core/injector/injector.js:108:38)
    at async Promise.all (index 0)
    at Injector.resolveConstructorParams (/home/mmittelb/Projects/stolen-api-services/node_modules/@nestjs/core/injector/injector.js:123:27)
    at Injector.loadInstance (/home/mmittelb/Projects/stolen-api-services/node_modules/@nestjs/core/injector/injector.js:52:9)
    at Injector.loadProvider (/home/mmittelb/Projects/stolen-api-services/node_modules/@nestjs/core/injector/injector.js:74:9)
    at async Promise.all (index 3)
    at InstanceLoader.createInstancesOfProviders (/home/mmittelb/Projects/stolen-api-services/node_modules/@nestjs/core/injector/instance-loader.js:44:9)
    at /home/mmittelb/Projects/stolen-api-services/node_modules/@nestjs/core/injector/instance-loader.js:29:13</failure>
    </testcase>
  </testsuite>
  <testsuite name="ComponentService" errors="0" failures="1" skipped="0" timestamp="2021-12-13T16:22:27" time="0.135" tests="1">
    <testcase classname="ComponentService should be defined" name="ComponentService should be defined" time="0">
      <failure>NotImplementedException: Not Implemented
    at Object.&lt;anonymous&gt; (/home/mmittelb/Projects/stolen-api-services/apps/product/src/v1/component/component.service.spec.ts:18:11)
    at Promise.then.completed (/home/mmittelb/Projects/stolen-api-services/node_modules/jest-circus/build/utils.js:390:28)
    at new Promise (&lt;anonymous&gt;)
    at callAsyncCircusFn (/home/mmittelb/Projects/stolen-api-services/node_modules/jest-circus/build/utils.js:315:10)
    at _callCircusTest (/home/mmittelb/Projects/stolen-api-services/node_modules/jest-circus/build/run.js:218:40)
    at _runTest (/home/mmittelb/Projects/stolen-api-services/node_modules/jest-circus/build/run.js:155:3)
    at _runTestsForDescribeBlock (/home/mmittelb/Projects/stolen-api-services/node_modules/jest-circus/build/run.js:66:9)
    at _runTestsForDescribeBlock (/home/mmittelb/Projects/stolen-api-services/node_modules/jest-circus/build/run.js:60:9)
    at run (/home/mmittelb/Projects/stolen-api-services/node_modules/jest-circus/build/run.js:25:3)
    at runAndTransformResultsToJestFormat (/home/mmittelb/Projects/stolen-api-services/node_modules/jest-circus/build/legacy-code-todo-rewrite/jestAdapterInit.js:167:21)</failure>
    </testcase>
  </testsuite>
  <testsuite name="TextService" errors="0" failures="1" skipped="0" timestamp="2021-12-13T16:22:27" time="0.118" tests="1">
    <testcase classname="TextService should be defined" name="TextService should be defined" time="0">
      <failure>NotImplementedException: Not Implemented
    at Object.&lt;anonymous&gt; (/home/mmittelb/Projects/stolen-api-services/apps/product/src/v1/text/text.service.spec.ts:18:11)
    at Promise.then.completed (/home/mmittelb/Projects/stolen-api-services/node_modules/jest-circus/build/utils.js:390:28)
    at new Promise (&lt;anonymous&gt;)
    at callAsyncCircusFn (/home/mmittelb/Projects/stolen-api-services/node_modules/jest-circus/build/utils.js:315:10)
    at _callCircusTest (/home/mmittelb/Projects/stolen-api-services/node_modules/jest-circus/build/run.js:218:40)
    at _runTest (/home/mmittelb/Projects/stolen-api-services/node_modules/jest-circus/build/run.js:155:3)
    at _runTestsForDescribeBlock (/home/mmittelb/Projects/stolen-api-services/node_modules/jest-circus/build/run.js:66:9)
    at _runTestsForDescribeBlock (/home/mmittelb/Projects/stolen-api-services/node_modules/jest-circus/build/run.js:60:9)
    at run (/home/mmittelb/Projects/stolen-api-services/node_modules/jest-circus/build/run.js:25:3)
    at runAndTransformResultsToJestFormat (/home/mmittelb/Projects/stolen-api-services/node_modules/jest-circus/build/legacy-code-todo-rewrite/jestAdapterInit.js:167:21)</failure>
    </testcase>
  </testsuite>
  <testsuite name="ActionController" errors="0" failures="1" skipped="0" timestamp="2021-12-13T16:22:27" time="0.13" tests="1">
    <testcase classname="ActionController should be defined" name="ActionController should be defined" time="0">
      <failure>NotImplementedException: Not Implemented
    at Object.&lt;anonymous&gt; (/home/mmittelb/Projects/stolen-api-services/apps/product/src/v1/action/action.controller.spec.ts:18:11)
    at Promise.then.completed (/home/mmittelb/Projects/stolen-api-services/node_modules/jest-circus/build/utils.js:390:28)
    at new Promise (&lt;anonymous&gt;)
    at callAsyncCircusFn (/home/mmittelb/Projects/stolen-api-services/node_modules/jest-circus/build/utils.js:315:10)
    at _callCircusTest (/home/mmittelb/Projects/stolen-api-services/node_modules/jest-circus/build/run.js:218:40)
    at _runTest (/home/mmittelb/Projects/stolen-api-services/node_modules/jest-circus/build/run.js:155:3)
    at _runTestsForDescribeBlock (/home/mmittelb/Projects/stolen-api-services/node_modules/jest-circus/build/run.js:66:9)
    at _runTestsForDescribeBlock (/home/mmittelb/Projects/stolen-api-services/node_modules/jest-circus/build/run.js:60:9)
    at run (/home/mmittelb/Projects/stolen-api-services/node_modules/jest-circus/build/run.js:25:3)
    at runAndTransformResultsToJestFormat (/home/mmittelb/Projects/stolen-api-services/node_modules/jest-circus/build/legacy-code-todo-rewrite/jestAdapterInit.js:167:21)</failure>
    </testcase>
  </testsuite>
  <testsuite name="ContractService" errors="0" failures="1" skipped="0" timestamp="2021-12-13T16:22:28" time="0.139" tests="1">
    <testcase classname="ContractService should be defined" name="ContractService should be defined" time="0">
      <failure>NotImplementedException: Not Implemented
    at Object.&lt;anonymous&gt; (/home/mmittelb/Projects/stolen-api-services/apps/product/src/v1/contract/contract.service.spec.ts:18:11)
    at Promise.then.completed (/home/mmittelb/Projects/stolen-api-services/node_modules/jest-circus/build/utils.js:390:28)
    at new Promise (&lt;anonymous&gt;)
    at callAsyncCircusFn (/home/mmittelb/Projects/stolen-api-services/node_modules/jest-circus/build/utils.js:315:10)
    at _callCircusTest (/home/mmittelb/Projects/stolen-api-services/node_modules/jest-circus/build/run.js:218:40)
    at _runTest (/home/mmittelb/Projects/stolen-api-services/node_modules/jest-circus/build/run.js:155:3)
    at _runTestsForDescribeBlock (/home/mmittelb/Projects/stolen-api-services/node_modules/jest-circus/build/run.js:66:9)
    at _runTestsForDescribeBlock (/home/mmittelb/Projects/stolen-api-services/node_modules/jest-circus/build/run.js:60:9)
    at run (/home/mmittelb/Projects/stolen-api-services/node_modules/jest-circus/build/run.js:25:3)
    at runAndTransformResultsToJestFormat (/home/mmittelb/Projects/stolen-api-services/node_modules/jest-circus/build/legacy-code-todo-rewrite/jestAdapterInit.js:167:21)</failure>
    </testcase>
  </testsuite>
  <testsuite name="TypeService" errors="0" failures="1" skipped="0" timestamp="2021-12-13T16:22:28" time="0.136" tests="1">
    <testcase classname="TypeService should be defined" name="TypeService should be defined" time="0">
      <failure>NotImplementedException: Not Implemented
    at Object.&lt;anonymous&gt; (/home/mmittelb/Projects/stolen-api-services/apps/product/src/v1/type/type.service.spec.ts:18:11)
    at Promise.then.completed (/home/mmittelb/Projects/stolen-api-services/node_modules/jest-circus/build/utils.js:390:28)
    at new Promise (&lt;anonymous&gt;)
    at callAsyncCircusFn (/home/mmittelb/Projects/stolen-api-services/node_modules/jest-circus/build/utils.js:315:10)
    at _callCircusTest (/home/mmittelb/Projects/stolen-api-services/node_modules/jest-circus/build/run.js:218:40)
    at _runTest (/home/mmittelb/Projects/stolen-api-services/node_modules/jest-circus/build/run.js:155:3)
    at _runTestsForDescribeBlock (/home/mmittelb/Projects/stolen-api-services/node_modules/jest-circus/build/run.js:66:9)
    at _runTestsForDescribeBlock (/home/mmittelb/Projects/stolen-api-services/node_modules/jest-circus/build/run.js:60:9)
    at run (/home/mmittelb/Projects/stolen-api-services/node_modules/jest-circus/build/run.js:25:3)
    at runAndTransformResultsToJestFormat (/home/mmittelb/Projects/stolen-api-services/node_modules/jest-circus/build/legacy-code-todo-rewrite/jestAdapterInit.js:167:21)</failure>
    </testcase>
  </testsuite>
  <testsuite name="TermController" errors="0" failures="1" skipped="0" timestamp="2021-12-13T16:22:28" time="0.137" tests="1">
    <testcase classname="TermController should be defined" name="TermController should be defined" time="0">
      <failure>NotImplementedException: Not Implemented
    at Object.&lt;anonymous&gt; (/home/mmittelb/Projects/stolen-api-services/apps/product/src/v1/term/term.controller.spec.ts:18:11)
    at Promise.then.completed (/home/mmittelb/Projects/stolen-api-services/node_modules/jest-circus/build/utils.js:390:28)
    at new Promise (&lt;anonymous&gt;)
    at callAsyncCircusFn (/home/mmittelb/Projects/stolen-api-services/node_modules/jest-circus/build/utils.js:315:10)
    at _callCircusTest (/home/mmittelb/Projects/stolen-api-services/node_modules/jest-circus/build/run.js:218:40)
    at _runTest (/home/mmittelb/Projects/stolen-api-services/node_modules/jest-circus/build/run.js:155:3)
    at _runTestsForDescribeBlock (/home/mmittelb/Projects/stolen-api-services/node_modules/jest-circus/build/run.js:66:9)
    at _runTestsForDescribeBlock (/home/mmittelb/Projects/stolen-api-services/node_modules/jest-circus/build/run.js:60:9)
    at run (/home/mmittelb/Projects/stolen-api-services/node_modules/jest-circus/build/run.js:25:3)
    at runAndTransformResultsToJestFormat (/home/mmittelb/Projects/stolen-api-services/node_modules/jest-circus/build/legacy-code-todo-rewrite/jestAdapterInit.js:167:21)</failure>
    </testcase>
  </testsuite>
  <testsuite name="AttributeModificationController" errors="0" failures="1" skipped="0" timestamp="2021-12-13T16:22:28" time="0.134" tests="1">
    <testcase classname="AttributeModificationController should be defined" name="AttributeModificationController should be defined" time="0.001">
      <failure>NotImplementedException: Not Implemented
    at Object.&lt;anonymous&gt; (/home/mmittelb/Projects/stolen-api-services/apps/product/src/v1/attribute-modification/attribute-modification.controller.spec.ts:20:11)
    at Promise.then.completed (/home/mmittelb/Projects/stolen-api-services/node_modules/jest-circus/build/utils.js:390:28)
    at new Promise (&lt;anonymous&gt;)
    at callAsyncCircusFn (/home/mmittelb/Projects/stolen-api-services/node_modules/jest-circus/build/utils.js:315:10)
    at _callCircusTest (/home/mmittelb/Projects/stolen-api-services/node_modules/jest-circus/build/run.js:218:40)
    at _runTest (/home/mmittelb/Projects/stolen-api-services/node_modules/jest-circus/build/run.js:155:3)
    at _runTestsForDescribeBlock (/home/mmittelb/Projects/stolen-api-services/node_modules/jest-circus/build/run.js:66:9)
    at _runTestsForDescribeBlock (/home/mmittelb/Projects/stolen-api-services/node_modules/jest-circus/build/run.js:60:9)
    at run (/home/mmittelb/Projects/stolen-api-services/node_modules/jest-circus/build/run.js:25:3)
    at runAndTransformResultsToJestFormat (/home/mmittelb/Projects/stolen-api-services/node_modules/jest-circus/build/legacy-code-todo-rewrite/jestAdapterInit.js:167:21)</failure>
    </testcase>
  </testsuite>
  <testsuite name="ItemController" errors="0" failures="1" skipped="0" timestamp="2021-12-13T16:22:28" time="0.131" tests="1">
    <testcase classname="ItemController should be defined" name="ItemController should be defined" time="0">
      <failure>NotImplementedException: Not Implemented
    at Object.&lt;anonymous&gt; (/home/mmittelb/Projects/stolen-api-services/apps/product/src/v1/item/item.controller.spec.ts:18:11)
    at Promise.then.completed (/home/mmittelb/Projects/stolen-api-services/node_modules/jest-circus/build/utils.js:390:28)
    at new Promise (&lt;anonymous&gt;)
    at callAsyncCircusFn (/home/mmittelb/Projects/stolen-api-services/node_modules/jest-circus/build/utils.js:315:10)
    at _callCircusTest (/home/mmittelb/Projects/stolen-api-services/node_modules/jest-circus/build/run.js:218:40)
    at _runTest (/home/mmittelb/Projects/stolen-api-services/node_modules/jest-circus/build/run.js:155:3)
    at _runTestsForDescribeBlock (/home/mmittelb/Projects/stolen-api-services/node_modules/jest-circus/build/run.js:66:9)
    at _runTestsForDescribeBlock (/home/mmittelb/Projects/stolen-api-services/node_modules/jest-circus/build/run.js:60:9)
    at run (/home/mmittelb/Projects/stolen-api-services/node_modules/jest-circus/build/run.js:25:3)
    at runAndTransformResultsToJestFormat (/home/mmittelb/Projects/stolen-api-services/node_modules/jest-circus/build/legacy-code-todo-rewrite/jestAdapterInit.js:167:21)</failure>
    </testcase>
  </testsuite>
  <testsuite name="PackageTemplateController" errors="0" failures="1" skipped="0" timestamp="2021-12-13T16:22:28" time="0.133" tests="1">
    <testcase classname="PackageTemplateController should be defined" name="PackageTemplateController should be defined" time="0.001">
      <failure>NotImplementedException: Not Implemented
    at Object.&lt;anonymous&gt; (/home/mmittelb/Projects/stolen-api-services/apps/product/src/v1/package-template/package-template.controller.spec.ts:20:11)
    at Promise.then.completed (/home/mmittelb/Projects/stolen-api-services/node_modules/jest-circus/build/utils.js:390:28)
    at new Promise (&lt;anonymous&gt;)
    at callAsyncCircusFn (/home/mmittelb/Projects/stolen-api-services/node_modules/jest-circus/build/utils.js:315:10)
    at _callCircusTest (/home/mmittelb/Projects/stolen-api-services/node_modules/jest-circus/build/run.js:218:40)
    at _runTest (/home/mmittelb/Projects/stolen-api-services/node_modules/jest-circus/build/run.js:155:3)
    at _runTestsForDescribeBlock (/home/mmittelb/Projects/stolen-api-services/node_modules/jest-circus/build/run.js:66:9)
    at _runTestsForDescribeBlock (/home/mmittelb/Projects/stolen-api-services/node_modules/jest-circus/build/run.js:60:9)
    at run (/home/mmittelb/Projects/stolen-api-services/node_modules/jest-circus/build/run.js:25:3)
    at runAndTransformResultsToJestFormat (/home/mmittelb/Projects/stolen-api-services/node_modules/jest-circus/build/legacy-code-todo-rewrite/jestAdapterInit.js:167:21)</failure>
    </testcase>
  </testsuite>
  <testsuite name="ProductAttributeService" errors="0" failures="1" skipped="0" timestamp="2021-12-13T16:22:28" time="0.21" tests="1">
    <testcase classname="ProductAttributeService should be defined" name="ProductAttributeService should be defined" time="0.001">
      <failure>NotImplementedException: Not Implemented
    at Object.&lt;anonymous&gt; (/home/mmittelb/Projects/stolen-api-services/apps/product/src/v1/product-attribute/product-attribute.service.spec.ts:18:11)
    at Promise.then.completed (/home/mmittelb/Projects/stolen-api-services/node_modules/jest-circus/build/utils.js:390:28)
    at new Promise (&lt;anonymous&gt;)
    at callAsyncCircusFn (/home/mmittelb/Projects/stolen-api-services/node_modules/jest-circus/build/utils.js:315:10)
    at _callCircusTest (/home/mmittelb/Projects/stolen-api-services/node_modules/jest-circus/build/run.js:218:40)
    at _runTest (/home/mmittelb/Projects/stolen-api-services/node_modules/jest-circus/build/run.js:155:3)
    at _runTestsForDescribeBlock (/home/mmittelb/Projects/stolen-api-services/node_modules/jest-circus/build/run.js:66:9)
    at _runTestsForDescribeBlock (/home/mmittelb/Projects/stolen-api-services/node_modules/jest-circus/build/run.js:60:9)
    at run (/home/mmittelb/Projects/stolen-api-services/node_modules/jest-circus/build/run.js:25:3)
    at runAndTransformResultsToJestFormat (/home/mmittelb/Projects/stolen-api-services/node_modules/jest-circus/build/legacy-code-todo-rewrite/jestAdapterInit.js:167:21)</failure>
    </testcase>
  </testsuite>
  <testsuite name="LifespanService" errors="0" failures="1" skipped="0" timestamp="2021-12-13T16:22:29" time="0.14" tests="1">
    <testcase classname="LifespanService should be defined" name="LifespanService should be defined" time="0">
      <failure>NotImplementedException: Not Implemented
    at Object.&lt;anonymous&gt; (/home/mmittelb/Projects/stolen-api-services/apps/product/src/v1/lifespan/lifespan.service.spec.ts:18:11)
    at Promise.then.completed (/home/mmittelb/Projects/stolen-api-services/node_modules/jest-circus/build/utils.js:390:28)
    at new Promise (&lt;anonymous&gt;)
    at callAsyncCircusFn (/home/mmittelb/Projects/stolen-api-services/node_modules/jest-circus/build/utils.js:315:10)
    at _callCircusTest (/home/mmittelb/Projects/stolen-api-services/node_modules/jest-circus/build/run.js:218:40)
    at _runTest (/home/mmittelb/Projects/stolen-api-services/node_modules/jest-circus/build/run.js:155:3)
    at _runTestsForDescribeBlock (/home/mmittelb/Projects/stolen-api-services/node_modules/jest-circus/build/run.js:66:9)
    at _runTestsForDescribeBlock (/home/mmittelb/Projects/stolen-api-services/node_modules/jest-circus/build/run.js:60:9)
    at run (/home/mmittelb/Projects/stolen-api-services/node_modules/jest-circus/build/run.js:25:3)
    at runAndTransformResultsToJestFormat (/home/mmittelb/Projects/stolen-api-services/node_modules/jest-circus/build/legacy-code-todo-rewrite/jestAdapterInit.js:167:21)</failure>
    </testcase>
  </testsuite>
  <testsuite name="PackageTemplateService" errors="0" failures="1" skipped="0" timestamp="2021-12-13T16:22:29" time="0.129" tests="1">
    <testcase classname="PackageTemplateService should be defined" name="PackageTemplateService should be defined" time="0.001">
      <failure>NotImplementedException: Not Implemented
    at Object.&lt;anonymous&gt; (/home/mmittelb/Projects/stolen-api-services/apps/product/src/v1/package-template/package-template.service.spec.ts:18:11)
    at Promise.then.completed (/home/mmittelb/Projects/stolen-api-services/node_modules/jest-circus/build/utils.js:390:28)
    at new Promise (&lt;anonymous&gt;)
    at callAsyncCircusFn (/home/mmittelb/Projects/stolen-api-services/node_modules/jest-circus/build/utils.js:315:10)
    at _callCircusTest (/home/mmittelb/Projects/stolen-api-services/node_modules/jest-circus/build/run.js:218:40)
    at _runTest (/home/mmittelb/Projects/stolen-api-services/node_modules/jest-circus/build/run.js:155:3)
    at _runTestsForDescribeBlock (/home/mmittelb/Projects/stolen-api-services/node_modules/jest-circus/build/run.js:66:9)
    at _runTestsForDescribeBlock (/home/mmittelb/Projects/stolen-api-services/node_modules/jest-circus/build/run.js:60:9)
    at run (/home/mmittelb/Projects/stolen-api-services/node_modules/jest-circus/build/run.js:25:3)
    at runAndTransformResultsToJestFormat (/home/mmittelb/Projects/stolen-api-services/node_modules/jest-circus/build/legacy-code-todo-rewrite/jestAdapterInit.js:167:21)</failure>
    </testcase>
  </testsuite>
  <testsuite name="ProductAttributeController" errors="0" failures="1" skipped="0" timestamp="2021-12-13T16:22:29" time="0.121" tests="1">
    <testcase classname="ProductAttributeController should be defined" name="ProductAttributeController should be defined" time="0.001">
      <failure>NotImplementedException: Not Implemented
    at Object.&lt;anonymous&gt; (/home/mmittelb/Projects/stolen-api-services/apps/product/src/v1/product-attribute/product-attribute.controller.spec.ts:20:11)
    at Promise.then.completed (/home/mmittelb/Projects/stolen-api-services/node_modules/jest-circus/build/utils.js:390:28)
    at new Promise (&lt;anonymous&gt;)
    at callAsyncCircusFn (/home/mmittelb/Projects/stolen-api-services/node_modules/jest-circus/build/utils.js:315:10)
    at _callCircusTest (/home/mmittelb/Projects/stolen-api-services/node_modules/jest-circus/build/run.js:218:40)
    at _runTest (/home/mmittelb/Projects/stolen-api-services/node_modules/jest-circus/build/run.js:155:3)
    at _runTestsForDescribeBlock (/home/mmittelb/Projects/stolen-api-services/node_modules/jest-circus/build/run.js:66:9)
    at _runTestsForDescribeBlock (/home/mmittelb/Projects/stolen-api-services/node_modules/jest-circus/build/run.js:60:9)
    at run (/home/mmittelb/Projects/stolen-api-services/node_modules/jest-circus/build/run.js:25:3)
    at runAndTransformResultsToJestFormat (/home/mmittelb/Projects/stolen-api-services/node_modules/jest-circus/build/legacy-code-todo-rewrite/jestAdapterInit.js:167:21)</failure>
    </testcase>
  </testsuite>
  <testsuite name="ItemService" errors="0" failures="1" skipped="0" timestamp="2021-12-13T16:22:29" time="0.613" tests="1">
    <testcase classname="ItemService should be defined" name="ItemService should be defined" time="0.001">
      <failure>NotImplementedException: Not Implemented
    at Object.&lt;anonymous&gt; (/home/mmittelb/Projects/stolen-api-services/apps/product/src/v1/item/item.service.spec.ts:19:11)
    at Promise.then.completed (/home/mmittelb/Projects/stolen-api-services/node_modules/jest-circus/build/utils.js:390:28)
    at new Promise (&lt;anonymous&gt;)
    at callAsyncCircusFn (/home/mmittelb/Projects/stolen-api-services/node_modules/jest-circus/build/utils.js:315:10)
    at _callCircusTest (/home/mmittelb/Projects/stolen-api-services/node_modules/jest-circus/build/run.js:218:40)
    at _runTest (/home/mmittelb/Projects/stolen-api-services/node_modules/jest-circus/build/run.js:155:3)
    at _runTestsForDescribeBlock (/home/mmittelb/Projects/stolen-api-services/node_modules/jest-circus/build/run.js:66:9)
    at _runTestsForDescribeBlock (/home/mmittelb/Projects/stolen-api-services/node_modules/jest-circus/build/run.js:60:9)
    at run (/home/mmittelb/Projects/stolen-api-services/node_modules/jest-circus/build/run.js:25:3)
    at runAndTransformResultsToJestFormat (/home/mmittelb/Projects/stolen-api-services/node_modules/jest-circus/build/legacy-code-todo-rewrite/jestAdapterInit.js:167:21)</failure>
    </testcase>
  </testsuite>
  <testsuite name="ProviderController" errors="0" failures="1" skipped="0" timestamp="2021-12-13T16:22:30" time="0.596" tests="1">
    <testcase classname="ProviderController should be defined" name="ProviderController should be defined" time="0">
      <failure>NotImplementedException: Not Implemented
    at Object.&lt;anonymous&gt; (/home/mmittelb/Projects/stolen-api-services/apps/product/src/v1/provider/provider.controller.spec.ts:18:11)
    at Promise.then.completed (/home/mmittelb/Projects/stolen-api-services/node_modules/jest-circus/build/utils.js:390:28)
    at new Promise (&lt;anonymous&gt;)
    at callAsyncCircusFn (/home/mmittelb/Projects/stolen-api-services/node_modules/jest-circus/build/utils.js:315:10)
    at _callCircusTest (/home/mmittelb/Projects/stolen-api-services/node_modules/jest-circus/build/run.js:218:40)
    at _runTest (/home/mmittelb/Projects/stolen-api-services/node_modules/jest-circus/build/run.js:155:3)
    at _runTestsForDescribeBlock (/home/mmittelb/Projects/stolen-api-services/node_modules/jest-circus/build/run.js:66:9)
    at _runTestsForDescribeBlock (/home/mmittelb/Projects/stolen-api-services/node_modules/jest-circus/build/run.js:60:9)
    at run (/home/mmittelb/Projects/stolen-api-services/node_modules/jest-circus/build/run.js:25:3)
    at runAndTransformResultsToJestFormat (/home/mmittelb/Projects/stolen-api-services/node_modules/jest-circus/build/legacy-code-todo-rewrite/jestAdapterInit.js:167:21)</failure>
    </testcase>
  </testsuite>
  <testsuite name="TechnicalAttributeService" errors="0" failures="1" skipped="0" timestamp="2021-12-13T16:22:30" time="0.128" tests="1">
    <testcase classname="TechnicalAttributeService should be defined" name="TechnicalAttributeService should be defined" time="0.001">
      <failure>NotImplementedException: Not Implemented
    at Object.&lt;anonymous&gt; (/home/mmittelb/Projects/stolen-api-services/apps/product/src/v1/technical-attribute/technical-attribute.service.spec.ts:18:11)
    at Promise.then.completed (/home/mmittelb/Projects/stolen-api-services/node_modules/jest-circus/build/utils.js:390:28)
    at new Promise (&lt;anonymous&gt;)
    at callAsyncCircusFn (/home/mmittelb/Projects/stolen-api-services/node_modules/jest-circus/build/utils.js:315:10)
    at _callCircusTest (/home/mmittelb/Projects/stolen-api-services/node_modules/jest-circus/build/run.js:218:40)
    at _runTest (/home/mmittelb/Projects/stolen-api-services/node_modules/jest-circus/build/run.js:155:3)
    at _runTestsForDescribeBlock (/home/mmittelb/Projects/stolen-api-services/node_modules/jest-circus/build/run.js:66:9)
    at _runTestsForDescribeBlock (/home/mmittelb/Projects/stolen-api-services/node_modules/jest-circus/build/run.js:60:9)
    at run (/home/mmittelb/Projects/stolen-api-services/node_modules/jest-circus/build/run.js:25:3)
    at runAndTransformResultsToJestFormat (/home/mmittelb/Projects/stolen-api-services/node_modules/jest-circus/build/legacy-code-todo-rewrite/jestAdapterInit.js:167:21)</failure>
    </testcase>
  </testsuite>
  <testsuite name="ContractController" errors="0" failures="1" skipped="0" timestamp="2021-12-13T16:22:31" time="0.211" tests="1">
    <testcase classname="ContractController should be defined" name="ContractController should be defined" time="0">
      <failure>NotImplementedException: Not Implemented
    at Object.&lt;anonymous&gt; (/home/mmittelb/Projects/stolen-api-services/apps/product/src/v1/contract/contract.controller.spec.ts:18:11)
    at Promise.then.completed (/home/mmittelb/Projects/stolen-api-services/node_modules/jest-circus/build/utils.js:390:28)
    at new Promise (&lt;anonymous&gt;)
    at callAsyncCircusFn (/home/mmittelb/Projects/stolen-api-services/node_modules/jest-circus/build/utils.js:315:10)
    at _callCircusTest (/home/mmittelb/Projects/stolen-api-services/node_modules/jest-circus/build/run.js:218:40)
    at _runTest (/home/mmittelb/Projects/stolen-api-services/node_modules/jest-circus/build/run.js:155:3)
    at _runTestsForDescribeBlock (/home/mmittelb/Projects/stolen-api-services/node_modules/jest-circus/build/run.js:66:9)
    at _runTestsForDescribeBlock (/home/mmittelb/Projects/stolen-api-services/node_modules/jest-circus/build/run.js:60:9)
    at run (/home/mmittelb/Projects/stolen-api-services/node_modules/jest-circus/build/run.js:25:3)
    at runAndTransformResultsToJestFormat (/home/mmittelb/Projects/stolen-api-services/node_modules/jest-circus/build/legacy-code-todo-rewrite/jestAdapterInit.js:167:21)</failure>
    </testcase>
  </testsuite>
  <testsuite name="StatisticController" errors="0" failures="1" skipped="0" timestamp="2021-12-13T16:22:31" time="0.106" tests="1">
    <testcase classname="StatisticController should be defined" name="StatisticController should be defined" time="0">
      <failure>NotImplementedException: Not Implemented
    at Object.&lt;anonymous&gt; (/home/mmittelb/Projects/stolen-api-services/apps/product/src/v1/statistic/statistic.controller.spec.ts:18:11)
    at Promise.then.completed (/home/mmittelb/Projects/stolen-api-services/node_modules/jest-circus/build/utils.js:390:28)
    at new Promise (&lt;anonymous&gt;)
    at callAsyncCircusFn (/home/mmittelb/Projects/stolen-api-services/node_modules/jest-circus/build/utils.js:315:10)
    at _callCircusTest (/home/mmittelb/Projects/stolen-api-services/node_modules/jest-circus/build/run.js:218:40)
    at _runTest (/home/mmittelb/Projects/stolen-api-services/node_modules/jest-circus/build/run.js:155:3)
    at _runTestsForDescribeBlock (/home/mmittelb/Projects/stolen-api-services/node_modules/jest-circus/build/run.js:66:9)
    at _runTestsForDescribeBlock (/home/mmittelb/Projects/stolen-api-services/node_modules/jest-circus/build/run.js:60:9)
    at run (/home/mmittelb/Projects/stolen-api-services/node_modules/jest-circus/build/run.js:25:3)
    at runAndTransformResultsToJestFormat (/home/mmittelb/Projects/stolen-api-services/node_modules/jest-circus/build/legacy-code-todo-rewrite/jestAdapterInit.js:167:21)</failure>
    </testcase>
  </testsuite>
  <testsuite name="AttributeActionService" errors="0" failures="1" skipped="0" timestamp="2021-12-13T16:22:31" time="0.11" tests="1">
    <testcase classname="AttributeActionService should be defined" name="AttributeActionService should be defined" time="0">
      <failure>NotImplementedException: Not Implemented
    at Object.&lt;anonymous&gt; (/home/mmittelb/Projects/stolen-api-services/apps/product/src/v1/attribute-action/attribute-action.service.spec.ts:19:11)
    at Promise.then.completed (/home/mmittelb/Projects/stolen-api-services/node_modules/jest-circus/build/utils.js:390:28)
    at new Promise (&lt;anonymous&gt;)
    at callAsyncCircusFn (/home/mmittelb/Projects/stolen-api-services/node_modules/jest-circus/build/utils.js:315:10)
    at _callCircusTest (/home/mmittelb/Projects/stolen-api-services/node_modules/jest-circus/build/run.js:218:40)
    at _runTest (/home/mmittelb/Projects/stolen-api-services/node_modules/jest-circus/build/run.js:155:3)
    at _runTestsForDescribeBlock (/home/mmittelb/Projects/stolen-api-services/node_modules/jest-circus/build/run.js:66:9)
    at _runTestsForDescribeBlock (/home/mmittelb/Projects/stolen-api-services/node_modules/jest-circus/build/run.js:60:9)
    at run (/home/mmittelb/Projects/stolen-api-services/node_modules/jest-circus/build/run.js:25:3)
    at runAndTransformResultsToJestFormat (/home/mmittelb/Projects/stolen-api-services/node_modules/jest-circus/build/legacy-code-todo-rewrite/jestAdapterInit.js:167:21)</failure>
    </testcase>
  </testsuite>
  <testsuite name="ComponentController" errors="0" failures="1" skipped="0" timestamp="2021-12-13T16:22:31" time="0.109" tests="1">
    <testcase classname="ComponentController should be defined" name="ComponentController should be defined" time="0">
      <failure>NotImplementedException: Not Implemented
    at Object.&lt;anonymous&gt; (/home/mmittelb/Projects/stolen-api-services/apps/product/src/v1/component/component.controller.spec.ts:18:11)
    at Promise.then.completed (/home/mmittelb/Projects/stolen-api-services/node_modules/jest-circus/build/utils.js:390:28)
    at new Promise (&lt;anonymous&gt;)
    at callAsyncCircusFn (/home/mmittelb/Projects/stolen-api-services/node_modules/jest-circus/build/utils.js:315:10)
    at _callCircusTest (/home/mmittelb/Projects/stolen-api-services/node_modules/jest-circus/build/run.js:218:40)
    at _runTest (/home/mmittelb/Projects/stolen-api-services/node_modules/jest-circus/build/run.js:155:3)
    at _runTestsForDescribeBlock (/home/mmittelb/Projects/stolen-api-services/node_modules/jest-circus/build/run.js:66:9)
    at _runTestsForDescribeBlock (/home/mmittelb/Projects/stolen-api-services/node_modules/jest-circus/build/run.js:60:9)
    at run (/home/mmittelb/Projects/stolen-api-services/node_modules/jest-circus/build/run.js:25:3)
    at runAndTransformResultsToJestFormat (/home/mmittelb/Projects/stolen-api-services/node_modules/jest-circus/build/legacy-code-todo-rewrite/jestAdapterInit.js:167:21)</failure>
    </testcase>
  </testsuite>
  <testsuite name="AttributeModificationService" errors="0" failures="1" skipped="0" timestamp="2021-12-13T16:22:31" time="0.107" tests="1">
    <testcase classname="AttributeModificationService should be defined" name="AttributeModificationService should be defined" time="0.001">
      <failure>NotImplementedException: Not Implemented
    at Object.&lt;anonymous&gt; (/home/mmittelb/Projects/stolen-api-services/apps/product/src/v1/attribute-modification/attribute-modification.service.spec.ts:20:11)
    at Promise.then.completed (/home/mmittelb/Projects/stolen-api-services/node_modules/jest-circus/build/utils.js:390:28)
    at new Promise (&lt;anonymous&gt;)
    at callAsyncCircusFn (/home/mmittelb/Projects/stolen-api-services/node_modules/jest-circus/build/utils.js:315:10)
    at _callCircusTest (/home/mmittelb/Projects/stolen-api-services/node_modules/jest-circus/build/run.js:218:40)
    at _runTest (/home/mmittelb/Projects/stolen-api-services/node_modules/jest-circus/build/run.js:155:3)
    at _runTestsForDescribeBlock (/home/mmittelb/Projects/stolen-api-services/node_modules/jest-circus/build/run.js:66:9)
    at _runTestsForDescribeBlock (/home/mmittelb/Projects/stolen-api-services/node_modules/jest-circus/build/run.js:60:9)
    at run (/home/mmittelb/Projects/stolen-api-services/node_modules/jest-circus/build/run.js:25:3)
    at runAndTransformResultsToJestFormat (/home/mmittelb/Projects/stolen-api-services/node_modules/jest-circus/build/legacy-code-todo-rewrite/jestAdapterInit.js:167:21)</failure>
    </testcase>
  </testsuite>
  <testsuite name="TechnicalAttributeController" errors="0" failures="1" skipped="0" timestamp="2021-12-13T16:22:31" time="0.106" tests="1">
    <testcase classname="TechnicalAttributeController should be defined" name="TechnicalAttributeController should be defined" time="0.001">
      <failure>NotImplementedException: Not Implemented
    at Object.&lt;anonymous&gt; (/home/mmittelb/Projects/stolen-api-services/apps/product/src/v1/technical-attribute/technical-attribute.controller.spec.ts:20:11)
    at Promise.then.completed (/home/mmittelb/Projects/stolen-api-services/node_modules/jest-circus/build/utils.js:390:28)
    at new Promise (&lt;anonymous&gt;)
    at callAsyncCircusFn (/home/mmittelb/Projects/stolen-api-services/node_modules/jest-circus/build/utils.js:315:10)
    at _callCircusTest (/home/mmittelb/Projects/stolen-api-services/node_modules/jest-circus/build/run.js:218:40)
    at _runTest (/home/mmittelb/Projects/stolen-api-services/node_modules/jest-circus/build/run.js:155:3)
    at _runTestsForDescribeBlock (/home/mmittelb/Projects/stolen-api-services/node_modules/jest-circus/build/run.js:66:9)
    at _runTestsForDescribeBlock (/home/mmittelb/Projects/stolen-api-services/node_modules/jest-circus/build/run.js:60:9)
    at run (/home/mmittelb/Projects/stolen-api-services/node_modules/jest-circus/build/run.js:25:3)
    at runAndTransformResultsToJestFormat (/home/mmittelb/Projects/stolen-api-services/node_modules/jest-circus/build/legacy-code-todo-rewrite/jestAdapterInit.js:167:21)</failure>
    </testcase>
  </testsuite>
  <testsuite name="ComponentTemplateController" errors="0" failures="1" skipped="0" timestamp="2021-12-13T16:22:31" time="0.106" tests="1">
    <testcase classname="ComponentTemplateController should be defined" name="ComponentTemplateController should be defined" time="0">
      <failure>NotImplementedException: Not Implemented
    at Object.&lt;anonymous&gt; (/home/mmittelb/Projects/stolen-api-services/apps/product/src/v1/component-template/component-template.controller.spec.ts:20:11)
    at Promise.then.completed (/home/mmittelb/Projects/stolen-api-services/node_modules/jest-circus/build/utils.js:390:28)
    at new Promise (&lt;anonymous&gt;)
    at callAsyncCircusFn (/home/mmittelb/Projects/stolen-api-services/node_modules/jest-circus/build/utils.js:315:10)
    at _callCircusTest (/home/mmittelb/Projects/stolen-api-services/node_modules/jest-circus/build/run.js:218:40)
    at _runTest (/home/mmittelb/Projects/stolen-api-services/node_modules/jest-circus/build/run.js:155:3)
    at _runTestsForDescribeBlock (/home/mmittelb/Projects/stolen-api-services/node_modules/jest-circus/build/run.js:66:9)
    at _runTestsForDescribeBlock (/home/mmittelb/Projects/stolen-api-services/node_modules/jest-circus/build/run.js:60:9)
    at run (/home/mmittelb/Projects/stolen-api-services/node_modules/jest-circus/build/run.js:25:3)
    at runAndTransformResultsToJestFormat (/home/mmittelb/Projects/stolen-api-services/node_modules/jest-circus/build/legacy-code-todo-rewrite/jestAdapterInit.js:167:21)</failure>
    </testcase>
  </testsuite>
  <testsuite name="TermService" errors="0" failures="1" skipped="0" timestamp="2021-12-13T16:22:32" time="0.109" tests="1">
    <testcase classname="TermService should be defined" name="TermService should be defined" time="0">
      <failure>NotImplementedException: Not Implemented
    at Object.&lt;anonymous&gt; (/home/mmittelb/Projects/stolen-api-services/apps/product/src/v1/term/term.service.spec.ts:18:11)
    at Promise.then.completed (/home/mmittelb/Projects/stolen-api-services/node_modules/jest-circus/build/utils.js:390:28)
    at new Promise (&lt;anonymous&gt;)
    at callAsyncCircusFn (/home/mmittelb/Projects/stolen-api-services/node_modules/jest-circus/build/utils.js:315:10)
    at _callCircusTest (/home/mmittelb/Projects/stolen-api-services/node_modules/jest-circus/build/run.js:218:40)
    at _runTest (/home/mmittelb/Projects/stolen-api-services/node_modules/jest-circus/build/run.js:155:3)
    at _runTestsForDescribeBlock (/home/mmittelb/Projects/stolen-api-services/node_modules/jest-circus/build/run.js:66:9)
    at _runTestsForDescribeBlock (/home/mmittelb/Projects/stolen-api-services/node_modules/jest-circus/build/run.js:60:9)
    at run (/home/mmittelb/Projects/stolen-api-services/node_modules/jest-circus/build/run.js:25:3)
    at runAndTransformResultsToJestFormat (/home/mmittelb/Projects/stolen-api-services/node_modules/jest-circus/build/legacy-code-todo-rewrite/jestAdapterInit.js:167:21)</failure>
    </testcase>
  </testsuite>
  <testsuite name="ItemTemplateService" errors="0" failures="1" skipped="0" timestamp="2021-12-13T16:22:32" time="0.124" tests="1">
    <testcase classname="ItemTemplateService should be defined" name="ItemTemplateService should be defined" time="0">
      <failure>NotImplementedException: Not Implemented
    at Object.&lt;anonymous&gt; (/home/mmittelb/Projects/stolen-api-services/apps/product/src/v1/item-template/item-template.service.spec.ts:18:11)
    at Promise.then.completed (/home/mmittelb/Projects/stolen-api-services/node_modules/jest-circus/build/utils.js:390:28)
    at new Promise (&lt;anonymous&gt;)
    at callAsyncCircusFn (/home/mmittelb/Projects/stolen-api-services/node_modules/jest-circus/build/utils.js:315:10)
    at _callCircusTest (/home/mmittelb/Projects/stolen-api-services/node_modules/jest-circus/build/run.js:218:40)
    at _runTest (/home/mmittelb/Projects/stolen-api-services/node_modules/jest-circus/build/run.js:155:3)
    at _runTestsForDescribeBlock (/home/mmittelb/Projects/stolen-api-services/node_modules/jest-circus/build/run.js:66:9)
    at _runTestsForDescribeBlock (/home/mmittelb/Projects/stolen-api-services/node_modules/jest-circus/build/run.js:60:9)
    at run (/home/mmittelb/Projects/stolen-api-services/node_modules/jest-circus/build/run.js:25:3)
    at runAndTransformResultsToJestFormat (/home/mmittelb/Projects/stolen-api-services/node_modules/jest-circus/build/legacy-code-todo-rewrite/jestAdapterInit.js:167:21)</failure>
    </testcase>
  </testsuite>
  <testsuite name="ActionService" errors="0" failures="1" skipped="0" timestamp="2021-12-13T16:22:32" time="0.108" tests="1">
    <testcase classname="ActionService should be defined" name="ActionService should be defined" time="0">
      <failure>NotImplementedException: Not Implemented
    at Object.&lt;anonymous&gt; (/home/mmittelb/Projects/stolen-api-services/apps/product/src/v1/action/action.service.spec.ts:18:11)
    at Promise.then.completed (/home/mmittelb/Projects/stolen-api-services/node_modules/jest-circus/build/utils.js:390:28)
    at new Promise (&lt;anonymous&gt;)
    at callAsyncCircusFn (/home/mmittelb/Projects/stolen-api-services/node_modules/jest-circus/build/utils.js:315:10)
    at _callCircusTest (/home/mmittelb/Projects/stolen-api-services/node_modules/jest-circus/build/run.js:218:40)
    at _runTest (/home/mmittelb/Projects/stolen-api-services/node_modules/jest-circus/build/run.js:155:3)
    at _runTestsForDescribeBlock (/home/mmittelb/Projects/stolen-api-services/node_modules/jest-circus/build/run.js:66:9)
    at _runTestsForDescribeBlock (/home/mmittelb/Projects/stolen-api-services/node_modules/jest-circus/build/run.js:60:9)
    at run (/home/mmittelb/Projects/stolen-api-services/node_modules/jest-circus/build/run.js:25:3)
    at runAndTransformResultsToJestFormat (/home/mmittelb/Projects/stolen-api-services/node_modules/jest-circus/build/legacy-code-todo-rewrite/jestAdapterInit.js:167:21)</failure>
    </testcase>
  </testsuite>
  <testsuite name="StatisticService" errors="0" failures="1" skipped="0" timestamp="2021-12-13T16:22:32" time="0.104" tests="1">
    <testcase classname="StatisticService should be defined" name="StatisticService should be defined" time="0">
      <failure>NotImplementedException: Not Implemented
    at Object.&lt;anonymous&gt; (/home/mmittelb/Projects/stolen-api-services/apps/product/src/v1/statistic/statistic.service.spec.ts:18:11)
    at Promise.then.completed (/home/mmittelb/Projects/stolen-api-services/node_modules/jest-circus/build/utils.js:390:28)
    at new Promise (&lt;anonymous&gt;)
    at callAsyncCircusFn (/home/mmittelb/Projects/stolen-api-services/node_modules/jest-circus/build/utils.js:315:10)
    at _callCircusTest (/home/mmittelb/Projects/stolen-api-services/node_modules/jest-circus/build/run.js:218:40)
    at _runTest (/home/mmittelb/Projects/stolen-api-services/node_modules/jest-circus/build/run.js:155:3)
    at _runTestsForDescribeBlock (/home/mmittelb/Projects/stolen-api-services/node_modules/jest-circus/build/run.js:66:9)
    at _runTestsForDescribeBlock (/home/mmittelb/Projects/stolen-api-services/node_modules/jest-circus/build/run.js:60:9)
    at run (/home/mmittelb/Projects/stolen-api-services/node_modules/jest-circus/build/run.js:25:3)
    at runAndTransformResultsToJestFormat (/home/mmittelb/Projects/stolen-api-services/node_modules/jest-circus/build/legacy-code-todo-rewrite/jestAdapterInit.js:167:21)</failure>
    </testcase>
  </testsuite>
  <testsuite name="PackageService" errors="0" failures="1" skipped="0" timestamp="2021-12-13T16:22:32" time="0.109" tests="1">
    <testcase classname="PackageService should be defined" name="PackageService should be defined" time="0">
      <failure>NotImplementedException: Not Implemented
    at Object.&lt;anonymous&gt; (/home/mmittelb/Projects/stolen-api-services/apps/product/src/v1/package/package.service.spec.ts:18:11)
    at Promise.then.completed (/home/mmittelb/Projects/stolen-api-services/node_modules/jest-circus/build/utils.js:390:28)
    at new Promise (&lt;anonymous&gt;)
    at callAsyncCircusFn (/home/mmittelb/Projects/stolen-api-services/node_modules/jest-circus/build/utils.js:315:10)
    at _callCircusTest (/home/mmittelb/Projects/stolen-api-services/node_modules/jest-circus/build/run.js:218:40)
    at _runTest (/home/mmittelb/Projects/stolen-api-services/node_modules/jest-circus/build/run.js:155:3)
    at _runTestsForDescribeBlock (/home/mmittelb/Projects/stolen-api-services/node_modules/jest-circus/build/run.js:66:9)
    at _runTestsForDescribeBlock (/home/mmittelb/Projects/stolen-api-services/node_modules/jest-circus/build/run.js:60:9)
    at run (/home/mmittelb/Projects/stolen-api-services/node_modules/jest-circus/build/run.js:25:3)
    at runAndTransformResultsToJestFormat (/home/mmittelb/Projects/stolen-api-services/node_modules/jest-circus/build/legacy-code-todo-rewrite/jestAdapterInit.js:167:21)</failure>
    </testcase>
  </testsuite>
  <testsuite name="AttributeActionController" errors="0" failures="1" skipped="0" timestamp="2021-12-13T16:22:32" time="0.107" tests="1">
    <testcase classname="AttributeActionController should be defined" name="AttributeActionController should be defined" time="0">
      <failure>NotImplementedException: Not Implemented
    at Object.&lt;anonymous&gt; (/home/mmittelb/Projects/stolen-api-services/apps/product/src/v1/attribute-action/attribute-action.controller.spec.ts:20:11)
    at Promise.then.completed (/home/mmittelb/Projects/stolen-api-services/node_modules/jest-circus/build/utils.js:390:28)
    at new Promise (&lt;anonymous&gt;)
    at callAsyncCircusFn (/home/mmittelb/Projects/stolen-api-services/node_modules/jest-circus/build/utils.js:315:10)
    at _callCircusTest (/home/mmittelb/Projects/stolen-api-services/node_modules/jest-circus/build/run.js:218:40)
    at _runTest (/home/mmittelb/Projects/stolen-api-services/node_modules/jest-circus/build/run.js:155:3)
    at _runTestsForDescribeBlock (/home/mmittelb/Projects/stolen-api-services/node_modules/jest-circus/build/run.js:66:9)
    at _runTestsForDescribeBlock (/home/mmittelb/Projects/stolen-api-services/node_modules/jest-circus/build/run.js:60:9)
    at run (/home/mmittelb/Projects/stolen-api-services/node_modules/jest-circus/build/run.js:25:3)
    at runAndTransformResultsToJestFormat (/home/mmittelb/Projects/stolen-api-services/node_modules/jest-circus/build/legacy-code-todo-rewrite/jestAdapterInit.js:167:21)</failure>
    </testcase>
  </testsuite>
  <testsuite name="LifespanController" errors="0" failures="1" skipped="0" timestamp="2021-12-13T16:22:32" time="0.105" tests="1">
    <testcase classname="LifespanController should be defined" name="LifespanController should be defined" time="0">
      <failure>NotImplementedException: Not Implemented
    at Object.&lt;anonymous&gt; (/home/mmittelb/Projects/stolen-api-services/apps/product/src/v1/lifespan/lifespan.controller.spec.ts:18:11)
    at Promise.then.completed (/home/mmittelb/Projects/stolen-api-services/node_modules/jest-circus/build/utils.js:390:28)
    at new Promise (&lt;anonymous&gt;)
    at callAsyncCircusFn (/home/mmittelb/Projects/stolen-api-services/node_modules/jest-circus/build/utils.js:315:10)
    at _callCircusTest (/home/mmittelb/Projects/stolen-api-services/node_modules/jest-circus/build/run.js:218:40)
    at _runTest (/home/mmittelb/Projects/stolen-api-services/node_modules/jest-circus/build/run.js:155:3)
    at _runTestsForDescribeBlock (/home/mmittelb/Projects/stolen-api-services/node_modules/jest-circus/build/run.js:66:9)
    at _runTestsForDescribeBlock (/home/mmittelb/Projects/stolen-api-services/node_modules/jest-circus/build/run.js:60:9)
    at run (/home/mmittelb/Projects/stolen-api-services/node_modules/jest-circus/build/run.js:25:3)
    at runAndTransformResultsToJestFormat (/home/mmittelb/Projects/stolen-api-services/node_modules/jest-circus/build/legacy-code-todo-rewrite/jestAdapterInit.js:167:21)</failure>
    </testcase>
  </testsuite>
  <testsuite name="PackageController" errors="0" failures="1" skipped="0" timestamp="2021-12-13T16:22:32" time="0.105" tests="1">
    <testcase classname="PackageController should be defined" name="PackageController should be defined" time="0.001">
      <failure>NotImplementedException: Not Implemented
    at Object.&lt;anonymous&gt; (/home/mmittelb/Projects/stolen-api-services/apps/product/src/v1/package/package.controller.spec.ts:18:11)
    at Promise.then.completed (/home/mmittelb/Projects/stolen-api-services/node_modules/jest-circus/build/utils.js:390:28)
    at new Promise (&lt;anonymous&gt;)
    at callAsyncCircusFn (/home/mmittelb/Projects/stolen-api-services/node_modules/jest-circus/build/utils.js:315:10)
    at _callCircusTest (/home/mmittelb/Projects/stolen-api-services/node_modules/jest-circus/build/run.js:218:40)
    at _runTest (/home/mmittelb/Projects/stolen-api-services/node_modules/jest-circus/build/run.js:155:3)
    at _runTestsForDescribeBlock (/home/mmittelb/Projects/stolen-api-services/node_modules/jest-circus/build/run.js:66:9)
    at _runTestsForDescribeBlock (/home/mmittelb/Projects/stolen-api-services/node_modules/jest-circus/build/run.js:60:9)
    at run (/home/mmittelb/Projects/stolen-api-services/node_modules/jest-circus/build/run.js:25:3)
    at runAndTransformResultsToJestFormat (/home/mmittelb/Projects/stolen-api-services/node_modules/jest-circus/build/legacy-code-todo-rewrite/jestAdapterInit.js:167:21)</failure>
    </testcase>
  </testsuite>
  <testsuite name="ItemTemplateController" errors="0" failures="1" skipped="0" timestamp="2021-12-13T16:22:32" time="0.111" tests="1">
    <testcase classname="ItemTemplateController should be defined" name="ItemTemplateController should be defined" time="0">
      <failure>NotImplementedException: Not Implemented
    at Object.&lt;anonymous&gt; (/home/mmittelb/Projects/stolen-api-services/apps/product/src/v1/item-template/item-template.controller.spec.ts:18:11)
    at Promise.then.completed (/home/mmittelb/Projects/stolen-api-services/node_modules/jest-circus/build/utils.js:390:28)
    at new Promise (&lt;anonymous&gt;)
    at callAsyncCircusFn (/home/mmittelb/Projects/stolen-api-services/node_modules/jest-circus/build/utils.js:315:10)
    at _callCircusTest (/home/mmittelb/Projects/stolen-api-services/node_modules/jest-circus/build/run.js:218:40)
    at _runTest (/home/mmittelb/Projects/stolen-api-services/node_modules/jest-circus/build/run.js:155:3)
    at _runTestsForDescribeBlock (/home/mmittelb/Projects/stolen-api-services/node_modules/jest-circus/build/run.js:66:9)
    at _runTestsForDescribeBlock (/home/mmittelb/Projects/stolen-api-services/node_modules/jest-circus/build/run.js:60:9)
    at run (/home/mmittelb/Projects/stolen-api-services/node_modules/jest-circus/build/run.js:25:3)
    at runAndTransformResultsToJestFormat (/home/mmittelb/Projects/stolen-api-services/node_modules/jest-circus/build/legacy-code-todo-rewrite/jestAdapterInit.js:167:21)</failure>
    </testcase>
  </testsuite>
  <testsuite name="TypeController" errors="0" failures="1" skipped="0" timestamp="2021-12-13T16:22:33" time="0.107" tests="1">
    <testcase classname="TypeController should be defined" name="TypeController should be defined" time="0">
      <failure>NotImplementedException: Not Implemented
    at Object.&lt;anonymous&gt; (/home/mmittelb/Projects/stolen-api-services/apps/product/src/v1/type/type.controller.spec.ts:18:11)
    at Promise.then.completed (/home/mmittelb/Projects/stolen-api-services/node_modules/jest-circus/build/utils.js:390:28)
    at new Promise (&lt;anonymous&gt;)
    at callAsyncCircusFn (/home/mmittelb/Projects/stolen-api-services/node_modules/jest-circus/build/utils.js:315:10)
    at _callCircusTest (/home/mmittelb/Projects/stolen-api-services/node_modules/jest-circus/build/run.js:218:40)
    at _runTest (/home/mmittelb/Projects/stolen-api-services/node_modules/jest-circus/build/run.js:155:3)
    at _runTestsForDescribeBlock (/home/mmittelb/Projects/stolen-api-services/node_modules/jest-circus/build/run.js:66:9)
    at _runTestsForDescribeBlock (/home/mmittelb/Projects/stolen-api-services/node_modules/jest-circus/build/run.js:60:9)
    at run (/home/mmittelb/Projects/stolen-api-services/node_modules/jest-circus/build/run.js:25:3)
    at runAndTransformResultsToJestFormat (/home/mmittelb/Projects/stolen-api-services/node_modules/jest-circus/build/legacy-code-todo-rewrite/jestAdapterInit.js:167:21)</failure>
    </testcase>
  </testsuite>
  <testsuite name="ProviderService" errors="0" failures="1" skipped="0" timestamp="2021-12-13T16:22:33" time="0.207" tests="1">
    <testcase classname="ProviderService should be defined" name="ProviderService should be defined" time="0">
      <failure>NotImplementedException: Not Implemented
    at Object.&lt;anonymous&gt; (/home/mmittelb/Projects/stolen-api-services/apps/product/src/v1/provider/provider.service.spec.ts:18:11)
    at Promise.then.completed (/home/mmittelb/Projects/stolen-api-services/node_modules/jest-circus/build/utils.js:390:28)
    at new Promise (&lt;anonymous&gt;)
    at callAsyncCircusFn (/home/mmittelb/Projects/stolen-api-services/node_modules/jest-circus/build/utils.js:315:10)
    at _callCircusTest (/home/mmittelb/Projects/stolen-api-services/node_modules/jest-circus/build/run.js:218:40)
    at _runTest (/home/mmittelb/Projects/stolen-api-services/node_modules/jest-circus/build/run.js:155:3)
    at _runTestsForDescribeBlock (/home/mmittelb/Projects/stolen-api-services/node_modules/jest-circus/build/run.js:66:9)
    at _runTestsForDescribeBlock (/home/mmittelb/Projects/stolen-api-services/node_modules/jest-circus/build/run.js:60:9)
    at run (/home/mmittelb/Projects/stolen-api-services/node_modules/jest-circus/build/run.js:25:3)
    at runAndTransformResultsToJestFormat (/home/mmittelb/Projects/stolen-api-services/node_modules/jest-circus/build/legacy-code-todo-rewrite/jestAdapterInit.js:167:21)</failure>
    </testcase>
  </testsuite>
  <testsuite name="ComponentTemplateService" errors="0" failures="1" skipped="0" timestamp="2021-12-13T16:22:33" time="0.117" tests="1">
    <testcase classname="ComponentTemplateService should be defined" name="ComponentTemplateService should be defined" time="0">
      <failure>NotImplementedException: Not Implemented
    at Object.&lt;anonymous&gt; (/home/mmittelb/Projects/stolen-api-services/apps/product/src/v1/component-template/component-template.service.spec.ts:18:11)
    at Promise.then.completed (/home/mmittelb/Projects/stolen-api-services/node_modules/jest-circus/build/utils.js:390:28)
    at new Promise (&lt;anonymous&gt;)
    at callAsyncCircusFn (/home/mmittelb/Projects/stolen-api-services/node_modules/jest-circus/build/utils.js:315:10)
    at _callCircusTest (/home/mmittelb/Projects/stolen-api-services/node_modules/jest-circus/build/run.js:218:40)
    at _runTest (/home/mmittelb/Projects/stolen-api-services/node_modules/jest-circus/build/run.js:155:3)
    at _runTestsForDescribeBlock (/home/mmittelb/Projects/stolen-api-services/node_modules/jest-circus/build/run.js:66:9)
    at _runTestsForDescribeBlock (/home/mmittelb/Projects/stolen-api-services/node_modules/jest-circus/build/run.js:60:9)
    at run (/home/mmittelb/Projects/stolen-api-services/node_modules/jest-circus/build/run.js:25:3)
    at runAndTransformResultsToJestFormat (/home/mmittelb/Projects/stolen-api-services/node_modules/jest-circus/build/legacy-code-todo-rewrite/jestAdapterInit.js:167:21)</failure>
    </testcase>
  </testsuite>
  <testsuite name="AppController" errors="0" failures="1" skipped="0" timestamp="2021-12-13T16:22:33" time="0.034" tests="1">
    <testcase classname="AppController root should return &quot;Hello World!&quot;" name="AppController root should return &quot;Hello World!&quot;" time="0.003">
      <failure>Error: expect(received).toBe(expected) // Object.is equality

Expected: false
Received: true
    at Object.&lt;anonymous&gt; (/home/mmittelb/Projects/stolen-api-services/apps/product/src/app.controller.spec.ts:19:20)
    at Promise.then.completed (/home/mmittelb/Projects/stolen-api-services/node_modules/jest-circus/build/utils.js:390:28)
    at new Promise (&lt;anonymous&gt;)
    at callAsyncCircusFn (/home/mmittelb/Projects/stolen-api-services/node_modules/jest-circus/build/utils.js:315:10)
    at _callCircusTest (/home/mmittelb/Projects/stolen-api-services/node_modules/jest-circus/build/run.js:218:40)
    at _runTest (/home/mmittelb/Projects/stolen-api-services/node_modules/jest-circus/build/run.js:155:3)
    at _runTestsForDescribeBlock (/home/mmittelb/Projects/stolen-api-services/node_modules/jest-circus/build/run.js:66:9)
    at _runTestsForDescribeBlock (/home/mmittelb/Projects/stolen-api-services/node_modules/jest-circus/build/run.js:60:9)
    at _runTestsForDescribeBlock (/home/mmittelb/Projects/stolen-api-services/node_modules/jest-circus/build/run.js:60:9)
    at run (/home/mmittelb/Projects/stolen-api-services/node_modules/jest-circus/build/run.js:25:3)</failure>
    </testcase>
  </testsuite>
  <testsuite name="CustomersTagsController" errors="0" failures="0" skipped="0" timestamp="2021-12-13T16:22:33" time="1.199" tests="17">
    <testcase classname="CustomersTagsController should be defined" name="CustomersTagsController should be defined" time="0.076">
    </testcase>
    <testcase classname="CustomersTagsController /customers/:customerId/tags/:id (GET) should call the service" name="CustomersTagsController /customers/:customerId/tags/:id (GET) should call the service" time="0.027">
    </testcase>
    <testcase classname="CustomersTagsController /customers/:customerId/tags/:id (GET) should detect an invalid id" name="CustomersTagsController /customers/:customerId/tags/:id (GET) should detect an invalid id" time="0.016">
    </testcase>
    <testcase classname="CustomersTagsController /customers/:customerId/tags/:id (GET) should detect an invalid customerId" name="CustomersTagsController /customers/:customerId/tags/:id (GET) should detect an invalid customerId" time="0.015">
    </testcase>
    <testcase classname="CustomersTagsController /customers/:customerId/tags (GET) should call the service" name="CustomersTagsController /customers/:customerId/tags (GET) should call the service" time="0.018">
    </testcase>
    <testcase classname="CustomersTagsController /customers/:customerId/tags (GET) should detect an invalid customerId" name="CustomersTagsController /customers/:customerId/tags (GET) should detect an invalid customerId" time="0.015">
    </testcase>
    <testcase classname="CustomersTagsController /customers/:customerId/tags (POST) should call the service" name="CustomersTagsController /customers/:customerId/tags (POST) should call the service" time="0.049">
    </testcase>
    <testcase classname="CustomersTagsController /customers/:customerId/tags (POST) should detect an invalid customerId" name="CustomersTagsController /customers/:customerId/tags (POST) should detect an invalid customerId" time="0.014">
    </testcase>
    <testcase classname="CustomersTagsController /customers/:customerId/tags (POST) should detect missing name" name="CustomersTagsController /customers/:customerId/tags (POST) should detect missing name" time="0.014">
    </testcase>
    <testcase classname="CustomersTagsController /customers/:customerId/tags/:id (PATCH) should call the service" name="CustomersTagsController /customers/:customerId/tags/:id (PATCH) should call the service" time="0.025">
    </testcase>
    <testcase classname="CustomersTagsController /customers/:customerId/tags/:id (PATCH) should detect an invalid id" name="CustomersTagsController /customers/:customerId/tags/:id (PATCH) should detect an invalid id" time="0.013">
    </testcase>
    <testcase classname="CustomersTagsController /customers/:customerId/tags/:id (PATCH) should detect an invalid customerId" name="CustomersTagsController /customers/:customerId/tags/:id (PATCH) should detect an invalid customerId" time="0.012">
    </testcase>
    <testcase classname="CustomersTagsController /customers/:customerId/tags/:id (PATCH) should detect a missing version-property" name="CustomersTagsController /customers/:customerId/tags/:id (PATCH) should detect a missing version-property" time="0.014">
    </testcase>
    <testcase classname="CustomersTagsController /customers/:customerId/tags/:id (DELETE) should call the service" name="CustomersTagsController /customers/:customerId/tags/:id (DELETE) should call the service" time="0.032">
    </testcase>
    <testcase classname="CustomersTagsController /customers/:customerId/tags/:id (DELETE) should detect an invalid id" name="CustomersTagsController /customers/:customerId/tags/:id (DELETE) should detect an invalid id" time="0.012">
    </testcase>
    <testcase classname="CustomersTagsController /customers/:customerId/tags/:id (DELETE) should detect an invalid customerId" name="CustomersTagsController /customers/:customerId/tags/:id (DELETE) should detect an invalid customerId" time="0.014">
    </testcase>
    <testcase classname="CustomersTagsController /customers/tags/presets (GET) should call the service" name="CustomersTagsController /customers/tags/presets (GET) should call the service" time="0.013">
    </testcase>
  </testsuite>
  <testsuite name="CustomersNotesController" errors="0" failures="0" skipped="0" timestamp="2021-12-13T16:22:34" time="1.206" tests="15">
    <testcase classname="CustomersNotesController should be defined" name="CustomersNotesController should be defined" time="0.063">
    </testcase>
    <testcase classname="CustomersNotesController /customers/:customerId/notes/:id (GET) should call the service" name="CustomersNotesController /customers/:customerId/notes/:id (GET) should call the service" time="0.033">
    </testcase>
    <testcase classname="CustomersNotesController /customers/:customerId/notes/:id (GET) should detect an invalid id" name="CustomersNotesController /customers/:customerId/notes/:id (GET) should detect an invalid id" time="0.015">
    </testcase>
    <testcase classname="CustomersNotesController /customers/:customerId/notes/:id (GET) should detect an invalid customerId" name="CustomersNotesController /customers/:customerId/notes/:id (GET) should detect an invalid customerId" time="0.016">
    </testcase>
    <testcase classname="CustomersNotesController /customers/:customerId/notes (GET) should call the service" name="CustomersNotesController /customers/:customerId/notes (GET) should call the service" time="0.016">
    </testcase>
    <testcase classname="CustomersNotesController /customers/:customerId/notes (GET) should detect an invalid customerId" name="CustomersNotesController /customers/:customerId/notes (GET) should detect an invalid customerId" time="0.03">
    </testcase>
    <testcase classname="CustomersNotesController /customers/:customerId/notes (POST) should call the service" name="CustomersNotesController /customers/:customerId/notes (POST) should call the service" time="0.029">
    </testcase>
    <testcase classname="CustomersNotesController /customers/:customerId/notes (POST) should detect an invalid customerId" name="CustomersNotesController /customers/:customerId/notes (POST) should detect an invalid customerId" time="0.016">
    </testcase>
    <testcase classname="CustomersNotesController /customers/:customerId/notes/:id (PATCH) should call the service" name="CustomersNotesController /customers/:customerId/notes/:id (PATCH) should call the service" time="0.015">
    </testcase>
    <testcase classname="CustomersNotesController /customers/:customerId/notes/:id (PATCH) should detect an invalid id" name="CustomersNotesController /customers/:customerId/notes/:id (PATCH) should detect an invalid id" time="0.033">
    </testcase>
    <testcase classname="CustomersNotesController /customers/:customerId/notes/:id (PATCH) should detect an invalid customerId" name="CustomersNotesController /customers/:customerId/notes/:id (PATCH) should detect an invalid customerId" time="0.023">
    </testcase>
    <testcase classname="CustomersNotesController /customers/:customerId/notes/:id (PATCH) should detect a missing version-property" name="CustomersNotesController /customers/:customerId/notes/:id (PATCH) should detect a missing version-property" time="0.015">
    </testcase>
    <testcase classname="CustomersNotesController /customers/:customerId/notes/:id (DELETE) should call the service" name="CustomersNotesController /customers/:customerId/notes/:id (DELETE) should call the service" time="0.017">
    </testcase>
    <testcase classname="CustomersNotesController /customers/:customerId/notes/:id (DELETE) should detect an invalid id" name="CustomersNotesController /customers/:customerId/notes/:id (DELETE) should detect an invalid id" time="0.026">
    </testcase>
    <testcase classname="CustomersNotesController /customers/:customerId/notes/:id (DELETE) should detect an invalid customerId" name="CustomersNotesController /customers/:customerId/notes/:id (DELETE) should detect an invalid customerId" time="0.014">
    </testcase>
  </testsuite>
  <testsuite name="CustomersUsersController" errors="0" failures="0" skipped="0" timestamp="2021-12-13T16:22:36" time="1.23" tests="18">
    <testcase classname="CustomersUsersController should be defined" name="CustomersUsersController should be defined" time="0.062">
    </testcase>
    <testcase classname="CustomersUsersController /customers/users/:userId (GET) should call the service" name="CustomersUsersController /customers/users/:userId (GET) should call the service" time="0.04">
    </testcase>
    <testcase classname="CustomersUsersController /customers/users/:userId (GET) should detect an invalid customerId" name="CustomersUsersController /customers/users/:userId (GET) should detect an invalid customerId" time="0.017">
    </testcase>
    <testcase classname="CustomersUsersController /customers/:customerId/users/:id (GET) should call the service" name="CustomersUsersController /customers/:customerId/users/:id (GET) should call the service" time="0.017">
    </testcase>
    <testcase classname="CustomersUsersController /customers/:customerId/users/:id (GET) should detect an invalid id" name="CustomersUsersController /customers/:customerId/users/:id (GET) should detect an invalid id" time="0.026">
    </testcase>
    <testcase classname="CustomersUsersController /customers/:customerId/users/:id (GET) should detect an invalid customerId" name="CustomersUsersController /customers/:customerId/users/:id (GET) should detect an invalid customerId" time="0.016">
    </testcase>
    <testcase classname="CustomersUsersController /customers/:customerId/users (GET) should call the service" name="CustomersUsersController /customers/:customerId/users (GET) should call the service" time="0.02">
    </testcase>
    <testcase classname="CustomersUsersController /customers/:customerId/users (GET) should detect an invalid customerId" name="CustomersUsersController /customers/:customerId/users (GET) should detect an invalid customerId" time="0.026">
    </testcase>
    <testcase classname="CustomersUsersController /customers/:customerId/users (POST) should call the service" name="CustomersUsersController /customers/:customerId/users (POST) should call the service" time="0.042">
    </testcase>
    <testcase classname="CustomersUsersController /customers/:customerId/users (POST) should detect an invalid customerId" name="CustomersUsersController /customers/:customerId/users (POST) should detect an invalid customerId" time="0.021">
    </testcase>
    <testcase classname="CustomersUsersController /customers/:customerId/users (POST) should detect missing user-id" name="CustomersUsersController /customers/:customerId/users (POST) should detect missing user-id" time="0.022">
    </testcase>
    <testcase classname="CustomersUsersController /customers/:customerId/users/:id (PATCH) should call the service" name="CustomersUsersController /customers/:customerId/users/:id (PATCH) should call the service" time="0.019">
    </testcase>
    <testcase classname="CustomersUsersController /customers/:customerId/users/:id (PATCH) should detect an invalid id" name="CustomersUsersController /customers/:customerId/users/:id (PATCH) should detect an invalid id" time="0.024">
    </testcase>
    <testcase classname="CustomersUsersController /customers/:customerId/users/:id (PATCH) should detect an invalid customerId" name="CustomersUsersController /customers/:customerId/users/:id (PATCH) should detect an invalid customerId" time="0.02">
    </testcase>
    <testcase classname="CustomersUsersController /customers/:customerId/users/:id (PATCH) should detect a missing version-property" name="CustomersUsersController /customers/:customerId/users/:id (PATCH) should detect a missing version-property" time="0.018">
    </testcase>
    <testcase classname="CustomersUsersController /customers/:customerId/users/:id (DELETE) should call the service" name="CustomersUsersController /customers/:customerId/users/:id (DELETE) should call the service" time="0.025">
    </testcase>
    <testcase classname="CustomersUsersController /customers/:customerId/users/:id (DELETE) should detect an invalid id" name="CustomersUsersController /customers/:customerId/users/:id (DELETE) should detect an invalid id" time="0.015">
    </testcase>
    <testcase classname="CustomersUsersController /customers/:customerId/users/:id (DELETE) should detect an invalid customerId" name="CustomersUsersController /customers/:customerId/users/:id (DELETE) should detect an invalid customerId" time="0.017">
    </testcase>
  </testsuite>
  <testsuite name="UsersAddressesController" errors="0" failures="1" skipped="0" timestamp="2021-12-13T16:22:37" time="38.554" tests="15">
    <testcase classname="UsersAddressesController should be defined" name="UsersAddressesController should be defined" time="0.078">
    </testcase>
    <testcase classname="UsersAddressesController /users/:userId/addresses/:id (GET) should call the service" name="UsersAddressesController /users/:userId/addresses/:id (GET) should call the service" time="35.809">
      <failure>Error: thrown: &quot;Exceeded timeout of 5000 ms for a test.
Use jest.setTimeout(newTimeout) to increase the timeout value, if this is a long-running test.&quot;
    at /home/mmittelb/Projects/stolen-api-services/apps/user/src/v1/users-addresses/users-addresses.controller.spec.ts:85:5
    at _dispatchDescribe (/home/mmittelb/Projects/stolen-api-services/node_modules/jest-circus/build/index.js:97:26)
    at describe (/home/mmittelb/Projects/stolen-api-services/node_modules/jest-circus/build/index.js:60:5)
    at /home/mmittelb/Projects/stolen-api-services/apps/user/src/v1/users-addresses/users-addresses.controller.spec.ts:82:3
    at _dispatchDescribe (/home/mmittelb/Projects/stolen-api-services/node_modules/jest-circus/build/index.js:97:26)
    at describe (/home/mmittelb/Projects/stolen-api-services/node_modules/jest-circus/build/index.js:60:5)
    at Object.&lt;anonymous&gt; (/home/mmittelb/Projects/stolen-api-services/apps/user/src/v1/users-addresses/users-addresses.controller.spec.ts:10:1)
    at Runtime._execModule (/home/mmittelb/Projects/stolen-api-services/node_modules/jest-runtime/build/index.js:1646:24)
    at Runtime._loadModule (/home/mmittelb/Projects/stolen-api-services/node_modules/jest-runtime/build/index.js:1185:12)
    at Runtime.requireModule (/home/mmittelb/Projects/stolen-api-services/node_modules/jest-runtime/build/index.js:1009:12)</failure>
    </testcase>
    <testcase classname="UsersAddressesController /users/:userId/addresses/:id (GET) should detect an invalid id" name="UsersAddressesController /users/:userId/addresses/:id (GET) should detect an invalid id" time="0.137">
    </testcase>
    <testcase classname="UsersAddressesController /users/:userId/addresses/:id (GET) should detect an invalid userId" name="UsersAddressesController /users/:userId/addresses/:id (GET) should detect an invalid userId" time="0.097">
    </testcase>
    <testcase classname="UsersAddressesController /users/:userId/addresses (GET) should call the service" name="UsersAddressesController /users/:userId/addresses (GET) should call the service" time="0.046">
    </testcase>
    <testcase classname="UsersAddressesController /users/:userId/addresses (GET) should detect an invalid userid" name="UsersAddressesController /users/:userId/addresses (GET) should detect an invalid userid" time="0.038">
    </testcase>
    <testcase classname="UsersAddressesController /users/:userId/addresses (POST) should call the service" name="UsersAddressesController /users/:userId/addresses (POST) should call the service" time="0.046">
    </testcase>
    <testcase classname="UsersAddressesController /users/:userId/addresses (POST) should detect an invalid userId" name="UsersAddressesController /users/:userId/addresses (POST) should detect an invalid userId" time="0.028">
    </testcase>
    <testcase classname="UsersAddressesController /users/:userId/addresses/:id (PATCH) should call the service" name="UsersAddressesController /users/:userId/addresses/:id (PATCH) should call the service" time="0.029">
    </testcase>
    <testcase classname="UsersAddressesController /users/:userId/addresses/:id (PATCH) should detect an invalid userid" name="UsersAddressesController /users/:userId/addresses/:id (PATCH) should detect an invalid userid" time="0.032">
    </testcase>
    <testcase classname="UsersAddressesController /users/:userId/addresses/:id (PATCH) should detect an invalid id" name="UsersAddressesController /users/:userId/addresses/:id (PATCH) should detect an invalid id" time="0.025">
    </testcase>
    <testcase classname="UsersAddressesController /users/:userId/addresses/:id (PATCH) should detect a missing version-property" name="UsersAddressesController /users/:userId/addresses/:id (PATCH) should detect a missing version-property" time="0.029">
    </testcase>
    <testcase classname="UsersAddressesController /users/:userId/addresses/:id (DELETE) should call the service" name="UsersAddressesController /users/:userId/addresses/:id (DELETE) should call the service" time="0.025">
    </testcase>
    <testcase classname="UsersAddressesController /users/:userId/addresses/:id (DELETE) should detect an invalid userid" name="UsersAddressesController /users/:userId/addresses/:id (DELETE) should detect an invalid userid" time="0.028">
    </testcase>
    <testcase classname="UsersAddressesController /users/:userId/addresses/:id (DELETE) should detect an invalid id" name="UsersAddressesController /users/:userId/addresses/:id (DELETE) should detect an invalid id" time="0.027">
    </testcase>
  </testsuite>
  <testsuite name="UsersAdminController" errors="0" failures="0" skipped="0" timestamp="2021-12-13T16:23:16" time="2.102" tests="5">
    <testcase classname="UsersAdminController should be defined" name="UsersAdminController should be defined" time="0.078">
    </testcase>
    <testcase classname="UsersAdminController /users/:id/activate (POST) should call the service" name="UsersAdminController /users/:id/activate (POST) should call the service" time="0.062">
    </testcase>
    <testcase classname="UsersAdminController /users/:id/activate (POST) should detect an invalid id" name="UsersAdminController /users/:id/activate (POST) should detect an invalid id" time="0.232">
    </testcase>
    <testcase classname="UsersAdminController /users/:id/deactivate (POST) should call the service" name="UsersAdminController /users/:id/deactivate (POST) should call the service" time="0.474">
    </testcase>
    <testcase classname="UsersAdminController /users/:id/deactivate (POST) should detect an invalid id" name="UsersAdminController /users/:id/deactivate (POST) should detect an invalid id" time="0.423">
    </testcase>
  </testsuite>
  <testsuite name="UsersController" errors="0" failures="0" skipped="0" timestamp="2021-12-13T16:23:18" time="1.782" tests="18">
    <testcase classname="UsersController should be defined" name="UsersController should be defined" time="0.11">
    </testcase>
    <testcase classname="UsersController /users/:id (GET) should call the service" name="UsersController /users/:id (GET) should call the service" time="0.057">
    </testcase>
    <testcase classname="UsersController /users/:id (GET) should detect an invalid id" name="UsersController /users/:id (GET) should detect an invalid id" time="0.023">
    </testcase>
    <testcase classname="UsersController /users/:id (GET) should detect an invalid id #2" name="UsersController /users/:id (GET) should detect an invalid id #2" time="0.031">
    </testcase>
    <testcase classname="UsersController /users (POST) should call the service" name="UsersController /users (POST) should call the service" time="0.033">
    </testcase>
    <testcase classname="UsersController /users (POST) should detect a missing email" name="UsersController /users (POST) should detect a missing email" time="0.034">
    </testcase>
    <testcase classname="UsersController /users (POST) should detect an invalid email" name="UsersController /users (POST) should detect an invalid email" time="0.025">
    </testcase>
    <testcase classname="UsersController /users (POST) should detect a missing password" name="UsersController /users (POST) should detect a missing password" time="0.032">
    </testcase>
    <testcase classname="UsersController /users/login/verify (POST) should call the service" name="UsersController /users/login/verify (POST) should call the service" time="0.046">
    </testcase>
    <testcase classname="UsersController /users/login/verify (POST) should detect a missing email" name="UsersController /users/login/verify (POST) should detect a missing email" time="0.034">
    </testcase>
    <testcase classname="UsersController /users/login/verify (POST) should detect an invalid email" name="UsersController /users/login/verify (POST) should detect an invalid email" time="0.034">
    </testcase>
    <testcase classname="UsersController /users/login/verify (POST) should detect a missing password" name="UsersController /users/login/verify (POST) should detect a missing password" time="0.021">
    </testcase>
    <testcase classname="UsersController /users/:id (PATCH) should call the service" name="UsersController /users/:id (PATCH) should call the service" time="0.023">
    </testcase>
    <testcase classname="UsersController /users/:id (PATCH) should detect an invalid id" name="UsersController /users/:id (PATCH) should detect an invalid id" time="0.027">
    </testcase>
    <testcase classname="UsersController /users/:id (PATCH) should detect a missing version-property" name="UsersController /users/:id (PATCH) should detect a missing version-property" time="0.021">
    </testcase>
    <testcase classname="UsersController /users/:id (DELETE) should call the service" name="UsersController /users/:id (DELETE) should call the service" time="0.024">
    </testcase>
    <testcase classname="UsersController /users/:id (DELETE) should detect an invalid id" name="UsersController /users/:id (DELETE) should detect an invalid id" time="0.02">
    </testcase>
    <testcase classname="UsersController /users/:id (DELETE) should detect an invalid id #2" name="UsersController /users/:id (DELETE) should detect an invalid id #2" time="0.02">
    </testcase>
  </testsuite>
  <testsuite name="UsersEmailsController" errors="0" failures="0" skipped="0" timestamp="2021-12-13T16:23:20" time="1.753" tests="26">
    <testcase classname="UsersEmailsController should be defined" name="UsersEmailsController should be defined" time="0.078">
    </testcase>
    <testcase classname="UsersEmailsController /users/:userId/emails/:id (GET) should call the service" name="UsersEmailsController /users/:userId/emails/:id (GET) should call the service" time="0.039">
    </testcase>
    <testcase classname="UsersEmailsController /users/:userId/emails/:id (GET) should detect an invalid id" name="UsersEmailsController /users/:userId/emails/:id (GET) should detect an invalid id" time="0.022">
    </testcase>
    <testcase classname="UsersEmailsController /users/:userId/emails/:id (GET) should detect an invalid userId" name="UsersEmailsController /users/:userId/emails/:id (GET) should detect an invalid userId" time="0.047">
    </testcase>
    <testcase classname="UsersEmailsController /users/:userId/emails (GET) should call the service" name="UsersEmailsController /users/:userId/emails (GET) should call the service" time="0.024">
    </testcase>
    <testcase classname="UsersEmailsController /users/:userId/emails (GET) should detect an invalid userid" name="UsersEmailsController /users/:userId/emails (GET) should detect an invalid userid" time="0.028">
    </testcase>
    <testcase classname="UsersEmailsController /users/:userId/emails (POST) should call the service" name="UsersEmailsController /users/:userId/emails (POST) should call the service" time="0.037">
    </testcase>
    <testcase classname="UsersEmailsController /users/:userId/emails (POST) should detect an invalid userId" name="UsersEmailsController /users/:userId/emails (POST) should detect an invalid userId" time="0.029">
    </testcase>
    <testcase classname="UsersEmailsController /users/:userId/emails (POST) should detect a missing email" name="UsersEmailsController /users/:userId/emails (POST) should detect a missing email" time="0.025">
    </testcase>
    <testcase classname="UsersEmailsController /users/:userId/emails (POST) should detect an invalid email" name="UsersEmailsController /users/:userId/emails (POST) should detect an invalid email" time="0.039">
    </testcase>
    <testcase classname="UsersEmailsController /users/:userId/emails/:id/verify/:token (GET) should call the service" name="UsersEmailsController /users/:userId/emails/:id/verify/:token (GET) should call the service" time="0.031">
    </testcase>
    <testcase classname="UsersEmailsController /users/:userId/emails/:id/verify/:token (GET) should detect an invalid userId" name="UsersEmailsController /users/:userId/emails/:id/verify/:token (GET) should detect an invalid userId" time="0.025">
    </testcase>
    <testcase classname="UsersEmailsController /users/:userId/emails/:id/verify/:token (GET) should detect an invalid id" name="UsersEmailsController /users/:userId/emails/:id/verify/:token (GET) should detect an invalid id" time="0.03">
    </testcase>
    <testcase classname="UsersEmailsController /users/:userId/emails/:id/verify/:token (GET) should detect an invalid token" name="UsersEmailsController /users/:userId/emails/:id/verify/:token (GET) should detect an invalid token" time="0.031">
    </testcase>
    <testcase classname="UsersEmailsController /users/:userId/emails/:id/verify (POST) should call the service" name="UsersEmailsController /users/:userId/emails/:id/verify (POST) should call the service" time="0.04">
    </testcase>
    <testcase classname="UsersEmailsController /users/:userId/emails/:id/verify (POST) should detect an invalid userId" name="UsersEmailsController /users/:userId/emails/:id/verify (POST) should detect an invalid userId" time="0.036">
    </testcase>
    <testcase classname="UsersEmailsController /users/:userId/emails/:id/verify (POST) should detect an invalid id" name="UsersEmailsController /users/:userId/emails/:id/verify (POST) should detect an invalid id" time="0.047">
    </testcase>
    <testcase classname="UsersEmailsController /users/:userId/emails/:id/verify (POST) should detect an invalid token" name="UsersEmailsController /users/:userId/emails/:id/verify (POST) should detect an invalid token" time="0.037">
    </testcase>
    <testcase classname="UsersEmailsController /users/:userId/emails/:id/verify (POST) should detect a missing token" name="UsersEmailsController /users/:userId/emails/:id/verify (POST) should detect a missing token" time="0.024">
    </testcase>
    <testcase classname="UsersEmailsController /users/:userId/emails/:id (PATCH) should call the service" name="UsersEmailsController /users/:userId/emails/:id (PATCH) should call the service" time="0.029">
    </testcase>
    <testcase classname="UsersEmailsController /users/:userId/emails/:id (PATCH) should detect an invalid userid" name="UsersEmailsController /users/:userId/emails/:id (PATCH) should detect an invalid userid" time="0.031">
    </testcase>
    <testcase classname="UsersEmailsController /users/:userId/emails/:id (PATCH) should detect an invalid id" name="UsersEmailsController /users/:userId/emails/:id (PATCH) should detect an invalid id" time="0.027">
    </testcase>
    <testcase classname="UsersEmailsController /users/:userId/emails/:id (PATCH) should detect a missing version-property" name="UsersEmailsController /users/:userId/emails/:id (PATCH) should detect a missing version-property" time="0.024">
    </testcase>
    <testcase classname="UsersEmailsController /users/:userId/emails/:id (DELETE) should call the service" name="UsersEmailsController /users/:userId/emails/:id (DELETE) should call the service" time="0.028">
    </testcase>
    <testcase classname="UsersEmailsController /users/:userId/emails/:id (DELETE) should detect an invalid userid" name="UsersEmailsController /users/:userId/emails/:id (DELETE) should detect an invalid userid" time="0.028">
    </testcase>
    <testcase classname="UsersEmailsController /users/:userId/emails/:id (DELETE) should detect an invalid id" name="UsersEmailsController /users/:userId/emails/:id (DELETE) should detect an invalid id" time="0.044">
    </testcase>
  </testsuite>
  <testsuite name="UsersPhonesController" errors="0" failures="0" skipped="0" timestamp="2021-12-13T16:23:22" time="1.284" tests="15">
    <testcase classname="UsersPhonesController should be defined" name="UsersPhonesController should be defined" time="0.078">
    </testcase>
    <testcase classname="UsersPhonesController /users/:userId/phones/:id (GET) should call the service" name="UsersPhonesController /users/:userId/phones/:id (GET) should call the service" time="0.054">
    </testcase>
    <testcase classname="UsersPhonesController /users/:userId/phones/:id (GET) should detect an invalid id" name="UsersPhonesController /users/:userId/phones/:id (GET) should detect an invalid id" time="0.034">
    </testcase>
    <testcase classname="UsersPhonesController /users/:userId/phones/:id (GET) should detect an invalid userId" name="UsersPhonesController /users/:userId/phones/:id (GET) should detect an invalid userId" time="0.025">
    </testcase>
    <testcase classname="UsersPhonesController /users/:userId/phones (GET) should call the service" name="UsersPhonesController /users/:userId/phones (GET) should call the service" time="0.031">
    </testcase>
    <testcase classname="UsersPhonesController /users/:userId/phones (GET) should detect an invalid userid" name="UsersPhonesController /users/:userId/phones (GET) should detect an invalid userid" time="0.029">
    </testcase>
    <testcase classname="UsersPhonesController /users/:userId/phones (POST) should call the service" name="UsersPhonesController /users/:userId/phones (POST) should call the service" time="0.035">
    </testcase>
    <testcase classname="UsersPhonesController /users/:userId/phones (POST) should detect an invalid userId" name="UsersPhonesController /users/:userId/phones (POST) should detect an invalid userId" time="0.032">
    </testcase>
    <testcase classname="UsersPhonesController /users/:userId/phones/:id (PATCH) should call the service" name="UsersPhonesController /users/:userId/phones/:id (PATCH) should call the service" time="0.03">
    </testcase>
    <testcase classname="UsersPhonesController /users/:userId/phones/:id (PATCH) should detect an invalid userid" name="UsersPhonesController /users/:userId/phones/:id (PATCH) should detect an invalid userid" time="0.038">
    </testcase>
    <testcase classname="UsersPhonesController /users/:userId/phones/:id (PATCH) should detect an invalid id" name="UsersPhonesController /users/:userId/phones/:id (PATCH) should detect an invalid id" time="0.025">
    </testcase>
    <testcase classname="UsersPhonesController /users/:userId/phones/:id (PATCH) should detect a missing version-property" name="UsersPhonesController /users/:userId/phones/:id (PATCH) should detect a missing version-property" time="0.03">
    </testcase>
    <testcase classname="UsersPhonesController /users/:userId/phones/:id (DELETE) should call the service" name="UsersPhonesController /users/:userId/phones/:id (DELETE) should call the service" time="0.038">
    </testcase>
    <testcase classname="UsersPhonesController /users/:userId/phones/:id (DELETE) should detect an invalid userid" name="UsersPhonesController /users/:userId/phones/:id (DELETE) should detect an invalid userid" time="0.028">
    </testcase>
    <testcase classname="UsersPhonesController /users/:userId/phones/:id (DELETE) should detect an invalid id" name="UsersPhonesController /users/:userId/phones/:id (DELETE) should detect an invalid id" time="0.031">
    </testcase>
  </testsuite>
  <testsuite name="CustomersAddressesController" errors="0" failures="0" skipped="0" timestamp="2021-12-13T16:23:23" time="2.839" tests="15">
    <testcase classname="CustomersAddressesController should be defined" name="CustomersAddressesController should be defined" time="0.081">
    </testcase>
    <testcase classname="CustomersAddressesController /customers/:customerId/addresses/:id (GET) should call the service" name="CustomersAddressesController /customers/:customerId/addresses/:id (GET) should call the service" time="0.046">
    </testcase>
    <testcase classname="CustomersAddressesController /customers/:customerId/addresses/:id (GET) should detect an invalid id" name="CustomersAddressesController /customers/:customerId/addresses/:id (GET) should detect an invalid id" time="0.037">
    </testcase>
    <testcase classname="CustomersAddressesController /customers/:customerId/addresses/:id (GET) should detect an invalid customerId" name="CustomersAddressesController /customers/:customerId/addresses/:id (GET) should detect an invalid customerId" time="0.041">
    </testcase>
    <testcase classname="CustomersAddressesController /customers/:customerId/addresses (GET) should call the service" name="CustomersAddressesController /customers/:customerId/addresses (GET) should call the service" time="0.044">
    </testcase>
    <testcase classname="CustomersAddressesController /customers/:customerId/addresses (GET) should detect an invalid customerId" name="CustomersAddressesController /customers/:customerId/addresses (GET) should detect an invalid customerId" time="0.051">
    </testcase>
    <testcase classname="CustomersAddressesController /customers/:customerId/addresses (POST) should call the service" name="CustomersAddressesController /customers/:customerId/addresses (POST) should call the service" time="0.039">
    </testcase>
    <testcase classname="CustomersAddressesController /customers/:customerId/addresses (POST) should detect an invalid customerId" name="CustomersAddressesController /customers/:customerId/addresses (POST) should detect an invalid customerId" time="0.036">
    </testcase>
    <testcase classname="CustomersAddressesController /customers/:customerId/addresses/:id (PATCH) should call the service" name="CustomersAddressesController /customers/:customerId/addresses/:id (PATCH) should call the service" time="0.027">
    </testcase>
    <testcase classname="CustomersAddressesController /customers/:customerId/addresses/:id (PATCH) should detect an invalid id" name="CustomersAddressesController /customers/:customerId/addresses/:id (PATCH) should detect an invalid id" time="0.038">
    </testcase>
    <testcase classname="CustomersAddressesController /customers/:customerId/addresses/:id (PATCH) should detect an invalid customerId" name="CustomersAddressesController /customers/:customerId/addresses/:id (PATCH) should detect an invalid customerId" time="0.034">
    </testcase>
    <testcase classname="CustomersAddressesController /customers/:customerId/addresses/:id (PATCH) should detect a missing version-property" name="CustomersAddressesController /customers/:customerId/addresses/:id (PATCH) should detect a missing version-property" time="0.027">
    </testcase>
    <testcase classname="CustomersAddressesController /customers/:customerId/addresses/:id (DELETE) should call the service" name="CustomersAddressesController /customers/:customerId/addresses/:id (DELETE) should call the service" time="0.031">
    </testcase>
    <testcase classname="CustomersAddressesController /customers/:customerId/addresses/:id (DELETE) should detect an invalid id" name="CustomersAddressesController /customers/:customerId/addresses/:id (DELETE) should detect an invalid id" time="0.04">
    </testcase>
    <testcase classname="CustomersAddressesController /customers/:customerId/addresses/:id (DELETE) should detect an invalid customerId" name="CustomersAddressesController /customers/:customerId/addresses/:id (DELETE) should detect an invalid customerId" time="0.037">
    </testcase>
  </testsuite>
  <testsuite name="CustomersRolesController" errors="0" failures="0" skipped="0" timestamp="2021-12-13T16:23:26" time="1.607" tests="19">
    <testcase classname="CustomersRolesController should be defined" name="CustomersRolesController should be defined" time="0.081">
    </testcase>
    <testcase classname="CustomersRolesController /customers/:customerId/roles/:id (GET) should call the service" name="CustomersRolesController /customers/:customerId/roles/:id (GET) should call the service" time="0.044">
    </testcase>
    <testcase classname="CustomersRolesController /customers/:customerId/roles/:id (GET) should detect an invalid id" name="CustomersRolesController /customers/:customerId/roles/:id (GET) should detect an invalid id" time="0.034">
    </testcase>
    <testcase classname="CustomersRolesController /customers/:customerId/roles/:id (GET) should detect an invalid customerId" name="CustomersRolesController /customers/:customerId/roles/:id (GET) should detect an invalid customerId" time="0.026">
    </testcase>
    <testcase classname="CustomersRolesController /customers/:customerId/roles (GET) should call the service" name="CustomersRolesController /customers/:customerId/roles (GET) should call the service" time="0.032">
    </testcase>
    <testcase classname="CustomersRolesController /customers/:customerId/roles (GET) should detect an invalid customerId" name="CustomersRolesController /customers/:customerId/roles (GET) should detect an invalid customerId" time="0.03">
    </testcase>
    <testcase classname="CustomersRolesController /customers/:customerId/roles (POST) should call the service" name="CustomersRolesController /customers/:customerId/roles (POST) should call the service" time="0.034">
    </testcase>
    <testcase classname="CustomersRolesController /customers/:customerId/roles (POST) should detect an invalid customerId" name="CustomersRolesController /customers/:customerId/roles (POST) should detect an invalid customerId" time="0.038">
    </testcase>
    <testcase classname="CustomersRolesController /customers/:customerId/roles (POST) should detect an invalid customerId" name="CustomersRolesController /customers/:customerId/roles (POST) should detect an invalid customerId" time="0.035">
    </testcase>
    <testcase classname="CustomersRolesController /customers/:customerId/roles (POST) should detect missing name" name="CustomersRolesController /customers/:customerId/roles (POST) should detect missing name" time="0.034">
    </testcase>
    <testcase classname="CustomersRolesController /customers/:customerId/roles (POST) should detect invalid tags" name="CustomersRolesController /customers/:customerId/roles (POST) should detect invalid tags" time="0.028">
    </testcase>
    <testcase classname="CustomersRolesController /customers/:customerId/roles/:id (PATCH) should call the service" name="CustomersRolesController /customers/:customerId/roles/:id (PATCH) should call the service" time="0.032">
    </testcase>
    <testcase classname="CustomersRolesController /customers/:customerId/roles/:id (PATCH) should detect an invalid roleId" name="CustomersRolesController /customers/:customerId/roles/:id (PATCH) should detect an invalid roleId" time="0.033">
    </testcase>
    <testcase classname="CustomersRolesController /customers/:customerId/roles/:id (PATCH) should detect an invalid customerId" name="CustomersRolesController /customers/:customerId/roles/:id (PATCH) should detect an invalid customerId" time="0.03">
    </testcase>
    <testcase classname="CustomersRolesController /customers/:customerId/roles/:id (PATCH) should detect a missing version-property" name="CustomersRolesController /customers/:customerId/roles/:id (PATCH) should detect a missing version-property" time="0.034">
    </testcase>
    <testcase classname="CustomersRolesController /customers/:customerId/roles/:id (PATCH) should detect invalid tags" name="CustomersRolesController /customers/:customerId/roles/:id (PATCH) should detect invalid tags" time="0.03">
    </testcase>
    <testcase classname="CustomersRolesController /customers/:customerId/roles/:id (DELETE) should call the service" name="CustomersRolesController /customers/:customerId/roles/:id (DELETE) should call the service" time="0.033">
    </testcase>
    <testcase classname="CustomersRolesController /customers/:customerId/roles/:id (DELETE) should detect an invalid id" name="CustomersRolesController /customers/:customerId/roles/:id (DELETE) should detect an invalid id" time="0.031">
    </testcase>
    <testcase classname="CustomersRolesController /customers/:customerId/roles/:id (DELETE) should detect an invalid customerId" name="CustomersRolesController /customers/:customerId/roles/:id (DELETE) should detect an invalid customerId" time="0.053">
    </testcase>
  </testsuite>
  <testsuite name="UsersTwofaController" errors="0" failures="0" skipped="0" timestamp="2021-12-13T16:23:28" time="1.662" tests="16">
    <testcase classname="UsersTwofaController should be defined" name="UsersTwofaController should be defined" time="0.101">
    </testcase>
    <testcase classname="UsersTwofaController /users/:id/twofa/totp/create (GET) should call the service" name="UsersTwofaController /users/:id/twofa/totp/create (GET) should call the service" time="0.035">
    </testcase>
    <testcase classname="UsersTwofaController /users/:id/twofa/totp/create (GET) should detect an invalid id" name="UsersTwofaController /users/:id/twofa/totp/create (GET) should detect an invalid id" time="0.039">
    </testcase>
    <testcase classname="UsersTwofaController /users/:id/twofa/totp/activate (POST) should call the service" name="UsersTwofaController /users/:id/twofa/totp/activate (POST) should call the service" time="0.038">
    </testcase>
    <testcase classname="UsersTwofaController /users/:id/twofa/totp/activate (POST) should detect an invalid id" name="UsersTwofaController /users/:id/twofa/totp/activate (POST) should detect an invalid id" time="0.035">
    </testcase>
    <testcase classname="UsersTwofaController /users/:id/twofa/totp/activate (POST) should detect a missing token" name="UsersTwofaController /users/:id/twofa/totp/activate (POST) should detect a missing token" time="0.029">
    </testcase>
    <testcase classname="UsersTwofaController /users/:id/twofa/totp/activate (POST) should detect a too short token" name="UsersTwofaController /users/:id/twofa/totp/activate (POST) should detect a too short token" time="0.037">
    </testcase>
    <testcase classname="UsersTwofaController /users/:id/twofa/totp/activate (POST) should detect a too long token" name="UsersTwofaController /users/:id/twofa/totp/activate (POST) should detect a too long token" time="0.033">
    </testcase>
    <testcase classname="UsersTwofaController /users/:id/twofa/totp/activate (POST) should detect a missing secret" name="UsersTwofaController /users/:id/twofa/totp/activate (POST) should detect a missing secret" time="0.03">
    </testcase>
    <testcase classname="UsersTwofaController /users/:id/twofa/totp/activate (POST) should detect a too short secret" name="UsersTwofaController /users/:id/twofa/totp/activate (POST) should detect a too short secret" time="0.035">
    </testcase>
    <testcase classname="UsersTwofaController /users/:id/twofa/totp/activate (POST) should detect a too long secret" name="UsersTwofaController /users/:id/twofa/totp/activate (POST) should detect a too long secret" time="0.034">
    </testcase>
    <testcase classname="UsersTwofaController /users/:id/twofa/totp/verify (POST) should call the service" name="UsersTwofaController /users/:id/twofa/totp/verify (POST) should call the service" time="0.036">
    </testcase>
    <testcase classname="UsersTwofaController /users/:id/twofa/totp/verify (POST) should detect an invalid id" name="UsersTwofaController /users/:id/twofa/totp/verify (POST) should detect an invalid id" time="0.028">
    </testcase>
    <testcase classname="UsersTwofaController /users/:id/twofa/totp/verify (POST) should detect a missing token" name="UsersTwofaController /users/:id/twofa/totp/verify (POST) should detect a missing token" time="0.034">
    </testcase>
    <testcase classname="UsersTwofaController /users/:id/twofa/totp/verify (POST) should detect a too short token" name="UsersTwofaController /users/:id/twofa/totp/verify (POST) should detect a too short token" time="0.033">
    </testcase>
    <testcase classname="UsersTwofaController /users/:id/twofa/totp/verify (POST) should detect a too long token" name="UsersTwofaController /users/:id/twofa/totp/verify (POST) should detect a too long token" time="0.031">
    </testcase>
  </testsuite>
  <testsuite name="CustomersPhonesController" errors="0" failures="0" skipped="0" timestamp="2021-12-13T16:23:30" time="1.592" tests="15">
    <testcase classname="CustomersPhonesController should be defined" name="CustomersPhonesController should be defined" time="0.104">
    </testcase>
    <testcase classname="CustomersPhonesController /customers/:customerId/phones/:id (GET) should call the service" name="CustomersPhonesController /customers/:customerId/phones/:id (GET) should call the service" time="0.044">
    </testcase>
    <testcase classname="CustomersPhonesController /customers/:customerId/phones/:id (GET) should detect an invalid id" name="CustomersPhonesController /customers/:customerId/phones/:id (GET) should detect an invalid id" time="0.044">
    </testcase>
    <testcase classname="CustomersPhonesController /customers/:customerId/phones/:id (GET) should detect an invalid customerId" name="CustomersPhonesController /customers/:customerId/phones/:id (GET) should detect an invalid customerId" time="0.036">
    </testcase>
    <testcase classname="CustomersPhonesController /customers/:customerId/phones (GET) should call the service" name="CustomersPhonesController /customers/:customerId/phones (GET) should call the service" time="0.039">
    </testcase>
    <testcase classname="CustomersPhonesController /customers/:customerId/phones (GET) should detect an invalid customerId" name="CustomersPhonesController /customers/:customerId/phones (GET) should detect an invalid customerId" time="0.038">
    </testcase>
    <testcase classname="CustomersPhonesController /customers/:customerId/phones (POST) should call the service" name="CustomersPhonesController /customers/:customerId/phones (POST) should call the service" time="0.047">
    </testcase>
    <testcase classname="CustomersPhonesController /customers/:customerId/phones (POST) should detect an invalid customerId" name="CustomersPhonesController /customers/:customerId/phones (POST) should detect an invalid customerId" time="0.038">
    </testcase>
    <testcase classname="CustomersPhonesController /customers/:customerId/phones/:id (PATCH) should call the service" name="CustomersPhonesController /customers/:customerId/phones/:id (PATCH) should call the service" time="0.044">
    </testcase>
    <testcase classname="CustomersPhonesController /customers/:customerId/phones/:id (PATCH) should detect an invalid id" name="CustomersPhonesController /customers/:customerId/phones/:id (PATCH) should detect an invalid id" time="0.043">
    </testcase>
    <testcase classname="CustomersPhonesController /customers/:customerId/phones/:id (PATCH) should detect an invalid customerId" name="CustomersPhonesController /customers/:customerId/phones/:id (PATCH) should detect an invalid customerId" time="0.056">
    </testcase>
    <testcase classname="CustomersPhonesController /customers/:customerId/phones/:id (PATCH) should detect a missing version-property" name="CustomersPhonesController /customers/:customerId/phones/:id (PATCH) should detect a missing version-property" time="0.042">
    </testcase>
    <testcase classname="CustomersPhonesController /customers/:customerId/phones/:id (DELETE) should call the service" name="CustomersPhonesController /customers/:customerId/phones/:id (DELETE) should call the service" time="0.041">
    </testcase>
    <testcase classname="CustomersPhonesController /customers/:customerId/phones/:id (DELETE) should detect an invalid id" name="CustomersPhonesController /customers/:customerId/phones/:id (DELETE) should detect an invalid id" time="0.042">
    </testcase>
    <testcase classname="CustomersPhonesController /customers/:customerId/phones/:id (DELETE) should detect an invalid customerId" name="CustomersPhonesController /customers/:customerId/phones/:id (DELETE) should detect an invalid customerId" time="0.037">
    </testcase>
  </testsuite>
  <testsuite name="CustomersAdminController" errors="0" failures="0" skipped="0" timestamp="2021-12-13T16:23:31" time="3.093" tests="13">
    <testcase classname="CustomersAdminController should be defined" name="CustomersAdminController should be defined" time="0.094">
    </testcase>
    <testcase classname="CustomersAdminController /customers/admin (GET) should call the service" name="CustomersAdminController /customers/admin (GET) should call the service" time="0.052">
    </testcase>
    <testcase classname="CustomersAdminController /customers/admin/:id (GET) should call the service" name="CustomersAdminController /customers/admin/:id (GET) should call the service" time="0.047">
    </testcase>
    <testcase classname="CustomersAdminController /customers/admin/:id (GET) should detect an invalid id" name="CustomersAdminController /customers/admin/:id (GET) should detect an invalid id" time="0.042">
    </testcase>
    <testcase classname="CustomersAdminController /customers/admin/:id (GET) should detect an invalid id #2" name="CustomersAdminController /customers/admin/:id (GET) should detect an invalid id #2" time="0.044">
    </testcase>
    <testcase classname="CustomersAdminController /customers (POST) should call the service" name="CustomersAdminController /customers (POST) should call the service" time="0.049">
    </testcase>
    <testcase classname="CustomersAdminController /customers (POST) should detect a missing name" name="CustomersAdminController /customers (POST) should detect a missing name" time="0.049">
    </testcase>
    <testcase classname="CustomersAdminController /customers/admin/:id (PATCH) should call the service" name="CustomersAdminController /customers/admin/:id (PATCH) should call the service" time="0.041">
    </testcase>
    <testcase classname="CustomersAdminController /customers/admin/:id (PATCH) should detect an invalid id" name="CustomersAdminController /customers/admin/:id (PATCH) should detect an invalid id" time="0.045">
    </testcase>
    <testcase classname="CustomersAdminController /customers/admin/:id (PATCH) should detect a missing version-property" name="CustomersAdminController /customers/admin/:id (PATCH) should detect a missing version-property" time="0.067">
    </testcase>
    <testcase classname="CustomersAdminController /customers/admin/:id (DELETE) should call the service" name="CustomersAdminController /customers/admin/:id (DELETE) should call the service" time="0.05">
    </testcase>
    <testcase classname="CustomersAdminController /customers/admin/:id (DELETE) should detect an invalid id" name="CustomersAdminController /customers/admin/:id (DELETE) should detect an invalid id" time="0.045">
    </testcase>
    <testcase classname="CustomersAdminController /customers/admin/:id (DELETE) should detect an invalid id #2" name="CustomersAdminController /customers/admin/:id (DELETE) should detect an invalid id #2" time="0.038">
    </testcase>
  </testsuite>
  <testsuite name="CustomersEmailsController" errors="0" failures="0" skipped="0" timestamp="2021-12-13T16:23:34" time="1.899" tests="18">
    <testcase classname="CustomersEmailsController should be defined" name="CustomersEmailsController should be defined" time="0.101">
    </testcase>
    <testcase classname="CustomersEmailsController /customers/:customerId/emails/:id (GET) should call the service" name="CustomersEmailsController /customers/:customerId/emails/:id (GET) should call the service" time="0.054">
    </testcase>
    <testcase classname="CustomersEmailsController /customers/:customerId/emails/:id (GET) should detect an invalid id" name="CustomersEmailsController /customers/:customerId/emails/:id (GET) should detect an invalid id" time="0.041">
    </testcase>
    <testcase classname="CustomersEmailsController /customers/:customerId/emails/:id (GET) should detect an invalid customerId" name="CustomersEmailsController /customers/:customerId/emails/:id (GET) should detect an invalid customerId" time="0.045">
    </testcase>
    <testcase classname="CustomersEmailsController /customers/:customerId/emails (GET) should call the service" name="CustomersEmailsController /customers/:customerId/emails (GET) should call the service" time="0.041">
    </testcase>
    <testcase classname="CustomersEmailsController /customers/:customerId/emails (GET) should detect an invalid customerId" name="CustomersEmailsController /customers/:customerId/emails (GET) should detect an invalid customerId" time="0.038">
    </testcase>
    <testcase classname="CustomersEmailsController /customers/:customerId/emails (POST) should call the service" name="CustomersEmailsController /customers/:customerId/emails (POST) should call the service" time="0.057">
    </testcase>
    <testcase classname="CustomersEmailsController /customers/:customerId/emails (POST) should detect an invalid customerId" name="CustomersEmailsController /customers/:customerId/emails (POST) should detect an invalid customerId" time="0.041">
    </testcase>
    <testcase classname="CustomersEmailsController /customers/:customerId/emails (POST) should detect a missing email-property" name="CustomersEmailsController /customers/:customerId/emails (POST) should detect a missing email-property" time="0.041">
    </testcase>
    <testcase classname="CustomersEmailsController /customers/:customerId/emails (POST) should detect an invalid email" name="CustomersEmailsController /customers/:customerId/emails (POST) should detect an invalid email" time="0.046">
    </testcase>
    <testcase classname="CustomersEmailsController /customers/:customerId/emails/:id (PATCH) should call the service" name="CustomersEmailsController /customers/:customerId/emails/:id (PATCH) should call the service" time="0.057">
    </testcase>
    <testcase classname="CustomersEmailsController /customers/:customerId/emails/:id (PATCH) should detect an invalid id" name="CustomersEmailsController /customers/:customerId/emails/:id (PATCH) should detect an invalid id" time="0.04">
    </testcase>
    <testcase classname="CustomersEmailsController /customers/:customerId/emails/:id (PATCH) should detect an invalid customerId" name="CustomersEmailsController /customers/:customerId/emails/:id (PATCH) should detect an invalid customerId" time="0.042">
    </testcase>
    <testcase classname="CustomersEmailsController /customers/:customerId/emails/:id (PATCH) should detect a missing version-property" name="CustomersEmailsController /customers/:customerId/emails/:id (PATCH) should detect a missing version-property" time="0.043">
    </testcase>
    <testcase classname="CustomersEmailsController /customers/:customerId/emails/:id (PATCH) should detect an invalid email" name="CustomersEmailsController /customers/:customerId/emails/:id (PATCH) should detect an invalid email" time="0.042">
    </testcase>
    <testcase classname="CustomersEmailsController /customers/:customerId/emails/:id (DELETE) should call the service" name="CustomersEmailsController /customers/:customerId/emails/:id (DELETE) should call the service" time="0.039">
    </testcase>
    <testcase classname="CustomersEmailsController /customers/:customerId/emails/:id (DELETE) should detect an invalid id" name="CustomersEmailsController /customers/:customerId/emails/:id (DELETE) should detect an invalid id" time="0.048">
    </testcase>
    <testcase classname="CustomersEmailsController /customers/:customerId/emails/:id (DELETE) should detect an invalid customerId" name="CustomersEmailsController /customers/:customerId/emails/:id (DELETE) should detect an invalid customerId" time="0.101">
    </testcase>
  </testsuite>
  <testsuite name="TagsController" errors="0" failures="0" skipped="0" timestamp="2021-12-13T16:23:36" time="1.589" tests="12">
    <testcase classname="TagsController should be defined" name="TagsController should be defined" time="0.095">
    </testcase>
    <testcase classname="TagsController /customers/admin/tags/presets (GET) should call the service" name="TagsController /customers/admin/tags/presets (GET) should call the service" time="0.059">
    </testcase>
    <testcase classname="TagsController /customers/admin/tags/presets/:id (GET) should call the service" name="TagsController /customers/admin/tags/presets/:id (GET) should call the service" time="0.043">
    </testcase>
    <testcase classname="TagsController /customers/admin/tags/presets/:id (GET) should detect an invalid id" name="TagsController /customers/admin/tags/presets/:id (GET) should detect an invalid id" time="0.045">
    </testcase>
    <testcase classname="TagsController /customers/admin/tags/presets (POST) should call the service" name="TagsController /customers/admin/tags/presets (POST) should call the service" time="0.053">
    </testcase>
    <testcase classname="TagsController /customers/admin/tags/presets (POST) should detect a missing name" name="TagsController /customers/admin/tags/presets (POST) should detect a missing name" time="0.045">
    </testcase>
    <testcase classname="TagsController /customers/:id (PATCH) should call the service" name="TagsController /customers/:id (PATCH) should call the service" time="0.059">
    </testcase>
    <testcase classname="TagsController /customers/:id (PATCH) should detect an invalid id" name="TagsController /customers/:id (PATCH) should detect an invalid id" time="0.046">
    </testcase>
    <testcase classname="TagsController /customers/:id (PATCH) should detect a missing version-property" name="TagsController /customers/:id (PATCH) should detect a missing version-property" time="0.046">
    </testcase>
    <testcase classname="TagsController /customers/:id (DELETE) should call the service" name="TagsController /customers/:id (DELETE) should call the service" time="0.054">
    </testcase>
    <testcase classname="TagsController /customers/:id (DELETE) should detect an invalid id" name="TagsController /customers/:id (DELETE) should detect an invalid id" time="0.042">
    </testcase>
    <testcase classname="TagsController /customers/:id (DELETE) should detect an invalid id #2" name="TagsController /customers/:id (DELETE) should detect an invalid id #2" time="0.041">
    </testcase>
  </testsuite>
  <testsuite name="CustomersInvitationController" errors="0" failures="0" skipped="0" timestamp="2021-12-13T16:23:38" time="1.453" tests="9">
    <testcase classname="CustomersInvitationController should be defined" name="CustomersInvitationController should be defined" time="0.103">
    </testcase>
    <testcase classname="CustomersInvitationController /customers/invitations/join (POST) should call the service" name="CustomersInvitationController /customers/invitations/join (POST) should call the service" time="0.066">
    </testcase>
    <testcase classname="CustomersInvitationController /customers/invitations/join (POST) should detect an invalid token" name="CustomersInvitationController /customers/invitations/join (POST) should detect an invalid token" time="0.046">
    </testcase>
    <testcase classname="CustomersInvitationController /customers/invitations/:customerId (POST) should call the service" name="CustomersInvitationController /customers/invitations/:customerId (POST) should call the service" time="0.051">
    </testcase>
    <testcase classname="CustomersInvitationController /customers/invitations/:customerId (POST) should detect an invalid customerId" name="CustomersInvitationController /customers/invitations/:customerId (POST) should detect an invalid customerId" time="0.043">
    </testcase>
    <testcase classname="CustomersInvitationController /customers/invitations/:customerId (POST) should detect a missing email-property" name="CustomersInvitationController /customers/invitations/:customerId (POST) should detect a missing email-property" time="0.042">
    </testcase>
    <testcase classname="CustomersInvitationController /customers/invitations/:customerId (POST) should detect an invalid email" name="CustomersInvitationController /customers/invitations/:customerId (POST) should detect an invalid email" time="0.046">
    </testcase>
    <testcase classname="CustomersInvitationController /customers/invitations/:id (DELETE) should call the service" name="CustomersInvitationController /customers/invitations/:id (DELETE) should call the service" time="0.042">
    </testcase>
    <testcase classname="CustomersInvitationController /customers/invitations/:id (DELETE) should detect an invalid id" name="CustomersInvitationController /customers/invitations/:id (DELETE) should detect an invalid id" time="0.041">
    </testcase>
  </testsuite>
  <testsuite name="CustomersController" errors="0" failures="0" skipped="0" timestamp="2021-12-13T16:23:40" time="2.954" tests="10">
    <testcase classname="CustomersController should be defined" name="CustomersController should be defined" time="0.106">
    </testcase>
    <testcase classname="CustomersController /customers/:id (GET) should call the service" name="CustomersController /customers/:id (GET) should call the service" time="0.052">
    </testcase>
    <testcase classname="CustomersController /customers/:id (GET) should detect an invalid id" name="CustomersController /customers/:id (GET) should detect an invalid id" time="0.047">
    </testcase>
    <testcase classname="CustomersController /customers/:id (GET) should detect an invalid id #2" name="CustomersController /customers/:id (GET) should detect an invalid id #2" time="0.046">
    </testcase>
    <testcase classname="CustomersController /customers/:id (PATCH) should call the service" name="CustomersController /customers/:id (PATCH) should call the service" time="0.053">
    </testcase>
    <testcase classname="CustomersController /customers/:id (PATCH) should detect an invalid id" name="CustomersController /customers/:id (PATCH) should detect an invalid id" time="0.043">
    </testcase>
    <testcase classname="CustomersController /customers/:id (PATCH) should detect a missing version-property" name="CustomersController /customers/:id (PATCH) should detect a missing version-property" time="0.049">
    </testcase>
    <testcase classname="CustomersController /customers/:id (DELETE) should call the service" name="CustomersController /customers/:id (DELETE) should call the service" time="0.047">
    </testcase>
    <testcase classname="CustomersController /customers/:id (DELETE) should detect an invalid id" name="CustomersController /customers/:id (DELETE) should detect an invalid id" time="0.042">
    </testcase>
    <testcase classname="CustomersController /customers/:id (DELETE) should detect an invalid id #2" name="CustomersController /customers/:id (DELETE) should detect an invalid id #2" time="0.05">
    </testcase>
  </testsuite>
  <testsuite name="AuthRoleService" errors="0" failures="0" skipped="0" timestamp="2021-12-13T16:23:43" time="1.194" tests="13">
    <testcase classname="AuthRoleService getRolesByCustomer should succeed" name="AuthRoleService getRolesByCustomer should succeed" time="0.09">
    </testcase>
    <testcase classname="AuthRoleService getRolesByCustomer should throw an error" name="AuthRoleService getRolesByCustomer should throw an error" time="0.067">
    </testcase>
    <testcase classname="AuthRoleService getRole should return the default if nothing was found" name="AuthRoleService getRole should return the default if nothing was found" time="0.025">
    </testcase>
    <testcase classname="AuthRoleService getRole should succeed" name="AuthRoleService getRole should succeed" time="0.028">
    </testcase>
    <testcase classname="AuthRoleService getRole should throw an error" name="AuthRoleService getRole should throw an error" time="0.03">
    </testcase>
    <testcase classname="AuthRoleService deleteRole should succeed" name="AuthRoleService deleteRole should succeed" time="0.029">
    </testcase>
    <testcase classname="AuthRoleService deleteRole should throw an error" name="AuthRoleService deleteRole should throw an error" time="0.034">
    </testcase>
    <testcase classname="AuthRoleService updateRole should succeed" name="AuthRoleService updateRole should succeed" time="0.028">
    </testcase>
    <testcase classname="AuthRoleService updateRole should throw an error" name="AuthRoleService updateRole should throw an error" time="0.028">
    </testcase>
    <testcase classname="AuthRoleService createRole should succeed" name="AuthRoleService createRole should succeed" time="0.029">
    </testcase>
    <testcase classname="AuthRoleService createRole should throw an error" name="AuthRoleService createRole should throw an error" time="0.028">
    </testcase>
    <testcase classname="AuthRoleService getPermissions should succeed" name="AuthRoleService getPermissions should succeed" time="0.032">
    </testcase>
    <testcase classname="AuthRoleService getPermissions should throw an error" name="AuthRoleService getPermissions should throw an error" time="0.031">
    </testcase>
  </testsuite>
  <testsuite name="CustomersPermissionsController" errors="0" failures="0" skipped="0" timestamp="2021-12-13T16:23:44" time="0.863" tests="3">
    <testcase classname="CustomersPermissionsController should be defined" name="CustomersPermissionsController should be defined" time="0.099">
    </testcase>
    <testcase classname="CustomersPermissionsController /customers/:customerId/permissions (GET) should call the service" name="CustomersPermissionsController /customers/:customerId/permissions (GET) should call the service" time="0.049">
    </testcase>
    <testcase classname="CustomersPermissionsController /customers/:customerId/permissions (GET) should detect an invalid customerId" name="CustomersPermissionsController /customers/:customerId/permissions (GET) should detect an invalid customerId" time="0.048">
    </testcase>
  </testsuite>
  <testsuite name="MaintenanceController" errors="0" failures="0" skipped="0" timestamp="2021-12-13T16:23:45" time="1.002" tests="3">
    <testcase classname="MaintenanceController should be defined" name="MaintenanceController should be defined" time="0.119">
    </testcase>
    <testcase classname="MaintenanceController /customers/maintenance/delete/users (POST) should call the service" name="MaintenanceController /customers/maintenance/delete/users (POST) should call the service" time="0.068">
    </testcase>
    <testcase classname="MaintenanceController /customers/maintenance/delete/users (POST) should detect an invalid id" name="MaintenanceController /customers/maintenance/delete/users (POST) should detect an invalid id" time="0.049">
    </testcase>
  </testsuite>
  <testsuite name="MaintenanceController" errors="0" failures="0" skipped="0" timestamp="2021-12-13T16:23:46" time="0.795" tests="1">
    <testcase classname="MaintenanceController should be defined" name="MaintenanceController should be defined" time="0.107">
    </testcase>
  </testsuite>
  <testsuite name="Interceptor: Envelope" errors="0" failures="0" skipped="0" timestamp="2021-12-13T16:23:47" time="0.903" tests="3">
    <testcase classname="Interceptor: Envelope should be defined" name="Interceptor: Envelope should be defined" time="0.121">
    </testcase>
    <testcase classname="Interceptor: Envelope deprecated should return no deprecated flag" name="Interceptor: Envelope deprecated should return no deprecated flag" time="0.052">
    </testcase>
    <testcase classname="Interceptor: Envelope deprecated should return the deprecated flag" name="Interceptor: Envelope deprecated should return the deprecated flag" time="0.039">
    </testcase>
  </testsuite>
  <testsuite name="Pipes: ParseNanoIDPipe" errors="0" failures="0" skipped="0" timestamp="2021-12-13T16:23:48" time="0.796" tests="5">
    <testcase classname="Pipes: ParseNanoIDPipe should be defined" name="Pipes: ParseNanoIDPipe should be defined" time="0.097">
    </testcase>
    <testcase classname="Pipes: ParseNanoIDPipe ParseNanoIDPipe() should succeed" name="Pipes: ParseNanoIDPipe ParseNanoIDPipe() should succeed" time="0.045">
    </testcase>
    <testcase classname="Pipes: ParseNanoIDPipe ParseNanoIDPipe() should same length should fail" name="Pipes: ParseNanoIDPipe ParseNanoIDPipe() should same length should fail" time="0.036">
    </testcase>
    <testcase classname="Pipes: ParseNanoIDPipe ParseNanoIDPipe() should succeed with custom format" name="Pipes: ParseNanoIDPipe ParseNanoIDPipe() should succeed with custom format" time="0.038">
    </testcase>
    <testcase classname="Pipes: ParseNanoIDPipe ParseNanoIDPipe() should fail with custom format" name="Pipes: ParseNanoIDPipe ParseNanoIDPipe() should fail with custom format" time="0.038">
    </testcase>
  </testsuite>
  <testsuite name="Pipes: ParseMongoIDPipe" errors="0" failures="0" skipped="0" timestamp="2021-12-13T16:23:49" time="2.34" tests="3">
    <testcase classname="Pipes: ParseMongoIDPipe should be defined" name="Pipes: ParseMongoIDPipe should be defined" time="0.271">
    </testcase>
    <testcase classname="Pipes: ParseMongoIDPipe ParseMongoIDPipe() should succeed" name="Pipes: ParseMongoIDPipe ParseMongoIDPipe() should succeed" time="0.054">
    </testcase>
    <testcase classname="Pipes: ParseMongoIDPipe ParseMongoIDPipe() should detect an invalid id" name="Pipes: ParseMongoIDPipe ParseMongoIDPipe() should detect an invalid id" time="0.042">
    </testcase>
  </testsuite>
  <testsuite name="AuthUserRoleService" errors="0" failures="0" skipped="0" timestamp="2021-12-13T16:23:51" time="0.892" tests="6">
    <testcase classname="AuthUserRoleService loadRolesByUser should succeed" name="AuthUserRoleService loadRolesByUser should succeed" time="0.064">
    </testcase>
    <testcase classname="AuthUserRoleService loadRolesByUser should throw an error" name="AuthUserRoleService loadRolesByUser should throw an error" time="0.072">
    </testcase>
    <testcase classname="AuthUserRoleService addUserRole should return an error" name="AuthUserRoleService addUserRole should return an error" time="0.041">
    </testcase>
    <testcase classname="AuthUserRoleService addUserRole should succeed" name="AuthUserRoleService addUserRole should succeed" time="0.051">
    </testcase>
    <testcase classname="AuthUserRoleService deleteUserRole should return an error" name="AuthUserRoleService deleteUserRole should return an error" time="0.048">
    </testcase>
    <testcase classname="AuthUserRoleService deleteUserRole should succeed" name="AuthUserRoleService deleteUserRole should succeed" time="0.031">
    </testcase>
  </testsuite>
  <testsuite name="UsersApi" errors="0" failures="0" skipped="0" timestamp="2021-12-13T16:23:52" time="0.578" tests="3">
    <testcase classname="UsersApi loadUser should return the default if nothing was found" name="UsersApi loadUser should return the default if nothing was found" time="0.055">
    </testcase>
    <testcase classname="UsersApi loadUser should succeed" name="UsersApi loadUser should succeed" time="0.031">
    </testcase>
    <testcase classname="UsersApi loadUser should throw an error" name="UsersApi loadUser should throw an error" time="0.064">
    </testcase>
  </testsuite>
  <testsuite name="IsNanoID()" errors="0" failures="0" skipped="0" timestamp="2021-12-13T16:23:53" time="0.52" tests="9">
    <testcase classname="IsNanoID() should succeed" name="IsNanoID() should succeed" time="0.005">
    </testcase>
    <testcase classname="IsNanoID() should fail" name="IsNanoID() should fail" time="0.004">
    </testcase>
    <testcase classname="IsNanoID() should succeed with custom id" name="IsNanoID() should succeed with custom id" time="0.004">
    </testcase>
    <testcase classname="IsNanoID() should fail with custom id" name="IsNanoID() should fail with custom id" time="0.005">
    </testcase>
    <testcase classname="isNanoID() should succeed" name="isNanoID() should succeed" time="0.004">
    </testcase>
    <testcase classname="isNanoID() should detect an invalid string" name="isNanoID() should detect an invalid string" time="0.003">
    </testcase>
    <testcase classname="isNanoID() should fail when not a string" name="isNanoID() should fail when not a string" time="0.004">
    </testcase>
    <testcase classname="isNanoID() should succeed with custom regex" name="isNanoID() should succeed with custom regex" time="0.004">
    </testcase>
    <testcase classname="isNanoID() should fail with custom regex" name="isNanoID() should fail with custom regex" time="0.009">
    </testcase>
  </testsuite>
  <testsuite name="Decorators - ContainsNoTags()" errors="0" failures="0" skipped="0" timestamp="2021-12-13T16:23:53" time="0.443" tests="1">
    <testcase classname="Decorators - ContainsNoTags() validate" name="Decorators - ContainsNoTags() validate" time="0.005">
    </testcase>
  </testsuite>
  <testsuite name="helper" errors="0" failures="0" skipped="0" timestamp="2021-12-13T16:23:54" time="0.416" tests="7">
    <testcase classname="helper makeHashComparable should detect an invalid hash format" name="helper makeHashComparable should detect an invalid hash format" time="0.024">
    </testcase>
    <testcase classname="helper makeHashComparable should replace parts of the hash" name="helper makeHashComparable should replace parts of the hash" time="0.009">
    </testcase>
    <testcase classname="helper makeHashComparable should return the hash if no replace is needed" name="helper makeHashComparable should return the hash if no replace is needed" time="0.009">
    </testcase>
    <testcase classname="helper should validate an existing hash" name="helper should validate an existing hash" time="0.031">
    </testcase>
    <testcase classname="helper should create hash and validate it afterwards" name="helper should create hash and validate it afterwards" time="0.034">
    </testcase>
    <testcase classname="helper should decrypt a provided encrypted password" name="helper should decrypt a provided encrypted password" time="0.013">
    </testcase>
    <testcase classname="helper should encrypt a password and decrypt it afterwards" name="helper should encrypt a password and decrypt it afterwards" time="0.019">
    </testcase>
  </testsuite>
  <testsuite name="KongApiService" errors="0" failures="0" skipped="0" timestamp="2021-12-13T16:23:54" time="0.217" tests="1">
    <testcase classname="KongApiService should be defined" name="KongApiService should be defined" time="0.036">
    </testcase>
  </testsuite>
  <testsuite name="AppController" errors="0" failures="0" skipped="0" timestamp="2021-12-13T16:23:55" time="0.21" tests="1">
    <testcase classname="AppController root should return &quot;Hello World!&quot;" name="AppController root should return &quot;Hello World!&quot;" time="0.039">
    </testcase>
  </testsuite>
  <testsuite name="LibusersService" errors="0" failures="0" skipped="0" timestamp="2021-12-13T16:23:55" time="0.196" tests="1">
    <testcase classname="LibusersService should be defined" name="LibusersService should be defined" time="0.038">
    </testcase>
  </testsuite>
  <testsuite name="LibauthService" errors="0" failures="0" skipped="0" timestamp="2021-12-13T16:23:55" time="0.205" tests="1">
    <testcase classname="LibauthService should be defined" name="LibauthService should be defined" time="0.039">
    </testcase>
  </testsuite>
  <testsuite name="HealthController" errors="0" failures="0" skipped="0" timestamp="2021-12-13T16:23:55" time="0.223" tests="2">
    <testcase classname="HealthController should be defined" name="HealthController should be defined" time="0.037">
    </testcase>
    <testcase classname="HealthController health should return successfully undefined" name="HealthController health should return successfully undefined" time="0.034">
    </testcase>
  </testsuite>
  <testsuite name="LibcustomersService" errors="0" failures="0" skipped="0" timestamp="2021-12-13T16:23:55" time="0.201" tests="1">
    <testcase classname="LibcustomersService should be defined" name="LibcustomersService should be defined" time="0.036">
    </testcase>
  </testsuite>
  <testsuite name="LibassetsService" errors="0" failures="0" skipped="0" timestamp="2021-12-13T16:23:56" time="0.254" tests="1">
    <testcase classname="LibassetsService should be defined" name="LibassetsService should be defined" time="0.061">
    </testcase>
  </testsuite>
  <testsuite name="SharedService" errors="0" failures="0" skipped="0" timestamp="2021-12-13T16:23:56" time="0.197" tests="1">
    <testcase classname="SharedService should be defined" name="SharedService should be defined" time="0.032">
    </testcase>
  </testsuite>
  <testsuite name="KubernetesService" errors="0" failures="0" skipped="0" timestamp="2021-12-13T16:23:56" time="0.25" tests="1">
    <testcase classname="KubernetesService should be defined" name="KubernetesService should be defined" time="0.037">
    </testcase>
  </testsuite>
</testsuites>